[ 2017-06-23T09:06:37+08:00 ]  127.0.0.1 /favicon.ico | ERR: (ThinkException) 无法加载模块favicon.ico
[ 2017-06-23T09:07:51+08:00 ]  127.0.0.1 /favicon.ico | ERR: (ThinkException) 无法加载模块favicon.ico
[ 2017-06-23T09:08:04+08:00 ]  127.0.0.1 /favicon.ico | ERR: (ThinkException) 无法加载模块favicon.ico
[ 2017-06-23T09:08:44+08:00 ]  127.0.0.1 /favicon.ico | ERR: (ThinkException) 无法加载模块favicon.ico
[ 2017-06-23T09:09:33+08:00 ]  127.0.0.1 /favicon.ico | ERR: (ThinkException) 无法加载模块favicon.ico
[ 2017-06-23T09:10:59+08:00 ]  127.0.0.1 /favicon.ico | ERR: (ThinkException) 无法加载模块favicon.ico
[ 2017-06-23T09:12:55+08:00 ]  127.0.0.1 /favicon.ico | ERR: (ThinkException) 无法加载模块favicon.ico
[ 2017-06-23T09:14:24+08:00 ]  127.0.0.1 /favicon.ico | ERR: (ThinkException) 无法加载模块favicon.ico
[ 2017-06-23T09:19:48+08:00 ]  127.0.0.1 /favicon.ico | ERR: (ThinkException) 无法加载模块favicon.ico
[ 2017-06-23T09:24:11+08:00 ] 127.0.0.1 /Public/autoLogin
[ 2017-06-23T09:24:11+08:00 ] /Public/autoLogin | SQL: SHOW COLUMNS FROM `auth_group` [ RunTime:0.007970s ]
[ 2017-06-23T09:24:11+08:00 ] /Public/autoLogin | SQL: SELECT * FROM `auth_group` WHERE status=1  [ RunTime:0.006383s ]

[ 2017-06-23T09:25:08+08:00 ] 127.0.0.1 /Public/autoLogin
[ 2017-06-23T09:25:08+08:00 ] /Public/autoLogin | SQL: SHOW COLUMNS FROM `auth_group` [ RunTime:0.007062s ]
[ 2017-06-23T09:25:08+08:00 ] /Public/autoLogin | SQL: SELECT * FROM `auth_group` WHERE status=1  [ RunTime:0.006628s ]

[ 2017-06-23T09:25:21+08:00 ] 127.0.0.1 /Public/autoLogin
[ 2017-06-23T09:25:21+08:00 ] /Public/autoLogin | SQL: SHOW COLUMNS FROM `auth_group` [ RunTime:0.005767s ]
[ 2017-06-23T09:25:21+08:00 ] /Public/autoLogin | SQL: SELECT * FROM `auth_group` WHERE status=1  [ RunTime:0.004984s ]

[ 2017-06-23T09:26:17+08:00 ] 127.0.0.1 /Public/autoLogin
[ 2017-06-23T09:26:17+08:00 ] /Public/autoLogin | SQL: SHOW COLUMNS FROM `auth_group` [ RunTime:0.007773s ]
[ 2017-06-23T09:26:17+08:00 ] /Public/autoLogin | SQL: SELECT * FROM `auth_group` WHERE status=1  [ RunTime:0.006985s ]

[ 2017-06-23T09:26:39+08:00 ] 127.0.0.1 /Public/autoLogin
[ 2017-06-23T09:26:39+08:00 ] /Public/autoLogin | SQL: SHOW COLUMNS FROM `auth_group` [ RunTime:0.006691s ]
[ 2017-06-23T09:26:39+08:00 ] /Public/autoLogin | SQL: SELECT * FROM `auth_group` WHERE status=1  [ RunTime:0.005898s ]

[ 2017-06-23T10:13:02+08:00 ] 127.0.0.1 /Public/autoLogin
[ 2017-06-23T10:13:02+08:00 ] /Public/autoLogin | SQL: SHOW COLUMNS FROM `auth_group` [ RunTime:0.006291s ]
[ 2017-06-23T10:13:02+08:00 ] /Public/autoLogin | SQL: SELECT * FROM `auth_group` WHERE status=1  [ RunTime:0.005759s ]

[ 2017-06-23T10:13:54+08:00 ] 127.0.0.1 /Public/autoLogin
[ 2017-06-23T10:13:54+08:00 ] /Public/autoLogin | SQL: SHOW COLUMNS FROM `auth_group` [ RunTime:0.007627s ]
[ 2017-06-23T10:13:54+08:00 ] /Public/autoLogin | SQL: SELECT * FROM `auth_group` WHERE status=1  [ RunTime:0.007168s ]

[ 2017-06-23T10:15:02+08:00 ]  127.0.0.1 /favicon.ico | ERR: (ThinkException) 无法加载模块favicon.ico
[ 2017-06-23T10:17:06+08:00 ]  127.0.0.1 /favicon.ico | ERR: (ThinkException) 无法加载模块favicon.ico
[ 2017-06-23T10:17:21+08:00 ] 127.0.0.1 /Public/autoLogin
[ 2017-06-23T10:17:21+08:00 ] /Public/autoLogin | SQL: SHOW COLUMNS FROM `auth_group` [ RunTime:0.007700s ]
[ 2017-06-23T10:17:21+08:00 ] /Public/autoLogin | SQL: SELECT * FROM `auth_group` WHERE status=1  [ RunTime:0.006971s ]

[ 2017-06-23T10:19:11+08:00 ] 127.0.0.1 /Public/autoLogin
[ 2017-06-23T10:19:11+08:00 ] /Public/autoLogin | SQL: SHOW COLUMNS FROM `auth_group` [ RunTime:0.006769s ]
[ 2017-06-23T10:19:11+08:00 ] /Public/autoLogin | SQL: SELECT * FROM `auth_group` WHERE status=1  [ RunTime:0.006331s ]
[ 2017-06-23T10:19:11+08:00 ] /Public/autoLogin | SQL: SHOW COLUMNS FROM `user` [ RunTime:0.007064s ]
[ 2017-06-23T10:19:11+08:00 ] /Public/autoLogin | SQL: SELECT * FROM `user` WHERE username='qudao1' LIMIT 1   [ RunTime:0.005998s ]
[ 2017-06-23T10:19:11+08:00 ] /Public/autoLogin | SQL: SHOW COLUMNS FROM `common` [ RunTime:0.006097s ]
[ 2017-06-23T10:19:11+08:00 ] /Public/autoLogin | SQL: SHOW COLUMNS FROM `common` [ RunTime:0.006077s ]
[ 2017-06-23T10:19:11+08:00 ] /Public/autoLogin | SQL: UPDATE `user` SET `lasttime`='2017-06-23 10:19:11',`lastip`='127.0.0.1' WHERE username='qudao1' [ RunTime:0.005895s ]
[ 2017-06-23T10:19:11+08:00 ] /Public/autoLogin | SQL: UPDATE `user` SET `logincount`=logincount+1,`lasttime`='2017-06-23 10:19:11',`lastip`='127.0.0.1' WHERE username='qudao1' [ RunTime:0.005217s ]
[ 2017-06-23T10:19:11+08:00 ] /Public/autoLogin | SQL: SHOW COLUMNS FROM `user_token` [ RunTime:0.006186s ]
[ 2017-06-23T10:19:11+08:00 ] /Public/autoLogin | SQL: SELECT * FROM `user_token` WHERE username='qudao1' LIMIT 1   [ RunTime:0.005834s ]
[ 2017-06-23T10:19:11+08:00 ] /Public/autoLogin | SQL: UPDATE `user_token` SET `token`='8518ea67265ee3cd10dc2f206a82bc1e',`username`='qudao1',`logintime`='2017-06-23 10:19:11' WHERE username='qudao1' [ RunTime:0.005006s ]
[ 2017-06-23T10:19:11+08:00 ] /Public/autoLogin | SQL: SHOW COLUMNS FROM `common` [ RunTime:0.005694s ]

[ 2017-06-23T10:19:12+08:00 ] 127.0.0.1 /Index/index
[ 2017-06-23T10:19:12+08:00 ] /Index/index | SQL: SHOW COLUMNS FROM `auth_group` [ RunTime:0.006505s ]
[ 2017-06-23T10:19:12+08:00 ] /Index/index | SQL: SELECT * FROM `auth_group` WHERE status=1  [ RunTime:0.006219s ]
[ 2017-06-23T10:19:12+08:00 ] /Index/index | SQL: SHOW COLUMNS FROM `user` [ RunTime:0.007085s ]
[ 2017-06-23T10:19:12+08:00 ] /Index/index | SQL: SELECT `groupid` FROM `user` WHERE id='8' LIMIT 1   [ RunTime:0.007824s ]
[ 2017-06-23T10:19:12+08:00 ] /Index/index | SQL: SHOW COLUMNS FROM auth_rule ar [ RunTime:0.013016s ]
[ 2017-06-23T10:19:12+08:00 ] /Index/index | SQL: SELECT ar.*,u.username as addname FROM auth_rule ar LEFT JOIN user u on u.id=ar.adduser WHERE ar.status=1 and ar.pid != 0 and ar.groupid='2' ORDER BY ar.sort asc,ar.timeadd  [ RunTime:0.011323s ]
[ 2017-06-23T10:19:12+08:00 ] /Index/index | SQL: SELECT `typeid` FROM `user` WHERE id=8 LIMIT 1   [ RunTime:0.009909s ]
[ 2017-06-23T10:19:12+08:00 ] /Index/index | SQL: SHOW COLUMNS FROM user u [ RunTime:0.004902s ]
[ 2017-06-23T10:19:12+08:00 ] /Index/index | SQL: SELECT at.rule FROM user u LEFT JOIN auth_type at on at.id=u.typeid WHERE u.id=8 and at.status=1 LIMIT 1   [ RunTime:0.005466s ]

[ 2017-06-23T10:19:12+08:00 ] 127.0.0.1 /Public/getJsMenu.html?is_menu=1
[ 2017-06-23T10:19:12+08:00 ] /Public/getJsMenu.html?is_menu=1 | SQL: SHOW COLUMNS FROM `auth_group` [ RunTime:0.007507s ]
[ 2017-06-23T10:19:12+08:00 ] /Public/getJsMenu.html?is_menu=1 | SQL: SELECT * FROM `auth_group` WHERE status=1  [ RunTime:0.006973s ]
[ 2017-06-23T10:19:12+08:00 ] /Public/getJsMenu.html?is_menu=1 | SQL: SHOW COLUMNS FROM `user` [ RunTime:0.006967s ]
[ 2017-06-23T10:19:12+08:00 ] /Public/getJsMenu.html?is_menu=1 | SQL: SELECT `groupid` FROM `user` WHERE id='8' LIMIT 1   [ RunTime:0.005656s ]
[ 2017-06-23T10:19:12+08:00 ] /Public/getJsMenu.html?is_menu=1 | SQL: SELECT `groupid` FROM `user` WHERE id='8' LIMIT 1   [ RunTime:0.010190s ]
[ 2017-06-23T10:19:12+08:00 ] /Public/getJsMenu.html?is_menu=1 | SQL: SHOW COLUMNS FROM auth_rule ar [ RunTime:0.008972s ]
[ 2017-06-23T10:19:12+08:00 ] /Public/getJsMenu.html?is_menu=1 | SQL: SELECT ar.*,u.username as addname FROM auth_rule ar LEFT JOIN user u on u.id=ar.adduser WHERE ar.status=1 and ar.pid != 0 and ar.groupid='2' ORDER BY ar.sort asc,ar.timeadd  [ RunTime:0.009650s ]
[ 2017-06-23T10:19:12+08:00 ] /Public/getJsMenu.html?is_menu=1 | SQL: SELECT `typeid` FROM `user` WHERE id=8 LIMIT 1   [ RunTime:0.006729s ]
[ 2017-06-23T10:19:12+08:00 ] /Public/getJsMenu.html?is_menu=1 | SQL: SHOW COLUMNS FROM user u [ RunTime:0.009771s ]
[ 2017-06-23T10:19:12+08:00 ] /Public/getJsMenu.html?is_menu=1 | SQL: SELECT at.rule FROM user u LEFT JOIN auth_type at on at.id=u.typeid WHERE u.id=8 and at.status=1 LIMIT 1   [ RunTime:0.008584s ]
[ 2017-06-23T10:19:12+08:00 ] /Public/getJsMenu.html?is_menu=1 | SQL: SELECT * FROM `auth_rule` WHERE pid=0 and status=1 and groupid='2' ORDER BY sort desc,timeadd asc  [ RunTime:0.009686s ]

[ 2017-06-23T10:19:12+08:00 ]  127.0.0.1 /favicon.ico | ERR: (ThinkException) 无法加载模块favicon.ico
[ 2017-06-23T10:19:12+08:00 ]  127.0.0.1 /favicon.ico | ERR: (ThinkException) 无法加载模块favicon.ico
[ 2017-06-23T10:19:12+08:00 ] 127.0.0.1 /Index/Index/system
[ 2017-06-23T10:19:12+08:00 ] /Index/Index/system | SQL: SHOW COLUMNS FROM `auth_group` [ RunTime:0.015346s ]
[ 2017-06-23T10:19:12+08:00 ] /Index/Index/system | SQL: SELECT * FROM `auth_group` WHERE status=1  [ RunTime:0.007598s ]
[ 2017-06-23T10:19:12+08:00 ] /Index/Index/system | SQL: SHOW COLUMNS FROM `user` [ RunTime:0.008949s ]
[ 2017-06-23T10:19:12+08:00 ] /Index/Index/system | SQL: SELECT `groupid` FROM `user` WHERE id='8' LIMIT 1   [ RunTime:0.007823s ]
[ 2017-06-23T10:19:12+08:00 ] /Index/Index/system | SQL: SHOW COLUMNS FROM auth_rule ar [ RunTime:0.004905s ]
[ 2017-06-23T10:19:12+08:00 ] /Index/Index/system | SQL: SELECT ar.*,u.username as addname FROM auth_rule ar LEFT JOIN user u on u.id=ar.adduser WHERE ar.status=1 and ar.pid != 0 and ar.groupid='2' ORDER BY ar.sort asc,ar.timeadd  [ RunTime:0.008199s ]
[ 2017-06-23T10:19:12+08:00 ] /Index/Index/system | SQL: SELECT `typeid` FROM `user` WHERE id=8 LIMIT 1   [ RunTime:0.005136s ]
[ 2017-06-23T10:19:12+08:00 ] /Index/Index/system | SQL: SHOW COLUMNS FROM user u [ RunTime:0.004737s ]
[ 2017-06-23T10:19:12+08:00 ] /Index/Index/system | SQL: SELECT at.rule FROM user u LEFT JOIN auth_type at on at.id=u.typeid WHERE u.id=8 and at.status=1 LIMIT 1   [ RunTime:0.005453s ]

[ 2017-06-23T10:19:46+08:00 ] 127.0.0.1 /Index/system
[ 2017-06-23T10:19:46+08:00 ] /Index/system | SQL: SHOW COLUMNS FROM `auth_group` [ RunTime:0.008214s ]
[ 2017-06-23T10:19:46+08:00 ] /Index/system | SQL: SELECT * FROM `auth_group` WHERE status=1  [ RunTime:0.006176s ]
[ 2017-06-23T10:19:46+08:00 ] /Index/system | SQL: SHOW COLUMNS FROM `user` [ RunTime:0.007188s ]
[ 2017-06-23T10:19:46+08:00 ] /Index/system | SQL: SELECT `groupid` FROM `user` WHERE id='8' LIMIT 1   [ RunTime:0.006317s ]
[ 2017-06-23T10:19:46+08:00 ] /Index/system | SQL: SHOW COLUMNS FROM auth_rule ar [ RunTime:0.006450s ]
[ 2017-06-23T10:19:46+08:00 ] /Index/system | SQL: SELECT ar.*,u.username as addname FROM auth_rule ar LEFT JOIN user u on u.id=ar.adduser WHERE ar.status=1 and ar.pid != 0 and ar.groupid='2' ORDER BY ar.sort asc,ar.timeadd  [ RunTime:0.006969s ]
[ 2017-06-23T10:19:46+08:00 ] /Index/system | SQL: SELECT `typeid` FROM `user` WHERE id=8 LIMIT 1   [ RunTime:0.006588s ]
[ 2017-06-23T10:19:46+08:00 ] /Index/system | SQL: SHOW COLUMNS FROM user u [ RunTime:0.007059s ]
[ 2017-06-23T10:19:46+08:00 ] /Index/system | SQL: SELECT at.rule FROM user u LEFT JOIN auth_type at on at.id=u.typeid WHERE u.id=8 and at.status=1 LIMIT 1   [ RunTime:0.007010s ]
[ 2017-06-23T10:19:46+08:00 ] /Index/system | SQL: SHOW COLUMNS FROM `common` [ RunTime:0.007364s ]
[ 2017-06-23T10:19:46+08:00 ] /Index/system | SQL: SHOW COLUMNS FROM `business_company` [ RunTime:0.008145s ]
[ 2017-06-23T10:19:46+08:00 ] /Index/system | SQL: SHOW COLUMNS FROM `channel_company` [ RunTime:0.007639s ]
[ 2017-06-23T10:19:46+08:00 ] /Index/system | SQL: SELECT b.*,c.companyname as channel_companyname,c.id as channel_company_id,c.channel_level,concat('http://static.newjieba.com/Upload/businessCompany/company/',b.id,'/',b.legal_certinumber_pic) as legal_certinumber_path,concat('http://static.newjieba.com/Upload/businessCompany/company/',b.id,'/',b.license_number_pic) as license_number_path,concat('http://static.newjieba.com/Upload/businessCompany/company/',b.id,'/',b.agreement1_pic) as agreement1_path,concat('http://static.newjieba.com/Upload/businessCompany/company/',b.id,'/',b.agreement2_pic) as agreement2_path FROM business_company as b,channel_company as c,business_channel as bc WHERE ( c.id = '4' ) AND ( b.id = bc.business_company_id and bc.channel_company_id = c.id  )  [ RunTime:0.008544s ]
[ 2017-06-23T10:19:46+08:00 ] /Index/system | SQL: SHOW COLUMNS FROM `member` [ RunTime:0.008179s ]
[ 2017-06-23T10:19:46+08:00 ] /Index/system | SQL: SELECT m.*,mi.names,mi.certiNumber,mi.nameStatus,cha.companyname as channel_companyname,bus.companyname as business_companyname FROM member m,member_info mi,business_company bus,business_channel bc,channel_company cha WHERE ( bus.id IN ('25','26','30','33') ) AND ( m.id=mi.memberid and m.business_company_id=bus.id  and  bus.id=bc.business_company_id  and bc.channel_company_id=cha.id )  [ RunTime:0.008267s ]
[ 2017-06-23T10:19:46+08:00 ] /Index/system | SQL: SHOW COLUMNS FROM `member` [ RunTime:0.008473s ]
[ 2017-06-23T10:19:46+08:00 ] /Index/system | SQL: SELECT m.*,mi.names,mi.certiNumber,mi.nameStatus,cha.companyname as channel_companyname,bus.companyname as business_companyname FROM member m,member_info mi,business_company bus,business_channel bc,channel_company cha WHERE ( m.timeadd >= '2017-06-23' ) AND ( bus.id IN ('25','26','30','33') ) AND ( m.id=mi.memberid and m.business_company_id=bus.id  and  bus.id=bc.business_company_id  and bc.channel_company_id=cha.id )  [ RunTime:0.008178s ]
[ 2017-06-23T10:19:46+08:00 ] /Index/system | SQL: SHOW COLUMNS FROM `loan_config` [ RunTime:0.007880s ]
[ 2017-06-23T10:19:46+08:00 ] /Index/system | SQL: SELECT * FROM `loan_config` LIMIT 1   [ RunTime:0.007210s ]
[ 2017-06-23T10:19:46+08:00 ] /Index/system | SQL: SHOW COLUMNS FROM `loan_tender` [ RunTime:0.007954s ]
[ 2017-06-23T10:19:46+08:00 ] /Index/system | SQL: SELECT COUNT(*) AS tp_count FROM loan_tender tender,loan_allot allot,member m,member_info mi,business_loan bus_l,loan_periode lp,business_channel bc,business_company bus,channel_company cha WHERE ( cha.id = '4' ) AND ( tender.business_loan_id=bus_l.id  and tender.id=allot.tender_id and tender.memberid=m.id and m.id=mi.memberid and bus_l.business_company_id=bus.id  and bus_l.loan_periode_id=lp.id and bus.id=bc.business_company_id and bc.channel_company_id=cha.id   ) LIMIT 1   [ RunTime:0.008324s ]
[ 2017-06-23T10:19:46+08:00 ] /Index/system | SQL: SELECT tender.*,allot.late_fee,allot.start_time,allot.end_time,bus.companyname as bus_companyname,bus.id as business_company_id,bus.business_number,cha.companyname as cha_companyname,cha.id as channel_company_id,bus_l.name as bus_l_name,mi.names,concat(lp.periode,lp.unit) as lp_name FROM loan_tender tender,loan_allot allot,member m,member_info mi,business_loan bus_l,loan_periode lp,business_channel bc,business_company bus,channel_company cha WHERE ( cha.id = '4' ) AND ( tender.business_loan_id=bus_l.id  and tender.id=allot.tender_id and tender.memberid=m.id and m.id=mi.memberid and bus_l.business_company_id=bus.id  and bus_l.loan_periode_id=lp.id and bus.id=bc.business_company_id and bc.channel_company_id=cha.id   )  [ RunTime:0.008004s ]
[ 2017-06-23T10:19:46+08:00 ] /Index/system | SQL: SHOW COLUMNS FROM `loan_tender` [ RunTime:0.007573s ]
[ 2017-06-23T10:19:46+08:00 ] /Index/system | SQL: SELECT COUNT(*) AS tp_count FROM loan_tender tender,loan_allot allot,member m,member_info mi,business_loan bus_l,loan_periode lp,business_channel bc,business_company bus,channel_company cha WHERE ( tender.timeadd >= '2017-06-23' ) AND ( cha.id = '4' ) AND ( tender.business_loan_id=bus_l.id  and tender.id=allot.tender_id and tender.memberid=m.id and m.id=mi.memberid and bus_l.business_company_id=bus.id  and bus_l.loan_periode_id=lp.id and bus.id=bc.business_company_id and bc.channel_company_id=cha.id   ) LIMIT 1   [ RunTime:0.006804s ]
[ 2017-06-23T10:19:46+08:00 ] /Index/system | SQL: SELECT tender.*,allot.late_fee,allot.start_time,allot.end_time,bus.companyname as bus_companyname,bus.id as business_company_id,bus.business_number,cha.companyname as cha_companyname,cha.id as channel_company_id,bus_l.name as bus_l_name,mi.names,concat(lp.periode,lp.unit) as lp_name FROM loan_tender tender,loan_allot allot,member m,member_info mi,business_loan bus_l,loan_periode lp,business_channel bc,business_company bus,channel_company cha WHERE ( tender.timeadd >= '2017-06-23' ) AND ( cha.id = '4' ) AND ( tender.business_loan_id=bus_l.id  and tender.id=allot.tender_id and tender.memberid=m.id and m.id=mi.memberid and bus_l.business_company_id=bus.id  and bus_l.loan_periode_id=lp.id and bus.id=bc.business_company_id and bc.channel_company_id=cha.id   )  [ RunTime:0.007724s ]
[ 2017-06-23T10:19:46+08:00 ] /Index/system | SQL: SHOW COLUMNS FROM `profit_order` [ RunTime:0.007687s ]
[ 2017-06-23T10:19:46+08:00 ] /Index/system | SQL: SELECT * FROM `profit_order`  [ RunTime:0.007639s ]
[ 2017-06-23T10:19:46+08:00 ] /Index/system | SQL: SELECT * FROM `profit_order` WHERE (  (`timeadd` BETWEEN '2017-06-22' AND '2017-06-23' ) )  [ RunTime:0.007128s ]

[ 2017-06-23T10:19:51+08:00 ] 127.0.0.1 /
[ 2017-06-23T10:19:51+08:00 ] / | SQL: SHOW COLUMNS FROM `auth_group` [ RunTime:0.006781s ]
[ 2017-06-23T10:19:51+08:00 ] / | SQL: SELECT * FROM `auth_group` WHERE status=1  [ RunTime:0.005299s ]
[ 2017-06-23T10:19:51+08:00 ] / | SQL: SHOW COLUMNS FROM `user` [ RunTime:0.006645s ]
[ 2017-06-23T10:19:51+08:00 ] / | SQL: SELECT `groupid` FROM `user` WHERE id='8' LIMIT 1   [ RunTime:0.005623s ]
[ 2017-06-23T10:19:51+08:00 ] / | SQL: SHOW COLUMNS FROM auth_rule ar [ RunTime:0.004696s ]
[ 2017-06-23T10:19:51+08:00 ] / | SQL: SELECT ar.*,u.username as addname FROM auth_rule ar LEFT JOIN user u on u.id=ar.adduser WHERE ar.status=1 and ar.pid != 0 and ar.groupid='2' ORDER BY ar.sort asc,ar.timeadd  [ RunTime:0.006496s ]
[ 2017-06-23T10:19:51+08:00 ] / | SQL: SELECT `typeid` FROM `user` WHERE id=8 LIMIT 1   [ RunTime:0.004656s ]
[ 2017-06-23T10:19:51+08:00 ] / | SQL: SHOW COLUMNS FROM user u [ RunTime:0.004698s ]
[ 2017-06-23T10:19:51+08:00 ] / | SQL: SELECT at.rule FROM user u LEFT JOIN auth_type at on at.id=u.typeid WHERE u.id=8 and at.status=1 LIMIT 1   [ RunTime:0.005358s ]

[ 2017-06-23T10:19:51+08:00 ] 127.0.0.1 /Public/getJsMenu.html?is_menu=1
[ 2017-06-23T10:19:51+08:00 ] /Public/getJsMenu.html?is_menu=1 | SQL: SHOW COLUMNS FROM `auth_group` [ RunTime:0.006796s ]
[ 2017-06-23T10:19:51+08:00 ] /Public/getJsMenu.html?is_menu=1 | SQL: SELECT * FROM `auth_group` WHERE status=1  [ RunTime:0.005563s ]
[ 2017-06-23T10:19:51+08:00 ] /Public/getJsMenu.html?is_menu=1 | SQL: SHOW COLUMNS FROM `user` [ RunTime:0.005812s ]
[ 2017-06-23T10:19:51+08:00 ] /Public/getJsMenu.html?is_menu=1 | SQL: SELECT `groupid` FROM `user` WHERE id='8' LIMIT 1   [ RunTime:0.004929s ]
[ 2017-06-23T10:19:51+08:00 ] /Public/getJsMenu.html?is_menu=1 | SQL: SELECT `groupid` FROM `user` WHERE id='8' LIMIT 1   [ RunTime:0.004704s ]
[ 2017-06-23T10:19:51+08:00 ] /Public/getJsMenu.html?is_menu=1 | SQL: SHOW COLUMNS FROM auth_rule ar [ RunTime:0.004841s ]
[ 2017-06-23T10:19:51+08:00 ] /Public/getJsMenu.html?is_menu=1 | SQL: SELECT ar.*,u.username as addname FROM auth_rule ar LEFT JOIN user u on u.id=ar.adduser WHERE ar.status=1 and ar.pid != 0 and ar.groupid='2' ORDER BY ar.sort asc,ar.timeadd  [ RunTime:0.005648s ]
[ 2017-06-23T10:19:51+08:00 ] /Public/getJsMenu.html?is_menu=1 | SQL: SELECT `typeid` FROM `user` WHERE id=8 LIMIT 1   [ RunTime:0.004922s ]
[ 2017-06-23T10:19:51+08:00 ] /Public/getJsMenu.html?is_menu=1 | SQL: SHOW COLUMNS FROM user u [ RunTime:0.004782s ]
[ 2017-06-23T10:19:51+08:00 ] /Public/getJsMenu.html?is_menu=1 | SQL: SELECT at.rule FROM user u LEFT JOIN auth_type at on at.id=u.typeid WHERE u.id=8 and at.status=1 LIMIT 1   [ RunTime:0.005114s ]
[ 2017-06-23T10:19:51+08:00 ] /Public/getJsMenu.html?is_menu=1 | SQL: SELECT * FROM `auth_rule` WHERE pid=0 and status=1 and groupid='2' ORDER BY sort desc,timeadd asc  [ RunTime:0.005400s ]

[ 2017-06-23T10:19:51+08:00 ]  127.0.0.1 /favicon.ico | ERR: (ThinkException) 无法加载模块favicon.ico
[ 2017-06-23T10:19:52+08:00 ] 127.0.0.1 /Index/system
[ 2017-06-23T10:19:51+08:00 ] /Index/system | SQL: SHOW COLUMNS FROM `auth_group` [ RunTime:0.006740s ]
[ 2017-06-23T10:19:51+08:00 ] /Index/system | SQL: SELECT * FROM `auth_group` WHERE status=1  [ RunTime:0.005649s ]
[ 2017-06-23T10:19:51+08:00 ] /Index/system | SQL: SHOW COLUMNS FROM `user` [ RunTime:0.006568s ]
[ 2017-06-23T10:19:51+08:00 ] /Index/system | SQL: SELECT `groupid` FROM `user` WHERE id='8' LIMIT 1   [ RunTime:0.005168s ]
[ 2017-06-23T10:19:51+08:00 ] /Index/system | SQL: SHOW COLUMNS FROM auth_rule ar [ RunTime:0.005151s ]
[ 2017-06-23T10:19:51+08:00 ] /Index/system | SQL: SELECT ar.*,u.username as addname FROM auth_rule ar LEFT JOIN user u on u.id=ar.adduser WHERE ar.status=1 and ar.pid != 0 and ar.groupid='2' ORDER BY ar.sort asc,ar.timeadd  [ RunTime:0.006085s ]
[ 2017-06-23T10:19:51+08:00 ] /Index/system | SQL: SELECT `typeid` FROM `user` WHERE id=8 LIMIT 1   [ RunTime:0.006069s ]
[ 2017-06-23T10:19:51+08:00 ] /Index/system | SQL: SHOW COLUMNS FROM user u [ RunTime:0.005186s ]
[ 2017-06-23T10:19:51+08:00 ] /Index/system | SQL: SELECT at.rule FROM user u LEFT JOIN auth_type at on at.id=u.typeid WHERE u.id=8 and at.status=1 LIMIT 1   [ RunTime:0.005918s ]
[ 2017-06-23T10:19:51+08:00 ] /Index/system | SQL: SHOW COLUMNS FROM `common` [ RunTime:0.006489s ]
[ 2017-06-23T10:19:51+08:00 ] /Index/system | SQL: SHOW COLUMNS FROM `business_company` [ RunTime:0.007095s ]
[ 2017-06-23T10:19:51+08:00 ] /Index/system | SQL: SHOW COLUMNS FROM `channel_company` [ RunTime:0.006360s ]
[ 2017-06-23T10:19:52+08:00 ] /Index/system | SQL: SELECT b.*,c.companyname as channel_companyname,c.id as channel_company_id,c.channel_level,concat('http://static.newjieba.com/Upload/businessCompany/company/',b.id,'/',b.legal_certinumber_pic) as legal_certinumber_path,concat('http://static.newjieba.com/Upload/businessCompany/company/',b.id,'/',b.license_number_pic) as license_number_path,concat('http://static.newjieba.com/Upload/businessCompany/company/',b.id,'/',b.agreement1_pic) as agreement1_path,concat('http://static.newjieba.com/Upload/businessCompany/company/',b.id,'/',b.agreement2_pic) as agreement2_path FROM business_company as b,channel_company as c,business_channel as bc WHERE ( c.id = '4' ) AND ( b.id = bc.business_company_id and bc.channel_company_id = c.id  )  [ RunTime:0.007291s ]
[ 2017-06-23T10:19:52+08:00 ] /Index/system | SQL: SHOW COLUMNS FROM `member` [ RunTime:0.005990s ]
[ 2017-06-23T10:19:52+08:00 ] /Index/system | SQL: SELECT m.*,mi.names,mi.certiNumber,mi.nameStatus,cha.companyname as channel_companyname,bus.companyname as business_companyname FROM member m,member_info mi,business_company bus,business_channel bc,channel_company cha WHERE ( bus.id IN ('25','26','30','33') ) AND ( m.id=mi.memberid and m.business_company_id=bus.id  and  bus.id=bc.business_company_id  and bc.channel_company_id=cha.id )  [ RunTime:0.006784s ]
[ 2017-06-23T10:19:52+08:00 ] /Index/system | SQL: SHOW COLUMNS FROM `member` [ RunTime:0.006698s ]
[ 2017-06-23T10:19:52+08:00 ] /Index/system | SQL: SELECT m.*,mi.names,mi.certiNumber,mi.nameStatus,cha.companyname as channel_companyname,bus.companyname as business_companyname FROM member m,member_info mi,business_company bus,business_channel bc,channel_company cha WHERE ( m.timeadd >= '2017-06-23' ) AND ( bus.id IN ('25','26','30','33') ) AND ( m.id=mi.memberid and m.business_company_id=bus.id  and  bus.id=bc.business_company_id  and bc.channel_company_id=cha.id )  [ RunTime:0.006247s ]
[ 2017-06-23T10:19:52+08:00 ] /Index/system | SQL: SHOW COLUMNS FROM `loan_config` [ RunTime:0.006965s ]
[ 2017-06-23T10:19:52+08:00 ] /Index/system | SQL: SELECT * FROM `loan_config` LIMIT 1   [ RunTime:0.005321s ]
[ 2017-06-23T10:19:52+08:00 ] /Index/system | SQL: SHOW COLUMNS FROM `loan_tender` [ RunTime:0.006605s ]
[ 2017-06-23T10:19:52+08:00 ] /Index/system | SQL: SELECT COUNT(*) AS tp_count FROM loan_tender tender,loan_allot allot,member m,member_info mi,business_loan bus_l,loan_periode lp,business_channel bc,business_company bus,channel_company cha WHERE ( cha.id = '4' ) AND ( tender.business_loan_id=bus_l.id  and tender.id=allot.tender_id and tender.memberid=m.id and m.id=mi.memberid and bus_l.business_company_id=bus.id  and bus_l.loan_periode_id=lp.id and bus.id=bc.business_company_id and bc.channel_company_id=cha.id   ) LIMIT 1   [ RunTime:0.006461s ]
[ 2017-06-23T10:19:52+08:00 ] /Index/system | SQL: SELECT tender.*,allot.late_fee,allot.start_time,allot.end_time,bus.companyname as bus_companyname,bus.id as business_company_id,bus.business_number,cha.companyname as cha_companyname,cha.id as channel_company_id,bus_l.name as bus_l_name,mi.names,concat(lp.periode,lp.unit) as lp_name FROM loan_tender tender,loan_allot allot,member m,member_info mi,business_loan bus_l,loan_periode lp,business_channel bc,business_company bus,channel_company cha WHERE ( cha.id = '4' ) AND ( tender.business_loan_id=bus_l.id  and tender.id=allot.tender_id and tender.memberid=m.id and m.id=mi.memberid and bus_l.business_company_id=bus.id  and bus_l.loan_periode_id=lp.id and bus.id=bc.business_company_id and bc.channel_company_id=cha.id   )  [ RunTime:0.006637s ]
[ 2017-06-23T10:19:52+08:00 ] /Index/system | SQL: SHOW COLUMNS FROM `loan_tender` [ RunTime:0.006992s ]
[ 2017-06-23T10:19:52+08:00 ] /Index/system | SQL: SELECT COUNT(*) AS tp_count FROM loan_tender tender,loan_allot allot,member m,member_info mi,business_loan bus_l,loan_periode lp,business_channel bc,business_company bus,channel_company cha WHERE ( tender.timeadd >= '2017-06-23' ) AND ( cha.id = '4' ) AND ( tender.business_loan_id=bus_l.id  and tender.id=allot.tender_id and tender.memberid=m.id and m.id=mi.memberid and bus_l.business_company_id=bus.id  and bus_l.loan_periode_id=lp.id and bus.id=bc.business_company_id and bc.channel_company_id=cha.id   ) LIMIT 1   [ RunTime:0.006339s ]
[ 2017-06-23T10:19:52+08:00 ] /Index/system | SQL: SELECT tender.*,allot.late_fee,allot.start_time,allot.end_time,bus.companyname as bus_companyname,bus.id as business_company_id,bus.business_number,cha.companyname as cha_companyname,cha.id as channel_company_id,bus_l.name as bus_l_name,mi.names,concat(lp.periode,lp.unit) as lp_name FROM loan_tender tender,loan_allot allot,member m,member_info mi,business_loan bus_l,loan_periode lp,business_channel bc,business_company bus,channel_company cha WHERE ( tender.timeadd >= '2017-06-23' ) AND ( cha.id = '4' ) AND ( tender.business_loan_id=bus_l.id  and tender.id=allot.tender_id and tender.memberid=m.id and m.id=mi.memberid and bus_l.business_company_id=bus.id  and bus_l.loan_periode_id=lp.id and bus.id=bc.business_company_id and bc.channel_company_id=cha.id   )  [ RunTime:0.007272s ]
[ 2017-06-23T10:19:52+08:00 ] /Index/system | SQL: SHOW COLUMNS FROM `profit_order` [ RunTime:0.006887s ]
[ 2017-06-23T10:19:52+08:00 ] /Index/system | SQL: SELECT * FROM `profit_order`  [ RunTime:0.006026s ]
[ 2017-06-23T10:19:52+08:00 ] /Index/system | SQL: SELECT * FROM `profit_order` WHERE (  (`timeadd` BETWEEN '2017-06-22' AND '2017-06-23' ) )  [ RunTime:0.005463s ]

[ 2017-06-23T10:20:13+08:00 ]  127.0.0.1 /Public/logOut.html | ERR: (ThinkException) Action:isLogin您所请求的方法不存在！
[ 2017-06-23T10:20:35+08:00 ]  127.0.0.1 /Public/logOut.html | ERR: (ThinkException) Action:isLogin您所请求的方法不存在！
[ 2017-06-23T10:21:42+08:00 ] 127.0.0.1 /Public/logOut.html
[ 2017-06-23T10:21:42+08:00 ] /Public/logOut.html | SQL: SHOW COLUMNS FROM `user` [ RunTime:0.007638s ]
[ 2017-06-23T10:21:42+08:00 ] /Public/logOut.html | SQL: UPDATE `user` SET `timeout`='2017-06-23 10:21:41',`lasttime`='2017-06-23 10:21:42',`lastip`='127.0.0.1' WHERE id=8 [ RunTime:0.020828s ]

[ 2017-06-23T10:21:42+08:00 ]  127.0.0.1 /favicon.ico | ERR: (ThinkException) 无法加载模块favicon.ico
[ 2017-06-23T10:22:13+08:00 ]  127.0.0.1 /favicon.ico | ERR: (ThinkException) 无法加载模块favicon.ico
[ 2017-06-23T10:22:14+08:00 ]  127.0.0.1 /favicon.ico | ERR: (ThinkException) 无法加载模块favicon.ico
[ 2017-06-23T10:22:14+08:00 ]  127.0.0.1 /favicon.ico | ERR: (ThinkException) 无法加载模块favicon.ico
[ 2017-06-23T10:22:52+08:00 ] 127.0.0.1 /Public/autoLogin
[ 2017-06-23T10:22:51+08:00 ] /Public/autoLogin | SQL: SHOW COLUMNS FROM `auth_group` [ RunTime:0.006714s ]
[ 2017-06-23T10:22:51+08:00 ] /Public/autoLogin | SQL: SELECT * FROM `auth_group` WHERE status=1  [ RunTime:0.005504s ]
[ 2017-06-23T10:22:51+08:00 ] /Public/autoLogin | SQL: SHOW COLUMNS FROM `user` [ RunTime:0.006464s ]
[ 2017-06-23T10:22:51+08:00 ] /Public/autoLogin | SQL: SELECT * FROM `user` WHERE username='qudao1' LIMIT 1   [ RunTime:0.006915s ]
[ 2017-06-23T10:22:52+08:00 ] /Public/autoLogin | SQL: SHOW COLUMNS FROM `common` [ RunTime:0.005776s ]
[ 2017-06-23T10:22:52+08:00 ] /Public/autoLogin | SQL: SHOW COLUMNS FROM `common` [ RunTime:0.006534s ]
[ 2017-06-23T10:22:52+08:00 ] /Public/autoLogin | SQL: UPDATE `user` SET `lasttime`='2017-06-23 10:22:52',`lastip`='127.0.0.1' WHERE username='qudao1' [ RunTime:0.005578s ]
[ 2017-06-23T10:22:52+08:00 ] /Public/autoLogin | SQL: UPDATE `user` SET `logincount`=logincount+1,`lasttime`='2017-06-23 10:22:52',`lastip`='127.0.0.1' WHERE username='qudao1' [ RunTime:0.007644s ]
[ 2017-06-23T10:22:52+08:00 ] /Public/autoLogin | SQL: SHOW COLUMNS FROM `user_token` [ RunTime:0.009779s ]
[ 2017-06-23T10:22:52+08:00 ] /Public/autoLogin | SQL: SELECT * FROM `user_token` WHERE username='qudao1' LIMIT 1   [ RunTime:0.006176s ]
[ 2017-06-23T10:22:52+08:00 ] /Public/autoLogin | SQL: UPDATE `user_token` SET `token`='58c6b6d8326e719a87f67cba5546a330',`username`='qudao1',`logintime`='2017-06-23 10:22:52' WHERE username='qudao1' [ RunTime:0.005724s ]
[ 2017-06-23T10:22:52+08:00 ] /Public/autoLogin | SQL: SHOW COLUMNS FROM `common` [ RunTime:0.007135s ]

[ 2017-06-23T10:22:52+08:00 ] 127.0.0.1 /
[ 2017-06-23T10:22:52+08:00 ] / | SQL: SHOW COLUMNS FROM `auth_group` [ RunTime:0.007307s ]
[ 2017-06-23T10:22:52+08:00 ] / | SQL: SELECT * FROM `auth_group` WHERE status=1  [ RunTime:0.005113s ]
[ 2017-06-23T10:22:52+08:00 ] / | SQL: SHOW COLUMNS FROM `user` [ RunTime:0.006675s ]
[ 2017-06-23T10:22:52+08:00 ] / | SQL: SELECT `groupid` FROM `user` WHERE id='8' LIMIT 1   [ RunTime:0.006129s ]
[ 2017-06-23T10:22:52+08:00 ] / | SQL: SHOW COLUMNS FROM auth_rule ar [ RunTime:0.006190s ]
[ 2017-06-23T10:22:52+08:00 ] / | SQL: SELECT ar.*,u.username as addname FROM auth_rule ar LEFT JOIN user u on u.id=ar.adduser WHERE ar.status=1 and ar.pid != 0 and ar.groupid='2' ORDER BY ar.sort asc,ar.timeadd  [ RunTime:0.006989s ]
[ 2017-06-23T10:22:52+08:00 ] / | SQL: SELECT `typeid` FROM `user` WHERE id=8 LIMIT 1   [ RunTime:0.006442s ]
[ 2017-06-23T10:22:52+08:00 ] / | SQL: SHOW COLUMNS FROM user u [ RunTime:0.006053s ]
[ 2017-06-23T10:22:52+08:00 ] / | SQL: SELECT at.rule FROM user u LEFT JOIN auth_type at on at.id=u.typeid WHERE u.id=8 and at.status=1 LIMIT 1   [ RunTime:0.005485s ]

[ 2017-06-23T10:22:52+08:00 ] 127.0.0.1 /Public/getJsMenu.html?is_menu=1
[ 2017-06-23T10:22:52+08:00 ] /Public/getJsMenu.html?is_menu=1 | SQL: SHOW COLUMNS FROM `auth_group` [ RunTime:0.008028s ]
[ 2017-06-23T10:22:52+08:00 ] /Public/getJsMenu.html?is_menu=1 | SQL: SELECT * FROM `auth_group` WHERE status=1  [ RunTime:0.006185s ]
[ 2017-06-23T10:22:52+08:00 ] /Public/getJsMenu.html?is_menu=1 | SQL: SHOW COLUMNS FROM `user` [ RunTime:0.006983s ]
[ 2017-06-23T10:22:52+08:00 ] /Public/getJsMenu.html?is_menu=1 | SQL: SELECT `groupid` FROM `user` WHERE id='8' LIMIT 1   [ RunTime:0.006360s ]
[ 2017-06-23T10:22:52+08:00 ] /Public/getJsMenu.html?is_menu=1 | SQL: SELECT `groupid` FROM `user` WHERE id='8' LIMIT 1   [ RunTime:0.006923s ]
[ 2017-06-23T10:22:52+08:00 ] /Public/getJsMenu.html?is_menu=1 | SQL: SHOW COLUMNS FROM auth_rule ar [ RunTime:0.006091s ]
[ 2017-06-23T10:22:52+08:00 ] /Public/getJsMenu.html?is_menu=1 | SQL: SELECT ar.*,u.username as addname FROM auth_rule ar LEFT JOIN user u on u.id=ar.adduser WHERE ar.status=1 and ar.pid != 0 and ar.groupid='2' ORDER BY ar.sort asc,ar.timeadd  [ RunTime:0.006823s ]
[ 2017-06-23T10:22:52+08:00 ] /Public/getJsMenu.html?is_menu=1 | SQL: SELECT `typeid` FROM `user` WHERE id=8 LIMIT 1   [ RunTime:0.006022s ]
[ 2017-06-23T10:22:52+08:00 ] /Public/getJsMenu.html?is_menu=1 | SQL: SHOW COLUMNS FROM user u [ RunTime:0.005663s ]
[ 2017-06-23T10:22:52+08:00 ] /Public/getJsMenu.html?is_menu=1 | SQL: SELECT at.rule FROM user u LEFT JOIN auth_type at on at.id=u.typeid WHERE u.id=8 and at.status=1 LIMIT 1   [ RunTime:0.007242s ]
[ 2017-06-23T10:22:52+08:00 ] /Public/getJsMenu.html?is_menu=1 | SQL: SELECT * FROM `auth_rule` WHERE pid=0 and status=1 and groupid='2' ORDER BY sort desc,timeadd asc  [ RunTime:0.006395s ]

[ 2017-06-23T10:22:52+08:00 ]  127.0.0.1 /favicon.ico | ERR: (ThinkException) 无法加载模块favicon.ico
[ 2017-06-23T10:22:52+08:00 ] 127.0.0.1 /Index/system
[ 2017-06-23T10:22:52+08:00 ] /Index/system | SQL: SHOW COLUMNS FROM `auth_group` [ RunTime:0.007417s ]
[ 2017-06-23T10:22:52+08:00 ] /Index/system | SQL: SELECT * FROM `auth_group` WHERE status=1  [ RunTime:0.006591s ]
[ 2017-06-23T10:22:52+08:00 ] /Index/system | SQL: SHOW COLUMNS FROM `user` [ RunTime:0.007990s ]
[ 2017-06-23T10:22:52+08:00 ] /Index/system | SQL: SELECT `groupid` FROM `user` WHERE id='8' LIMIT 1   [ RunTime:0.006113s ]
[ 2017-06-23T10:22:52+08:00 ] /Index/system | SQL: SHOW COLUMNS FROM auth_rule ar [ RunTime:0.005812s ]
[ 2017-06-23T10:22:52+08:00 ] /Index/system | SQL: SELECT ar.*,u.username as addname FROM auth_rule ar LEFT JOIN user u on u.id=ar.adduser WHERE ar.status=1 and ar.pid != 0 and ar.groupid='2' ORDER BY ar.sort asc,ar.timeadd  [ RunTime:0.007033s ]
[ 2017-06-23T10:22:52+08:00 ] /Index/system | SQL: SELECT `typeid` FROM `user` WHERE id=8 LIMIT 1   [ RunTime:0.005648s ]
[ 2017-06-23T10:22:52+08:00 ] /Index/system | SQL: SHOW COLUMNS FROM user u [ RunTime:0.006213s ]
[ 2017-06-23T10:22:52+08:00 ] /Index/system | SQL: SELECT at.rule FROM user u LEFT JOIN auth_type at on at.id=u.typeid WHERE u.id=8 and at.status=1 LIMIT 1   [ RunTime:0.005778s ]
[ 2017-06-23T10:22:52+08:00 ] /Index/system | SQL: SHOW COLUMNS FROM `common` [ RunTime:0.007331s ]
[ 2017-06-23T10:22:52+08:00 ] /Index/system | SQL: SHOW COLUMNS FROM `business_company` [ RunTime:0.007519s ]
[ 2017-06-23T10:22:52+08:00 ] /Index/system | SQL: SHOW COLUMNS FROM `channel_company` [ RunTime:0.007743s ]
[ 2017-06-23T10:22:52+08:00 ] /Index/system | SQL: SELECT b.*,c.companyname as channel_companyname,c.id as channel_company_id,c.channel_level,concat('http://static.newjieba.com/Upload/businessCompany/company/',b.id,'/',b.legal_certinumber_pic) as legal_certinumber_path,concat('http://static.newjieba.com/Upload/businessCompany/company/',b.id,'/',b.license_number_pic) as license_number_path,concat('http://static.newjieba.com/Upload/businessCompany/company/',b.id,'/',b.agreement1_pic) as agreement1_path,concat('http://static.newjieba.com/Upload/businessCompany/company/',b.id,'/',b.agreement2_pic) as agreement2_path FROM business_company as b,channel_company as c,business_channel as bc WHERE ( c.id = '4' ) AND ( b.id = bc.business_company_id and bc.channel_company_id = c.id  )  [ RunTime:0.007397s ]
[ 2017-06-23T10:22:52+08:00 ] /Index/system | SQL: SHOW COLUMNS FROM `member` [ RunTime:0.007747s ]
[ 2017-06-23T10:22:52+08:00 ] /Index/system | SQL: SELECT m.*,mi.names,mi.certiNumber,mi.nameStatus,cha.companyname as channel_companyname,bus.companyname as business_companyname FROM member m,member_info mi,business_company bus,business_channel bc,channel_company cha WHERE ( bus.id IN ('25','26','30','33') ) AND ( m.id=mi.memberid and m.business_company_id=bus.id  and  bus.id=bc.business_company_id  and bc.channel_company_id=cha.id )  [ RunTime:0.007376s ]
[ 2017-06-23T10:22:52+08:00 ] /Index/system | SQL: SHOW COLUMNS FROM `member` [ RunTime:0.006822s ]
[ 2017-06-23T10:22:52+08:00 ] /Index/system | SQL: SELECT m.*,mi.names,mi.certiNumber,mi.nameStatus,cha.companyname as channel_companyname,bus.companyname as business_companyname FROM member m,member_info mi,business_company bus,business_channel bc,channel_company cha WHERE ( m.timeadd >= '2017-06-23' ) AND ( bus.id IN ('25','26','30','33') ) AND ( m.id=mi.memberid and m.business_company_id=bus.id  and  bus.id=bc.business_company_id  and bc.channel_company_id=cha.id )  [ RunTime:0.007164s ]
[ 2017-06-23T10:22:52+08:00 ] /Index/system | SQL: SHOW COLUMNS FROM `loan_config` [ RunTime:0.007278s ]
[ 2017-06-23T10:22:52+08:00 ] /Index/system | SQL: SELECT * FROM `loan_config` LIMIT 1   [ RunTime:0.006360s ]
[ 2017-06-23T10:22:52+08:00 ] /Index/system | SQL: SHOW COLUMNS FROM `loan_tender` [ RunTime:0.007664s ]
[ 2017-06-23T10:22:52+08:00 ] /Index/system | SQL: SELECT COUNT(*) AS tp_count FROM loan_tender tender,loan_allot allot,member m,member_info mi,business_loan bus_l,loan_periode lp,business_channel bc,business_company bus,channel_company cha WHERE ( cha.id = '4' ) AND ( tender.business_loan_id=bus_l.id  and tender.id=allot.tender_id and tender.memberid=m.id and m.id=mi.memberid and bus_l.business_company_id=bus.id  and bus_l.loan_periode_id=lp.id and bus.id=bc.business_company_id and bc.channel_company_id=cha.id   ) LIMIT 1   [ RunTime:0.007135s ]
[ 2017-06-23T10:22:52+08:00 ] /Index/system | SQL: SELECT tender.*,allot.late_fee,allot.start_time,allot.end_time,bus.companyname as bus_companyname,bus.id as business_company_id,bus.business_number,cha.companyname as cha_companyname,cha.id as channel_company_id,bus_l.name as bus_l_name,mi.names,concat(lp.periode,lp.unit) as lp_name FROM loan_tender tender,loan_allot allot,member m,member_info mi,business_loan bus_l,loan_periode lp,business_channel bc,business_company bus,channel_company cha WHERE ( cha.id = '4' ) AND ( tender.business_loan_id=bus_l.id  and tender.id=allot.tender_id and tender.memberid=m.id and m.id=mi.memberid and bus_l.business_company_id=bus.id  and bus_l.loan_periode_id=lp.id and bus.id=bc.business_company_id and bc.channel_company_id=cha.id   )  [ RunTime:0.007306s ]
[ 2017-06-23T10:22:52+08:00 ] /Index/system | SQL: SHOW COLUMNS FROM `loan_tender` [ RunTime:0.007503s ]
[ 2017-06-23T10:22:52+08:00 ] /Index/system | SQL: SELECT COUNT(*) AS tp_count FROM loan_tender tender,loan_allot allot,member m,member_info mi,business_loan bus_l,loan_periode lp,business_channel bc,business_company bus,channel_company cha WHERE ( tender.timeadd >= '2017-06-23' ) AND ( cha.id = '4' ) AND ( tender.business_loan_id=bus_l.id  and tender.id=allot.tender_id and tender.memberid=m.id and m.id=mi.memberid and bus_l.business_company_id=bus.id  and bus_l.loan_periode_id=lp.id and bus.id=bc.business_company_id and bc.channel_company_id=cha.id   ) LIMIT 1   [ RunTime:0.006419s ]
[ 2017-06-23T10:22:52+08:00 ] /Index/system | SQL: SELECT tender.*,allot.late_fee,allot.start_time,allot.end_time,bus.companyname as bus_companyname,bus.id as business_company_id,bus.business_number,cha.companyname as cha_companyname,cha.id as channel_company_id,bus_l.name as bus_l_name,mi.names,concat(lp.periode,lp.unit) as lp_name FROM loan_tender tender,loan_allot allot,member m,member_info mi,business_loan bus_l,loan_periode lp,business_channel bc,business_company bus,channel_company cha WHERE ( tender.timeadd >= '2017-06-23' ) AND ( cha.id = '4' ) AND ( tender.business_loan_id=bus_l.id  and tender.id=allot.tender_id and tender.memberid=m.id and m.id=mi.memberid and bus_l.business_company_id=bus.id  and bus_l.loan_periode_id=lp.id and bus.id=bc.business_company_id and bc.channel_company_id=cha.id   )  [ RunTime:0.007656s ]
[ 2017-06-23T10:22:52+08:00 ] /Index/system | SQL: SHOW COLUMNS FROM `profit_order` [ RunTime:0.006571s ]
[ 2017-06-23T10:22:52+08:00 ] /Index/system | SQL: SELECT * FROM `profit_order`  [ RunTime:0.006667s ]
[ 2017-06-23T10:22:52+08:00 ] /Index/system | SQL: SELECT * FROM `profit_order` WHERE (  (`timeadd` BETWEEN '2017-06-22' AND '2017-06-23' ) )  [ RunTime:0.007219s ]

[ 2017-06-23T10:22:54+08:00 ] 127.0.0.1 /Public/logOut.html
[ 2017-06-23T10:22:54+08:00 ] /Public/logOut.html | SQL: SHOW COLUMNS FROM `user` [ RunTime:0.008308s ]
[ 2017-06-23T10:22:54+08:00 ] /Public/logOut.html | SQL: UPDATE `user` SET `timeout`='2017-06-23 10:22:54',`lasttime`='2017-06-23 10:22:54',`lastip`='127.0.0.1' WHERE id=8 [ RunTime:0.010638s ]

[ 2017-06-23T10:23:45+08:00 ]  127.0.0.1 /favicon.ico | ERR: (ThinkException) 无法加载模块favicon.ico
[ 2017-06-23T10:24:09+08:00 ] 127.0.0.1 /Public/autoLogin
[ 2017-06-23T10:24:09+08:00 ] /Public/autoLogin | SQL: SHOW COLUMNS FROM `auth_group` [ RunTime:0.007923s ]
[ 2017-06-23T10:24:09+08:00 ] /Public/autoLogin | SQL: SELECT * FROM `auth_group` WHERE status=1  [ RunTime:0.006953s ]
[ 2017-06-23T10:24:09+08:00 ] /Public/autoLogin | SQL: SHOW COLUMNS FROM `user` [ RunTime:0.008135s ]
[ 2017-06-23T10:24:09+08:00 ] /Public/autoLogin | SQL: SELECT * FROM `user` WHERE username='qudao1' LIMIT 1   [ RunTime:0.008234s ]
[ 2017-06-23T10:24:09+08:00 ] /Public/autoLogin | SQL: SHOW COLUMNS FROM `common` [ RunTime:0.007411s ]
[ 2017-06-23T10:24:09+08:00 ] /Public/autoLogin | SQL: SHOW COLUMNS FROM `common` [ RunTime:0.007640s ]
[ 2017-06-23T10:24:09+08:00 ] /Public/autoLogin | SQL: UPDATE `user` SET `lasttime`='2017-06-23 10:24:09',`lastip`='127.0.0.1' WHERE username='qudao1' [ RunTime:0.007883s ]
[ 2017-06-23T10:24:09+08:00 ] /Public/autoLogin | SQL: UPDATE `user` SET `logincount`=logincount+1,`lasttime`='2017-06-23 10:24:09',`lastip`='127.0.0.1' WHERE username='qudao1' [ RunTime:0.006509s ]
[ 2017-06-23T10:24:09+08:00 ] /Public/autoLogin | SQL: SHOW COLUMNS FROM `user_token` [ RunTime:0.007821s ]
[ 2017-06-23T10:24:09+08:00 ] /Public/autoLogin | SQL: SELECT * FROM `user_token` WHERE username='qudao1' LIMIT 1   [ RunTime:0.007612s ]
[ 2017-06-23T10:24:09+08:00 ] /Public/autoLogin | SQL: UPDATE `user_token` SET `token`='43484fa2758b7640ae679085d05c9b5d',`username`='qudao1',`logintime`='2017-06-23 10:24:09' WHERE username='qudao1' [ RunTime:0.006810s ]
[ 2017-06-23T10:24:09+08:00 ] /Public/autoLogin | SQL: SHOW COLUMNS FROM `common` [ RunTime:0.007258s ]

[ 2017-06-23T10:24:10+08:00 ] 127.0.0.1 /
[ 2017-06-23T10:24:09+08:00 ] / | SQL: SHOW COLUMNS FROM `auth_group` [ RunTime:0.008702s ]
[ 2017-06-23T10:24:10+08:00 ] / | SQL: SELECT * FROM `auth_group` WHERE status=1  [ RunTime:0.007892s ]
[ 2017-06-23T10:24:10+08:00 ] / | SQL: SHOW COLUMNS FROM `user` [ RunTime:0.008456s ]
[ 2017-06-23T10:24:10+08:00 ] / | SQL: SELECT `groupid` FROM `user` WHERE id='8' LIMIT 1   [ RunTime:0.008172s ]
[ 2017-06-23T10:24:10+08:00 ] / | SQL: SHOW COLUMNS FROM auth_rule ar [ RunTime:0.007814s ]
[ 2017-06-23T10:24:10+08:00 ] / | SQL: SELECT ar.*,u.username as addname FROM auth_rule ar LEFT JOIN user u on u.id=ar.adduser WHERE ar.status=1 and ar.pid != 0 and ar.groupid='2' ORDER BY ar.sort asc,ar.timeadd  [ RunTime:0.008084s ]
[ 2017-06-23T10:24:10+08:00 ] / | SQL: SELECT `typeid` FROM `user` WHERE id=8 LIMIT 1   [ RunTime:0.007391s ]
[ 2017-06-23T10:24:10+08:00 ] / | SQL: SHOW COLUMNS FROM user u [ RunTime:0.007363s ]
[ 2017-06-23T10:24:10+08:00 ] / | SQL: SELECT at.rule FROM user u LEFT JOIN auth_type at on at.id=u.typeid WHERE u.id=8 and at.status=1 LIMIT 1   [ RunTime:0.007126s ]

[ 2017-06-23T10:24:10+08:00 ]  127.0.0.1 /favicon.ico | ERR: (ThinkException) 无法加载模块favicon.ico
[ 2017-06-23T10:24:15+08:00 ] 127.0.0.1 /
[ 2017-06-23T10:24:15+08:00 ] / | SQL: SHOW COLUMNS FROM `auth_group` [ RunTime:0.008332s ]
[ 2017-06-23T10:24:15+08:00 ] / | SQL: SELECT * FROM `auth_group` WHERE status=1  [ RunTime:0.006932s ]
[ 2017-06-23T10:24:15+08:00 ] / | SQL: SHOW COLUMNS FROM `user` [ RunTime:0.007994s ]
[ 2017-06-23T10:24:15+08:00 ] / | SQL: SELECT `groupid` FROM `user` WHERE id='8' LIMIT 1   [ RunTime:0.007087s ]
[ 2017-06-23T10:24:15+08:00 ] / | SQL: SHOW COLUMNS FROM auth_rule ar [ RunTime:0.006810s ]
[ 2017-06-23T10:24:15+08:00 ] / | SQL: SELECT ar.*,u.username as addname FROM auth_rule ar LEFT JOIN user u on u.id=ar.adduser WHERE ar.status=1 and ar.pid != 0 and ar.groupid='2' ORDER BY ar.sort asc,ar.timeadd  [ RunTime:0.007510s ]
[ 2017-06-23T10:24:15+08:00 ] / | SQL: SELECT `typeid` FROM `user` WHERE id=8 LIMIT 1   [ RunTime:0.007392s ]
[ 2017-06-23T10:24:15+08:00 ] / | SQL: SHOW COLUMNS FROM user u [ RunTime:0.007309s ]
[ 2017-06-23T10:24:15+08:00 ] / | SQL: SELECT at.rule FROM user u LEFT JOIN auth_type at on at.id=u.typeid WHERE u.id=8 and at.status=1 LIMIT 1   [ RunTime:0.006810s ]

[ 2017-06-23T10:24:15+08:00 ]  127.0.0.1 /favicon.ico | ERR: (ThinkException) 无法加载模块favicon.ico
[ 2017-06-23T10:25:00+08:00 ] 127.0.0.1 /
[ 2017-06-23T10:25:00+08:00 ] / | SQL: SHOW COLUMNS FROM `auth_group` [ RunTime:0.006807s ]
[ 2017-06-23T10:25:00+08:00 ] / | SQL: SELECT * FROM `auth_group` WHERE status=1  [ RunTime:0.006625s ]
[ 2017-06-23T10:25:00+08:00 ] / | SQL: SHOW COLUMNS FROM `user` [ RunTime:0.008542s ]
[ 2017-06-23T10:25:00+08:00 ] / | SQL: SELECT `groupid` FROM `user` WHERE id='8' LIMIT 1   [ RunTime:0.006126s ]
[ 2017-06-23T10:25:00+08:00 ] / | SQL: SHOW COLUMNS FROM auth_rule ar [ RunTime:0.005836s ]
[ 2017-06-23T10:25:00+08:00 ] / | SQL: SELECT ar.*,u.username as addname FROM auth_rule ar LEFT JOIN user u on u.id=ar.adduser WHERE ar.status=1 and ar.pid != 0 and ar.groupid='2' ORDER BY ar.sort asc,ar.timeadd  [ RunTime:0.007006s ]
[ 2017-06-23T10:25:00+08:00 ] / | SQL: SELECT `typeid` FROM `user` WHERE id=8 LIMIT 1   [ RunTime:0.005957s ]
[ 2017-06-23T10:25:00+08:00 ] / | SQL: SHOW COLUMNS FROM user u [ RunTime:0.005935s ]
[ 2017-06-23T10:25:00+08:00 ] / | SQL: SELECT at.rule FROM user u LEFT JOIN auth_type at on at.id=u.typeid WHERE u.id=8 and at.status=1 LIMIT 1   [ RunTime:0.008492s ]

[ 2017-06-23T10:25:00+08:00 ]  127.0.0.1 /favicon.ico | ERR: (ThinkException) 无法加载模块favicon.ico
[ 2017-06-23T10:25:23+08:00 ] 127.0.0.1 /
[ 2017-06-23T10:25:23+08:00 ] / | SQL: SHOW COLUMNS FROM `auth_group` [ RunTime:0.007131s ]
[ 2017-06-23T10:25:23+08:00 ] / | SQL: SELECT * FROM `auth_group` WHERE status=1  [ RunTime:0.004985s ]
[ 2017-06-23T10:25:23+08:00 ] / | SQL: SHOW COLUMNS FROM `user` [ RunTime:0.005844s ]
[ 2017-06-23T10:25:23+08:00 ] / | SQL: SELECT `groupid` FROM `user` WHERE id='8' LIMIT 1   [ RunTime:0.005174s ]
[ 2017-06-23T10:25:23+08:00 ] / | SQL: SHOW COLUMNS FROM auth_rule ar [ RunTime:0.005498s ]
[ 2017-06-23T10:25:23+08:00 ] / | SQL: SELECT ar.*,u.username as addname FROM auth_rule ar LEFT JOIN user u on u.id=ar.adduser WHERE ar.status=1 and ar.pid != 0 and ar.groupid='2' ORDER BY ar.sort asc,ar.timeadd  [ RunTime:0.005764s ]
[ 2017-06-23T10:25:23+08:00 ] / | SQL: SELECT `typeid` FROM `user` WHERE id=8 LIMIT 1   [ RunTime:0.005042s ]
[ 2017-06-23T10:25:23+08:00 ] / | SQL: SHOW COLUMNS FROM user u [ RunTime:0.004888s ]
[ 2017-06-23T10:25:23+08:00 ] / | SQL: SELECT at.rule FROM user u LEFT JOIN auth_type at on at.id=u.typeid WHERE u.id=8 and at.status=1 LIMIT 1   [ RunTime:0.004855s ]

[ 2017-06-23T10:25:24+08:00 ] 127.0.0.1 /Public/getJsMenu.html?is_menu=1
[ 2017-06-23T10:25:24+08:00 ] /Public/getJsMenu.html?is_menu=1 | SQL: SHOW COLUMNS FROM `auth_group` [ RunTime:0.006353s ]
[ 2017-06-23T10:25:24+08:00 ] /Public/getJsMenu.html?is_menu=1 | SQL: SELECT * FROM `auth_group` WHERE status=1  [ RunTime:0.005868s ]
[ 2017-06-23T10:25:24+08:00 ] /Public/getJsMenu.html?is_menu=1 | SQL: SHOW COLUMNS FROM `user` [ RunTime:0.006361s ]
[ 2017-06-23T10:25:24+08:00 ] /Public/getJsMenu.html?is_menu=1 | SQL: SELECT `groupid` FROM `user` WHERE id='8' LIMIT 1   [ RunTime:0.005214s ]
[ 2017-06-23T10:25:24+08:00 ] /Public/getJsMenu.html?is_menu=1 | SQL: SELECT `groupid` FROM `user` WHERE id='8' LIMIT 1   [ RunTime:0.005644s ]
[ 2017-06-23T10:25:24+08:00 ] /Public/getJsMenu.html?is_menu=1 | SQL: SHOW COLUMNS FROM auth_rule ar [ RunTime:0.005415s ]
[ 2017-06-23T10:25:24+08:00 ] /Public/getJsMenu.html?is_menu=1 | SQL: SELECT ar.*,u.username as addname FROM auth_rule ar LEFT JOIN user u on u.id=ar.adduser WHERE ar.status=1 and ar.pid != 0 and ar.groupid='2' ORDER BY ar.sort asc,ar.timeadd  [ RunTime:0.006460s ]
[ 2017-06-23T10:25:24+08:00 ] /Public/getJsMenu.html?is_menu=1 | SQL: SELECT `typeid` FROM `user` WHERE id=8 LIMIT 1   [ RunTime:0.005024s ]
[ 2017-06-23T10:25:24+08:00 ] /Public/getJsMenu.html?is_menu=1 | SQL: SHOW COLUMNS FROM user u [ RunTime:0.005160s ]
[ 2017-06-23T10:25:24+08:00 ] /Public/getJsMenu.html?is_menu=1 | SQL: SELECT at.rule FROM user u LEFT JOIN auth_type at on at.id=u.typeid WHERE u.id=8 and at.status=1 LIMIT 1   [ RunTime:0.005833s ]
[ 2017-06-23T10:25:24+08:00 ] /Public/getJsMenu.html?is_menu=1 | SQL: SELECT * FROM `auth_rule` WHERE pid=0 and status=1 and groupid='2' ORDER BY sort desc,timeadd asc  [ RunTime:0.005967s ]

[ 2017-06-23T10:25:24+08:00 ]  127.0.0.1 /favicon.ico | ERR: (ThinkException) 无法加载模块favicon.ico
[ 2017-06-23T10:25:24+08:00 ] 127.0.0.1 /Index/system
[ 2017-06-23T10:25:24+08:00 ] /Index/system | SQL: SHOW COLUMNS FROM `auth_group` [ RunTime:0.006983s ]
[ 2017-06-23T10:25:24+08:00 ] /Index/system | SQL: SELECT * FROM `auth_group` WHERE status=1  [ RunTime:0.006730s ]
[ 2017-06-23T10:25:24+08:00 ] /Index/system | SQL: SHOW COLUMNS FROM `user` [ RunTime:0.007795s ]
[ 2017-06-23T10:25:24+08:00 ] /Index/system | SQL: SELECT `groupid` FROM `user` WHERE id='8' LIMIT 1   [ RunTime:0.006227s ]
[ 2017-06-23T10:25:24+08:00 ] /Index/system | SQL: SHOW COLUMNS FROM auth_rule ar [ RunTime:0.005623s ]
[ 2017-06-23T10:25:24+08:00 ] /Index/system | SQL: SELECT ar.*,u.username as addname FROM auth_rule ar LEFT JOIN user u on u.id=ar.adduser WHERE ar.status=1 and ar.pid != 0 and ar.groupid='2' ORDER BY ar.sort asc,ar.timeadd  [ RunTime:0.007080s ]
[ 2017-06-23T10:25:24+08:00 ] /Index/system | SQL: SELECT `typeid` FROM `user` WHERE id=8 LIMIT 1   [ RunTime:0.006315s ]
[ 2017-06-23T10:25:24+08:00 ] /Index/system | SQL: SHOW COLUMNS FROM user u [ RunTime:0.005970s ]
[ 2017-06-23T10:25:24+08:00 ] /Index/system | SQL: SELECT at.rule FROM user u LEFT JOIN auth_type at on at.id=u.typeid WHERE u.id=8 and at.status=1 LIMIT 1   [ RunTime:0.006384s ]
[ 2017-06-23T10:25:24+08:00 ] /Index/system | SQL: SHOW COLUMNS FROM `common` [ RunTime:0.006780s ]
[ 2017-06-23T10:25:24+08:00 ] /Index/system | SQL: SHOW COLUMNS FROM `business_company` [ RunTime:0.007629s ]
[ 2017-06-23T10:25:24+08:00 ] /Index/system | SQL: SHOW COLUMNS FROM `channel_company` [ RunTime:0.007622s ]
[ 2017-06-23T10:25:24+08:00 ] /Index/system | SQL: SELECT b.*,c.companyname as channel_companyname,c.id as channel_company_id,c.channel_level,concat('http://static.newjieba.com/Upload/businessCompany/company/',b.id,'/',b.legal_certinumber_pic) as legal_certinumber_path,concat('http://static.newjieba.com/Upload/businessCompany/company/',b.id,'/',b.license_number_pic) as license_number_path,concat('http://static.newjieba.com/Upload/businessCompany/company/',b.id,'/',b.agreement1_pic) as agreement1_path,concat('http://static.newjieba.com/Upload/businessCompany/company/',b.id,'/',b.agreement2_pic) as agreement2_path FROM business_company as b,channel_company as c,business_channel as bc WHERE ( c.id = '4' ) AND ( b.id = bc.business_company_id and bc.channel_company_id = c.id  )  [ RunTime:0.008126s ]
[ 2017-06-23T10:25:24+08:00 ] /Index/system | SQL: SHOW COLUMNS FROM `member` [ RunTime:0.007045s ]
[ 2017-06-23T10:25:24+08:00 ] /Index/system | SQL: SELECT m.*,mi.names,mi.certiNumber,mi.nameStatus,cha.companyname as channel_companyname,bus.companyname as business_companyname FROM member m,member_info mi,business_company bus,business_channel bc,channel_company cha WHERE ( bus.id IN ('25','26','30','33') ) AND ( m.id=mi.memberid and m.business_company_id=bus.id  and  bus.id=bc.business_company_id  and bc.channel_company_id=cha.id )  [ RunTime:0.008078s ]
[ 2017-06-23T10:25:24+08:00 ] /Index/system | SQL: SHOW COLUMNS FROM `member` [ RunTime:0.007206s ]
[ 2017-06-23T10:25:24+08:00 ] /Index/system | SQL: SELECT m.*,mi.names,mi.certiNumber,mi.nameStatus,cha.companyname as channel_companyname,bus.companyname as business_companyname FROM member m,member_info mi,business_company bus,business_channel bc,channel_company cha WHERE ( m.timeadd >= '2017-06-23' ) AND ( bus.id IN ('25','26','30','33') ) AND ( m.id=mi.memberid and m.business_company_id=bus.id  and  bus.id=bc.business_company_id  and bc.channel_company_id=cha.id )  [ RunTime:0.007605s ]
[ 2017-06-23T10:25:24+08:00 ] /Index/system | SQL: SHOW COLUMNS FROM `loan_config` [ RunTime:0.007597s ]
[ 2017-06-23T10:25:24+08:00 ] /Index/system | SQL: SELECT * FROM `loan_config` LIMIT 1   [ RunTime:0.006520s ]
[ 2017-06-23T10:25:24+08:00 ] /Index/system | SQL: SHOW COLUMNS FROM `loan_tender` [ RunTime:0.007419s ]
[ 2017-06-23T10:25:24+08:00 ] /Index/system | SQL: SELECT COUNT(*) AS tp_count FROM loan_tender tender,loan_allot allot,member m,member_info mi,business_loan bus_l,loan_periode lp,business_channel bc,business_company bus,channel_company cha WHERE ( cha.id = '4' ) AND ( tender.business_loan_id=bus_l.id  and tender.id=allot.tender_id and tender.memberid=m.id and m.id=mi.memberid and bus_l.business_company_id=bus.id  and bus_l.loan_periode_id=lp.id and bus.id=bc.business_company_id and bc.channel_company_id=cha.id   ) LIMIT 1   [ RunTime:0.006350s ]
[ 2017-06-23T10:25:24+08:00 ] /Index/system | SQL: SELECT tender.*,allot.late_fee,allot.start_time,allot.end_time,bus.companyname as bus_companyname,bus.id as business_company_id,bus.business_number,cha.companyname as cha_companyname,cha.id as channel_company_id,bus_l.name as bus_l_name,mi.names,concat(lp.periode,lp.unit) as lp_name FROM loan_tender tender,loan_allot allot,member m,member_info mi,business_loan bus_l,loan_periode lp,business_channel bc,business_company bus,channel_company cha WHERE ( cha.id = '4' ) AND ( tender.business_loan_id=bus_l.id  and tender.id=allot.tender_id and tender.memberid=m.id and m.id=mi.memberid and bus_l.business_company_id=bus.id  and bus_l.loan_periode_id=lp.id and bus.id=bc.business_company_id and bc.channel_company_id=cha.id   )  [ RunTime:0.008121s ]
[ 2017-06-23T10:25:24+08:00 ] /Index/system | SQL: SHOW COLUMNS FROM `loan_tender` [ RunTime:0.008242s ]
[ 2017-06-23T10:25:24+08:00 ] /Index/system | SQL: SELECT COUNT(*) AS tp_count FROM loan_tender tender,loan_allot allot,member m,member_info mi,business_loan bus_l,loan_periode lp,business_channel bc,business_company bus,channel_company cha WHERE ( tender.timeadd >= '2017-06-23' ) AND ( cha.id = '4' ) AND ( tender.business_loan_id=bus_l.id  and tender.id=allot.tender_id and tender.memberid=m.id and m.id=mi.memberid and bus_l.business_company_id=bus.id  and bus_l.loan_periode_id=lp.id and bus.id=bc.business_company_id and bc.channel_company_id=cha.id   ) LIMIT 1   [ RunTime:0.006983s ]
[ 2017-06-23T10:25:24+08:00 ] /Index/system | SQL: SELECT tender.*,allot.late_fee,allot.start_time,allot.end_time,bus.companyname as bus_companyname,bus.id as business_company_id,bus.business_number,cha.companyname as cha_companyname,cha.id as channel_company_id,bus_l.name as bus_l_name,mi.names,concat(lp.periode,lp.unit) as lp_name FROM loan_tender tender,loan_allot allot,member m,member_info mi,business_loan bus_l,loan_periode lp,business_channel bc,business_company bus,channel_company cha WHERE ( tender.timeadd >= '2017-06-23' ) AND ( cha.id = '4' ) AND ( tender.business_loan_id=bus_l.id  and tender.id=allot.tender_id and tender.memberid=m.id and m.id=mi.memberid and bus_l.business_company_id=bus.id  and bus_l.loan_periode_id=lp.id and bus.id=bc.business_company_id and bc.channel_company_id=cha.id   )  [ RunTime:0.007885s ]
[ 2017-06-23T10:25:24+08:00 ] /Index/system | SQL: SHOW COLUMNS FROM `profit_order` [ RunTime:0.007640s ]
[ 2017-06-23T10:25:24+08:00 ] /Index/system | SQL: SELECT * FROM `profit_order`  [ RunTime:0.006881s ]
[ 2017-06-23T10:25:24+08:00 ] /Index/system | SQL: SELECT * FROM `profit_order` WHERE (  (`timeadd` BETWEEN '2017-06-22' AND '2017-06-23' ) )  [ RunTime:0.006383s ]

[ 2017-06-23T10:25:26+08:00 ] 127.0.0.1 /Public/logOut.html
[ 2017-06-23T10:25:26+08:00 ] /Public/logOut.html | SQL: SHOW COLUMNS FROM `user` [ RunTime:0.007321s ]
[ 2017-06-23T10:25:26+08:00 ] /Public/logOut.html | SQL: UPDATE `user` SET `timeout`='2017-06-23 10:25:26',`lasttime`='2017-06-23 10:25:26',`lastip`='127.0.0.1' WHERE id=8 [ RunTime:0.010975s ]

