[ 2017-07-04T09:39:10+08:00 ]  127.0.0.1 /favicon.ico | ERR: (ThinkException) 无法加载模块favicon.ico
[ 2017-07-04T09:39:24+08:00 ] 127.0.0.1 /Public/autoLogin
[ 2017-07-04T09:39:23+08:00 ] /Public/autoLogin | SQL: SHOW COLUMNS FROM `auth_group` [ RunTime:0.006788s ]
[ 2017-07-04T09:39:23+08:00 ] /Public/autoLogin | SQL: SELECT * FROM `auth_group` WHERE status=1  [ RunTime:0.006528s ]
[ 2017-07-04T09:39:23+08:00 ] /Public/autoLogin | SQL: SHOW COLUMNS FROM `user` [ RunTime:0.007086s ]
[ 2017-07-04T09:39:23+08:00 ] /Public/autoLogin | SQL: SELECT * FROM `user` WHERE username='qudao1' LIMIT 1   [ RunTime:0.006855s ]
[ 2017-07-04T09:39:23+08:00 ] /Public/autoLogin | SQL: SHOW COLUMNS FROM `common` [ RunTime:0.016096s ]
[ 2017-07-04T09:39:23+08:00 ] /Public/autoLogin | SQL: SHOW COLUMNS FROM `common` [ RunTime:0.018192s ]
[ 2017-07-04T09:39:23+08:00 ] /Public/autoLogin | SQL: UPDATE `user` SET `lasttime`='2017-07-04 09:39:23',`lastip`='127.0.0.1' WHERE username='qudao1' [ RunTime:0.019926s ]
[ 2017-07-04T09:39:23+08:00 ] /Public/autoLogin | SQL: UPDATE `user` SET `logincount`=logincount+1,`lasttime`='2017-07-04 09:39:23',`lastip`='127.0.0.1' WHERE username='qudao1' [ RunTime:0.019310s ]
[ 2017-07-04T09:39:23+08:00 ] /Public/autoLogin | SQL: SHOW COLUMNS FROM `user_token` [ RunTime:0.020105s ]
[ 2017-07-04T09:39:23+08:00 ] /Public/autoLogin | SQL: SELECT * FROM `user_token` WHERE username='qudao1' LIMIT 1   [ RunTime:0.019475s ]
[ 2017-07-04T09:39:24+08:00 ] /Public/autoLogin | SQL: UPDATE `user_token` SET `token`='9a484983c683ac8a6be5140cf041928d',`username`='qudao1',`logintime`='2017-07-04 09:39:23' WHERE username='qudao1' [ RunTime:0.020231s ]
[ 2017-07-04T09:39:24+08:00 ] /Public/autoLogin | SQL: SHOW COLUMNS FROM `common` [ RunTime:0.021032s ]
[ 2017-07-04T09:39:24+08:00 ] /Public/autoLogin | SQL: SHOW COLUMNS FROM `user_operate` [ RunTime:0.021950s ]
[ 2017-07-04T09:39:24+08:00 ] /Public/autoLogin | SQL: INSERT INTO `user_operate` (`status`,`userid`,`remark`,`type`,`ip`,`timeadd`) VALUES (1,'8','用户登录',1,'127.0.0.1','2017-07-04 09:39:24') [ RunTime:0.025314s ]

[ 2017-07-04T09:39:24+08:00 ] 127.0.0.1 /
[ 2017-07-04T09:39:24+08:00 ] / | SQL: SHOW COLUMNS FROM `auth_group` [ RunTime:0.006137s ]
[ 2017-07-04T09:39:24+08:00 ] / | SQL: SELECT * FROM `auth_group` WHERE status=1  [ RunTime:0.005782s ]
[ 2017-07-04T09:39:24+08:00 ] / | SQL: SHOW COLUMNS FROM `user` [ RunTime:0.007326s ]
[ 2017-07-04T09:39:24+08:00 ] / | SQL: SELECT `groupid` FROM `user` WHERE id='8' LIMIT 1   [ RunTime:0.005572s ]
[ 2017-07-04T09:39:24+08:00 ] / | SQL: SHOW COLUMNS FROM auth_rule ar [ RunTime:0.006047s ]
[ 2017-07-04T09:39:24+08:00 ] / | SQL: SELECT ar.*,u.username as addname FROM auth_rule ar LEFT JOIN user u on u.id=ar.adduser WHERE ar.status=1 and ar.pid != 0 and ar.groupid='2' ORDER BY ar.sort asc,ar.timeadd  [ RunTime:0.006047s ]
[ 2017-07-04T09:39:24+08:00 ] / | SQL: SELECT `typeid` FROM `user` WHERE id=8 LIMIT 1   [ RunTime:0.005973s ]
[ 2017-07-04T09:39:24+08:00 ] / | SQL: SHOW COLUMNS FROM user u [ RunTime:0.005571s ]
[ 2017-07-04T09:39:24+08:00 ] / | SQL: SELECT at.rule FROM user u LEFT JOIN auth_type at on at.id=u.typeid WHERE u.id=8 and at.status=1 LIMIT 1   [ RunTime:0.005567s ]

[ 2017-07-04T09:39:24+08:00 ] 127.0.0.1 /Public/getJsMenu.html?is_menu=1
[ 2017-07-04T09:39:24+08:00 ] /Public/getJsMenu.html?is_menu=1 | SQL: SHOW COLUMNS FROM `auth_group` [ RunTime:0.007038s ]
[ 2017-07-04T09:39:24+08:00 ] /Public/getJsMenu.html?is_menu=1 | SQL: SELECT * FROM `auth_group` WHERE status=1  [ RunTime:0.005949s ]
[ 2017-07-04T09:39:24+08:00 ] /Public/getJsMenu.html?is_menu=1 | SQL: SHOW COLUMNS FROM `user` [ RunTime:0.006273s ]
[ 2017-07-04T09:39:24+08:00 ] /Public/getJsMenu.html?is_menu=1 | SQL: SELECT `groupid` FROM `user` WHERE id='8' LIMIT 1   [ RunTime:0.005176s ]
[ 2017-07-04T09:39:24+08:00 ] /Public/getJsMenu.html?is_menu=1 | SQL: SELECT `groupid` FROM `user` WHERE id='8' LIMIT 1   [ RunTime:0.006363s ]
[ 2017-07-04T09:39:24+08:00 ] /Public/getJsMenu.html?is_menu=1 | SQL: SHOW COLUMNS FROM auth_rule ar [ RunTime:0.005103s ]
[ 2017-07-04T09:39:24+08:00 ] /Public/getJsMenu.html?is_menu=1 | SQL: SELECT ar.*,u.username as addname FROM auth_rule ar LEFT JOIN user u on u.id=ar.adduser WHERE ar.status=1 and ar.pid != 0 and ar.groupid='2' ORDER BY ar.sort asc,ar.timeadd  [ RunTime:0.011435s ]
[ 2017-07-04T09:39:24+08:00 ] /Public/getJsMenu.html?is_menu=1 | SQL: SELECT `typeid` FROM `user` WHERE id=8 LIMIT 1   [ RunTime:0.011109s ]
[ 2017-07-04T09:39:24+08:00 ] /Public/getJsMenu.html?is_menu=1 | SQL: SHOW COLUMNS FROM user u [ RunTime:0.006800s ]
[ 2017-07-04T09:39:24+08:00 ] /Public/getJsMenu.html?is_menu=1 | SQL: SELECT at.rule FROM user u LEFT JOIN auth_type at on at.id=u.typeid WHERE u.id=8 and at.status=1 LIMIT 1   [ RunTime:0.005774s ]
[ 2017-07-04T09:39:24+08:00 ] /Public/getJsMenu.html?is_menu=1 | SQL: SELECT * FROM `auth_rule` WHERE pid=0 and status=1 and groupid='2' ORDER BY sort desc,timeadd asc  [ RunTime:0.006452s ]

[ 2017-07-04T09:39:24+08:00 ]  127.0.0.1 /favicon.ico | ERR: (ThinkException) 无法加载模块favicon.ico
[ 2017-07-04T09:39:24+08:00 ] 127.0.0.1 /Index/system
[ 2017-07-04T09:39:24+08:00 ] /Index/system | SQL: SHOW COLUMNS FROM `auth_group` [ RunTime:0.006015s ]
[ 2017-07-04T09:39:24+08:00 ] /Index/system | SQL: SELECT * FROM `auth_group` WHERE status=1  [ RunTime:0.005088s ]
[ 2017-07-04T09:39:24+08:00 ] /Index/system | SQL: SHOW COLUMNS FROM `user` [ RunTime:0.009989s ]
[ 2017-07-04T09:39:24+08:00 ] /Index/system | SQL: SELECT `groupid` FROM `user` WHERE id='8' LIMIT 1   [ RunTime:0.009027s ]
[ 2017-07-04T09:39:24+08:00 ] /Index/system | SQL: SHOW COLUMNS FROM auth_rule ar [ RunTime:0.009376s ]
[ 2017-07-04T09:39:24+08:00 ] /Index/system | SQL: SELECT ar.*,u.username as addname FROM auth_rule ar LEFT JOIN user u on u.id=ar.adduser WHERE ar.status=1 and ar.pid != 0 and ar.groupid='2' ORDER BY ar.sort asc,ar.timeadd  [ RunTime:0.010495s ]
[ 2017-07-04T09:39:24+08:00 ] /Index/system | SQL: SELECT `typeid` FROM `user` WHERE id=8 LIMIT 1   [ RunTime:0.004601s ]
[ 2017-07-04T09:39:24+08:00 ] /Index/system | SQL: SHOW COLUMNS FROM user u [ RunTime:0.004424s ]
[ 2017-07-04T09:39:24+08:00 ] /Index/system | SQL: SELECT at.rule FROM user u LEFT JOIN auth_type at on at.id=u.typeid WHERE u.id=8 and at.status=1 LIMIT 1   [ RunTime:0.004848s ]
[ 2017-07-04T09:39:24+08:00 ] /Index/system | SQL: SHOW COLUMNS FROM `common` [ RunTime:0.005061s ]
[ 2017-07-04T09:39:24+08:00 ] /Index/system | SQL: SHOW COLUMNS FROM `business_company` [ RunTime:0.006621s ]
[ 2017-07-04T09:39:24+08:00 ] /Index/system | SQL: SHOW COLUMNS FROM `channel_company` [ RunTime:0.006184s ]
[ 2017-07-04T09:39:24+08:00 ] /Index/system | SQL: SELECT b.*,c.companyname as channel_companyname,c.id as channel_company_id,c.channel_level,concat('http://static.newjieba.com/Upload/businessCompany/company/',b.id,'/',b.legal_certinumber_pic) as legal_certinumber_path,concat('http://static.newjieba.com/Upload/businessCompany/company/',b.id,'/',b.license_number_pic) as license_number_path,concat('http://static.newjieba.com/Upload/businessCompany/company/',b.id,'/',b.agreement1_pic) as agreement1_path,concat('http://static.newjieba.com/Upload/businessCompany/company/',b.id,'/',b.agreement2_pic) as agreement2_path FROM business_company as b,channel_company as c,business_channel as bc WHERE ( c.id = '4' ) AND ( b.id = bc.business_company_id and bc.channel_company_id = c.id  )  [ RunTime:0.011387s ]
[ 2017-07-04T09:39:24+08:00 ] /Index/system | SQL: SHOW COLUMNS FROM `member` [ RunTime:0.010193s ]
[ 2017-07-04T09:39:24+08:00 ] /Index/system | SQL: SELECT COUNT(*) AS tp_count FROM member m,member_info mi,business_company bus,business_channel bc,channel_company cha WHERE ( bus.id IN () ) AND ( m.id=mi.memberid and m.business_company_id=bus.id  and  bus.id=bc.business_company_id  and bc.channel_company_id=cha.id ) LIMIT 1   [ RunTime:0.004544s ]
[ 2017-07-04T09:39:24+08:00 ] /Index/system | SQL: SELECT m.*,mi.names,mi.certiNumber,mi.nameStatus,cha.companyname as channel_companyname,bus.companyname as business_companyname FROM member m,member_info mi,business_company bus,business_channel bc,channel_company cha WHERE ( bus.id IN () ) AND ( m.id=mi.memberid and m.business_company_id=bus.id  and  bus.id=bc.business_company_id  and bc.channel_company_id=cha.id )  [ RunTime:0.005344s ]
[ 2017-07-04T09:39:24+08:00 ] /Index/system | SQL: SHOW COLUMNS FROM `member_import` [ RunTime:0.006016s ]
[ 2017-07-04T09:39:24+08:00 ] /Index/system | SQL: SELECT * FROM `member_import` WHERE ( `business_company_id` = null ) AND ( `certiNumber` = null ) LIMIT 1   [ RunTime:0.005158s ]
[ 2017-07-04T09:39:24+08:00 ] /Index/system | SQL: SHOW COLUMNS FROM `member` [ RunTime:0.005735s ]
[ 2017-07-04T09:39:24+08:00 ] /Index/system | SQL: SELECT COUNT(*) AS tp_count FROM member m,member_info mi,business_company bus,business_channel bc,channel_company cha WHERE ( m.timeadd >= '2017-07-04' ) AND ( bus.id IN () ) AND ( m.id=mi.memberid and m.business_company_id=bus.id  and  bus.id=bc.business_company_id  and bc.channel_company_id=cha.id ) LIMIT 1   [ RunTime:0.005583s ]
[ 2017-07-04T09:39:24+08:00 ] /Index/system | SQL: SELECT m.*,mi.names,mi.certiNumber,mi.nameStatus,cha.companyname as channel_companyname,bus.companyname as business_companyname FROM member m,member_info mi,business_company bus,business_channel bc,channel_company cha WHERE ( m.timeadd >= '2017-07-04' ) AND ( bus.id IN () ) AND ( m.id=mi.memberid and m.business_company_id=bus.id  and  bus.id=bc.business_company_id  and bc.channel_company_id=cha.id )  [ RunTime:0.005331s ]
[ 2017-07-04T09:39:24+08:00 ] /Index/system | SQL: SHOW COLUMNS FROM `member_import` [ RunTime:0.009978s ]
[ 2017-07-04T09:39:24+08:00 ] /Index/system | SQL: SELECT * FROM `member_import` WHERE ( `business_company_id` = null ) AND ( `certiNumber` = null ) LIMIT 1   [ RunTime:0.010574s ]
[ 2017-07-04T09:39:24+08:00 ] /Index/system | SQL: SHOW COLUMNS FROM `loan_config` [ RunTime:0.007274s ]
[ 2017-07-04T09:39:24+08:00 ] /Index/system | SQL: SELECT * FROM `loan_config` LIMIT 1   [ RunTime:0.005542s ]
[ 2017-07-04T09:39:24+08:00 ] /Index/system | SQL: SHOW COLUMNS FROM `loan_tender` [ RunTime:0.005682s ]
[ 2017-07-04T09:39:24+08:00 ] /Index/system | SQL: SELECT COUNT(*) AS tp_count FROM loan_tender tender,loan_allot allot,member m,member_info mi,business_loan bus_l,loan_periode lp,business_channel bc,business_company bus,channel_company cha WHERE ( cha.id = '4' ) AND (  tender.business_loan_id=bus_l.id  and tender.id=allot.tender_id and tender.memberid=m.id and m.id=mi.memberid and bus_l.business_company_id=bus.id  and bus_l.loan_periode_id=lp.id and bus.id=bc.business_company_id and bc.channel_company_id=cha.id   ) LIMIT 1   [ RunTime:0.005366s ]
[ 2017-07-04T09:39:24+08:00 ] /Index/system | SQL: SELECT tender.*,allot.id as loan_allot_id,allot.late_fee,allot.start_time,allot.end_time,allot.back_real_time,allot.late_days,allot.back_real_money,allot.repayment_money,allot.status as allot_status,bus.companyname as bus_companyname,bus.id as business_company_id,bus.business_number,cha.companyname as cha_companyname,cha.id as channel_company_id,bus_l.name as bus_l_name,bus_l.capital_loan_id,bus_l.periode_rate,bus_l.late_periode_rate,m.mobile,mi.names,concat(lp.periode,lp.unit) as lp_name,mi.certiNumber,case when tender.status=1 and tender.is_sign=0 and tender.is_approve=0 and allot.status=0 then '待审核'  when tender.status=1 and tender.is_sign=0 and tender.is_approve=1 and allot.status=0 then '待签约'  when tender.status=1 and tender.is_sign=1 and tender.is_approve=1 and allot.status=0 then '待打款'  when tender.status=2 and tender.is_sign=1 and tender.is_approve=1 and allot.status=0 then '待还款'  when tender.status=2 and tender.is_sign=1 and tender.is_approve=1 and allot.status=1 then '已结清'  when tender.status=3 then  '已拒单' end as order_status_name FROM loan_tender tender,loan_allot allot,member m,member_info mi,business_loan bus_l,loan_periode lp,business_channel bc,business_company bus,channel_company cha WHERE ( cha.id = '4' ) AND (  tender.business_loan_id=bus_l.id  and tender.id=allot.tender_id and tender.memberid=m.id and m.id=mi.memberid and bus_l.business_company_id=bus.id  and bus_l.loan_periode_id=lp.id and bus.id=bc.business_company_id and bc.channel_company_id=cha.id   )  [ RunTime:0.007684s ]
[ 2017-07-04T09:39:24+08:00 ] /Index/system | SQL: SHOW COLUMNS FROM `loan_tender` [ RunTime:0.006045s ]
[ 2017-07-04T09:39:24+08:00 ] /Index/system | SQL: SELECT COUNT(*) AS tp_count FROM loan_tender tender,loan_allot allot,member m,member_info mi,business_loan bus_l,loan_periode lp,business_channel bc,business_company bus,channel_company cha WHERE ( tender.timeadd >= '2017-07-04' ) AND ( cha.id = '4' ) AND (  tender.business_loan_id=bus_l.id  and tender.id=allot.tender_id and tender.memberid=m.id and m.id=mi.memberid and bus_l.business_company_id=bus.id  and bus_l.loan_periode_id=lp.id and bus.id=bc.business_company_id and bc.channel_company_id=cha.id   ) LIMIT 1   [ RunTime:0.005492s ]
[ 2017-07-04T09:39:24+08:00 ] /Index/system | SQL: SELECT tender.*,allot.id as loan_allot_id,allot.late_fee,allot.start_time,allot.end_time,allot.back_real_time,allot.late_days,allot.back_real_money,allot.repayment_money,allot.status as allot_status,bus.companyname as bus_companyname,bus.id as business_company_id,bus.business_number,cha.companyname as cha_companyname,cha.id as channel_company_id,bus_l.name as bus_l_name,bus_l.capital_loan_id,bus_l.periode_rate,bus_l.late_periode_rate,m.mobile,mi.names,concat(lp.periode,lp.unit) as lp_name,mi.certiNumber,case when tender.status=1 and tender.is_sign=0 and tender.is_approve=0 and allot.status=0 then '待审核'  when tender.status=1 and tender.is_sign=0 and tender.is_approve=1 and allot.status=0 then '待签约'  when tender.status=1 and tender.is_sign=1 and tender.is_approve=1 and allot.status=0 then '待打款'  when tender.status=2 and tender.is_sign=1 and tender.is_approve=1 and allot.status=0 then '待还款'  when tender.status=2 and tender.is_sign=1 and tender.is_approve=1 and allot.status=1 then '已结清'  when tender.status=3 then  '已拒单' end as order_status_name FROM loan_tender tender,loan_allot allot,member m,member_info mi,business_loan bus_l,loan_periode lp,business_channel bc,business_company bus,channel_company cha WHERE ( tender.timeadd >= '2017-07-04' ) AND ( cha.id = '4' ) AND (  tender.business_loan_id=bus_l.id  and tender.id=allot.tender_id and tender.memberid=m.id and m.id=mi.memberid and bus_l.business_company_id=bus.id  and bus_l.loan_periode_id=lp.id and bus.id=bc.business_company_id and bc.channel_company_id=cha.id   )  [ RunTime:0.006844s ]
[ 2017-07-04T09:39:24+08:00 ] /Index/system | SQL: SHOW COLUMNS FROM `profit_order` [ RunTime:0.010645s ]
[ 2017-07-04T09:39:24+08:00 ] /Index/system | SQL: SELECT * FROM `profit_order`  [ RunTime:0.010097s ]
[ 2017-07-04T09:39:24+08:00 ] /Index/system | SQL: SELECT * FROM `profit_order` WHERE (  (`timeadd` BETWEEN '2017-07-03' AND '2017-07-04' ) )  [ RunTime:0.009983s ]

[ 2017-07-04T15:37:58+08:00 ]  127.0.0.1 /favicon.ico | ERR: (ThinkException) 无法加载模块favicon.ico
