[ 2017-07-05T14:20:07+08:00 ]  127.0.0.1 /favicon.ico | ERR: (ThinkException) 无法加载模块favicon.ico
[ 2017-07-05T14:20:20+08:00 ] 127.0.0.1 /Public/autoLogin
[ 2017-07-05T14:20:20+08:00 ] /Public/autoLogin | SQL: SHOW COLUMNS FROM `auth_group` [ RunTime:0.008225s ]
[ 2017-07-05T14:20:20+08:00 ] /Public/autoLogin | SQL: SELECT * FROM `auth_group` WHERE status=1  [ RunTime:0.006343s ]
[ 2017-07-05T14:20:20+08:00 ] /Public/autoLogin | SQL: SHOW COLUMNS FROM `user` [ RunTime:0.008469s ]
[ 2017-07-05T14:20:20+08:00 ] /Public/autoLogin | SQL: SELECT * FROM `user` WHERE username='qudao1' LIMIT 1   [ RunTime:0.007733s ]
[ 2017-07-05T14:20:20+08:00 ] /Public/autoLogin | SQL: SHOW COLUMNS FROM `common` [ RunTime:0.007309s ]
[ 2017-07-05T14:20:20+08:00 ] /Public/autoLogin | SQL: SHOW COLUMNS FROM `common` [ RunTime:0.007589s ]
[ 2017-07-05T14:20:20+08:00 ] /Public/autoLogin | SQL: UPDATE `user` SET `lasttime`='2017-07-05 14:20:20',`lastip`='127.0.0.1' WHERE username='qudao1' [ RunTime:0.006877s ]
[ 2017-07-05T14:20:20+08:00 ] /Public/autoLogin | SQL: UPDATE `user` SET `logincount`=logincount+1,`lasttime`='2017-07-05 14:20:20',`lastip`='127.0.0.1' WHERE username='qudao1' [ RunTime:0.006554s ]
[ 2017-07-05T14:20:20+08:00 ] /Public/autoLogin | SQL: SHOW COLUMNS FROM `user_token` [ RunTime:0.007109s ]
[ 2017-07-05T14:20:20+08:00 ] /Public/autoLogin | SQL: SELECT * FROM `user_token` WHERE username='qudao1' LIMIT 1   [ RunTime:0.007400s ]
[ 2017-07-05T14:20:20+08:00 ] /Public/autoLogin | SQL: UPDATE `user_token` SET `token`='09ac75c540fe8c76b2e333ee1666beac',`username`='qudao1',`logintime`='2017-07-05 14:20:20' WHERE username='qudao1' [ RunTime:0.006139s ]
[ 2017-07-05T14:20:20+08:00 ] /Public/autoLogin | SQL: SHOW COLUMNS FROM `common` [ RunTime:0.007164s ]
[ 2017-07-05T14:20:20+08:00 ] /Public/autoLogin | SQL: SHOW COLUMNS FROM `user_operate` [ RunTime:0.008955s ]
[ 2017-07-05T14:20:20+08:00 ] /Public/autoLogin | SQL: INSERT INTO `user_operate` (`status`,`userid`,`remark`,`type`,`ip`,`timeadd`) VALUES (1,'8','用户登录',1,'127.0.0.1','2017-07-05 14:20:20') [ RunTime:0.009325s ]

[ 2017-07-05T14:20:20+08:00 ] 127.0.0.1 /
[ 2017-07-05T14:20:20+08:00 ] / | SQL: SHOW COLUMNS FROM `auth_group` [ RunTime:0.008538s ]
[ 2017-07-05T14:20:20+08:00 ] / | SQL: SELECT * FROM `auth_group` WHERE status=1  [ RunTime:0.006365s ]
[ 2017-07-05T14:20:20+08:00 ] / | SQL: SHOW COLUMNS FROM `user` [ RunTime:0.010297s ]
[ 2017-07-05T14:20:20+08:00 ] / | SQL: SELECT `groupid` FROM `user` WHERE id='8' LIMIT 1   [ RunTime:0.010707s ]
[ 2017-07-05T14:20:20+08:00 ] / | SQL: SHOW COLUMNS FROM auth_rule ar [ RunTime:0.008881s ]
[ 2017-07-05T14:20:20+08:00 ] / | SQL: SELECT ar.*,u.username as addname FROM auth_rule ar LEFT JOIN user u on u.id=ar.adduser WHERE ar.status=1 and ar.pid != 0 and ar.groupid='2' ORDER BY ar.sort asc,ar.timeadd  [ RunTime:0.010904s ]
[ 2017-07-05T14:20:20+08:00 ] / | SQL: SELECT `typeid` FROM `user` WHERE id=8 LIMIT 1   [ RunTime:0.006013s ]
[ 2017-07-05T14:20:20+08:00 ] / | SQL: SHOW COLUMNS FROM user u [ RunTime:0.006028s ]
[ 2017-07-05T14:20:20+08:00 ] / | SQL: SELECT at.rule FROM user u LEFT JOIN auth_type at on at.id=u.typeid WHERE u.id=8 and at.status=1 LIMIT 1   [ RunTime:0.006714s ]

[ 2017-07-05T14:20:21+08:00 ] 127.0.0.1 /Public/getJsMenu.html?is_menu=1
[ 2017-07-05T14:20:20+08:00 ] /Public/getJsMenu.html?is_menu=1 | SQL: SHOW COLUMNS FROM `auth_group` [ RunTime:0.009056s ]
[ 2017-07-05T14:20:20+08:00 ] /Public/getJsMenu.html?is_menu=1 | SQL: SELECT * FROM `auth_group` WHERE status=1  [ RunTime:0.008469s ]
[ 2017-07-05T14:20:21+08:00 ] /Public/getJsMenu.html?is_menu=1 | SQL: SHOW COLUMNS FROM `user` [ RunTime:0.007316s ]
[ 2017-07-05T14:20:21+08:00 ] /Public/getJsMenu.html?is_menu=1 | SQL: SELECT `groupid` FROM `user` WHERE id='8' LIMIT 1   [ RunTime:0.006737s ]
[ 2017-07-05T14:20:21+08:00 ] /Public/getJsMenu.html?is_menu=1 | SQL: SELECT `groupid` FROM `user` WHERE id='8' LIMIT 1   [ RunTime:0.007663s ]
[ 2017-07-05T14:20:21+08:00 ] /Public/getJsMenu.html?is_menu=1 | SQL: SHOW COLUMNS FROM auth_rule ar [ RunTime:0.006222s ]
[ 2017-07-05T14:20:21+08:00 ] /Public/getJsMenu.html?is_menu=1 | SQL: SELECT ar.*,u.username as addname FROM auth_rule ar LEFT JOIN user u on u.id=ar.adduser WHERE ar.status=1 and ar.pid != 0 and ar.groupid='2' ORDER BY ar.sort asc,ar.timeadd  [ RunTime:0.007398s ]
[ 2017-07-05T14:20:21+08:00 ] /Public/getJsMenu.html?is_menu=1 | SQL: SELECT `typeid` FROM `user` WHERE id=8 LIMIT 1   [ RunTime:0.007438s ]
[ 2017-07-05T14:20:21+08:00 ] /Public/getJsMenu.html?is_menu=1 | SQL: SHOW COLUMNS FROM user u [ RunTime:0.005869s ]
[ 2017-07-05T14:20:21+08:00 ] /Public/getJsMenu.html?is_menu=1 | SQL: SELECT at.rule FROM user u LEFT JOIN auth_type at on at.id=u.typeid WHERE u.id=8 and at.status=1 LIMIT 1   [ RunTime:0.005917s ]
[ 2017-07-05T14:20:21+08:00 ] /Public/getJsMenu.html?is_menu=1 | SQL: SELECT * FROM `auth_rule` WHERE pid=0 and status=1 and groupid='2' ORDER BY sort desc,timeadd asc  [ RunTime:0.006909s ]

[ 2017-07-05T14:20:21+08:00 ]  127.0.0.1 /favicon.ico | ERR: (ThinkException) 无法加载模块favicon.ico
[ 2017-07-05T14:20:21+08:00 ] 127.0.0.1 /Index/system
[ 2017-07-05T14:20:21+08:00 ] /Index/system | SQL: SHOW COLUMNS FROM `auth_group` [ RunTime:0.007932s ]
[ 2017-07-05T14:20:21+08:00 ] /Index/system | SQL: SELECT * FROM `auth_group` WHERE status=1  [ RunTime:0.007466s ]
[ 2017-07-05T14:20:21+08:00 ] /Index/system | SQL: SHOW COLUMNS FROM `user` [ RunTime:0.009121s ]
[ 2017-07-05T14:20:21+08:00 ] /Index/system | SQL: SELECT `groupid` FROM `user` WHERE id='8' LIMIT 1   [ RunTime:0.007042s ]
[ 2017-07-05T14:20:21+08:00 ] /Index/system | SQL: SHOW COLUMNS FROM auth_rule ar [ RunTime:0.006889s ]
[ 2017-07-05T14:20:21+08:00 ] /Index/system | SQL: SELECT ar.*,u.username as addname FROM auth_rule ar LEFT JOIN user u on u.id=ar.adduser WHERE ar.status=1 and ar.pid != 0 and ar.groupid='2' ORDER BY ar.sort asc,ar.timeadd  [ RunTime:0.007248s ]
[ 2017-07-05T14:20:21+08:00 ] /Index/system | SQL: SELECT `typeid` FROM `user` WHERE id=8 LIMIT 1   [ RunTime:0.006196s ]
[ 2017-07-05T14:20:21+08:00 ] /Index/system | SQL: SHOW COLUMNS FROM user u [ RunTime:0.006872s ]
[ 2017-07-05T14:20:21+08:00 ] /Index/system | SQL: SELECT at.rule FROM user u LEFT JOIN auth_type at on at.id=u.typeid WHERE u.id=8 and at.status=1 LIMIT 1   [ RunTime:0.006099s ]
[ 2017-07-05T14:20:21+08:00 ] /Index/system | SQL: SHOW COLUMNS FROM `common` [ RunTime:0.006968s ]
[ 2017-07-05T14:20:21+08:00 ] /Index/system | SQL: SHOW COLUMNS FROM `business_company` [ RunTime:0.012153s ]
[ 2017-07-05T14:20:21+08:00 ] /Index/system | SQL: SHOW COLUMNS FROM `channel_company` [ RunTime:0.008238s ]
[ 2017-07-05T14:20:21+08:00 ] /Index/system | SQL: SELECT b.*,c.companyname as channel_companyname,c.id as channel_company_id,c.channel_level,concat('http://static.newjieba.com/Upload/businessCompany/company/',b.id,'/',b.legal_certinumber_pic) as legal_certinumber_path,concat('http://static.newjieba.com/Upload/businessCompany/company/',b.id,'/',b.license_number_pic) as license_number_path,concat('http://static.newjieba.com/Upload/businessCompany/company/',b.id,'/',b.agreement1_pic) as agreement1_path,concat('http://static.newjieba.com/Upload/businessCompany/company/',b.id,'/',b.agreement2_pic) as agreement2_path FROM business_company as b,channel_company as c,business_channel as bc WHERE ( c.id = '4' ) AND ( b.id = bc.business_company_id and bc.channel_company_id = c.id  )  [ RunTime:0.010065s ]
[ 2017-07-05T14:20:21+08:00 ] /Index/system | SQL: SHOW COLUMNS FROM `member` [ RunTime:0.007399s ]
[ 2017-07-05T14:20:21+08:00 ] /Index/system | SQL: SELECT COUNT(*) AS tp_count FROM member m,member_info mi,business_company bus,business_channel bc,channel_company cha WHERE ( bus.id IN () ) AND ( m.id=mi.memberid and m.business_company_id=bus.id  and  bus.id=bc.business_company_id  and bc.channel_company_id=cha.id ) LIMIT 1   [ RunTime:0.007093s ]
[ 2017-07-05T14:20:21+08:00 ] /Index/system | SQL: SELECT m.*,mi.names,mi.certiNumber,mi.nameStatus,cha.companyname as channel_companyname,bus.companyname as business_companyname FROM member m,member_info mi,business_company bus,business_channel bc,channel_company cha WHERE ( bus.id IN () ) AND ( m.id=mi.memberid and m.business_company_id=bus.id  and  bus.id=bc.business_company_id  and bc.channel_company_id=cha.id )  [ RunTime:0.005612s ]
[ 2017-07-05T14:20:21+08:00 ] /Index/system | SQL: SHOW COLUMNS FROM `member_import` [ RunTime:0.008880s ]
[ 2017-07-05T14:20:21+08:00 ] /Index/system | SQL: SELECT * FROM `member_import` WHERE ( `business_company_id` = null ) AND ( `certiNumber` = null ) LIMIT 1   [ RunTime:0.006939s ]
[ 2017-07-05T14:20:21+08:00 ] /Index/system | SQL: SHOW COLUMNS FROM `baofu_bindcard` [ RunTime:0.010329s ]
[ 2017-07-05T14:20:21+08:00 ] /Index/system | SQL: SELECT `acc_no` FROM `baofu_bindcard` WHERE ( `memberid` = null ) LIMIT 1   [ RunTime:0.006871s ]
[ 2017-07-05T14:20:21+08:00 ] /Index/system | SQL: SHOW COLUMNS FROM `member` [ RunTime:0.008329s ]
[ 2017-07-05T14:20:21+08:00 ] /Index/system | SQL: SELECT COUNT(*) AS tp_count FROM member m,member_info mi,business_company bus,business_channel bc,channel_company cha WHERE ( m.timeadd >= '2017-07-05' ) AND ( bus.id IN () ) AND ( m.id=mi.memberid and m.business_company_id=bus.id  and  bus.id=bc.business_company_id  and bc.channel_company_id=cha.id ) LIMIT 1   [ RunTime:0.005301s ]
[ 2017-07-05T14:20:21+08:00 ] /Index/system | SQL: SELECT m.*,mi.names,mi.certiNumber,mi.nameStatus,cha.companyname as channel_companyname,bus.companyname as business_companyname FROM member m,member_info mi,business_company bus,business_channel bc,channel_company cha WHERE ( m.timeadd >= '2017-07-05' ) AND ( bus.id IN () ) AND ( m.id=mi.memberid and m.business_company_id=bus.id  and  bus.id=bc.business_company_id  and bc.channel_company_id=cha.id )  [ RunTime:0.007829s ]
[ 2017-07-05T14:20:21+08:00 ] /Index/system | SQL: SHOW COLUMNS FROM `member_import` [ RunTime:0.007571s ]
[ 2017-07-05T14:20:21+08:00 ] /Index/system | SQL: SELECT * FROM `member_import` WHERE ( `business_company_id` = null ) AND ( `certiNumber` = null ) LIMIT 1   [ RunTime:0.009434s ]
[ 2017-07-05T14:20:21+08:00 ] /Index/system | SQL: SELECT `acc_no` FROM `baofu_bindcard` WHERE ( `memberid` = null ) LIMIT 1   [ RunTime:0.007093s ]
[ 2017-07-05T14:20:21+08:00 ] /Index/system | SQL: SHOW COLUMNS FROM `loan_config` [ RunTime:0.009101s ]
[ 2017-07-05T14:20:21+08:00 ] /Index/system | SQL: SELECT * FROM `loan_config` LIMIT 1   [ RunTime:0.006360s ]
[ 2017-07-05T14:20:21+08:00 ] /Index/system | SQL: SHOW COLUMNS FROM `loan_tender` [ RunTime:0.006889s ]
[ 2017-07-05T14:20:21+08:00 ] /Index/system | SQL: SELECT COUNT(*) AS tp_count FROM loan_tender tender,loan_allot allot,member m,member_info mi,business_loan bus_l,loan_periode lp,business_channel bc,business_company bus,channel_company cha WHERE ( cha.id = '4' ) AND (  tender.business_loan_id=bus_l.id  and tender.id=allot.tender_id and tender.memberid=m.id and m.id=mi.memberid and bus_l.business_company_id=bus.id  and bus_l.loan_periode_id=lp.id and bus.id=bc.business_company_id and bc.channel_company_id=cha.id   ) LIMIT 1   [ RunTime:0.006558s ]
[ 2017-07-05T14:20:21+08:00 ] /Index/system | SQL: SELECT tender.*,allot.id as loan_allot_id,allot.late_fee,allot.start_time,allot.end_time,allot.back_real_time,allot.late_days,allot.back_real_money,allot.repayment_money,allot.status as allot_status,bus.companyname as bus_companyname,bus.id as business_company_id,bus.business_number,cha.companyname as cha_companyname,cha.id as channel_company_id,bus_l.name as bus_l_name,bus_l.capital_loan_id,bus_l.periode_rate,bus_l.late_periode_rate,m.mobile,mi.names,concat(lp.periode,lp.unit) as lp_name,mi.certiNumber,case when tender.status=1 and tender.is_sign=0 and tender.is_approve=0 and allot.status=0 then '待审核'  when tender.status=1 and tender.is_sign=0 and tender.is_approve=1 and allot.status=0 then '待签约'  when tender.status=1 and tender.is_sign=1 and tender.is_approve=1 and allot.status=0 then '待打款'  when tender.status=2 and tender.is_sign=1 and tender.is_approve=1 and allot.status=0 then '待还款'  when tender.status=2 and tender.is_sign=1 and tender.is_approve=1 and allot.status=1 then '已结清'  when tender.status=3 then  '已拒单' end as order_status_name FROM loan_tender tender,loan_allot allot,member m,member_info mi,business_loan bus_l,loan_periode lp,business_channel bc,business_company bus,channel_company cha WHERE ( cha.id = '4' ) AND (  tender.business_loan_id=bus_l.id  and tender.id=allot.tender_id and tender.memberid=m.id and m.id=mi.memberid and bus_l.business_company_id=bus.id  and bus_l.loan_periode_id=lp.id and bus.id=bc.business_company_id and bc.channel_company_id=cha.id   )  [ RunTime:0.011838s ]
[ 2017-07-05T14:20:21+08:00 ] /Index/system | SQL: SHOW COLUMNS FROM `loan_tender` [ RunTime:0.009704s ]
[ 2017-07-05T14:20:21+08:00 ] /Index/system | SQL: SELECT COUNT(*) AS tp_count FROM loan_tender tender,loan_allot allot,member m,member_info mi,business_loan bus_l,loan_periode lp,business_channel bc,business_company bus,channel_company cha WHERE ( tender.timeadd >= '2017-07-05' ) AND ( cha.id = '4' ) AND (  tender.business_loan_id=bus_l.id  and tender.id=allot.tender_id and tender.memberid=m.id and m.id=mi.memberid and bus_l.business_company_id=bus.id  and bus_l.loan_periode_id=lp.id and bus.id=bc.business_company_id and bc.channel_company_id=cha.id   ) LIMIT 1   [ RunTime:0.007714s ]
[ 2017-07-05T14:20:21+08:00 ] /Index/system | SQL: SELECT tender.*,allot.id as loan_allot_id,allot.late_fee,allot.start_time,allot.end_time,allot.back_real_time,allot.late_days,allot.back_real_money,allot.repayment_money,allot.status as allot_status,bus.companyname as bus_companyname,bus.id as business_company_id,bus.business_number,cha.companyname as cha_companyname,cha.id as channel_company_id,bus_l.name as bus_l_name,bus_l.capital_loan_id,bus_l.periode_rate,bus_l.late_periode_rate,m.mobile,mi.names,concat(lp.periode,lp.unit) as lp_name,mi.certiNumber,case when tender.status=1 and tender.is_sign=0 and tender.is_approve=0 and allot.status=0 then '待审核'  when tender.status=1 and tender.is_sign=0 and tender.is_approve=1 and allot.status=0 then '待签约'  when tender.status=1 and tender.is_sign=1 and tender.is_approve=1 and allot.status=0 then '待打款'  when tender.status=2 and tender.is_sign=1 and tender.is_approve=1 and allot.status=0 then '待还款'  when tender.status=2 and tender.is_sign=1 and tender.is_approve=1 and allot.status=1 then '已结清'  when tender.status=3 then  '已拒单' end as order_status_name FROM loan_tender tender,loan_allot allot,member m,member_info mi,business_loan bus_l,loan_periode lp,business_channel bc,business_company bus,channel_company cha WHERE ( tender.timeadd >= '2017-07-05' ) AND ( cha.id = '4' ) AND (  tender.business_loan_id=bus_l.id  and tender.id=allot.tender_id and tender.memberid=m.id and m.id=mi.memberid and bus_l.business_company_id=bus.id  and bus_l.loan_periode_id=lp.id and bus.id=bc.business_company_id and bc.channel_company_id=cha.id   )  [ RunTime:0.008297s ]
[ 2017-07-05T14:20:21+08:00 ] /Index/system | SQL: SHOW COLUMNS FROM `profit_order` [ RunTime:0.006834s ]
[ 2017-07-05T14:20:21+08:00 ] /Index/system | SQL: SELECT * FROM `profit_order`  [ RunTime:0.007531s ]
[ 2017-07-05T14:20:21+08:00 ] /Index/system | SQL: SELECT * FROM `profit_order` WHERE (  (`timeadd` BETWEEN '2017-07-04' AND '2017-07-05' ) )  [ RunTime:0.006766s ]

[ 2017-07-05T14:20:30+08:00 ] 127.0.0.1 /Member/index
[ 2017-07-05T14:20:30+08:00 ] /Member/index | SQL: SHOW COLUMNS FROM `auth_group` [ RunTime:0.006982s ]
[ 2017-07-05T14:20:30+08:00 ] /Member/index | SQL: SELECT * FROM `auth_group` WHERE status=1  [ RunTime:0.005419s ]
[ 2017-07-05T14:20:30+08:00 ] /Member/index | SQL: SHOW COLUMNS FROM `user` [ RunTime:0.007723s ]
[ 2017-07-05T14:20:30+08:00 ] /Member/index | SQL: SELECT `groupid` FROM `user` WHERE id='8' LIMIT 1   [ RunTime:0.004692s ]
[ 2017-07-05T14:20:30+08:00 ] /Member/index | SQL: SHOW COLUMNS FROM auth_rule ar [ RunTime:0.004678s ]
[ 2017-07-05T14:20:30+08:00 ] /Member/index | SQL: SELECT ar.*,u.username as addname FROM auth_rule ar LEFT JOIN user u on u.id=ar.adduser WHERE ar.status=1 and ar.pid != 0 and ar.groupid='2' ORDER BY ar.sort asc,ar.timeadd  [ RunTime:0.006041s ]
[ 2017-07-05T14:20:30+08:00 ] /Member/index | SQL: SELECT `typeid` FROM `user` WHERE id=8 LIMIT 1   [ RunTime:0.005302s ]
[ 2017-07-05T14:20:30+08:00 ] /Member/index | SQL: SHOW COLUMNS FROM user u [ RunTime:0.005225s ]
[ 2017-07-05T14:20:30+08:00 ] /Member/index | SQL: SELECT at.rule FROM user u LEFT JOIN auth_type at on at.id=u.typeid WHERE u.id=8 and at.status=1 LIMIT 1   [ RunTime:0.004636s ]
[ 2017-07-05T14:20:30+08:00 ] /Member/index | SQL: SELECT * FROM `user` WHERE id='8' LIMIT 1   [ RunTime:0.005313s ]
[ 2017-07-05T14:20:30+08:00 ] /Member/index | SQL: SHOW COLUMNS FROM `channel_company` [ RunTime:0.005587s ]
[ 2017-07-05T14:20:30+08:00 ] /Member/index | SQL: SELECT * FROM `channel_company` WHERE id='4' LIMIT 1   [ RunTime:0.006246s ]
[ 2017-07-05T14:20:30+08:00 ] /Member/index | SQL: SHOW COLUMNS FROM `common` [ RunTime:0.005007s ]
[ 2017-07-05T14:20:30+08:00 ] /Member/index | SQL: SHOW COLUMNS FROM `business_company` [ RunTime:0.005398s ]
[ 2017-07-05T14:20:30+08:00 ] /Member/index | SQL: SHOW COLUMNS FROM `channel_company` [ RunTime:0.006195s ]
[ 2017-07-05T14:20:30+08:00 ] /Member/index | SQL: SELECT COUNT(*) AS tp_count FROM business_company as b,channel_company as c,business_channel as bc WHERE ( c.id = '4' ) AND ( b.id = bc.business_company_id and bc.channel_company_id = c.id  ) LIMIT 1   [ RunTime:0.004890s ]
[ 2017-07-05T14:20:30+08:00 ] /Member/index | SQL: SELECT b.*,c.companyname as channel_companyname,c.id as channel_company_id,c.channel_level,concat('http://static.newjieba.com/Upload/businessCompany/company/',b.id,'/',b.legal_certinumber_pic) as legal_certinumber_path,concat('http://static.newjieba.com/Upload/businessCompany/company/',b.id,'/',b.license_number_pic) as license_number_path,concat('http://static.newjieba.com/Upload/businessCompany/company/',b.id,'/',b.agreement1_pic) as agreement1_path,concat('http://static.newjieba.com/Upload/businessCompany/company/',b.id,'/',b.agreement2_pic) as agreement2_path FROM business_company as b,channel_company as c,business_channel as bc WHERE ( c.id = '4' ) AND ( b.id = bc.business_company_id and bc.channel_company_id = c.id  ) LIMIT 0,12   [ RunTime:0.006120s ]

[ 2017-07-05T14:20:30+08:00 ]  127.0.0.1 /favicon.ico | ERR: (ThinkException) 无法加载模块favicon.ico
[ 2017-07-05T14:20:32+08:00 ] 127.0.0.1 /Profit/index
[ 2017-07-05T14:20:32+08:00 ] /Profit/index | SQL: SHOW COLUMNS FROM `auth_group` [ RunTime:0.006018s ]
[ 2017-07-05T14:20:32+08:00 ] /Profit/index | SQL: SELECT * FROM `auth_group` WHERE status=1  [ RunTime:0.004739s ]
[ 2017-07-05T14:20:32+08:00 ] /Profit/index | SQL: SHOW COLUMNS FROM `user` [ RunTime:0.005774s ]
[ 2017-07-05T14:20:32+08:00 ] /Profit/index | SQL: SELECT `groupid` FROM `user` WHERE id='8' LIMIT 1   [ RunTime:0.005310s ]
[ 2017-07-05T14:20:32+08:00 ] /Profit/index | SQL: SHOW COLUMNS FROM auth_rule ar [ RunTime:0.005497s ]
[ 2017-07-05T14:20:32+08:00 ] /Profit/index | SQL: SELECT ar.*,u.username as addname FROM auth_rule ar LEFT JOIN user u on u.id=ar.adduser WHERE ar.status=1 and ar.pid != 0 and ar.groupid='2' ORDER BY ar.sort asc,ar.timeadd  [ RunTime:0.006438s ]
[ 2017-07-05T14:20:32+08:00 ] /Profit/index | SQL: SELECT `typeid` FROM `user` WHERE id=8 LIMIT 1   [ RunTime:0.004622s ]
[ 2017-07-05T14:20:32+08:00 ] /Profit/index | SQL: SHOW COLUMNS FROM user u [ RunTime:0.004591s ]
[ 2017-07-05T14:20:32+08:00 ] /Profit/index | SQL: SELECT at.rule FROM user u LEFT JOIN auth_type at on at.id=u.typeid WHERE u.id=8 and at.status=1 LIMIT 1   [ RunTime:0.004735s ]
[ 2017-07-05T14:20:32+08:00 ] /Profit/index | SQL: SHOW COLUMNS FROM `common` [ RunTime:0.005132s ]
[ 2017-07-05T14:20:32+08:00 ] /Profit/index | SQL: SHOW COLUMNS FROM `business_predeposit` [ RunTime:0.006447s ]
[ 2017-07-05T14:20:32+08:00 ] /Profit/index | SQL: SHOW COLUMNS FROM `profit_order` [ RunTime:0.006466s ]
[ 2017-07-05T14:20:32+08:00 ] /Profit/index | SQL: SELECT COUNT(*) AS tp_count FROM loan_tender tender,loan_allot allot,business_costout cost,business_loan loan,capital_loan cap_loan,business_company bus,business_channel bc,channel_company cha WHERE ( cha.id = '4' ) AND ( tender.status IN (2,3) ) AND ( tender.id=allot.tender_id  and tender.id=cost.tender_id and tender.business_loan_id=loan.id and loan.capital_loan_id=cap_loan.id and loan.business_company_id=bus.id and bus.id=bc.business_company_id and bc.channel_company_id=cha.id ) LIMIT 1   [ RunTime:0.005745s ]
[ 2017-07-05T14:20:32+08:00 ] /Profit/index | SQL: SELECT tender.*,bus.companyname as business_companyname,bus.business_number,cost.cost_money,cost.clear_time,cap_loan.periode_rate as cap_periode_rate FROM loan_tender tender,loan_allot allot,business_costout cost,business_loan loan,capital_loan cap_loan,business_company bus,business_channel bc,channel_company cha WHERE ( cha.id = '4' ) AND ( tender.status IN (2,3) ) AND ( tender.id=allot.tender_id  and tender.id=cost.tender_id and tender.business_loan_id=loan.id and loan.capital_loan_id=cap_loan.id and loan.business_company_id=bus.id and bus.id=bc.business_company_id and bc.channel_company_id=cha.id )  [ RunTime:0.006588s ]
[ 2017-07-05T14:20:32+08:00 ] /Profit/index | SQL: SELECT SUM(tender.money) AS tp_sum FROM `business_predeposit` WHERE ( cha.id = '4' ) AND ( tender.status IN (2,3) ) AND ( tender.id=allot.tender_id  and tender.id=cost.tender_id and tender.business_loan_id=loan.id and loan.capital_loan_id=cap_loan.id and loan.business_company_id=bus.id and bus.id=bc.business_company_id and bc.channel_company_id=cha.id ) LIMIT 1   [ RunTime:0.005591s ]
[ 2017-07-05T14:20:32+08:00 ] /Profit/index | SQL: SELECT SUM(profit_money) AS tp_sum FROM `profit_order` WHERE ( `channel_level` = 1 ) AND ( (`0` = null)  ) LIMIT 1   [ RunTime:0.005457s ]

[ 2017-07-05T14:20:32+08:00 ]  127.0.0.1 /favicon.ico | ERR: (ThinkException) 无法加载模块favicon.ico
[ 2017-07-05T14:20:33+08:00 ] 127.0.0.1 /Profit/index
[ 2017-07-05T14:20:32+08:00 ] /Profit/index | SQL: SHOW COLUMNS FROM `auth_group` [ RunTime:0.006561s ]
[ 2017-07-05T14:20:32+08:00 ] /Profit/index | SQL: SELECT * FROM `auth_group` WHERE status=1  [ RunTime:0.005404s ]
[ 2017-07-05T14:20:32+08:00 ] /Profit/index | SQL: SHOW COLUMNS FROM `user` [ RunTime:0.006524s ]
[ 2017-07-05T14:20:33+08:00 ] /Profit/index | SQL: SELECT `groupid` FROM `user` WHERE id='8' LIMIT 1   [ RunTime:0.005448s ]
[ 2017-07-05T14:20:33+08:00 ] /Profit/index | SQL: SHOW COLUMNS FROM auth_rule ar [ RunTime:0.005333s ]
[ 2017-07-05T14:20:33+08:00 ] /Profit/index | SQL: SELECT ar.*,u.username as addname FROM auth_rule ar LEFT JOIN user u on u.id=ar.adduser WHERE ar.status=1 and ar.pid != 0 and ar.groupid='2' ORDER BY ar.sort asc,ar.timeadd  [ RunTime:0.006141s ]
[ 2017-07-05T14:20:33+08:00 ] /Profit/index | SQL: SELECT `typeid` FROM `user` WHERE id=8 LIMIT 1   [ RunTime:0.004899s ]
[ 2017-07-05T14:20:33+08:00 ] /Profit/index | SQL: SHOW COLUMNS FROM user u [ RunTime:0.008698s ]
[ 2017-07-05T14:20:33+08:00 ] /Profit/index | SQL: SELECT at.rule FROM user u LEFT JOIN auth_type at on at.id=u.typeid WHERE u.id=8 and at.status=1 LIMIT 1   [ RunTime:0.005784s ]
[ 2017-07-05T14:20:33+08:00 ] /Profit/index | SQL: SHOW COLUMNS FROM `common` [ RunTime:0.006737s ]
[ 2017-07-05T14:20:33+08:00 ] /Profit/index | SQL: SHOW COLUMNS FROM `business_predeposit` [ RunTime:0.005938s ]
[ 2017-07-05T14:20:33+08:00 ] /Profit/index | SQL: SHOW COLUMNS FROM `profit_order` [ RunTime:0.005668s ]
[ 2017-07-05T14:20:33+08:00 ] /Profit/index | SQL: SELECT COUNT(*) AS tp_count FROM loan_tender tender,loan_allot allot,business_costout cost,business_loan loan,capital_loan cap_loan,business_company bus,business_channel bc,channel_company cha WHERE ( cha.id = '4' ) AND ( tender.status IN (2,3) ) AND ( tender.id=allot.tender_id  and tender.id=cost.tender_id and tender.business_loan_id=loan.id and loan.capital_loan_id=cap_loan.id and loan.business_company_id=bus.id and bus.id=bc.business_company_id and bc.channel_company_id=cha.id ) LIMIT 1   [ RunTime:0.005416s ]
[ 2017-07-05T14:20:33+08:00 ] /Profit/index | SQL: SELECT tender.*,bus.companyname as business_companyname,bus.business_number,cost.cost_money,cost.clear_time,cap_loan.periode_rate as cap_periode_rate FROM loan_tender tender,loan_allot allot,business_costout cost,business_loan loan,capital_loan cap_loan,business_company bus,business_channel bc,channel_company cha WHERE ( cha.id = '4' ) AND ( tender.status IN (2,3) ) AND ( tender.id=allot.tender_id  and tender.id=cost.tender_id and tender.business_loan_id=loan.id and loan.capital_loan_id=cap_loan.id and loan.business_company_id=bus.id and bus.id=bc.business_company_id and bc.channel_company_id=cha.id )  [ RunTime:0.006053s ]
[ 2017-07-05T14:20:33+08:00 ] /Profit/index | SQL: SELECT SUM(tender.money) AS tp_sum FROM `business_predeposit` WHERE ( cha.id = '4' ) AND ( tender.status IN (2,3) ) AND ( tender.id=allot.tender_id  and tender.id=cost.tender_id and tender.business_loan_id=loan.id and loan.capital_loan_id=cap_loan.id and loan.business_company_id=bus.id and bus.id=bc.business_company_id and bc.channel_company_id=cha.id ) LIMIT 1   [ RunTime:0.005755s ]
[ 2017-07-05T14:20:33+08:00 ] /Profit/index | SQL: SELECT SUM(profit_money) AS tp_sum FROM `profit_order` WHERE ( `channel_level` = 1 ) AND ( (`0` = null)  ) LIMIT 1   [ RunTime:0.005455s ]

[ 2017-07-05T14:21:38+08:00 ] 127.0.0.1 /
[ 2017-07-05T14:21:38+08:00 ] / | SQL: SHOW COLUMNS FROM `auth_group` [ RunTime:0.006789s ]
[ 2017-07-05T14:21:38+08:00 ] / | SQL: SELECT * FROM `auth_group` WHERE status=1  [ RunTime:0.006147s ]
[ 2017-07-05T14:21:38+08:00 ] / | SQL: SHOW COLUMNS FROM `user` [ RunTime:0.007390s ]
[ 2017-07-05T14:21:38+08:00 ] / | SQL: SELECT `groupid` FROM `user` WHERE id='8' LIMIT 1   [ RunTime:0.005422s ]
[ 2017-07-05T14:21:38+08:00 ] / | SQL: SHOW COLUMNS FROM auth_rule ar [ RunTime:0.005477s ]
[ 2017-07-05T14:21:38+08:00 ] / | SQL: SELECT ar.*,u.username as addname FROM auth_rule ar LEFT JOIN user u on u.id=ar.adduser WHERE ar.status=1 and ar.pid != 0 and ar.groupid='2' ORDER BY ar.sort asc,ar.timeadd  [ RunTime:0.006213s ]
[ 2017-07-05T14:21:38+08:00 ] / | SQL: SELECT `typeid` FROM `user` WHERE id=8 LIMIT 1   [ RunTime:0.006368s ]
[ 2017-07-05T14:21:38+08:00 ] / | SQL: SHOW COLUMNS FROM user u [ RunTime:0.006246s ]
[ 2017-07-05T14:21:38+08:00 ] / | SQL: SELECT at.rule FROM user u LEFT JOIN auth_type at on at.id=u.typeid WHERE u.id=8 and at.status=1 LIMIT 1   [ RunTime:0.005680s ]

[ 2017-07-05T14:21:38+08:00 ] 127.0.0.1 /Public/getJsMenu.html?is_menu=1
[ 2017-07-05T14:21:38+08:00 ] /Public/getJsMenu.html?is_menu=1 | SQL: SHOW COLUMNS FROM `auth_group` [ RunTime:0.005933s ]
[ 2017-07-05T14:21:38+08:00 ] /Public/getJsMenu.html?is_menu=1 | SQL: SELECT * FROM `auth_group` WHERE status=1  [ RunTime:0.004788s ]
[ 2017-07-05T14:21:38+08:00 ] /Public/getJsMenu.html?is_menu=1 | SQL: SHOW COLUMNS FROM `user` [ RunTime:0.006634s ]
[ 2017-07-05T14:21:38+08:00 ] /Public/getJsMenu.html?is_menu=1 | SQL: SELECT `groupid` FROM `user` WHERE id='8' LIMIT 1   [ RunTime:0.005693s ]
[ 2017-07-05T14:21:38+08:00 ] /Public/getJsMenu.html?is_menu=1 | SQL: SELECT `groupid` FROM `user` WHERE id='8' LIMIT 1   [ RunTime:0.005322s ]
[ 2017-07-05T14:21:38+08:00 ] /Public/getJsMenu.html?is_menu=1 | SQL: SHOW COLUMNS FROM auth_rule ar [ RunTime:0.004688s ]
[ 2017-07-05T14:21:38+08:00 ] /Public/getJsMenu.html?is_menu=1 | SQL: SELECT ar.*,u.username as addname FROM auth_rule ar LEFT JOIN user u on u.id=ar.adduser WHERE ar.status=1 and ar.pid != 0 and ar.groupid='2' ORDER BY ar.sort asc,ar.timeadd  [ RunTime:0.006366s ]
[ 2017-07-05T14:21:38+08:00 ] /Public/getJsMenu.html?is_menu=1 | SQL: SELECT `typeid` FROM `user` WHERE id=8 LIMIT 1   [ RunTime:0.005445s ]
[ 2017-07-05T14:21:38+08:00 ] /Public/getJsMenu.html?is_menu=1 | SQL: SHOW COLUMNS FROM user u [ RunTime:0.004829s ]
[ 2017-07-05T14:21:38+08:00 ] /Public/getJsMenu.html?is_menu=1 | SQL: SELECT at.rule FROM user u LEFT JOIN auth_type at on at.id=u.typeid WHERE u.id=8 and at.status=1 LIMIT 1   [ RunTime:0.004494s ]
[ 2017-07-05T14:21:38+08:00 ] /Public/getJsMenu.html?is_menu=1 | SQL: SELECT * FROM `auth_rule` WHERE pid=0 and status=1 and groupid='2' ORDER BY sort desc,timeadd asc  [ RunTime:0.005702s ]

[ 2017-07-05T14:21:38+08:00 ]  127.0.0.1 /favicon.ico | ERR: (ThinkException) 无法加载模块favicon.ico
[ 2017-07-05T14:21:39+08:00 ] 127.0.0.1 /Profit/index
[ 2017-07-05T14:21:39+08:00 ] /Profit/index | SQL: SHOW COLUMNS FROM `auth_group` [ RunTime:0.005859s ]
[ 2017-07-05T14:21:39+08:00 ] /Profit/index | SQL: SELECT * FROM `auth_group` WHERE status=1  [ RunTime:0.008688s ]
[ 2017-07-05T14:21:39+08:00 ] /Profit/index | SQL: SHOW COLUMNS FROM `user` [ RunTime:0.006112s ]
[ 2017-07-05T14:21:39+08:00 ] /Profit/index | SQL: SELECT `groupid` FROM `user` WHERE id='8' LIMIT 1   [ RunTime:0.005794s ]
[ 2017-07-05T14:21:39+08:00 ] /Profit/index | SQL: SHOW COLUMNS FROM auth_rule ar [ RunTime:0.005162s ]
[ 2017-07-05T14:21:39+08:00 ] /Profit/index | SQL: SELECT ar.*,u.username as addname FROM auth_rule ar LEFT JOIN user u on u.id=ar.adduser WHERE ar.status=1 and ar.pid != 0 and ar.groupid='2' ORDER BY ar.sort asc,ar.timeadd  [ RunTime:0.005918s ]
[ 2017-07-05T14:21:39+08:00 ] /Profit/index | SQL: SELECT `typeid` FROM `user` WHERE id=8 LIMIT 1   [ RunTime:0.005493s ]
[ 2017-07-05T14:21:39+08:00 ] /Profit/index | SQL: SHOW COLUMNS FROM user u [ RunTime:0.005250s ]
[ 2017-07-05T14:21:39+08:00 ] /Profit/index | SQL: SELECT at.rule FROM user u LEFT JOIN auth_type at on at.id=u.typeid WHERE u.id=8 and at.status=1 LIMIT 1   [ RunTime:0.005599s ]
[ 2017-07-05T14:21:39+08:00 ] /Profit/index | SQL: SHOW COLUMNS FROM `common` [ RunTime:0.006255s ]
[ 2017-07-05T14:21:39+08:00 ] /Profit/index | SQL: SHOW COLUMNS FROM `business_predeposit` [ RunTime:0.006654s ]
[ 2017-07-05T14:21:39+08:00 ] /Profit/index | SQL: SHOW COLUMNS FROM `profit_order` [ RunTime:0.006136s ]
[ 2017-07-05T14:21:39+08:00 ] /Profit/index | SQL: SELECT COUNT(*) AS tp_count FROM loan_tender tender,loan_allot allot,business_costout cost,business_loan loan,capital_loan cap_loan,business_company bus,business_channel bc,channel_company cha WHERE ( cha.id = '4' ) AND ( tender.status IN (2,3) ) AND ( tender.id=allot.tender_id  and tender.id=cost.tender_id and tender.business_loan_id=loan.id and loan.capital_loan_id=cap_loan.id and loan.business_company_id=bus.id and bus.id=bc.business_company_id and bc.channel_company_id=cha.id ) LIMIT 1   [ RunTime:0.005655s ]
[ 2017-07-05T14:21:39+08:00 ] /Profit/index | SQL: SELECT tender.*,bus.companyname as business_companyname,bus.business_number,cost.cost_money,cost.clear_time,cap_loan.periode_rate as cap_periode_rate FROM loan_tender tender,loan_allot allot,business_costout cost,business_loan loan,capital_loan cap_loan,business_company bus,business_channel bc,channel_company cha WHERE ( cha.id = '4' ) AND ( tender.status IN (2,3) ) AND ( tender.id=allot.tender_id  and tender.id=cost.tender_id and tender.business_loan_id=loan.id and loan.capital_loan_id=cap_loan.id and loan.business_company_id=bus.id and bus.id=bc.business_company_id and bc.channel_company_id=cha.id )  [ RunTime:0.006967s ]
[ 2017-07-05T14:21:39+08:00 ] /Profit/index | SQL: SELECT SUM(tender.money) AS tp_sum FROM `business_predeposit` WHERE ( cha.id = '4' ) AND ( tender.status IN (2,3) ) AND ( tender.id=allot.tender_id  and tender.id=cost.tender_id and tender.business_loan_id=loan.id and loan.capital_loan_id=cap_loan.id and loan.business_company_id=bus.id and bus.id=bc.business_company_id and bc.channel_company_id=cha.id ) LIMIT 1   [ RunTime:0.006224s ]
[ 2017-07-05T14:21:39+08:00 ] /Profit/index | SQL: SELECT SUM(profit_money) AS tp_sum FROM `profit_order` WHERE ( `channel_level` = 1 ) AND ( (`0` = null)  ) LIMIT 1   [ RunTime:0.005433s ]

[ 2017-07-05T14:21:40+08:00 ] 127.0.0.1 /
[ 2017-07-05T14:21:39+08:00 ] / | SQL: SHOW COLUMNS FROM `auth_group` [ RunTime:0.007242s ]
[ 2017-07-05T14:21:39+08:00 ] / | SQL: SELECT * FROM `auth_group` WHERE status=1  [ RunTime:0.005897s ]
[ 2017-07-05T14:21:40+08:00 ] / | SQL: SHOW COLUMNS FROM `user` [ RunTime:0.006540s ]
[ 2017-07-05T14:21:40+08:00 ] / | SQL: SELECT `groupid` FROM `user` WHERE id='8' LIMIT 1   [ RunTime:0.005921s ]
[ 2017-07-05T14:21:40+08:00 ] / | SQL: SHOW COLUMNS FROM auth_rule ar [ RunTime:0.006112s ]
[ 2017-07-05T14:21:40+08:00 ] / | SQL: SELECT ar.*,u.username as addname FROM auth_rule ar LEFT JOIN user u on u.id=ar.adduser WHERE ar.status=1 and ar.pid != 0 and ar.groupid='2' ORDER BY ar.sort asc,ar.timeadd  [ RunTime:0.006665s ]
[ 2017-07-05T14:21:40+08:00 ] / | SQL: SELECT `typeid` FROM `user` WHERE id=8 LIMIT 1   [ RunTime:0.005099s ]
[ 2017-07-05T14:21:40+08:00 ] / | SQL: SHOW COLUMNS FROM user u [ RunTime:0.005915s ]
[ 2017-07-05T14:21:40+08:00 ] / | SQL: SELECT at.rule FROM user u LEFT JOIN auth_type at on at.id=u.typeid WHERE u.id=8 and at.status=1 LIMIT 1   [ RunTime:0.005958s ]

[ 2017-07-05T14:21:40+08:00 ] 127.0.0.1 /Public/getJsMenu.html?is_menu=1
[ 2017-07-05T14:21:40+08:00 ] /Public/getJsMenu.html?is_menu=1 | SQL: SHOW COLUMNS FROM `auth_group` [ RunTime:0.006381s ]
[ 2017-07-05T14:21:40+08:00 ] /Public/getJsMenu.html?is_menu=1 | SQL: SELECT * FROM `auth_group` WHERE status=1  [ RunTime:0.006341s ]
[ 2017-07-05T14:21:40+08:00 ] /Public/getJsMenu.html?is_menu=1 | SQL: SHOW COLUMNS FROM `user` [ RunTime:0.007495s ]
[ 2017-07-05T14:21:40+08:00 ] /Public/getJsMenu.html?is_menu=1 | SQL: SELECT `groupid` FROM `user` WHERE id='8' LIMIT 1   [ RunTime:0.004812s ]
[ 2017-07-05T14:21:40+08:00 ] /Public/getJsMenu.html?is_menu=1 | SQL: SELECT `groupid` FROM `user` WHERE id='8' LIMIT 1   [ RunTime:0.006121s ]
[ 2017-07-05T14:21:40+08:00 ] /Public/getJsMenu.html?is_menu=1 | SQL: SHOW COLUMNS FROM auth_rule ar [ RunTime:0.004952s ]
[ 2017-07-05T14:21:40+08:00 ] /Public/getJsMenu.html?is_menu=1 | SQL: SELECT ar.*,u.username as addname FROM auth_rule ar LEFT JOIN user u on u.id=ar.adduser WHERE ar.status=1 and ar.pid != 0 and ar.groupid='2' ORDER BY ar.sort asc,ar.timeadd  [ RunTime:0.006358s ]
[ 2017-07-05T14:21:40+08:00 ] /Public/getJsMenu.html?is_menu=1 | SQL: SELECT `typeid` FROM `user` WHERE id=8 LIMIT 1   [ RunTime:0.004529s ]
[ 2017-07-05T14:21:40+08:00 ] /Public/getJsMenu.html?is_menu=1 | SQL: SHOW COLUMNS FROM user u [ RunTime:0.005110s ]
[ 2017-07-05T14:21:40+08:00 ] /Public/getJsMenu.html?is_menu=1 | SQL: SELECT at.rule FROM user u LEFT JOIN auth_type at on at.id=u.typeid WHERE u.id=8 and at.status=1 LIMIT 1   [ RunTime:0.006316s ]
[ 2017-07-05T14:21:40+08:00 ] /Public/getJsMenu.html?is_menu=1 | SQL: SELECT * FROM `auth_rule` WHERE pid=0 and status=1 and groupid='2' ORDER BY sort desc,timeadd asc  [ RunTime:0.006626s ]

[ 2017-07-05T14:21:40+08:00 ]  127.0.0.1 /favicon.ico | ERR: (ThinkException) 无法加载模块favicon.ico
[ 2017-07-05T14:21:40+08:00 ] 127.0.0.1 /Profit/index
[ 2017-07-05T14:21:40+08:00 ] /Profit/index | SQL: SHOW COLUMNS FROM `auth_group` [ RunTime:0.005144s ]
[ 2017-07-05T14:21:40+08:00 ] /Profit/index | SQL: SELECT * FROM `auth_group` WHERE status=1  [ RunTime:0.006428s ]
[ 2017-07-05T14:21:40+08:00 ] /Profit/index | SQL: SHOW COLUMNS FROM `user` [ RunTime:0.006526s ]
[ 2017-07-05T14:21:40+08:00 ] /Profit/index | SQL: SELECT `groupid` FROM `user` WHERE id='8' LIMIT 1   [ RunTime:0.004490s ]
[ 2017-07-05T14:21:40+08:00 ] /Profit/index | SQL: SHOW COLUMNS FROM auth_rule ar [ RunTime:0.004578s ]
[ 2017-07-05T14:21:40+08:00 ] /Profit/index | SQL: SELECT ar.*,u.username as addname FROM auth_rule ar LEFT JOIN user u on u.id=ar.adduser WHERE ar.status=1 and ar.pid != 0 and ar.groupid='2' ORDER BY ar.sort asc,ar.timeadd  [ RunTime:0.007293s ]
[ 2017-07-05T14:21:40+08:00 ] /Profit/index | SQL: SELECT `typeid` FROM `user` WHERE id=8 LIMIT 1   [ RunTime:0.004117s ]
[ 2017-07-05T14:21:40+08:00 ] /Profit/index | SQL: SHOW COLUMNS FROM user u [ RunTime:0.004270s ]
[ 2017-07-05T14:21:40+08:00 ] /Profit/index | SQL: SELECT at.rule FROM user u LEFT JOIN auth_type at on at.id=u.typeid WHERE u.id=8 and at.status=1 LIMIT 1   [ RunTime:0.004586s ]
[ 2017-07-05T14:21:40+08:00 ] /Profit/index | SQL: SHOW COLUMNS FROM `common` [ RunTime:0.005683s ]
[ 2017-07-05T14:21:40+08:00 ] /Profit/index | SQL: SHOW COLUMNS FROM `business_predeposit` [ RunTime:0.005755s ]
[ 2017-07-05T14:21:40+08:00 ] /Profit/index | SQL: SHOW COLUMNS FROM `profit_order` [ RunTime:0.005705s ]
[ 2017-07-05T14:21:40+08:00 ] /Profit/index | SQL: SELECT COUNT(*) AS tp_count FROM loan_tender tender,loan_allot allot,business_costout cost,business_loan loan,capital_loan cap_loan,business_company bus,business_channel bc,channel_company cha WHERE ( cha.id = '4' ) AND ( tender.status IN (2,3) ) AND ( tender.id=allot.tender_id  and tender.id=cost.tender_id and tender.business_loan_id=loan.id and loan.capital_loan_id=cap_loan.id and loan.business_company_id=bus.id and bus.id=bc.business_company_id and bc.channel_company_id=cha.id ) LIMIT 1   [ RunTime:0.005604s ]
[ 2017-07-05T14:21:40+08:00 ] /Profit/index | SQL: SELECT tender.*,bus.companyname as business_companyname,bus.business_number,cost.cost_money,cost.clear_time,cap_loan.periode_rate as cap_periode_rate FROM loan_tender tender,loan_allot allot,business_costout cost,business_loan loan,capital_loan cap_loan,business_company bus,business_channel bc,channel_company cha WHERE ( cha.id = '4' ) AND ( tender.status IN (2,3) ) AND ( tender.id=allot.tender_id  and tender.id=cost.tender_id and tender.business_loan_id=loan.id and loan.capital_loan_id=cap_loan.id and loan.business_company_id=bus.id and bus.id=bc.business_company_id and bc.channel_company_id=cha.id )  [ RunTime:0.005727s ]
[ 2017-07-05T14:21:40+08:00 ] /Profit/index | SQL: SELECT SUM(tender.money) AS tp_sum FROM `business_predeposit` WHERE ( cha.id = '4' ) AND ( tender.status IN (2,3) ) AND ( tender.id=allot.tender_id  and tender.id=cost.tender_id and tender.business_loan_id=loan.id and loan.capital_loan_id=cap_loan.id and loan.business_company_id=bus.id and bus.id=bc.business_company_id and bc.channel_company_id=cha.id ) LIMIT 1   [ RunTime:0.005090s ]
[ 2017-07-05T14:21:40+08:00 ] /Profit/index | SQL: SELECT SUM(profit_money) AS tp_sum FROM `profit_order` WHERE ( `channel_level` = 1 ) AND ( (`0` = null)  ) LIMIT 1   [ RunTime:0.004158s ]

[ 2017-07-05T14:21:41+08:00 ] 127.0.0.1 /Public/logOut.html
[ 2017-07-05T14:21:41+08:00 ] /Public/logOut.html | SQL: SHOW COLUMNS FROM `user` [ RunTime:0.006091s ]
[ 2017-07-05T14:21:41+08:00 ] /Public/logOut.html | SQL: UPDATE `user` SET `timeout`='2017-07-05 14:21:41',`lasttime`='2017-07-05 14:21:41',`lastip`='127.0.0.1' WHERE id=8 [ RunTime:0.010179s ]

[ 2017-07-05T14:21:48+08:00 ] 127.0.0.1 /Public/autoLogin
[ 2017-07-05T14:21:48+08:00 ] /Public/autoLogin | SQL: SHOW COLUMNS FROM `auth_group` [ RunTime:0.007487s ]
[ 2017-07-05T14:21:48+08:00 ] /Public/autoLogin | SQL: SELECT * FROM `auth_group` WHERE status=1  [ RunTime:0.006688s ]
[ 2017-07-05T14:21:48+08:00 ] /Public/autoLogin | SQL: SHOW COLUMNS FROM `user` [ RunTime:0.007260s ]
[ 2017-07-05T14:21:48+08:00 ] /Public/autoLogin | SQL: SELECT * FROM `user` WHERE username='qudao1' LIMIT 1   [ RunTime:0.007401s ]
[ 2017-07-05T14:21:48+08:00 ] /Public/autoLogin | SQL: SHOW COLUMNS FROM `common` [ RunTime:0.006473s ]
[ 2017-07-05T14:21:48+08:00 ] /Public/autoLogin | SQL: SHOW COLUMNS FROM `common` [ RunTime:0.006488s ]
[ 2017-07-05T14:21:48+08:00 ] /Public/autoLogin | SQL: UPDATE `user` SET `lasttime`='2017-07-05 14:21:48',`lastip`='127.0.0.1' WHERE username='qudao1' [ RunTime:0.006697s ]
[ 2017-07-05T14:21:48+08:00 ] /Public/autoLogin | SQL: UPDATE `user` SET `logincount`=logincount+1,`lasttime`='2017-07-05 14:21:48',`lastip`='127.0.0.1' WHERE username='qudao1' [ RunTime:0.006490s ]
[ 2017-07-05T14:21:48+08:00 ] /Public/autoLogin | SQL: SHOW COLUMNS FROM `user_token` [ RunTime:0.007055s ]
[ 2017-07-05T14:21:48+08:00 ] /Public/autoLogin | SQL: SELECT * FROM `user_token` WHERE username='qudao1' LIMIT 1   [ RunTime:0.006403s ]
[ 2017-07-05T14:21:48+08:00 ] /Public/autoLogin | SQL: UPDATE `user_token` SET `token`='10c4b90ce662ff932dacd5b41724b9ec',`username`='qudao1',`logintime`='2017-07-05 14:21:48' WHERE username='qudao1' [ RunTime:0.005817s ]
[ 2017-07-05T14:21:48+08:00 ] /Public/autoLogin | SQL: SHOW COLUMNS FROM `common` [ RunTime:0.007395s ]
[ 2017-07-05T14:21:48+08:00 ] /Public/autoLogin | SQL: SHOW COLUMNS FROM `user_operate` [ RunTime:0.007943s ]
[ 2017-07-05T14:21:48+08:00 ] /Public/autoLogin | SQL: INSERT INTO `user_operate` (`status`,`userid`,`remark`,`type`,`ip`,`timeadd`) VALUES (1,'8','用户登录',1,'127.0.0.1','2017-07-05 14:21:48') [ RunTime:0.010621s ]

[ 2017-07-05T14:21:48+08:00 ] 127.0.0.1 /
[ 2017-07-05T14:21:48+08:00 ] / | SQL: SHOW COLUMNS FROM `auth_group` [ RunTime:0.007534s ]
[ 2017-07-05T14:21:48+08:00 ] / | SQL: SELECT * FROM `auth_group` WHERE status=1  [ RunTime:0.005600s ]
[ 2017-07-05T14:21:48+08:00 ] / | SQL: SHOW COLUMNS FROM `user` [ RunTime:0.007196s ]
[ 2017-07-05T14:21:48+08:00 ] / | SQL: SELECT `groupid` FROM `user` WHERE id='8' LIMIT 1   [ RunTime:0.005986s ]
[ 2017-07-05T14:21:48+08:00 ] / | SQL: SHOW COLUMNS FROM auth_rule ar [ RunTime:0.005348s ]
[ 2017-07-05T14:21:48+08:00 ] / | SQL: SELECT ar.*,u.username as addname FROM auth_rule ar LEFT JOIN user u on u.id=ar.adduser WHERE ar.status=1 and ar.pid != 0 and ar.groupid='2' ORDER BY ar.sort asc,ar.timeadd  [ RunTime:0.005974s ]
[ 2017-07-05T14:21:48+08:00 ] / | SQL: SELECT `typeid` FROM `user` WHERE id=8 LIMIT 1   [ RunTime:0.005188s ]
[ 2017-07-05T14:21:48+08:00 ] / | SQL: SHOW COLUMNS FROM user u [ RunTime:0.005099s ]
[ 2017-07-05T14:21:48+08:00 ] / | SQL: SELECT at.rule FROM user u LEFT JOIN auth_type at on at.id=u.typeid WHERE u.id=8 and at.status=1 LIMIT 1   [ RunTime:0.005128s ]

[ 2017-07-05T14:21:49+08:00 ] 127.0.0.1 /Public/getJsMenu.html?is_menu=1
[ 2017-07-05T14:21:48+08:00 ] /Public/getJsMenu.html?is_menu=1 | SQL: SHOW COLUMNS FROM `auth_group` [ RunTime:0.006581s ]
[ 2017-07-05T14:21:48+08:00 ] /Public/getJsMenu.html?is_menu=1 | SQL: SELECT * FROM `auth_group` WHERE status=1  [ RunTime:0.005493s ]
[ 2017-07-05T14:21:48+08:00 ] /Public/getJsMenu.html?is_menu=1 | SQL: SHOW COLUMNS FROM `user` [ RunTime:0.006083s ]
[ 2017-07-05T14:21:48+08:00 ] /Public/getJsMenu.html?is_menu=1 | SQL: SELECT `groupid` FROM `user` WHERE id='8' LIMIT 1   [ RunTime:0.005579s ]
[ 2017-07-05T14:21:48+08:00 ] /Public/getJsMenu.html?is_menu=1 | SQL: SELECT `groupid` FROM `user` WHERE id='8' LIMIT 1   [ RunTime:0.004955s ]
[ 2017-07-05T14:21:49+08:00 ] /Public/getJsMenu.html?is_menu=1 | SQL: SHOW COLUMNS FROM auth_rule ar [ RunTime:0.004909s ]
[ 2017-07-05T14:21:49+08:00 ] /Public/getJsMenu.html?is_menu=1 | SQL: SELECT ar.*,u.username as addname FROM auth_rule ar LEFT JOIN user u on u.id=ar.adduser WHERE ar.status=1 and ar.pid != 0 and ar.groupid='2' ORDER BY ar.sort asc,ar.timeadd  [ RunTime:0.006080s ]
[ 2017-07-05T14:21:49+08:00 ] /Public/getJsMenu.html?is_menu=1 | SQL: SELECT `typeid` FROM `user` WHERE id=8 LIMIT 1   [ RunTime:0.005790s ]
[ 2017-07-05T14:21:49+08:00 ] /Public/getJsMenu.html?is_menu=1 | SQL: SHOW COLUMNS FROM user u [ RunTime:0.005259s ]
[ 2017-07-05T14:21:49+08:00 ] /Public/getJsMenu.html?is_menu=1 | SQL: SELECT at.rule FROM user u LEFT JOIN auth_type at on at.id=u.typeid WHERE u.id=8 and at.status=1 LIMIT 1   [ RunTime:0.006383s ]
[ 2017-07-05T14:21:49+08:00 ] /Public/getJsMenu.html?is_menu=1 | SQL: SELECT * FROM `auth_rule` WHERE pid=0 and status=1 and groupid='2' ORDER BY sort desc,timeadd asc  [ RunTime:0.006522s ]

[ 2017-07-05T14:21:49+08:00 ]  127.0.0.1 /favicon.ico | ERR: (ThinkException) 无法加载模块favicon.ico
[ 2017-07-05T14:21:49+08:00 ] 127.0.0.1 /Index/system
[ 2017-07-05T14:21:49+08:00 ] /Index/system | SQL: SHOW COLUMNS FROM `auth_group` [ RunTime:0.006583s ]
[ 2017-07-05T14:21:49+08:00 ] /Index/system | SQL: SELECT * FROM `auth_group` WHERE status=1  [ RunTime:0.005719s ]
[ 2017-07-05T14:21:49+08:00 ] /Index/system | SQL: SHOW COLUMNS FROM `user` [ RunTime:0.006295s ]
[ 2017-07-05T14:21:49+08:00 ] /Index/system | SQL: SELECT `groupid` FROM `user` WHERE id='8' LIMIT 1   [ RunTime:0.005803s ]
[ 2017-07-05T14:21:49+08:00 ] /Index/system | SQL: SHOW COLUMNS FROM auth_rule ar [ RunTime:0.005445s ]
[ 2017-07-05T14:21:49+08:00 ] /Index/system | SQL: SELECT ar.*,u.username as addname FROM auth_rule ar LEFT JOIN user u on u.id=ar.adduser WHERE ar.status=1 and ar.pid != 0 and ar.groupid='2' ORDER BY ar.sort asc,ar.timeadd  [ RunTime:0.005752s ]
[ 2017-07-05T14:21:49+08:00 ] /Index/system | SQL: SELECT `typeid` FROM `user` WHERE id=8 LIMIT 1   [ RunTime:0.005060s ]
[ 2017-07-05T14:21:49+08:00 ] /Index/system | SQL: SHOW COLUMNS FROM user u [ RunTime:0.005419s ]
[ 2017-07-05T14:21:49+08:00 ] /Index/system | SQL: SELECT at.rule FROM user u LEFT JOIN auth_type at on at.id=u.typeid WHERE u.id=8 and at.status=1 LIMIT 1   [ RunTime:0.005809s ]
[ 2017-07-05T14:21:49+08:00 ] /Index/system | SQL: SHOW COLUMNS FROM `common` [ RunTime:0.005559s ]
[ 2017-07-05T14:21:49+08:00 ] /Index/system | SQL: SHOW COLUMNS FROM `business_company` [ RunTime:0.006783s ]
[ 2017-07-05T14:21:49+08:00 ] /Index/system | SQL: SHOW COLUMNS FROM `channel_company` [ RunTime:0.006762s ]
[ 2017-07-05T14:21:49+08:00 ] /Index/system | SQL: SELECT b.*,c.companyname as channel_companyname,c.id as channel_company_id,c.channel_level,concat('http://static.newjieba.com/Upload/businessCompany/company/',b.id,'/',b.legal_certinumber_pic) as legal_certinumber_path,concat('http://static.newjieba.com/Upload/businessCompany/company/',b.id,'/',b.license_number_pic) as license_number_path,concat('http://static.newjieba.com/Upload/businessCompany/company/',b.id,'/',b.agreement1_pic) as agreement1_path,concat('http://static.newjieba.com/Upload/businessCompany/company/',b.id,'/',b.agreement2_pic) as agreement2_path FROM business_company as b,channel_company as c,business_channel as bc WHERE ( c.id = '21' ) AND ( b.id = bc.business_company_id and bc.channel_company_id = c.id  )  [ RunTime:0.006635s ]
[ 2017-07-05T14:21:49+08:00 ] /Index/system | SQL: SHOW COLUMNS FROM `member` [ RunTime:0.006034s ]
[ 2017-07-05T14:21:49+08:00 ] /Index/system | SQL: SELECT COUNT(*) AS tp_count FROM member m,member_info mi,business_company bus,business_channel bc,channel_company cha WHERE ( bus.id IN ('35') ) AND ( m.id=mi.memberid and m.business_company_id=bus.id  and  bus.id=bc.business_company_id  and bc.channel_company_id=cha.id ) LIMIT 1   [ RunTime:0.005720s ]
[ 2017-07-05T14:21:49+08:00 ] /Index/system | SQL: SELECT m.*,mi.names,mi.certiNumber,mi.nameStatus,cha.companyname as channel_companyname,bus.companyname as business_companyname FROM member m,member_info mi,business_company bus,business_channel bc,channel_company cha WHERE ( bus.id IN ('35') ) AND ( m.id=mi.memberid and m.business_company_id=bus.id  and  bus.id=bc.business_company_id  and bc.channel_company_id=cha.id )  [ RunTime:0.007004s ]
[ 2017-07-05T14:21:49+08:00 ] /Index/system | SQL: SHOW COLUMNS FROM `member_import` [ RunTime:0.006417s ]
[ 2017-07-05T14:21:49+08:00 ] /Index/system | SQL: SELECT * FROM `member_import` WHERE ( `business_company_id` = '35' ) AND ( `certiNumber` = '371324199102144316' ) LIMIT 1   [ RunTime:0.005314s ]
[ 2017-07-05T14:21:49+08:00 ] /Index/system | SQL: SHOW COLUMNS FROM `baofu_bindcard` [ RunTime:0.006431s ]
[ 2017-07-05T14:21:49+08:00 ] /Index/system | SQL: SELECT `acc_no` FROM `baofu_bindcard` WHERE ( `memberid` = '6' ) LIMIT 1   [ RunTime:0.004964s ]
[ 2017-07-05T14:21:49+08:00 ] /Index/system | SQL: SELECT * FROM `member_import` WHERE ( `business_company_id` = '35' ) AND ( `certiNumber` = '430581198911176536' ) LIMIT 1   [ RunTime:0.005303s ]
[ 2017-07-05T14:21:49+08:00 ] /Index/system | SQL: SELECT `acc_no` FROM `baofu_bindcard` WHERE ( `memberid` = '7' ) LIMIT 1   [ RunTime:0.005543s ]
[ 2017-07-05T14:21:49+08:00 ] /Index/system | SQL: SELECT * FROM `member_import` WHERE ( `business_company_id` = '35' ) AND ( `certiNumber` = '342401199307236712' ) LIMIT 1   [ RunTime:0.005715s ]
[ 2017-07-05T14:21:49+08:00 ] /Index/system | SQL: SELECT `acc_no` FROM `baofu_bindcard` WHERE ( `memberid` = '8' ) LIMIT 1   [ RunTime:0.004930s ]
[ 2017-07-05T14:21:49+08:00 ] /Index/system | SQL: SELECT * FROM `member_import` WHERE ( `business_company_id` = '35' ) AND ( `certiNumber` = null ) LIMIT 1   [ RunTime:0.005256s ]
[ 2017-07-05T14:21:49+08:00 ] /Index/system | SQL: SELECT `acc_no` FROM `baofu_bindcard` WHERE ( `memberid` = '9' ) LIMIT 1   [ RunTime:0.005446s ]
[ 2017-07-05T14:21:49+08:00 ] /Index/system | SQL: SELECT * FROM `member_import` WHERE ( `business_company_id` = '35' ) AND ( `certiNumber` = null ) LIMIT 1   [ RunTime:0.005260s ]
[ 2017-07-05T14:21:49+08:00 ] /Index/system | SQL: SELECT `acc_no` FROM `baofu_bindcard` WHERE ( `memberid` = '10' ) LIMIT 1   [ RunTime:0.005062s ]
[ 2017-07-05T14:21:49+08:00 ] /Index/system | SQL: SELECT * FROM `member_import` WHERE ( `business_company_id` = '35' ) AND ( `certiNumber` = '342423197507130962' ) LIMIT 1   [ RunTime:0.005614s ]
[ 2017-07-05T14:21:49+08:00 ] /Index/system | SQL: SELECT `acc_no` FROM `baofu_bindcard` WHERE ( `memberid` = '11' ) LIMIT 1   [ RunTime:0.005647s ]
[ 2017-07-05T14:21:49+08:00 ] /Index/system | SQL: SELECT * FROM `member_import` WHERE ( `business_company_id` = '35' ) AND ( `certiNumber` = null ) LIMIT 1   [ RunTime:0.005165s ]
[ 2017-07-05T14:21:49+08:00 ] /Index/system | SQL: SELECT `acc_no` FROM `baofu_bindcard` WHERE ( `memberid` = '12' ) LIMIT 1   [ RunTime:0.005434s ]
[ 2017-07-05T14:21:49+08:00 ] /Index/system | SQL: SELECT * FROM `member_import` WHERE ( `business_company_id` = '35' ) AND ( `certiNumber` = null ) LIMIT 1   [ RunTime:0.005750s ]
[ 2017-07-05T14:21:49+08:00 ] /Index/system | SQL: SELECT `acc_no` FROM `baofu_bindcard` WHERE ( `memberid` = '13' ) LIMIT 1   [ RunTime:0.005484s ]
[ 2017-07-05T14:21:49+08:00 ] /Index/system | SQL: SELECT * FROM `member_import` WHERE ( `business_company_id` = '35' ) AND ( `certiNumber` = null ) LIMIT 1   [ RunTime:0.005853s ]
[ 2017-07-05T14:21:49+08:00 ] /Index/system | SQL: SELECT `acc_no` FROM `baofu_bindcard` WHERE ( `memberid` = '14' ) LIMIT 1   [ RunTime:0.005225s ]
[ 2017-07-05T14:21:49+08:00 ] /Index/system | SQL: SELECT * FROM `member_import` WHERE ( `business_company_id` = '35' ) AND ( `certiNumber` = null ) LIMIT 1   [ RunTime:0.005900s ]
[ 2017-07-05T14:21:49+08:00 ] /Index/system | SQL: SELECT `acc_no` FROM `baofu_bindcard` WHERE ( `memberid` = '15' ) LIMIT 1   [ RunTime:0.005413s ]
[ 2017-07-05T14:21:49+08:00 ] /Index/system | SQL: SELECT * FROM `member_import` WHERE ( `business_company_id` = '35' ) AND ( `certiNumber` = null ) LIMIT 1   [ RunTime:0.005810s ]
[ 2017-07-05T14:21:49+08:00 ] /Index/system | SQL: SELECT `acc_no` FROM `baofu_bindcard` WHERE ( `memberid` = '16' ) LIMIT 1   [ RunTime:0.005667s ]
[ 2017-07-05T14:21:49+08:00 ] /Index/system | SQL: SELECT * FROM `member_import` WHERE ( `business_company_id` = '35' ) AND ( `certiNumber` = null ) LIMIT 1   [ RunTime:0.005496s ]
[ 2017-07-05T14:21:49+08:00 ] /Index/system | SQL: SELECT `acc_no` FROM `baofu_bindcard` WHERE ( `memberid` = '17' ) LIMIT 1   [ RunTime:0.004740s ]
[ 2017-07-05T14:21:49+08:00 ] /Index/system | SQL: SELECT * FROM `member_import` WHERE ( `business_company_id` = '35' ) AND ( `certiNumber` = null ) LIMIT 1   [ RunTime:0.005461s ]
[ 2017-07-05T14:21:49+08:00 ] /Index/system | SQL: SELECT `acc_no` FROM `baofu_bindcard` WHERE ( `memberid` = '18' ) LIMIT 1   [ RunTime:0.005336s ]
[ 2017-07-05T14:21:49+08:00 ] /Index/system | SQL: SELECT * FROM `member_import` WHERE ( `business_company_id` = '35' ) AND ( `certiNumber` = null ) LIMIT 1   [ RunTime:0.005622s ]
[ 2017-07-05T14:21:49+08:00 ] /Index/system | SQL: SELECT `acc_no` FROM `baofu_bindcard` WHERE ( `memberid` = '19' ) LIMIT 1   [ RunTime:0.004905s ]
[ 2017-07-05T14:21:49+08:00 ] /Index/system | SQL: SELECT * FROM `member_import` WHERE ( `business_company_id` = '35' ) AND ( `certiNumber` = null ) LIMIT 1   [ RunTime:0.005306s ]
[ 2017-07-05T14:21:49+08:00 ] /Index/system | SQL: SELECT `acc_no` FROM `baofu_bindcard` WHERE ( `memberid` = '20' ) LIMIT 1   [ RunTime:0.005540s ]
[ 2017-07-05T14:21:49+08:00 ] /Index/system | SQL: SELECT * FROM `member_import` WHERE ( `business_company_id` = '35' ) AND ( `certiNumber` = null ) LIMIT 1   [ RunTime:0.006431s ]
[ 2017-07-05T14:21:49+08:00 ] /Index/system | SQL: SELECT `acc_no` FROM `baofu_bindcard` WHERE ( `memberid` = '21' ) LIMIT 1   [ RunTime:0.005666s ]
[ 2017-07-05T14:21:49+08:00 ] /Index/system | SQL: SELECT * FROM `member_import` WHERE ( `business_company_id` = '35' ) AND ( `certiNumber` = null ) LIMIT 1   [ RunTime:0.005240s ]
[ 2017-07-05T14:21:49+08:00 ] /Index/system | SQL: SELECT `acc_no` FROM `baofu_bindcard` WHERE ( `memberid` = '22' ) LIMIT 1   [ RunTime:0.004969s ]
[ 2017-07-05T14:21:49+08:00 ] /Index/system | SQL: SELECT * FROM `member_import` WHERE ( `business_company_id` = '35' ) AND ( `certiNumber` = null ) LIMIT 1   [ RunTime:0.005527s ]
[ 2017-07-05T14:21:49+08:00 ] /Index/system | SQL: SELECT `acc_no` FROM `baofu_bindcard` WHERE ( `memberid` = '23' ) LIMIT 1   [ RunTime:0.005527s ]
[ 2017-07-05T14:21:49+08:00 ] /Index/system | SQL: SELECT * FROM `member_import` WHERE ( `business_company_id` = '35' ) AND ( `certiNumber` = null ) LIMIT 1   [ RunTime:0.005848s ]
[ 2017-07-05T14:21:49+08:00 ] /Index/system | SQL: SELECT `acc_no` FROM `baofu_bindcard` WHERE ( `memberid` = '24' ) LIMIT 1   [ RunTime:0.005128s ]
[ 2017-07-05T14:21:49+08:00 ] /Index/system | SQL: SELECT * FROM `member_import` WHERE ( `business_company_id` = '35' ) AND ( `certiNumber` = null ) LIMIT 1   [ RunTime:0.005325s ]
[ 2017-07-05T14:21:49+08:00 ] /Index/system | SQL: SELECT `acc_no` FROM `baofu_bindcard` WHERE ( `memberid` = '25' ) LIMIT 1   [ RunTime:0.005757s ]
[ 2017-07-05T14:21:49+08:00 ] /Index/system | SQL: SELECT * FROM `member_import` WHERE ( `business_company_id` = '35' ) AND ( `certiNumber` = null ) LIMIT 1   [ RunTime:0.005893s ]
[ 2017-07-05T14:21:49+08:00 ] /Index/system | SQL: SELECT `acc_no` FROM `baofu_bindcard` WHERE ( `memberid` = '26' ) LIMIT 1   [ RunTime:0.005294s ]
[ 2017-07-05T14:21:49+08:00 ] /Index/system | SQL: SELECT * FROM `member_import` WHERE ( `business_company_id` = '35' ) AND ( `certiNumber` = null ) LIMIT 1   [ RunTime:0.005255s ]
[ 2017-07-05T14:21:49+08:00 ] /Index/system | SQL: SELECT `acc_no` FROM `baofu_bindcard` WHERE ( `memberid` = '27' ) LIMIT 1   [ RunTime:0.005096s ]
[ 2017-07-05T14:21:49+08:00 ] /Index/system | SQL: SELECT * FROM `member_import` WHERE ( `business_company_id` = '35' ) AND ( `certiNumber` = null ) LIMIT 1   [ RunTime:0.006016s ]
[ 2017-07-05T14:21:49+08:00 ] /Index/system | SQL: SELECT `acc_no` FROM `baofu_bindcard` WHERE ( `memberid` = '28' ) LIMIT 1   [ RunTime:0.005373s ]
[ 2017-07-05T14:21:49+08:00 ] /Index/system | SQL: SELECT * FROM `member_import` WHERE ( `business_company_id` = '35' ) AND ( `certiNumber` = null ) LIMIT 1   [ RunTime:0.005852s ]
[ 2017-07-05T14:21:49+08:00 ] /Index/system | SQL: SELECT `acc_no` FROM `baofu_bindcard` WHERE ( `memberid` = '29' ) LIMIT 1   [ RunTime:0.005794s ]
[ 2017-07-05T14:21:49+08:00 ] /Index/system | SQL: SELECT * FROM `member_import` WHERE ( `business_company_id` = '35' ) AND ( `certiNumber` = '320682198611142314' ) LIMIT 1   [ RunTime:0.005937s ]
[ 2017-07-05T14:21:49+08:00 ] /Index/system | SQL: SELECT `acc_no` FROM `baofu_bindcard` WHERE ( `memberid` = '30' ) LIMIT 1   [ RunTime:0.005095s ]
[ 2017-07-05T14:21:49+08:00 ] /Index/system | SQL: SHOW COLUMNS FROM `member` [ RunTime:0.006210s ]
[ 2017-07-05T14:21:49+08:00 ] /Index/system | SQL: SELECT COUNT(*) AS tp_count FROM member m,member_info mi,business_company bus,business_channel bc,channel_company cha WHERE ( m.timeadd >= '2017-07-05' ) AND ( bus.id IN ('35') ) AND ( m.id=mi.memberid and m.business_company_id=bus.id  and  bus.id=bc.business_company_id  and bc.channel_company_id=cha.id ) LIMIT 1   [ RunTime:0.006394s ]
[ 2017-07-05T14:21:49+08:00 ] /Index/system | SQL: SELECT m.*,mi.names,mi.certiNumber,mi.nameStatus,cha.companyname as channel_companyname,bus.companyname as business_companyname FROM member m,member_info mi,business_company bus,business_channel bc,channel_company cha WHERE ( m.timeadd >= '2017-07-05' ) AND ( bus.id IN ('35') ) AND ( m.id=mi.memberid and m.business_company_id=bus.id  and  bus.id=bc.business_company_id  and bc.channel_company_id=cha.id )  [ RunTime:0.006579s ]
[ 2017-07-05T14:21:49+08:00 ] /Index/system | SQL: SHOW COLUMNS FROM `member_import` [ RunTime:0.006798s ]
[ 2017-07-05T14:21:49+08:00 ] /Index/system | SQL: SHOW COLUMNS FROM `loan_config` [ RunTime:0.006795s ]
[ 2017-07-05T14:21:49+08:00 ] /Index/system | SQL: SELECT * FROM `loan_config` LIMIT 1   [ RunTime:0.005530s ]
[ 2017-07-05T14:21:49+08:00 ] /Index/system | SQL: SHOW COLUMNS FROM `loan_tender` [ RunTime:0.006927s ]
[ 2017-07-05T14:21:49+08:00 ] /Index/system | SQL: SELECT COUNT(*) AS tp_count FROM loan_tender tender,loan_allot allot,member m,member_info mi,business_loan bus_l,loan_periode lp,business_channel bc,business_company bus,channel_company cha WHERE ( cha.id = '21' ) AND (  tender.business_loan_id=bus_l.id  and tender.id=allot.tender_id and tender.memberid=m.id and m.id=mi.memberid and bus_l.business_company_id=bus.id  and bus_l.loan_periode_id=lp.id and bus.id=bc.business_company_id and bc.channel_company_id=cha.id   ) LIMIT 1   [ RunTime:0.006001s ]
[ 2017-07-05T14:21:49+08:00 ] /Index/system | SQL: SELECT tender.*,allot.id as loan_allot_id,allot.late_fee,allot.start_time,allot.end_time,allot.back_real_time,allot.late_days,allot.back_real_money,allot.repayment_money,allot.status as allot_status,bus.companyname as bus_companyname,bus.id as business_company_id,bus.business_number,cha.companyname as cha_companyname,cha.id as channel_company_id,bus_l.name as bus_l_name,bus_l.capital_loan_id,bus_l.periode_rate,bus_l.late_periode_rate,m.mobile,mi.names,concat(lp.periode,lp.unit) as lp_name,mi.certiNumber,case when tender.status=1 and tender.is_sign=0 and tender.is_approve=0 and allot.status=0 then '待审核'  when tender.status=1 and tender.is_sign=0 and tender.is_approve=1 and allot.status=0 then '待签约'  when tender.status=1 and tender.is_sign=1 and tender.is_approve=1 and allot.status=0 then '待打款'  when tender.status=2 and tender.is_sign=1 and tender.is_approve=1 and allot.status=0 then '待还款'  when tender.status=2 and tender.is_sign=1 and tender.is_approve=1 and allot.status=1 then '已结清'  when tender.status=3 then  '已拒单' end as order_status_name FROM loan_tender tender,loan_allot allot,member m,member_info mi,business_loan bus_l,loan_periode lp,business_channel bc,business_company bus,channel_company cha WHERE ( cha.id = '21' ) AND (  tender.business_loan_id=bus_l.id  and tender.id=allot.tender_id and tender.memberid=m.id and m.id=mi.memberid and bus_l.business_company_id=bus.id  and bus_l.loan_periode_id=lp.id and bus.id=bc.business_company_id and bc.channel_company_id=cha.id   )  [ RunTime:0.007194s ]
[ 2017-07-05T14:21:49+08:00 ] /Index/system | SQL: SHOW COLUMNS FROM `loan_tender` [ RunTime:0.006489s ]
[ 2017-07-05T14:21:49+08:00 ] /Index/system | SQL: SELECT COUNT(*) AS tp_count FROM loan_tender tender,loan_allot allot,member m,member_info mi,business_loan bus_l,loan_periode lp,business_channel bc,business_company bus,channel_company cha WHERE ( tender.timeadd >= '2017-07-05' ) AND ( cha.id = '21' ) AND (  tender.business_loan_id=bus_l.id  and tender.id=allot.tender_id and tender.memberid=m.id and m.id=mi.memberid and bus_l.business_company_id=bus.id  and bus_l.loan_periode_id=lp.id and bus.id=bc.business_company_id and bc.channel_company_id=cha.id   ) LIMIT 1   [ RunTime:0.005546s ]
[ 2017-07-05T14:21:49+08:00 ] /Index/system | SQL: SELECT tender.*,allot.id as loan_allot_id,allot.late_fee,allot.start_time,allot.end_time,allot.back_real_time,allot.late_days,allot.back_real_money,allot.repayment_money,allot.status as allot_status,bus.companyname as bus_companyname,bus.id as business_company_id,bus.business_number,cha.companyname as cha_companyname,cha.id as channel_company_id,bus_l.name as bus_l_name,bus_l.capital_loan_id,bus_l.periode_rate,bus_l.late_periode_rate,m.mobile,mi.names,concat(lp.periode,lp.unit) as lp_name,mi.certiNumber,case when tender.status=1 and tender.is_sign=0 and tender.is_approve=0 and allot.status=0 then '待审核'  when tender.status=1 and tender.is_sign=0 and tender.is_approve=1 and allot.status=0 then '待签约'  when tender.status=1 and tender.is_sign=1 and tender.is_approve=1 and allot.status=0 then '待打款'  when tender.status=2 and tender.is_sign=1 and tender.is_approve=1 and allot.status=0 then '待还款'  when tender.status=2 and tender.is_sign=1 and tender.is_approve=1 and allot.status=1 then '已结清'  when tender.status=3 then  '已拒单' end as order_status_name FROM loan_tender tender,loan_allot allot,member m,member_info mi,business_loan bus_l,loan_periode lp,business_channel bc,business_company bus,channel_company cha WHERE ( tender.timeadd >= '2017-07-05' ) AND ( cha.id = '21' ) AND (  tender.business_loan_id=bus_l.id  and tender.id=allot.tender_id and tender.memberid=m.id and m.id=mi.memberid and bus_l.business_company_id=bus.id  and bus_l.loan_periode_id=lp.id and bus.id=bc.business_company_id and bc.channel_company_id=cha.id   )  [ RunTime:0.007669s ]
[ 2017-07-05T14:21:49+08:00 ] /Index/system | SQL: SHOW COLUMNS FROM `profit_order` [ RunTime:0.006561s ]
[ 2017-07-05T14:21:49+08:00 ] /Index/system | SQL: SELECT * FROM `profit_order`  [ RunTime:0.005585s ]
[ 2017-07-05T14:21:49+08:00 ] /Index/system | SQL: SELECT * FROM `profit_order` WHERE (  (`timeadd` BETWEEN '2017-07-04' AND '2017-07-05' ) )  [ RunTime:0.005719s ]

[ 2017-07-05T14:21:50+08:00 ] 127.0.0.1 /Profit/index
[ 2017-07-05T14:21:50+08:00 ] /Profit/index | SQL: SHOW COLUMNS FROM `auth_group` [ RunTime:0.005987s ]
[ 2017-07-05T14:21:50+08:00 ] /Profit/index | SQL: SELECT * FROM `auth_group` WHERE status=1  [ RunTime:0.005715s ]
[ 2017-07-05T14:21:50+08:00 ] /Profit/index | SQL: SHOW COLUMNS FROM `user` [ RunTime:0.005664s ]
[ 2017-07-05T14:21:50+08:00 ] /Profit/index | SQL: SELECT `groupid` FROM `user` WHERE id='8' LIMIT 1   [ RunTime:0.009350s ]
[ 2017-07-05T14:21:50+08:00 ] /Profit/index | SQL: SHOW COLUMNS FROM auth_rule ar [ RunTime:0.005609s ]
[ 2017-07-05T14:21:50+08:00 ] /Profit/index | SQL: SELECT ar.*,u.username as addname FROM auth_rule ar LEFT JOIN user u on u.id=ar.adduser WHERE ar.status=1 and ar.pid != 0 and ar.groupid='2' ORDER BY ar.sort asc,ar.timeadd  [ RunTime:0.006493s ]
[ 2017-07-05T14:21:50+08:00 ] /Profit/index | SQL: SELECT `typeid` FROM `user` WHERE id=8 LIMIT 1   [ RunTime:0.006628s ]
[ 2017-07-05T14:21:50+08:00 ] /Profit/index | SQL: SHOW COLUMNS FROM user u [ RunTime:0.004636s ]
[ 2017-07-05T14:21:50+08:00 ] /Profit/index | SQL: SELECT at.rule FROM user u LEFT JOIN auth_type at on at.id=u.typeid WHERE u.id=8 and at.status=1 LIMIT 1   [ RunTime:0.004991s ]
[ 2017-07-05T14:21:50+08:00 ] /Profit/index | SQL: SHOW COLUMNS FROM `common` [ RunTime:0.005343s ]
[ 2017-07-05T14:21:50+08:00 ] /Profit/index | SQL: SHOW COLUMNS FROM `business_predeposit` [ RunTime:0.005764s ]
[ 2017-07-05T14:21:50+08:00 ] /Profit/index | SQL: SHOW COLUMNS FROM `profit_order` [ RunTime:0.006443s ]
[ 2017-07-05T14:21:50+08:00 ] /Profit/index | SQL: SELECT COUNT(*) AS tp_count FROM loan_tender tender,loan_allot allot,business_costout cost,business_loan loan,capital_loan cap_loan,business_company bus,business_channel bc,channel_company cha WHERE ( cha.id = '21' ) AND ( tender.status IN (2,3) ) AND ( tender.id=allot.tender_id  and tender.id=cost.tender_id and tender.business_loan_id=loan.id and loan.capital_loan_id=cap_loan.id and loan.business_company_id=bus.id and bus.id=bc.business_company_id and bc.channel_company_id=cha.id ) LIMIT 1   [ RunTime:0.006146s ]
[ 2017-07-05T14:21:50+08:00 ] /Profit/index | SQL: SELECT tender.*,bus.companyname as business_companyname,bus.business_number,cost.cost_money,cost.clear_time,cap_loan.periode_rate as cap_periode_rate FROM loan_tender tender,loan_allot allot,business_costout cost,business_loan loan,capital_loan cap_loan,business_company bus,business_channel bc,channel_company cha WHERE ( cha.id = '21' ) AND ( tender.status IN (2,3) ) AND ( tender.id=allot.tender_id  and tender.id=cost.tender_id and tender.business_loan_id=loan.id and loan.capital_loan_id=cap_loan.id and loan.business_company_id=bus.id and bus.id=bc.business_company_id and bc.channel_company_id=cha.id )  [ RunTime:0.007481s ]
[ 2017-07-05T14:21:50+08:00 ] /Profit/index | SQL: SELECT SUM(tender.money) AS tp_sum FROM `business_predeposit` WHERE ( cha.id = '21' ) AND ( tender.status IN (2,3) ) AND ( tender.id=allot.tender_id  and tender.id=cost.tender_id and tender.business_loan_id=loan.id and loan.capital_loan_id=cap_loan.id and loan.business_company_id=bus.id and bus.id=bc.business_company_id and bc.channel_company_id=cha.id ) LIMIT 1   [ RunTime:0.005505s ]
[ 2017-07-05T14:21:50+08:00 ] /Profit/index | SQL: SELECT SUM(profit_money) AS tp_sum FROM `profit_order` WHERE ( `channel_level` = 1 ) AND ( (`0` = null)  ) LIMIT 1   [ RunTime:0.005225s ]
[ 2017-07-05T14:21:50+08:00 ] /Profit/index | SQL: SELECT * FROM `profit_order` WHERE ( `tender_id` = '22' )  [ RunTime:0.005697s ]
[ 2017-07-05T14:21:50+08:00 ] /Profit/index | SQL: SELECT * FROM `profit_order` WHERE ( `tender_id` = '23' )  [ RunTime:0.005062s ]
[ 2017-07-05T14:21:50+08:00 ] /Profit/index | SQL: SELECT * FROM `profit_order` WHERE ( `tender_id` = '24' )  [ RunTime:0.006040s ]

[ 2017-07-05T14:21:50+08:00 ]  127.0.0.1 /favicon.ico | ERR: (ThinkException) 无法加载模块favicon.ico
