[ 2017-07-07T14:15:52+08:00 ] 127.0.0.1 /MemberMsg/index
[ 2017-07-07T14:15:52+08:00 ] /MemberMsg/index | SQL: SHOW COLUMNS FROM `auth_group` [ RunTime:0.005961s ]
[ 2017-07-07T14:15:52+08:00 ] /MemberMsg/index | SQL: SELECT * FROM `auth_group` WHERE status=1  [ RunTime:0.005079s ]
[ 2017-07-07T14:15:52+08:00 ] /MemberMsg/index | SQL: SHOW COLUMNS FROM `user` [ RunTime:0.006479s ]
[ 2017-07-07T14:15:52+08:00 ] /MemberMsg/index | SQL: SELECT `groupid` FROM `user` WHERE id='24' LIMIT 1   [ RunTime:0.004930s ]
[ 2017-07-07T14:15:52+08:00 ] /MemberMsg/index | SQL: SHOW COLUMNS FROM auth_rule ar [ RunTime:0.005857s ]
[ 2017-07-07T14:15:52+08:00 ] /MemberMsg/index | SQL: SELECT ar.*,u.username as addname FROM auth_rule ar LEFT JOIN user u on u.id=ar.adduser WHERE ar.status=1 and ar.pid != 0 and ar.groupid='3' ORDER BY ar.sort asc,ar.timeadd  [ RunTime:0.006010s ]
[ 2017-07-07T14:15:52+08:00 ] /MemberMsg/index | SQL: SELECT `typeid` FROM `user` WHERE id=24 LIMIT 1   [ RunTime:0.005444s ]
[ 2017-07-07T14:15:52+08:00 ] /MemberMsg/index | SQL: SHOW COLUMNS FROM user u [ RunTime:0.005562s ]
[ 2017-07-07T14:15:52+08:00 ] /MemberMsg/index | SQL: SELECT at.rule FROM user u LEFT JOIN auth_type at on at.id=u.typeid WHERE u.id=24 and at.status=1 LIMIT 1   [ RunTime:0.005555s ]
[ 2017-07-07T14:15:52+08:00 ] /MemberMsg/index | SQL: SHOW COLUMNS FROM `welive_msg` [ RunTime:0.006184s ]
[ 2017-07-07T14:15:52+08:00 ] /MemberMsg/index | SQL: SELECT `fro_to_id`,max(created) max_created FROM `welive_msg` WHERE ( `fro_to_id` LIKE '%\\_24' ) GROUP BY fro_to_id ORDER BY type asc,created asc  [ RunTime:0.005166s ]
[ 2017-07-07T14:15:52+08:00 ] /MemberMsg/index | SQL: SHOW COLUMNS FROM member m [ RunTime:0.005203s ]
[ 2017-07-07T14:15:52+08:00 ] /MemberMsg/index | SQL: SELECT m.id,mi.names,m.username,m.mobile FROM member m LEFT JOIN member_info mi on mi.memberid = m.id WHERE ( m.id = '31' ) LIMIT 1   [ RunTime:0.005092s ]
[ 2017-07-07T14:15:52+08:00 ] /MemberMsg/index | SQL: SELECT COUNT(*) AS tp_count FROM `welive_msg` WHERE ( `fro_to_id` = '31_24' ) AND ( `type` = 0 ) LIMIT 1   [ RunTime:0.005588s ]
[ 2017-07-07T14:15:52+08:00 ] /MemberMsg/index | SQL: SELECT m.id,mi.names,m.username,m.mobile FROM member m LEFT JOIN member_info mi on mi.memberid = m.id WHERE ( m.id = '8' ) LIMIT 1   [ RunTime:0.005376s ]
[ 2017-07-07T14:15:52+08:00 ] /MemberMsg/index | SQL: SELECT COUNT(*) AS tp_count FROM `welive_msg` WHERE ( `fro_to_id` = '8_24' ) AND ( `type` = 0 ) LIMIT 1   [ RunTime:0.004732s ]

[ 2017-07-07T14:15:52+08:00 ] 127.0.0.1 /MemberMsg/index
[ 2017-07-07T14:15:52+08:00 ] /MemberMsg/index | SQL: SHOW COLUMNS FROM `auth_group` [ RunTime:0.005788s ]
[ 2017-07-07T14:15:52+08:00 ] /MemberMsg/index | SQL: SELECT * FROM `auth_group` WHERE status=1  [ RunTime:0.006844s ]
[ 2017-07-07T14:15:52+08:00 ] /MemberMsg/index | SQL: SHOW COLUMNS FROM `user` [ RunTime:0.006246s ]
[ 2017-07-07T14:15:52+08:00 ] /MemberMsg/index | SQL: SELECT `groupid` FROM `user` WHERE id='24' LIMIT 1   [ RunTime:0.004464s ]
[ 2017-07-07T14:15:52+08:00 ] /MemberMsg/index | SQL: SHOW COLUMNS FROM auth_rule ar [ RunTime:0.005320s ]
[ 2017-07-07T14:15:52+08:00 ] /MemberMsg/index | SQL: SELECT ar.*,u.username as addname FROM auth_rule ar LEFT JOIN user u on u.id=ar.adduser WHERE ar.status=1 and ar.pid != 0 and ar.groupid='3' ORDER BY ar.sort asc,ar.timeadd  [ RunTime:0.006341s ]
[ 2017-07-07T14:15:52+08:00 ] /MemberMsg/index | SQL: SELECT `typeid` FROM `user` WHERE id=24 LIMIT 1   [ RunTime:0.004603s ]
[ 2017-07-07T14:15:52+08:00 ] /MemberMsg/index | SQL: SHOW COLUMNS FROM user u [ RunTime:0.004666s ]
[ 2017-07-07T14:15:52+08:00 ] /MemberMsg/index | SQL: SELECT at.rule FROM user u LEFT JOIN auth_type at on at.id=u.typeid WHERE u.id=24 and at.status=1 LIMIT 1   [ RunTime:0.005196s ]
[ 2017-07-07T14:15:52+08:00 ] /MemberMsg/index | SQL: SHOW COLUMNS FROM `welive_msg` [ RunTime:0.005747s ]
[ 2017-07-07T14:15:52+08:00 ] /MemberMsg/index | SQL: SELECT `fro_to_id`,max(created) max_created FROM `welive_msg` WHERE ( `fro_to_id` LIKE '%\\_24' ) GROUP BY fro_to_id ORDER BY type asc,created asc  [ RunTime:0.006189s ]
[ 2017-07-07T14:15:52+08:00 ] /MemberMsg/index | SQL: SHOW COLUMNS FROM member m [ RunTime:0.005212s ]
[ 2017-07-07T14:15:52+08:00 ] /MemberMsg/index | SQL: SELECT m.id,mi.names,m.username,m.mobile FROM member m LEFT JOIN member_info mi on mi.memberid = m.id WHERE ( m.id = '31' ) LIMIT 1   [ RunTime:0.005103s ]
[ 2017-07-07T14:15:52+08:00 ] /MemberMsg/index | SQL: SELECT COUNT(*) AS tp_count FROM `welive_msg` WHERE ( `fro_to_id` = '31_24' ) AND ( `type` = 0 ) LIMIT 1   [ RunTime:0.004507s ]
[ 2017-07-07T14:15:52+08:00 ] /MemberMsg/index | SQL: SELECT m.id,mi.names,m.username,m.mobile FROM member m LEFT JOIN member_info mi on mi.memberid = m.id WHERE ( m.id = '8' ) LIMIT 1   [ RunTime:0.005186s ]
[ 2017-07-07T14:15:52+08:00 ] /MemberMsg/index | SQL: SELECT COUNT(*) AS tp_count FROM `welive_msg` WHERE ( `fro_to_id` = '8_24' ) AND ( `type` = 0 ) LIMIT 1   [ RunTime:0.005350s ]

[ 2017-07-07T14:15:52+08:00 ] 127.0.0.1 /MemberMsg/index
[ 2017-07-07T14:15:52+08:00 ] /MemberMsg/index | SQL: SHOW COLUMNS FROM `auth_group` [ RunTime:0.006992s ]
[ 2017-07-07T14:15:52+08:00 ] /MemberMsg/index | SQL: SELECT * FROM `auth_group` WHERE status=1  [ RunTime:0.005988s ]
[ 2017-07-07T14:15:52+08:00 ] /MemberMsg/index | SQL: SHOW COLUMNS FROM `user` [ RunTime:0.007653s ]
[ 2017-07-07T14:15:52+08:00 ] /MemberMsg/index | SQL: SELECT `groupid` FROM `user` WHERE id='24' LIMIT 1   [ RunTime:0.006290s ]
[ 2017-07-07T14:15:52+08:00 ] /MemberMsg/index | SQL: SHOW COLUMNS FROM auth_rule ar [ RunTime:0.007693s ]
[ 2017-07-07T14:15:52+08:00 ] /MemberMsg/index | SQL: SELECT ar.*,u.username as addname FROM auth_rule ar LEFT JOIN user u on u.id=ar.adduser WHERE ar.status=1 and ar.pid != 0 and ar.groupid='3' ORDER BY ar.sort asc,ar.timeadd  [ RunTime:0.007265s ]
[ 2017-07-07T14:15:52+08:00 ] /MemberMsg/index | SQL: SELECT `typeid` FROM `user` WHERE id=24 LIMIT 1   [ RunTime:0.006147s ]
[ 2017-07-07T14:15:52+08:00 ] /MemberMsg/index | SQL: SHOW COLUMNS FROM user u [ RunTime:0.006102s ]
[ 2017-07-07T14:15:52+08:00 ] /MemberMsg/index | SQL: SELECT at.rule FROM user u LEFT JOIN auth_type at on at.id=u.typeid WHERE u.id=24 and at.status=1 LIMIT 1   [ RunTime:0.005913s ]
[ 2017-07-07T14:15:52+08:00 ] /MemberMsg/index | SQL: SHOW COLUMNS FROM `welive_msg` [ RunTime:0.007694s ]
[ 2017-07-07T14:15:52+08:00 ] /MemberMsg/index | SQL: SELECT `fro_to_id`,max(created) max_created FROM `welive_msg` WHERE ( `fro_to_id` LIKE '%\\_24' ) GROUP BY fro_to_id ORDER BY type asc,created asc  [ RunTime:0.006489s ]
[ 2017-07-07T14:15:52+08:00 ] /MemberMsg/index | SQL: SHOW COLUMNS FROM member m [ RunTime:0.006132s ]
[ 2017-07-07T14:15:52+08:00 ] /MemberMsg/index | SQL: SELECT m.id,mi.names,m.username,m.mobile FROM member m LEFT JOIN member_info mi on mi.memberid = m.id WHERE ( m.id = '31' ) LIMIT 1   [ RunTime:0.006333s ]
[ 2017-07-07T14:15:52+08:00 ] /MemberMsg/index | SQL: SELECT COUNT(*) AS tp_count FROM `welive_msg` WHERE ( `fro_to_id` = '31_24' ) AND ( `type` = 0 ) LIMIT 1   [ RunTime:0.006697s ]
[ 2017-07-07T14:15:52+08:00 ] /MemberMsg/index | SQL: SELECT m.id,mi.names,m.username,m.mobile FROM member m LEFT JOIN member_info mi on mi.memberid = m.id WHERE ( m.id = '8' ) LIMIT 1   [ RunTime:0.006268s ]
[ 2017-07-07T14:15:52+08:00 ] /MemberMsg/index | SQL: SELECT COUNT(*) AS tp_count FROM `welive_msg` WHERE ( `fro_to_id` = '8_24' ) AND ( `type` = 0 ) LIMIT 1   [ RunTime:0.006573s ]

[ 2017-07-07T14:15:53+08:00 ] 127.0.0.1 /MemberMsg/index
[ 2017-07-07T14:15:52+08:00 ] /MemberMsg/index | SQL: SHOW COLUMNS FROM `auth_group` [ RunTime:0.006742s ]
[ 2017-07-07T14:15:52+08:00 ] /MemberMsg/index | SQL: SELECT * FROM `auth_group` WHERE status=1  [ RunTime:0.005412s ]
[ 2017-07-07T14:15:52+08:00 ] /MemberMsg/index | SQL: SHOW COLUMNS FROM `user` [ RunTime:0.006907s ]
[ 2017-07-07T14:15:52+08:00 ] /MemberMsg/index | SQL: SELECT `groupid` FROM `user` WHERE id='24' LIMIT 1   [ RunTime:0.005309s ]
[ 2017-07-07T14:15:52+08:00 ] /MemberMsg/index | SQL: SHOW COLUMNS FROM auth_rule ar [ RunTime:0.005494s ]
[ 2017-07-07T14:15:52+08:00 ] /MemberMsg/index | SQL: SELECT ar.*,u.username as addname FROM auth_rule ar LEFT JOIN user u on u.id=ar.adduser WHERE ar.status=1 and ar.pid != 0 and ar.groupid='3' ORDER BY ar.sort asc,ar.timeadd  [ RunTime:0.006814s ]
[ 2017-07-07T14:15:52+08:00 ] /MemberMsg/index | SQL: SELECT `typeid` FROM `user` WHERE id=24 LIMIT 1   [ RunTime:0.005576s ]
[ 2017-07-07T14:15:52+08:00 ] /MemberMsg/index | SQL: SHOW COLUMNS FROM user u [ RunTime:0.005250s ]
[ 2017-07-07T14:15:52+08:00 ] /MemberMsg/index | SQL: SELECT at.rule FROM user u LEFT JOIN auth_type at on at.id=u.typeid WHERE u.id=24 and at.status=1 LIMIT 1   [ RunTime:0.004969s ]
[ 2017-07-07T14:15:52+08:00 ] /MemberMsg/index | SQL: SHOW COLUMNS FROM `welive_msg` [ RunTime:0.007465s ]
[ 2017-07-07T14:15:52+08:00 ] /MemberMsg/index | SQL: SELECT `fro_to_id`,max(created) max_created FROM `welive_msg` WHERE ( `fro_to_id` LIKE '%\\_24' ) GROUP BY fro_to_id ORDER BY type asc,created asc  [ RunTime:0.006159s ]
[ 2017-07-07T14:15:52+08:00 ] /MemberMsg/index | SQL: SHOW COLUMNS FROM member m [ RunTime:0.004873s ]
[ 2017-07-07T14:15:52+08:00 ] /MemberMsg/index | SQL: SELECT m.id,mi.names,m.username,m.mobile FROM member m LEFT JOIN member_info mi on mi.memberid = m.id WHERE ( m.id = '31' ) LIMIT 1   [ RunTime:0.005445s ]
[ 2017-07-07T14:15:52+08:00 ] /MemberMsg/index | SQL: SELECT COUNT(*) AS tp_count FROM `welive_msg` WHERE ( `fro_to_id` = '31_24' ) AND ( `type` = 0 ) LIMIT 1   [ RunTime:0.005302s ]
[ 2017-07-07T14:15:52+08:00 ] /MemberMsg/index | SQL: SELECT m.id,mi.names,m.username,m.mobile FROM member m LEFT JOIN member_info mi on mi.memberid = m.id WHERE ( m.id = '8' ) LIMIT 1   [ RunTime:0.004805s ]
[ 2017-07-07T14:15:52+08:00 ] /MemberMsg/index | SQL: SELECT COUNT(*) AS tp_count FROM `welive_msg` WHERE ( `fro_to_id` = '8_24' ) AND ( `type` = 0 ) LIMIT 1   [ RunTime:0.004750s ]

[ 2017-07-07T14:16:13+08:00 ] 127.0.0.1 /MemberMsg/index
[ 2017-07-07T14:16:13+08:00 ] /MemberMsg/index | SQL: SHOW COLUMNS FROM `auth_group` [ RunTime:0.006724s ]
[ 2017-07-07T14:16:13+08:00 ] /MemberMsg/index | SQL: SELECT * FROM `auth_group` WHERE status=1  [ RunTime:0.005015s ]
[ 2017-07-07T14:16:13+08:00 ] /MemberMsg/index | SQL: SHOW COLUMNS FROM `user` [ RunTime:0.007499s ]
[ 2017-07-07T14:16:13+08:00 ] /MemberMsg/index | SQL: SELECT `groupid` FROM `user` WHERE id='24' LIMIT 1   [ RunTime:0.005344s ]
[ 2017-07-07T14:16:13+08:00 ] /MemberMsg/index | SQL: SHOW COLUMNS FROM auth_rule ar [ RunTime:0.004838s ]
[ 2017-07-07T14:16:13+08:00 ] /MemberMsg/index | SQL: SELECT ar.*,u.username as addname FROM auth_rule ar LEFT JOIN user u on u.id=ar.adduser WHERE ar.status=1 and ar.pid != 0 and ar.groupid='3' ORDER BY ar.sort asc,ar.timeadd  [ RunTime:0.007487s ]
[ 2017-07-07T14:16:13+08:00 ] /MemberMsg/index | SQL: SELECT `typeid` FROM `user` WHERE id=24 LIMIT 1   [ RunTime:0.005569s ]
[ 2017-07-07T14:16:13+08:00 ] /MemberMsg/index | SQL: SHOW COLUMNS FROM user u [ RunTime:0.005103s ]
[ 2017-07-07T14:16:13+08:00 ] /MemberMsg/index | SQL: SELECT at.rule FROM user u LEFT JOIN auth_type at on at.id=u.typeid WHERE u.id=24 and at.status=1 LIMIT 1   [ RunTime:0.004963s ]
[ 2017-07-07T14:16:13+08:00 ] /MemberMsg/index | SQL: SHOW COLUMNS FROM `welive_msg` [ RunTime:0.006129s ]
[ 2017-07-07T14:16:13+08:00 ] /MemberMsg/index | SQL: SELECT `fro_to_id`,max(created) max_created FROM `welive_msg` WHERE ( `fro_to_id` LIKE '%\\_24' ) GROUP BY fro_to_id ORDER BY type asc,created asc  [ RunTime:0.005343s ]
[ 2017-07-07T14:16:13+08:00 ] /MemberMsg/index | SQL: SHOW COLUMNS FROM member m [ RunTime:0.005044s ]
[ 2017-07-07T14:16:13+08:00 ] /MemberMsg/index | SQL: SELECT m.id,mi.names,m.username,m.mobile FROM member m LEFT JOIN member_info mi on mi.memberid = m.id WHERE ( m.id = '31' ) LIMIT 1   [ RunTime:0.005385s ]
[ 2017-07-07T14:16:13+08:00 ] /MemberMsg/index | SQL: SELECT COUNT(*) AS tp_count FROM `welive_msg` WHERE ( `fro_to_id` = '31_24' ) AND ( `type` = 0 ) LIMIT 1   [ RunTime:0.005242s ]
[ 2017-07-07T14:16:13+08:00 ] /MemberMsg/index | SQL: SELECT m.id,mi.names,m.username,m.mobile FROM member m LEFT JOIN member_info mi on mi.memberid = m.id WHERE ( m.id = '8' ) LIMIT 1   [ RunTime:0.004973s ]
[ 2017-07-07T14:16:13+08:00 ] /MemberMsg/index | SQL: SELECT COUNT(*) AS tp_count FROM `welive_msg` WHERE ( `fro_to_id` = '8_24' ) AND ( `type` = 0 ) LIMIT 1   [ RunTime:0.005889s ]

[ 2017-07-07T14:16:13+08:00 ] 127.0.0.1 /MemberMsg/index
[ 2017-07-07T14:16:13+08:00 ] /MemberMsg/index | SQL: SHOW COLUMNS FROM `auth_group` [ RunTime:0.006690s ]
[ 2017-07-07T14:16:13+08:00 ] /MemberMsg/index | SQL: SELECT * FROM `auth_group` WHERE status=1  [ RunTime:0.005664s ]
[ 2017-07-07T14:16:13+08:00 ] /MemberMsg/index | SQL: SHOW COLUMNS FROM `user` [ RunTime:0.007655s ]
[ 2017-07-07T14:16:13+08:00 ] /MemberMsg/index | SQL: SELECT `groupid` FROM `user` WHERE id='24' LIMIT 1   [ RunTime:0.006301s ]
[ 2017-07-07T14:16:13+08:00 ] /MemberMsg/index | SQL: SHOW COLUMNS FROM auth_rule ar [ RunTime:0.005769s ]
[ 2017-07-07T14:16:13+08:00 ] /MemberMsg/index | SQL: SELECT ar.*,u.username as addname FROM auth_rule ar LEFT JOIN user u on u.id=ar.adduser WHERE ar.status=1 and ar.pid != 0 and ar.groupid='3' ORDER BY ar.sort asc,ar.timeadd  [ RunTime:0.007306s ]
[ 2017-07-07T14:16:13+08:00 ] /MemberMsg/index | SQL: SELECT `typeid` FROM `user` WHERE id=24 LIMIT 1   [ RunTime:0.005655s ]
[ 2017-07-07T14:16:13+08:00 ] /MemberMsg/index | SQL: SHOW COLUMNS FROM user u [ RunTime:0.005890s ]
[ 2017-07-07T14:16:13+08:00 ] /MemberMsg/index | SQL: SELECT at.rule FROM user u LEFT JOIN auth_type at on at.id=u.typeid WHERE u.id=24 and at.status=1 LIMIT 1   [ RunTime:0.006479s ]
[ 2017-07-07T14:16:13+08:00 ] /MemberMsg/index | SQL: SHOW COLUMNS FROM `welive_msg` [ RunTime:0.007068s ]
[ 2017-07-07T14:16:13+08:00 ] /MemberMsg/index | SQL: SELECT `fro_to_id`,max(created) max_created FROM `welive_msg` WHERE ( `fro_to_id` LIKE '%\\_24' ) GROUP BY fro_to_id ORDER BY type asc,created asc  [ RunTime:0.006005s ]
[ 2017-07-07T14:16:13+08:00 ] /MemberMsg/index | SQL: SHOW COLUMNS FROM member m [ RunTime:0.006055s ]
[ 2017-07-07T14:16:13+08:00 ] /MemberMsg/index | SQL: SELECT m.id,mi.names,m.username,m.mobile FROM member m LEFT JOIN member_info mi on mi.memberid = m.id WHERE ( m.id = '31' ) LIMIT 1   [ RunTime:0.006992s ]
[ 2017-07-07T14:16:13+08:00 ] /MemberMsg/index | SQL: SELECT COUNT(*) AS tp_count FROM `welive_msg` WHERE ( `fro_to_id` = '31_24' ) AND ( `type` = 0 ) LIMIT 1   [ RunTime:0.005750s ]
[ 2017-07-07T14:16:13+08:00 ] /MemberMsg/index | SQL: SELECT m.id,mi.names,m.username,m.mobile FROM member m LEFT JOIN member_info mi on mi.memberid = m.id WHERE ( m.id = '8' ) LIMIT 1   [ RunTime:0.006386s ]
[ 2017-07-07T14:16:13+08:00 ] /MemberMsg/index | SQL: SELECT COUNT(*) AS tp_count FROM `welive_msg` WHERE ( `fro_to_id` = '8_24' ) AND ( `type` = 0 ) LIMIT 1   [ RunTime:0.006790s ]

[ 2017-07-07T14:16:13+08:00 ] 127.0.0.1 /MemberMsg/index
[ 2017-07-07T14:16:13+08:00 ] /MemberMsg/index | SQL: SHOW COLUMNS FROM `auth_group` [ RunTime:0.006080s ]
[ 2017-07-07T14:16:13+08:00 ] /MemberMsg/index | SQL: SELECT * FROM `auth_group` WHERE status=1  [ RunTime:0.004887s ]
[ 2017-07-07T14:16:13+08:00 ] /MemberMsg/index | SQL: SHOW COLUMNS FROM `user` [ RunTime:0.006170s ]
[ 2017-07-07T14:16:13+08:00 ] /MemberMsg/index | SQL: SELECT `groupid` FROM `user` WHERE id='24' LIMIT 1   [ RunTime:0.004913s ]
[ 2017-07-07T14:16:13+08:00 ] /MemberMsg/index | SQL: SHOW COLUMNS FROM auth_rule ar [ RunTime:0.004402s ]
[ 2017-07-07T14:16:13+08:00 ] /MemberMsg/index | SQL: SELECT ar.*,u.username as addname FROM auth_rule ar LEFT JOIN user u on u.id=ar.adduser WHERE ar.status=1 and ar.pid != 0 and ar.groupid='3' ORDER BY ar.sort asc,ar.timeadd  [ RunTime:0.006564s ]
[ 2017-07-07T14:16:13+08:00 ] /MemberMsg/index | SQL: SELECT `typeid` FROM `user` WHERE id=24 LIMIT 1   [ RunTime:0.004856s ]
[ 2017-07-07T14:16:13+08:00 ] /MemberMsg/index | SQL: SHOW COLUMNS FROM user u [ RunTime:0.004941s ]
[ 2017-07-07T14:16:13+08:00 ] /MemberMsg/index | SQL: SELECT at.rule FROM user u LEFT JOIN auth_type at on at.id=u.typeid WHERE u.id=24 and at.status=1 LIMIT 1   [ RunTime:0.004289s ]
[ 2017-07-07T14:16:13+08:00 ] /MemberMsg/index | SQL: SHOW COLUMNS FROM `welive_msg` [ RunTime:0.005636s ]
[ 2017-07-07T14:16:13+08:00 ] /MemberMsg/index | SQL: SELECT `fro_to_id`,max(created) max_created FROM `welive_msg` WHERE ( `fro_to_id` LIKE '%\\_24' ) GROUP BY fro_to_id ORDER BY type asc,created asc  [ RunTime:0.004718s ]
[ 2017-07-07T14:16:13+08:00 ] /MemberMsg/index | SQL: SHOW COLUMNS FROM member m [ RunTime:0.004201s ]
[ 2017-07-07T14:16:13+08:00 ] /MemberMsg/index | SQL: SELECT m.id,mi.names,m.username,m.mobile FROM member m LEFT JOIN member_info mi on mi.memberid = m.id WHERE ( m.id = '31' ) LIMIT 1   [ RunTime:0.005640s ]
[ 2017-07-07T14:16:13+08:00 ] /MemberMsg/index | SQL: SELECT COUNT(*) AS tp_count FROM `welive_msg` WHERE ( `fro_to_id` = '31_24' ) AND ( `type` = 0 ) LIMIT 1   [ RunTime:0.004504s ]
[ 2017-07-07T14:16:13+08:00 ] /MemberMsg/index | SQL: SELECT m.id,mi.names,m.username,m.mobile FROM member m LEFT JOIN member_info mi on mi.memberid = m.id WHERE ( m.id = '8' ) LIMIT 1   [ RunTime:0.005321s ]
[ 2017-07-07T14:16:13+08:00 ] /MemberMsg/index | SQL: SELECT COUNT(*) AS tp_count FROM `welive_msg` WHERE ( `fro_to_id` = '8_24' ) AND ( `type` = 0 ) LIMIT 1   [ RunTime:0.004775s ]

[ 2017-07-07T14:16:33+08:00 ] 127.0.0.1 /MemberMsg/index
[ 2017-07-07T14:16:33+08:00 ] /MemberMsg/index | SQL: SHOW COLUMNS FROM `auth_group` [ RunTime:0.006849s ]
[ 2017-07-07T14:16:33+08:00 ] /MemberMsg/index | SQL: SELECT * FROM `auth_group` WHERE status=1  [ RunTime:0.005753s ]
[ 2017-07-07T14:16:33+08:00 ] /MemberMsg/index | SQL: SHOW COLUMNS FROM `user` [ RunTime:0.007723s ]
[ 2017-07-07T14:16:33+08:00 ] /MemberMsg/index | SQL: SELECT `groupid` FROM `user` WHERE id='24' LIMIT 1   [ RunTime:0.006373s ]
[ 2017-07-07T14:16:33+08:00 ] /MemberMsg/index | SQL: SHOW COLUMNS FROM auth_rule ar [ RunTime:0.006074s ]
[ 2017-07-07T14:16:33+08:00 ] /MemberMsg/index | SQL: SELECT ar.*,u.username as addname FROM auth_rule ar LEFT JOIN user u on u.id=ar.adduser WHERE ar.status=1 and ar.pid != 0 and ar.groupid='3' ORDER BY ar.sort asc,ar.timeadd  [ RunTime:0.007420s ]
[ 2017-07-07T14:16:33+08:00 ] /MemberMsg/index | SQL: SELECT `typeid` FROM `user` WHERE id=24 LIMIT 1   [ RunTime:0.006477s ]
[ 2017-07-07T14:16:33+08:00 ] /MemberMsg/index | SQL: SHOW COLUMNS FROM user u [ RunTime:0.006133s ]
[ 2017-07-07T14:16:33+08:00 ] /MemberMsg/index | SQL: SELECT at.rule FROM user u LEFT JOIN auth_type at on at.id=u.typeid WHERE u.id=24 and at.status=1 LIMIT 1   [ RunTime:0.005731s ]
[ 2017-07-07T14:16:33+08:00 ] /MemberMsg/index | SQL: SHOW COLUMNS FROM `welive_msg` [ RunTime:0.007446s ]
[ 2017-07-07T14:16:33+08:00 ] /MemberMsg/index | SQL: SELECT `fro_to_id`,max(created) max_created FROM `welive_msg` WHERE ( `fro_to_id` LIKE '%\\_24' ) GROUP BY fro_to_id ORDER BY type asc,created asc  [ RunTime:0.006944s ]
[ 2017-07-07T14:16:33+08:00 ] /MemberMsg/index | SQL: SHOW COLUMNS FROM member m [ RunTime:0.006082s ]
[ 2017-07-07T14:16:33+08:00 ] /MemberMsg/index | SQL: SELECT m.id,mi.names,m.username,m.mobile FROM member m LEFT JOIN member_info mi on mi.memberid = m.id WHERE ( m.id = '31' ) LIMIT 1   [ RunTime:0.006822s ]
[ 2017-07-07T14:16:33+08:00 ] /MemberMsg/index | SQL: SELECT COUNT(*) AS tp_count FROM `welive_msg` WHERE ( `fro_to_id` = '31_24' ) AND ( `type` = 0 ) LIMIT 1   [ RunTime:0.005812s ]
[ 2017-07-07T14:16:33+08:00 ] /MemberMsg/index | SQL: SELECT m.id,mi.names,m.username,m.mobile FROM member m LEFT JOIN member_info mi on mi.memberid = m.id WHERE ( m.id = '8' ) LIMIT 1   [ RunTime:0.005871s ]
[ 2017-07-07T14:16:33+08:00 ] /MemberMsg/index | SQL: SELECT COUNT(*) AS tp_count FROM `welive_msg` WHERE ( `fro_to_id` = '8_24' ) AND ( `type` = 0 ) LIMIT 1   [ RunTime:0.006977s ]

[ 2017-07-07T14:16:54+08:00 ] 127.0.0.1 /MemberMsg/index
[ 2017-07-07T14:16:54+08:00 ] /MemberMsg/index | SQL: SHOW COLUMNS FROM `auth_group` [ RunTime:0.006574s ]
[ 2017-07-07T14:16:54+08:00 ] /MemberMsg/index | SQL: SELECT * FROM `auth_group` WHERE status=1  [ RunTime:0.005789s ]
[ 2017-07-07T14:16:54+08:00 ] /MemberMsg/index | SQL: SHOW COLUMNS FROM `user` [ RunTime:0.006957s ]
[ 2017-07-07T14:16:54+08:00 ] /MemberMsg/index | SQL: SELECT `groupid` FROM `user` WHERE id='24' LIMIT 1   [ RunTime:0.005767s ]
[ 2017-07-07T14:16:54+08:00 ] /MemberMsg/index | SQL: SHOW COLUMNS FROM auth_rule ar [ RunTime:0.006001s ]
[ 2017-07-07T14:16:54+08:00 ] /MemberMsg/index | SQL: SELECT ar.*,u.username as addname FROM auth_rule ar LEFT JOIN user u on u.id=ar.adduser WHERE ar.status=1 and ar.pid != 0 and ar.groupid='3' ORDER BY ar.sort asc,ar.timeadd  [ RunTime:0.006990s ]
[ 2017-07-07T14:16:54+08:00 ] /MemberMsg/index | SQL: SELECT `typeid` FROM `user` WHERE id=24 LIMIT 1   [ RunTime:0.005645s ]
[ 2017-07-07T14:16:54+08:00 ] /MemberMsg/index | SQL: SHOW COLUMNS FROM user u [ RunTime:0.005820s ]
[ 2017-07-07T14:16:54+08:00 ] /MemberMsg/index | SQL: SELECT at.rule FROM user u LEFT JOIN auth_type at on at.id=u.typeid WHERE u.id=24 and at.status=1 LIMIT 1   [ RunTime:0.005678s ]
[ 2017-07-07T14:16:54+08:00 ] /MemberMsg/index | SQL: SHOW COLUMNS FROM `welive_msg` [ RunTime:0.006499s ]
[ 2017-07-07T14:16:54+08:00 ] /MemberMsg/index | SQL: SELECT `fro_to_id`,max(created) max_created FROM `welive_msg` WHERE ( `fro_to_id` LIKE '%\\_24' ) GROUP BY fro_to_id ORDER BY type asc,created asc  [ RunTime:0.006351s ]
[ 2017-07-07T14:16:54+08:00 ] /MemberMsg/index | SQL: SHOW COLUMNS FROM member m [ RunTime:0.005385s ]
[ 2017-07-07T14:16:54+08:00 ] /MemberMsg/index | SQL: SELECT m.id,mi.names,m.username,m.mobile FROM member m LEFT JOIN member_info mi on mi.memberid = m.id WHERE ( m.id = '31' ) LIMIT 1   [ RunTime:0.005465s ]
[ 2017-07-07T14:16:54+08:00 ] /MemberMsg/index | SQL: SELECT COUNT(*) AS tp_count FROM `welive_msg` WHERE ( `fro_to_id` = '31_24' ) AND ( `type` = 0 ) LIMIT 1   [ RunTime:0.005711s ]
[ 2017-07-07T14:16:54+08:00 ] /MemberMsg/index | SQL: SELECT m.id,mi.names,m.username,m.mobile FROM member m LEFT JOIN member_info mi on mi.memberid = m.id WHERE ( m.id = '8' ) LIMIT 1   [ RunTime:0.006230s ]
[ 2017-07-07T14:16:54+08:00 ] /MemberMsg/index | SQL: SELECT COUNT(*) AS tp_count FROM `welive_msg` WHERE ( `fro_to_id` = '8_24' ) AND ( `type` = 0 ) LIMIT 1   [ RunTime:0.005429s ]

[ 2017-07-07T14:17:14+08:00 ] 127.0.0.1 /MemberMsg/index
[ 2017-07-07T14:17:14+08:00 ] /MemberMsg/index | SQL: SHOW COLUMNS FROM `auth_group` [ RunTime:0.006048s ]
[ 2017-07-07T14:17:14+08:00 ] /MemberMsg/index | SQL: SELECT * FROM `auth_group` WHERE status=1  [ RunTime:0.005403s ]
[ 2017-07-07T14:17:14+08:00 ] /MemberMsg/index | SQL: SHOW COLUMNS FROM `user` [ RunTime:0.006039s ]
[ 2017-07-07T14:17:14+08:00 ] /MemberMsg/index | SQL: SELECT `groupid` FROM `user` WHERE id='24' LIMIT 1   [ RunTime:0.005031s ]
[ 2017-07-07T14:17:14+08:00 ] /MemberMsg/index | SQL: SHOW COLUMNS FROM auth_rule ar [ RunTime:0.005454s ]
[ 2017-07-07T14:17:14+08:00 ] /MemberMsg/index | SQL: SELECT ar.*,u.username as addname FROM auth_rule ar LEFT JOIN user u on u.id=ar.adduser WHERE ar.status=1 and ar.pid != 0 and ar.groupid='3' ORDER BY ar.sort asc,ar.timeadd  [ RunTime:0.007070s ]
[ 2017-07-07T14:17:14+08:00 ] /MemberMsg/index | SQL: SELECT `typeid` FROM `user` WHERE id=24 LIMIT 1   [ RunTime:0.005506s ]
[ 2017-07-07T14:17:14+08:00 ] /MemberMsg/index | SQL: SHOW COLUMNS FROM user u [ RunTime:0.005365s ]
[ 2017-07-07T14:17:14+08:00 ] /MemberMsg/index | SQL: SELECT at.rule FROM user u LEFT JOIN auth_type at on at.id=u.typeid WHERE u.id=24 and at.status=1 LIMIT 1   [ RunTime:0.005663s ]
[ 2017-07-07T14:17:14+08:00 ] /MemberMsg/index | SQL: SHOW COLUMNS FROM `welive_msg` [ RunTime:0.006545s ]
[ 2017-07-07T14:17:14+08:00 ] /MemberMsg/index | SQL: SELECT `fro_to_id`,max(created) max_created FROM `welive_msg` WHERE ( `fro_to_id` LIKE '%\\_24' ) GROUP BY fro_to_id ORDER BY type asc,created asc  [ RunTime:0.005176s ]
[ 2017-07-07T14:17:14+08:00 ] /MemberMsg/index | SQL: SHOW COLUMNS FROM member m [ RunTime:0.004987s ]
[ 2017-07-07T14:17:14+08:00 ] /MemberMsg/index | SQL: SELECT m.id,mi.names,m.username,m.mobile FROM member m LEFT JOIN member_info mi on mi.memberid = m.id WHERE ( m.id = '31' ) LIMIT 1   [ RunTime:0.005287s ]
[ 2017-07-07T14:17:14+08:00 ] /MemberMsg/index | SQL: SELECT COUNT(*) AS tp_count FROM `welive_msg` WHERE ( `fro_to_id` = '31_24' ) AND ( `type` = 0 ) LIMIT 1   [ RunTime:0.005057s ]
[ 2017-07-07T14:17:14+08:00 ] /MemberMsg/index | SQL: SELECT m.id,mi.names,m.username,m.mobile FROM member m LEFT JOIN member_info mi on mi.memberid = m.id WHERE ( m.id = '8' ) LIMIT 1   [ RunTime:0.005425s ]
[ 2017-07-07T14:17:14+08:00 ] /MemberMsg/index | SQL: SELECT COUNT(*) AS tp_count FROM `welive_msg` WHERE ( `fro_to_id` = '8_24' ) AND ( `type` = 0 ) LIMIT 1   [ RunTime:0.005401s ]

[ 2017-07-07T14:17:34+08:00 ] 127.0.0.1 /MemberMsg/index
[ 2017-07-07T14:17:34+08:00 ] /MemberMsg/index | SQL: SHOW COLUMNS FROM `auth_group` [ RunTime:0.005576s ]
[ 2017-07-07T14:17:34+08:00 ] /MemberMsg/index | SQL: SELECT * FROM `auth_group` WHERE status=1  [ RunTime:0.005066s ]
[ 2017-07-07T14:17:34+08:00 ] /MemberMsg/index | SQL: SHOW COLUMNS FROM `user` [ RunTime:0.007025s ]
[ 2017-07-07T14:17:34+08:00 ] /MemberMsg/index | SQL: SELECT `groupid` FROM `user` WHERE id='24' LIMIT 1   [ RunTime:0.004439s ]
[ 2017-07-07T14:17:34+08:00 ] /MemberMsg/index | SQL: SHOW COLUMNS FROM auth_rule ar [ RunTime:0.004739s ]
[ 2017-07-07T14:17:34+08:00 ] /MemberMsg/index | SQL: SELECT ar.*,u.username as addname FROM auth_rule ar LEFT JOIN user u on u.id=ar.adduser WHERE ar.status=1 and ar.pid != 0 and ar.groupid='3' ORDER BY ar.sort asc,ar.timeadd  [ RunTime:0.006331s ]
[ 2017-07-07T14:17:34+08:00 ] /MemberMsg/index | SQL: SELECT `typeid` FROM `user` WHERE id=24 LIMIT 1   [ RunTime:0.004808s ]
[ 2017-07-07T14:17:34+08:00 ] /MemberMsg/index | SQL: SHOW COLUMNS FROM user u [ RunTime:0.004438s ]
[ 2017-07-07T14:17:34+08:00 ] /MemberMsg/index | SQL: SELECT at.rule FROM user u LEFT JOIN auth_type at on at.id=u.typeid WHERE u.id=24 and at.status=1 LIMIT 1   [ RunTime:0.005382s ]
[ 2017-07-07T14:17:34+08:00 ] /MemberMsg/index | SQL: SHOW COLUMNS FROM `welive_msg` [ RunTime:0.006187s ]
[ 2017-07-07T14:17:34+08:00 ] /MemberMsg/index | SQL: SELECT `fro_to_id`,max(created) max_created FROM `welive_msg` WHERE ( `fro_to_id` LIKE '%\\_24' ) GROUP BY fro_to_id ORDER BY type asc,created asc  [ RunTime:0.005353s ]
[ 2017-07-07T14:17:34+08:00 ] /MemberMsg/index | SQL: SHOW COLUMNS FROM member m [ RunTime:0.003961s ]
[ 2017-07-07T14:17:34+08:00 ] /MemberMsg/index | SQL: SELECT m.id,mi.names,m.username,m.mobile FROM member m LEFT JOIN member_info mi on mi.memberid = m.id WHERE ( m.id = '31' ) LIMIT 1   [ RunTime:0.004615s ]
[ 2017-07-07T14:17:34+08:00 ] /MemberMsg/index | SQL: SELECT COUNT(*) AS tp_count FROM `welive_msg` WHERE ( `fro_to_id` = '31_24' ) AND ( `type` = 0 ) LIMIT 1   [ RunTime:0.005217s ]
[ 2017-07-07T14:17:34+08:00 ] /MemberMsg/index | SQL: SELECT m.id,mi.names,m.username,m.mobile FROM member m LEFT JOIN member_info mi on mi.memberid = m.id WHERE ( m.id = '8' ) LIMIT 1   [ RunTime:0.004713s ]
[ 2017-07-07T14:17:34+08:00 ] /MemberMsg/index | SQL: SELECT COUNT(*) AS tp_count FROM `welive_msg` WHERE ( `fro_to_id` = '8_24' ) AND ( `type` = 0 ) LIMIT 1   [ RunTime:0.005002s ]

[ 2017-07-07T14:17:34+08:00 ] 127.0.0.1 /MemberMsg/index
[ 2017-07-07T14:17:34+08:00 ] /MemberMsg/index | SQL: SHOW COLUMNS FROM `auth_group` [ RunTime:0.006703s ]
[ 2017-07-07T14:17:34+08:00 ] /MemberMsg/index | SQL: SELECT * FROM `auth_group` WHERE status=1  [ RunTime:0.005155s ]
[ 2017-07-07T14:17:34+08:00 ] /MemberMsg/index | SQL: SHOW COLUMNS FROM `user` [ RunTime:0.006880s ]
[ 2017-07-07T14:17:34+08:00 ] /MemberMsg/index | SQL: SELECT `groupid` FROM `user` WHERE id='24' LIMIT 1   [ RunTime:0.005271s ]
[ 2017-07-07T14:17:34+08:00 ] /MemberMsg/index | SQL: SHOW COLUMNS FROM auth_rule ar [ RunTime:0.004957s ]
[ 2017-07-07T14:17:34+08:00 ] /MemberMsg/index | SQL: SELECT ar.*,u.username as addname FROM auth_rule ar LEFT JOIN user u on u.id=ar.adduser WHERE ar.status=1 and ar.pid != 0 and ar.groupid='3' ORDER BY ar.sort asc,ar.timeadd  [ RunTime:0.007701s ]
[ 2017-07-07T14:17:34+08:00 ] /MemberMsg/index | SQL: SELECT `typeid` FROM `user` WHERE id=24 LIMIT 1   [ RunTime:0.005285s ]
[ 2017-07-07T14:17:34+08:00 ] /MemberMsg/index | SQL: SHOW COLUMNS FROM user u [ RunTime:0.005543s ]
[ 2017-07-07T14:17:34+08:00 ] /MemberMsg/index | SQL: SELECT at.rule FROM user u LEFT JOIN auth_type at on at.id=u.typeid WHERE u.id=24 and at.status=1 LIMIT 1   [ RunTime:0.006106s ]
[ 2017-07-07T14:17:34+08:00 ] /MemberMsg/index | SQL: SHOW COLUMNS FROM `welive_msg` [ RunTime:0.006651s ]
[ 2017-07-07T14:17:34+08:00 ] /MemberMsg/index | SQL: SELECT `fro_to_id`,max(created) max_created FROM `welive_msg` WHERE ( `fro_to_id` LIKE '%\\_24' ) GROUP BY fro_to_id ORDER BY type asc,created asc  [ RunTime:0.006054s ]
[ 2017-07-07T14:17:34+08:00 ] /MemberMsg/index | SQL: SHOW COLUMNS FROM member m [ RunTime:0.005705s ]
[ 2017-07-07T14:17:34+08:00 ] /MemberMsg/index | SQL: SELECT m.id,mi.names,m.username,m.mobile FROM member m LEFT JOIN member_info mi on mi.memberid = m.id WHERE ( m.id = '31' ) LIMIT 1   [ RunTime:0.006127s ]
[ 2017-07-07T14:17:34+08:00 ] /MemberMsg/index | SQL: SELECT COUNT(*) AS tp_count FROM `welive_msg` WHERE ( `fro_to_id` = '31_24' ) AND ( `type` = 0 ) LIMIT 1   [ RunTime:0.005450s ]
[ 2017-07-07T14:17:34+08:00 ] /MemberMsg/index | SQL: SELECT m.id,mi.names,m.username,m.mobile FROM member m LEFT JOIN member_info mi on mi.memberid = m.id WHERE ( m.id = '8' ) LIMIT 1   [ RunTime:0.005795s ]
[ 2017-07-07T14:17:34+08:00 ] /MemberMsg/index | SQL: SELECT COUNT(*) AS tp_count FROM `welive_msg` WHERE ( `fro_to_id` = '8_24' ) AND ( `type` = 0 ) LIMIT 1   [ RunTime:0.005460s ]

[ 2017-07-07T14:17:55+08:00 ] 127.0.0.1 /MemberMsg/index
[ 2017-07-07T14:17:54+08:00 ] /MemberMsg/index | SQL: SHOW COLUMNS FROM `auth_group` [ RunTime:0.004607s ]
[ 2017-07-07T14:17:54+08:00 ] /MemberMsg/index | SQL: SELECT * FROM `auth_group` WHERE status=1  [ RunTime:0.004262s ]
[ 2017-07-07T14:17:55+08:00 ] /MemberMsg/index | SQL: SHOW COLUMNS FROM `user` [ RunTime:0.005838s ]
[ 2017-07-07T14:17:55+08:00 ] /MemberMsg/index | SQL: SELECT `groupid` FROM `user` WHERE id='24' LIMIT 1   [ RunTime:0.004534s ]
[ 2017-07-07T14:17:55+08:00 ] /MemberMsg/index | SQL: SHOW COLUMNS FROM auth_rule ar [ RunTime:0.003930s ]
[ 2017-07-07T14:17:55+08:00 ] /MemberMsg/index | SQL: SELECT ar.*,u.username as addname FROM auth_rule ar LEFT JOIN user u on u.id=ar.adduser WHERE ar.status=1 and ar.pid != 0 and ar.groupid='3' ORDER BY ar.sort asc,ar.timeadd  [ RunTime:0.005555s ]
[ 2017-07-07T14:17:55+08:00 ] /MemberMsg/index | SQL: SELECT `typeid` FROM `user` WHERE id=24 LIMIT 1   [ RunTime:0.003946s ]
[ 2017-07-07T14:17:55+08:00 ] /MemberMsg/index | SQL: SHOW COLUMNS FROM user u [ RunTime:0.003920s ]
[ 2017-07-07T14:17:55+08:00 ] /MemberMsg/index | SQL: SELECT at.rule FROM user u LEFT JOIN auth_type at on at.id=u.typeid WHERE u.id=24 and at.status=1 LIMIT 1   [ RunTime:0.004943s ]
[ 2017-07-07T14:17:55+08:00 ] /MemberMsg/index | SQL: SHOW COLUMNS FROM `welive_msg` [ RunTime:0.004895s ]
[ 2017-07-07T14:17:55+08:00 ] /MemberMsg/index | SQL: SELECT `fro_to_id`,max(created) max_created FROM `welive_msg` WHERE ( `fro_to_id` LIKE '%\\_24' ) GROUP BY fro_to_id ORDER BY type asc,created asc  [ RunTime:0.004289s ]
[ 2017-07-07T14:17:55+08:00 ] /MemberMsg/index | SQL: SHOW COLUMNS FROM member m [ RunTime:0.004038s ]
[ 2017-07-07T14:17:55+08:00 ] /MemberMsg/index | SQL: SELECT m.id,mi.names,m.username,m.mobile FROM member m LEFT JOIN member_info mi on mi.memberid = m.id WHERE ( m.id = '31' ) LIMIT 1   [ RunTime:0.004284s ]
[ 2017-07-07T14:17:55+08:00 ] /MemberMsg/index | SQL: SELECT COUNT(*) AS tp_count FROM `welive_msg` WHERE ( `fro_to_id` = '31_24' ) AND ( `type` = 0 ) LIMIT 1   [ RunTime:0.003814s ]
[ 2017-07-07T14:17:55+08:00 ] /MemberMsg/index | SQL: SELECT m.id,mi.names,m.username,m.mobile FROM member m LEFT JOIN member_info mi on mi.memberid = m.id WHERE ( m.id = '8' ) LIMIT 1   [ RunTime:0.004144s ]
[ 2017-07-07T14:17:55+08:00 ] /MemberMsg/index | SQL: SELECT COUNT(*) AS tp_count FROM `welive_msg` WHERE ( `fro_to_id` = '8_24' ) AND ( `type` = 0 ) LIMIT 1   [ RunTime:0.004041s ]

[ 2017-07-07T14:17:55+08:00 ] 127.0.0.1 /MemberMsg/index
[ 2017-07-07T14:17:55+08:00 ] /MemberMsg/index | SQL: SHOW COLUMNS FROM `auth_group` [ RunTime:0.006248s ]
[ 2017-07-07T14:17:55+08:00 ] /MemberMsg/index | SQL: SELECT * FROM `auth_group` WHERE status=1  [ RunTime:0.005133s ]
[ 2017-07-07T14:17:55+08:00 ] /MemberMsg/index | SQL: SHOW COLUMNS FROM `user` [ RunTime:0.005782s ]
[ 2017-07-07T14:17:55+08:00 ] /MemberMsg/index | SQL: SELECT `groupid` FROM `user` WHERE id='24' LIMIT 1   [ RunTime:0.004224s ]
[ 2017-07-07T14:17:55+08:00 ] /MemberMsg/index | SQL: SHOW COLUMNS FROM auth_rule ar [ RunTime:0.004483s ]
[ 2017-07-07T14:17:55+08:00 ] /MemberMsg/index | SQL: SELECT ar.*,u.username as addname FROM auth_rule ar LEFT JOIN user u on u.id=ar.adduser WHERE ar.status=1 and ar.pid != 0 and ar.groupid='3' ORDER BY ar.sort asc,ar.timeadd  [ RunTime:0.006458s ]
[ 2017-07-07T14:17:55+08:00 ] /MemberMsg/index | SQL: SELECT `typeid` FROM `user` WHERE id=24 LIMIT 1   [ RunTime:0.004668s ]
[ 2017-07-07T14:17:55+08:00 ] /MemberMsg/index | SQL: SHOW COLUMNS FROM user u [ RunTime:0.004679s ]
[ 2017-07-07T14:17:55+08:00 ] /MemberMsg/index | SQL: SELECT at.rule FROM user u LEFT JOIN auth_type at on at.id=u.typeid WHERE u.id=24 and at.status=1 LIMIT 1   [ RunTime:0.005287s ]
[ 2017-07-07T14:17:55+08:00 ] /MemberMsg/index | SQL: SHOW COLUMNS FROM `welive_msg` [ RunTime:0.005722s ]
[ 2017-07-07T14:17:55+08:00 ] /MemberMsg/index | SQL: SELECT `fro_to_id`,max(created) max_created FROM `welive_msg` WHERE ( `fro_to_id` LIKE '%\\_24' ) GROUP BY fro_to_id ORDER BY type asc,created asc  [ RunTime:0.005170s ]
[ 2017-07-07T14:17:55+08:00 ] /MemberMsg/index | SQL: SHOW COLUMNS FROM member m [ RunTime:0.004976s ]
[ 2017-07-07T14:17:55+08:00 ] /MemberMsg/index | SQL: SELECT m.id,mi.names,m.username,m.mobile FROM member m LEFT JOIN member_info mi on mi.memberid = m.id WHERE ( m.id = '31' ) LIMIT 1   [ RunTime:0.004509s ]
[ 2017-07-07T14:17:55+08:00 ] /MemberMsg/index | SQL: SELECT COUNT(*) AS tp_count FROM `welive_msg` WHERE ( `fro_to_id` = '31_24' ) AND ( `type` = 0 ) LIMIT 1   [ RunTime:0.004783s ]
[ 2017-07-07T14:17:55+08:00 ] /MemberMsg/index | SQL: SELECT m.id,mi.names,m.username,m.mobile FROM member m LEFT JOIN member_info mi on mi.memberid = m.id WHERE ( m.id = '8' ) LIMIT 1   [ RunTime:0.005251s ]
[ 2017-07-07T14:17:55+08:00 ] /MemberMsg/index | SQL: SELECT COUNT(*) AS tp_count FROM `welive_msg` WHERE ( `fro_to_id` = '8_24' ) AND ( `type` = 0 ) LIMIT 1   [ RunTime:0.004904s ]

[ 2017-07-07T14:17:55+08:00 ] 127.0.0.1 /MemberMsg/index
[ 2017-07-07T14:17:55+08:00 ] /MemberMsg/index | SQL: SHOW COLUMNS FROM `auth_group` [ RunTime:0.008133s ]
[ 2017-07-07T14:17:55+08:00 ] /MemberMsg/index | SQL: SELECT * FROM `auth_group` WHERE status=1  [ RunTime:0.005455s ]
[ 2017-07-07T14:17:55+08:00 ] /MemberMsg/index | SQL: SHOW COLUMNS FROM `user` [ RunTime:0.006644s ]
[ 2017-07-07T14:17:55+08:00 ] /MemberMsg/index | SQL: SELECT `groupid` FROM `user` WHERE id='24' LIMIT 1   [ RunTime:0.005040s ]
[ 2017-07-07T14:17:55+08:00 ] /MemberMsg/index | SQL: SHOW COLUMNS FROM auth_rule ar [ RunTime:0.004375s ]
[ 2017-07-07T14:17:55+08:00 ] /MemberMsg/index | SQL: SELECT ar.*,u.username as addname FROM auth_rule ar LEFT JOIN user u on u.id=ar.adduser WHERE ar.status=1 and ar.pid != 0 and ar.groupid='3' ORDER BY ar.sort asc,ar.timeadd  [ RunTime:0.006506s ]
[ 2017-07-07T14:17:55+08:00 ] /MemberMsg/index | SQL: SELECT `typeid` FROM `user` WHERE id=24 LIMIT 1   [ RunTime:0.005045s ]
[ 2017-07-07T14:17:55+08:00 ] /MemberMsg/index | SQL: SHOW COLUMNS FROM user u [ RunTime:0.005191s ]
[ 2017-07-07T14:17:55+08:00 ] /MemberMsg/index | SQL: SELECT at.rule FROM user u LEFT JOIN auth_type at on at.id=u.typeid WHERE u.id=24 and at.status=1 LIMIT 1   [ RunTime:0.004633s ]
[ 2017-07-07T14:17:55+08:00 ] /MemberMsg/index | SQL: SHOW COLUMNS FROM `welive_msg` [ RunTime:0.006172s ]
[ 2017-07-07T14:17:55+08:00 ] /MemberMsg/index | SQL: SELECT `fro_to_id`,max(created) max_created FROM `welive_msg` WHERE ( `fro_to_id` LIKE '%\\_24' ) GROUP BY fro_to_id ORDER BY type asc,created asc  [ RunTime:0.005108s ]
[ 2017-07-07T14:17:55+08:00 ] /MemberMsg/index | SQL: SHOW COLUMNS FROM member m [ RunTime:0.004741s ]
[ 2017-07-07T14:17:55+08:00 ] /MemberMsg/index | SQL: SELECT m.id,mi.names,m.username,m.mobile FROM member m LEFT JOIN member_info mi on mi.memberid = m.id WHERE ( m.id = '31' ) LIMIT 1   [ RunTime:0.005601s ]
[ 2017-07-07T14:17:55+08:00 ] /MemberMsg/index | SQL: SELECT COUNT(*) AS tp_count FROM `welive_msg` WHERE ( `fro_to_id` = '31_24' ) AND ( `type` = 0 ) LIMIT 1   [ RunTime:0.004936s ]
[ 2017-07-07T14:17:55+08:00 ] /MemberMsg/index | SQL: SELECT m.id,mi.names,m.username,m.mobile FROM member m LEFT JOIN member_info mi on mi.memberid = m.id WHERE ( m.id = '8' ) LIMIT 1   [ RunTime:0.005283s ]
[ 2017-07-07T14:17:55+08:00 ] /MemberMsg/index | SQL: SELECT COUNT(*) AS tp_count FROM `welive_msg` WHERE ( `fro_to_id` = '8_24' ) AND ( `type` = 0 ) LIMIT 1   [ RunTime:0.005435s ]

[ 2017-07-07T14:17:55+08:00 ] 127.0.0.1 /MemberMsg/index
[ 2017-07-07T14:17:55+08:00 ] /MemberMsg/index | SQL: SHOW COLUMNS FROM `auth_group` [ RunTime:0.006707s ]
[ 2017-07-07T14:17:55+08:00 ] /MemberMsg/index | SQL: SELECT * FROM `auth_group` WHERE status=1  [ RunTime:0.005729s ]
[ 2017-07-07T14:17:55+08:00 ] /MemberMsg/index | SQL: SHOW COLUMNS FROM `user` [ RunTime:0.005965s ]
[ 2017-07-07T14:17:55+08:00 ] /MemberMsg/index | SQL: SELECT `groupid` FROM `user` WHERE id='24' LIMIT 1   [ RunTime:0.005289s ]
[ 2017-07-07T14:17:55+08:00 ] /MemberMsg/index | SQL: SHOW COLUMNS FROM auth_rule ar [ RunTime:0.005664s ]
[ 2017-07-07T14:17:55+08:00 ] /MemberMsg/index | SQL: SELECT ar.*,u.username as addname FROM auth_rule ar LEFT JOIN user u on u.id=ar.adduser WHERE ar.status=1 and ar.pid != 0 and ar.groupid='3' ORDER BY ar.sort asc,ar.timeadd  [ RunTime:0.006742s ]
[ 2017-07-07T14:17:55+08:00 ] /MemberMsg/index | SQL: SELECT `typeid` FROM `user` WHERE id=24 LIMIT 1   [ RunTime:0.006053s ]
[ 2017-07-07T14:17:55+08:00 ] /MemberMsg/index | SQL: SHOW COLUMNS FROM user u [ RunTime:0.005345s ]
[ 2017-07-07T14:17:55+08:00 ] /MemberMsg/index | SQL: SELECT at.rule FROM user u LEFT JOIN auth_type at on at.id=u.typeid WHERE u.id=24 and at.status=1 LIMIT 1   [ RunTime:0.005342s ]
[ 2017-07-07T14:17:55+08:00 ] /MemberMsg/index | SQL: SHOW COLUMNS FROM `welive_msg` [ RunTime:0.006153s ]
[ 2017-07-07T14:17:55+08:00 ] /MemberMsg/index | SQL: SELECT `fro_to_id`,max(created) max_created FROM `welive_msg` WHERE ( `fro_to_id` LIKE '%\\_24' ) GROUP BY fro_to_id ORDER BY type asc,created asc  [ RunTime:0.005333s ]
[ 2017-07-07T14:17:55+08:00 ] /MemberMsg/index | SQL: SHOW COLUMNS FROM member m [ RunTime:0.005811s ]
[ 2017-07-07T14:17:55+08:00 ] /MemberMsg/index | SQL: SELECT m.id,mi.names,m.username,m.mobile FROM member m LEFT JOIN member_info mi on mi.memberid = m.id WHERE ( m.id = '31' ) LIMIT 1   [ RunTime:0.006127s ]
[ 2017-07-07T14:17:55+08:00 ] /MemberMsg/index | SQL: SELECT COUNT(*) AS tp_count FROM `welive_msg` WHERE ( `fro_to_id` = '31_24' ) AND ( `type` = 0 ) LIMIT 1   [ RunTime:0.005628s ]
[ 2017-07-07T14:17:55+08:00 ] /MemberMsg/index | SQL: SELECT m.id,mi.names,m.username,m.mobile FROM member m LEFT JOIN member_info mi on mi.memberid = m.id WHERE ( m.id = '8' ) LIMIT 1   [ RunTime:0.004985s ]
[ 2017-07-07T14:17:55+08:00 ] /MemberMsg/index | SQL: SELECT COUNT(*) AS tp_count FROM `welive_msg` WHERE ( `fro_to_id` = '8_24' ) AND ( `type` = 0 ) LIMIT 1   [ RunTime:0.005542s ]

[ 2017-07-07T14:18:15+08:00 ] 127.0.0.1 /MemberMsg/index
[ 2017-07-07T14:18:15+08:00 ] /MemberMsg/index | SQL: SHOW COLUMNS FROM `auth_group` [ RunTime:0.006973s ]
[ 2017-07-07T14:18:15+08:00 ] /MemberMsg/index | SQL: SELECT * FROM `auth_group` WHERE status=1  [ RunTime:0.005478s ]
[ 2017-07-07T14:18:15+08:00 ] /MemberMsg/index | SQL: SHOW COLUMNS FROM `user` [ RunTime:0.006641s ]
[ 2017-07-07T14:18:15+08:00 ] /MemberMsg/index | SQL: SELECT `groupid` FROM `user` WHERE id='24' LIMIT 1   [ RunTime:0.005697s ]
[ 2017-07-07T14:18:15+08:00 ] /MemberMsg/index | SQL: SHOW COLUMNS FROM auth_rule ar [ RunTime:0.005153s ]
[ 2017-07-07T14:18:15+08:00 ] /MemberMsg/index | SQL: SELECT ar.*,u.username as addname FROM auth_rule ar LEFT JOIN user u on u.id=ar.adduser WHERE ar.status=1 and ar.pid != 0 and ar.groupid='3' ORDER BY ar.sort asc,ar.timeadd  [ RunTime:0.006802s ]
[ 2017-07-07T14:18:15+08:00 ] /MemberMsg/index | SQL: SELECT `typeid` FROM `user` WHERE id=24 LIMIT 1   [ RunTime:0.005408s ]
[ 2017-07-07T14:18:15+08:00 ] /MemberMsg/index | SQL: SHOW COLUMNS FROM user u [ RunTime:0.005252s ]
[ 2017-07-07T14:18:15+08:00 ] /MemberMsg/index | SQL: SELECT at.rule FROM user u LEFT JOIN auth_type at on at.id=u.typeid WHERE u.id=24 and at.status=1 LIMIT 1   [ RunTime:0.006690s ]
[ 2017-07-07T14:18:15+08:00 ] /MemberMsg/index | SQL: SHOW COLUMNS FROM `welive_msg` [ RunTime:0.006570s ]
[ 2017-07-07T14:18:15+08:00 ] /MemberMsg/index | SQL: SELECT `fro_to_id`,max(created) max_created FROM `welive_msg` WHERE ( `fro_to_id` LIKE '%\\_24' ) GROUP BY fro_to_id ORDER BY type asc,created asc  [ RunTime:0.006163s ]
[ 2017-07-07T14:18:15+08:00 ] /MemberMsg/index | SQL: SHOW COLUMNS FROM member m [ RunTime:0.004995s ]
[ 2017-07-07T14:18:15+08:00 ] /MemberMsg/index | SQL: SELECT m.id,mi.names,m.username,m.mobile FROM member m LEFT JOIN member_info mi on mi.memberid = m.id WHERE ( m.id = '31' ) LIMIT 1   [ RunTime:0.006367s ]
[ 2017-07-07T14:18:15+08:00 ] /MemberMsg/index | SQL: SELECT COUNT(*) AS tp_count FROM `welive_msg` WHERE ( `fro_to_id` = '31_24' ) AND ( `type` = 0 ) LIMIT 1   [ RunTime:0.005350s ]
[ 2017-07-07T14:18:15+08:00 ] /MemberMsg/index | SQL: SELECT m.id,mi.names,m.username,m.mobile FROM member m LEFT JOIN member_info mi on mi.memberid = m.id WHERE ( m.id = '8' ) LIMIT 1   [ RunTime:0.005936s ]
[ 2017-07-07T14:18:15+08:00 ] /MemberMsg/index | SQL: SELECT COUNT(*) AS tp_count FROM `welive_msg` WHERE ( `fro_to_id` = '8_24' ) AND ( `type` = 0 ) LIMIT 1   [ RunTime:0.006170s ]

[ 2017-07-07T14:18:16+08:00 ] 127.0.0.1 /MemberMsg/index
[ 2017-07-07T14:18:15+08:00 ] /MemberMsg/index | SQL: SHOW COLUMNS FROM `auth_group` [ RunTime:0.005718s ]
[ 2017-07-07T14:18:15+08:00 ] /MemberMsg/index | SQL: SELECT * FROM `auth_group` WHERE status=1  [ RunTime:0.005421s ]
[ 2017-07-07T14:18:15+08:00 ] /MemberMsg/index | SQL: SHOW COLUMNS FROM `user` [ RunTime:0.006630s ]
[ 2017-07-07T14:18:15+08:00 ] /MemberMsg/index | SQL: SELECT `groupid` FROM `user` WHERE id='24' LIMIT 1   [ RunTime:0.005268s ]
[ 2017-07-07T14:18:15+08:00 ] /MemberMsg/index | SQL: SHOW COLUMNS FROM auth_rule ar [ RunTime:0.004537s ]
[ 2017-07-07T14:18:15+08:00 ] /MemberMsg/index | SQL: SELECT ar.*,u.username as addname FROM auth_rule ar LEFT JOIN user u on u.id=ar.adduser WHERE ar.status=1 and ar.pid != 0 and ar.groupid='3' ORDER BY ar.sort asc,ar.timeadd  [ RunTime:0.006720s ]
[ 2017-07-07T14:18:15+08:00 ] /MemberMsg/index | SQL: SELECT `typeid` FROM `user` WHERE id=24 LIMIT 1   [ RunTime:0.004616s ]
[ 2017-07-07T14:18:15+08:00 ] /MemberMsg/index | SQL: SHOW COLUMNS FROM user u [ RunTime:0.004844s ]
[ 2017-07-07T14:18:15+08:00 ] /MemberMsg/index | SQL: SELECT at.rule FROM user u LEFT JOIN auth_type at on at.id=u.typeid WHERE u.id=24 and at.status=1 LIMIT 1   [ RunTime:0.005294s ]
[ 2017-07-07T14:18:15+08:00 ] /MemberMsg/index | SQL: SHOW COLUMNS FROM `welive_msg` [ RunTime:0.005947s ]
[ 2017-07-07T14:18:15+08:00 ] /MemberMsg/index | SQL: SELECT `fro_to_id`,max(created) max_created FROM `welive_msg` WHERE ( `fro_to_id` LIKE '%\\_24' ) GROUP BY fro_to_id ORDER BY type asc,created asc  [ RunTime:0.005040s ]
[ 2017-07-07T14:18:15+08:00 ] /MemberMsg/index | SQL: SHOW COLUMNS FROM member m [ RunTime:0.005055s ]
[ 2017-07-07T14:18:16+08:00 ] /MemberMsg/index | SQL: SELECT m.id,mi.names,m.username,m.mobile FROM member m LEFT JOIN member_info mi on mi.memberid = m.id WHERE ( m.id = '31' ) LIMIT 1   [ RunTime:0.005352s ]
[ 2017-07-07T14:18:16+08:00 ] /MemberMsg/index | SQL: SELECT COUNT(*) AS tp_count FROM `welive_msg` WHERE ( `fro_to_id` = '31_24' ) AND ( `type` = 0 ) LIMIT 1   [ RunTime:0.005182s ]
[ 2017-07-07T14:18:16+08:00 ] /MemberMsg/index | SQL: SELECT m.id,mi.names,m.username,m.mobile FROM member m LEFT JOIN member_info mi on mi.memberid = m.id WHERE ( m.id = '8' ) LIMIT 1   [ RunTime:0.004627s ]
[ 2017-07-07T14:18:16+08:00 ] /MemberMsg/index | SQL: SELECT COUNT(*) AS tp_count FROM `welive_msg` WHERE ( `fro_to_id` = '8_24' ) AND ( `type` = 0 ) LIMIT 1   [ RunTime:0.004861s ]

[ 2017-07-07T14:18:16+08:00 ] 127.0.0.1 /MemberMsg/index
[ 2017-07-07T14:18:16+08:00 ] /MemberMsg/index | SQL: SHOW COLUMNS FROM `auth_group` [ RunTime:0.005452s ]
[ 2017-07-07T14:18:16+08:00 ] /MemberMsg/index | SQL: SELECT * FROM `auth_group` WHERE status=1  [ RunTime:0.004674s ]
[ 2017-07-07T14:18:16+08:00 ] /MemberMsg/index | SQL: SHOW COLUMNS FROM `user` [ RunTime:0.005646s ]
[ 2017-07-07T14:18:16+08:00 ] /MemberMsg/index | SQL: SELECT `groupid` FROM `user` WHERE id='24' LIMIT 1   [ RunTime:0.005037s ]
[ 2017-07-07T14:18:16+08:00 ] /MemberMsg/index | SQL: SHOW COLUMNS FROM auth_rule ar [ RunTime:0.004881s ]
[ 2017-07-07T14:18:16+08:00 ] /MemberMsg/index | SQL: SELECT ar.*,u.username as addname FROM auth_rule ar LEFT JOIN user u on u.id=ar.adduser WHERE ar.status=1 and ar.pid != 0 and ar.groupid='3' ORDER BY ar.sort asc,ar.timeadd  [ RunTime:0.005915s ]
[ 2017-07-07T14:18:16+08:00 ] /MemberMsg/index | SQL: SELECT `typeid` FROM `user` WHERE id=24 LIMIT 1   [ RunTime:0.004744s ]
[ 2017-07-07T14:18:16+08:00 ] /MemberMsg/index | SQL: SHOW COLUMNS FROM user u [ RunTime:0.004498s ]
[ 2017-07-07T14:18:16+08:00 ] /MemberMsg/index | SQL: SELECT at.rule FROM user u LEFT JOIN auth_type at on at.id=u.typeid WHERE u.id=24 and at.status=1 LIMIT 1   [ RunTime:0.004875s ]
[ 2017-07-07T14:18:16+08:00 ] /MemberMsg/index | SQL: SHOW COLUMNS FROM `welive_msg` [ RunTime:0.006118s ]
[ 2017-07-07T14:18:16+08:00 ] /MemberMsg/index | SQL: SELECT `fro_to_id`,max(created) max_created FROM `welive_msg` WHERE ( `fro_to_id` LIKE '%\\_24' ) GROUP BY fro_to_id ORDER BY type asc,created asc  [ RunTime:0.005718s ]
[ 2017-07-07T14:18:16+08:00 ] /MemberMsg/index | SQL: SHOW COLUMNS FROM member m [ RunTime:0.004870s ]
[ 2017-07-07T14:18:16+08:00 ] /MemberMsg/index | SQL: SELECT m.id,mi.names,m.username,m.mobile FROM member m LEFT JOIN member_info mi on mi.memberid = m.id WHERE ( m.id = '31' ) LIMIT 1   [ RunTime:0.004708s ]
[ 2017-07-07T14:18:16+08:00 ] /MemberMsg/index | SQL: SELECT COUNT(*) AS tp_count FROM `welive_msg` WHERE ( `fro_to_id` = '31_24' ) AND ( `type` = 0 ) LIMIT 1   [ RunTime:0.004716s ]
[ 2017-07-07T14:18:16+08:00 ] /MemberMsg/index | SQL: SELECT m.id,mi.names,m.username,m.mobile FROM member m LEFT JOIN member_info mi on mi.memberid = m.id WHERE ( m.id = '8' ) LIMIT 1   [ RunTime:0.004417s ]
[ 2017-07-07T14:18:16+08:00 ] /MemberMsg/index | SQL: SELECT COUNT(*) AS tp_count FROM `welive_msg` WHERE ( `fro_to_id` = '8_24' ) AND ( `type` = 0 ) LIMIT 1   [ RunTime:0.005170s ]

[ 2017-07-07T14:18:36+08:00 ] 127.0.0.1 /MemberMsg/index
[ 2017-07-07T14:18:36+08:00 ] /MemberMsg/index | SQL: SHOW COLUMNS FROM `auth_group` [ RunTime:0.006545s ]
[ 2017-07-07T14:18:36+08:00 ] /MemberMsg/index | SQL: SELECT * FROM `auth_group` WHERE status=1  [ RunTime:0.006661s ]
[ 2017-07-07T14:18:36+08:00 ] /MemberMsg/index | SQL: SHOW COLUMNS FROM `user` [ RunTime:0.007845s ]
[ 2017-07-07T14:18:36+08:00 ] /MemberMsg/index | SQL: SELECT `groupid` FROM `user` WHERE id='24' LIMIT 1   [ RunTime:0.005618s ]
[ 2017-07-07T14:18:36+08:00 ] /MemberMsg/index | SQL: SHOW COLUMNS FROM auth_rule ar [ RunTime:0.005201s ]
[ 2017-07-07T14:18:36+08:00 ] /MemberMsg/index | SQL: SELECT ar.*,u.username as addname FROM auth_rule ar LEFT JOIN user u on u.id=ar.adduser WHERE ar.status=1 and ar.pid != 0 and ar.groupid='3' ORDER BY ar.sort asc,ar.timeadd  [ RunTime:0.007628s ]
[ 2017-07-07T14:18:36+08:00 ] /MemberMsg/index | SQL: SELECT `typeid` FROM `user` WHERE id=24 LIMIT 1   [ RunTime:0.005370s ]
[ 2017-07-07T14:18:36+08:00 ] /MemberMsg/index | SQL: SHOW COLUMNS FROM user u [ RunTime:0.005808s ]
[ 2017-07-07T14:18:36+08:00 ] /MemberMsg/index | SQL: SELECT at.rule FROM user u LEFT JOIN auth_type at on at.id=u.typeid WHERE u.id=24 and at.status=1 LIMIT 1   [ RunTime:0.005354s ]
[ 2017-07-07T14:18:36+08:00 ] /MemberMsg/index | SQL: SHOW COLUMNS FROM `welive_msg` [ RunTime:0.007465s ]
[ 2017-07-07T14:18:36+08:00 ] /MemberMsg/index | SQL: SELECT `fro_to_id`,max(created) max_created FROM `welive_msg` WHERE ( `fro_to_id` LIKE '%\\_24' ) GROUP BY fro_to_id ORDER BY type asc,created asc  [ RunTime:0.006014s ]
[ 2017-07-07T14:18:36+08:00 ] /MemberMsg/index | SQL: SHOW COLUMNS FROM member m [ RunTime:0.005197s ]
[ 2017-07-07T14:18:36+08:00 ] /MemberMsg/index | SQL: SELECT m.id,mi.names,m.username,m.mobile FROM member m LEFT JOIN member_info mi on mi.memberid = m.id WHERE ( m.id = '31' ) LIMIT 1   [ RunTime:0.005642s ]
[ 2017-07-07T14:18:36+08:00 ] /MemberMsg/index | SQL: SELECT COUNT(*) AS tp_count FROM `welive_msg` WHERE ( `fro_to_id` = '31_24' ) AND ( `type` = 0 ) LIMIT 1   [ RunTime:0.005370s ]
[ 2017-07-07T14:18:36+08:00 ] /MemberMsg/index | SQL: SELECT m.id,mi.names,m.username,m.mobile FROM member m LEFT JOIN member_info mi on mi.memberid = m.id WHERE ( m.id = '8' ) LIMIT 1   [ RunTime:0.005521s ]
[ 2017-07-07T14:18:36+08:00 ] /MemberMsg/index | SQL: SELECT COUNT(*) AS tp_count FROM `welive_msg` WHERE ( `fro_to_id` = '8_24' ) AND ( `type` = 0 ) LIMIT 1   [ RunTime:0.005612s ]

[ 2017-07-07T14:18:56+08:00 ] 127.0.0.1 /MemberMsg/index
[ 2017-07-07T14:18:56+08:00 ] /MemberMsg/index | SQL: SHOW COLUMNS FROM `auth_group` [ RunTime:0.007430s ]
[ 2017-07-07T14:18:56+08:00 ] /MemberMsg/index | SQL: SELECT * FROM `auth_group` WHERE status=1  [ RunTime:0.006107s ]
[ 2017-07-07T14:18:56+08:00 ] /MemberMsg/index | SQL: SHOW COLUMNS FROM `user` [ RunTime:0.007023s ]
[ 2017-07-07T14:18:56+08:00 ] /MemberMsg/index | SQL: SELECT `groupid` FROM `user` WHERE id='24' LIMIT 1   [ RunTime:0.005844s ]
[ 2017-07-07T14:18:56+08:00 ] /MemberMsg/index | SQL: SHOW COLUMNS FROM auth_rule ar [ RunTime:0.005911s ]
[ 2017-07-07T14:18:56+08:00 ] /MemberMsg/index | SQL: SELECT ar.*,u.username as addname FROM auth_rule ar LEFT JOIN user u on u.id=ar.adduser WHERE ar.status=1 and ar.pid != 0 and ar.groupid='3' ORDER BY ar.sort asc,ar.timeadd  [ RunTime:0.007698s ]
[ 2017-07-07T14:18:56+08:00 ] /MemberMsg/index | SQL: SELECT `typeid` FROM `user` WHERE id=24 LIMIT 1   [ RunTime:0.005814s ]
[ 2017-07-07T14:18:56+08:00 ] /MemberMsg/index | SQL: SHOW COLUMNS FROM user u [ RunTime:0.006589s ]
[ 2017-07-07T14:18:56+08:00 ] /MemberMsg/index | SQL: SELECT at.rule FROM user u LEFT JOIN auth_type at on at.id=u.typeid WHERE u.id=24 and at.status=1 LIMIT 1   [ RunTime:0.005802s ]
[ 2017-07-07T14:18:56+08:00 ] /MemberMsg/index | SQL: SHOW COLUMNS FROM `welive_msg` [ RunTime:0.007595s ]
[ 2017-07-07T14:18:56+08:00 ] /MemberMsg/index | SQL: SELECT `fro_to_id`,max(created) max_created FROM `welive_msg` WHERE ( `fro_to_id` LIKE '%\\_24' ) GROUP BY fro_to_id ORDER BY type asc,created asc  [ RunTime:0.006475s ]
[ 2017-07-07T14:18:56+08:00 ] /MemberMsg/index | SQL: SHOW COLUMNS FROM member m [ RunTime:0.006696s ]
[ 2017-07-07T14:18:56+08:00 ] /MemberMsg/index | SQL: SELECT m.id,mi.names,m.username,m.mobile FROM member m LEFT JOIN member_info mi on mi.memberid = m.id WHERE ( m.id = '31' ) LIMIT 1   [ RunTime:0.006606s ]
[ 2017-07-07T14:18:56+08:00 ] /MemberMsg/index | SQL: SELECT COUNT(*) AS tp_count FROM `welive_msg` WHERE ( `fro_to_id` = '31_24' ) AND ( `type` = 0 ) LIMIT 1   [ RunTime:0.006781s ]
[ 2017-07-07T14:18:56+08:00 ] /MemberMsg/index | SQL: SELECT m.id,mi.names,m.username,m.mobile FROM member m LEFT JOIN member_info mi on mi.memberid = m.id WHERE ( m.id = '8' ) LIMIT 1   [ RunTime:0.006183s ]
[ 2017-07-07T14:18:56+08:00 ] /MemberMsg/index | SQL: SELECT COUNT(*) AS tp_count FROM `welive_msg` WHERE ( `fro_to_id` = '8_24' ) AND ( `type` = 0 ) LIMIT 1   [ RunTime:0.005988s ]

[ 2017-07-07T14:19:07+08:00 ] 127.0.0.1 /MemberMsg/index
[ 2017-07-07T14:19:07+08:00 ] /MemberMsg/index | SQL: SHOW COLUMNS FROM `auth_group` [ RunTime:0.005963s ]
[ 2017-07-07T14:19:07+08:00 ] /MemberMsg/index | SQL: SELECT * FROM `auth_group` WHERE status=1  [ RunTime:0.004354s ]
[ 2017-07-07T14:19:07+08:00 ] /MemberMsg/index | SQL: SHOW COLUMNS FROM `user` [ RunTime:0.006118s ]
[ 2017-07-07T14:19:07+08:00 ] /MemberMsg/index | SQL: SELECT `groupid` FROM `user` WHERE id='24' LIMIT 1   [ RunTime:0.004428s ]
[ 2017-07-07T14:19:07+08:00 ] /MemberMsg/index | SQL: SHOW COLUMNS FROM auth_rule ar [ RunTime:0.005131s ]
[ 2017-07-07T14:19:07+08:00 ] /MemberMsg/index | SQL: SELECT ar.*,u.username as addname FROM auth_rule ar LEFT JOIN user u on u.id=ar.adduser WHERE ar.status=1 and ar.pid != 0 and ar.groupid='3' ORDER BY ar.sort asc,ar.timeadd  [ RunTime:0.006508s ]
[ 2017-07-07T14:19:07+08:00 ] /MemberMsg/index | SQL: SELECT `typeid` FROM `user` WHERE id=24 LIMIT 1   [ RunTime:0.004804s ]
[ 2017-07-07T14:19:07+08:00 ] /MemberMsg/index | SQL: SHOW COLUMNS FROM user u [ RunTime:0.004940s ]
[ 2017-07-07T14:19:07+08:00 ] /MemberMsg/index | SQL: SELECT at.rule FROM user u LEFT JOIN auth_type at on at.id=u.typeid WHERE u.id=24 and at.status=1 LIMIT 1   [ RunTime:0.005358s ]
[ 2017-07-07T14:19:07+08:00 ] /MemberMsg/index | SQL: SHOW COLUMNS FROM `welive_msg` [ RunTime:0.005352s ]
[ 2017-07-07T14:19:07+08:00 ] /MemberMsg/index | SQL: SELECT `fro_to_id`,max(created) max_created FROM `welive_msg` WHERE ( `fro_to_id` LIKE '%\\_24' ) GROUP BY fro_to_id ORDER BY type asc,created asc  [ RunTime:0.005520s ]
[ 2017-07-07T14:19:07+08:00 ] /MemberMsg/index | SQL: SHOW COLUMNS FROM member m [ RunTime:0.004482s ]
[ 2017-07-07T14:19:07+08:00 ] /MemberMsg/index | SQL: SELECT m.id,mi.names,m.username,m.mobile FROM member m LEFT JOIN member_info mi on mi.memberid = m.id WHERE ( m.id = '31' ) LIMIT 1   [ RunTime:0.004330s ]
[ 2017-07-07T14:19:07+08:00 ] /MemberMsg/index | SQL: SELECT COUNT(*) AS tp_count FROM `welive_msg` WHERE ( `fro_to_id` = '31_24' ) AND ( `type` = 0 ) LIMIT 1   [ RunTime:0.004576s ]
[ 2017-07-07T14:19:07+08:00 ] /MemberMsg/index | SQL: SELECT m.id,mi.names,m.username,m.mobile FROM member m LEFT JOIN member_info mi on mi.memberid = m.id WHERE ( m.id = '8' ) LIMIT 1   [ RunTime:0.004268s ]
[ 2017-07-07T14:19:07+08:00 ] /MemberMsg/index | SQL: SELECT COUNT(*) AS tp_count FROM `welive_msg` WHERE ( `fro_to_id` = '8_24' ) AND ( `type` = 0 ) LIMIT 1   [ RunTime:0.004745s ]

[ 2017-07-07T14:21:22+08:00 ] 127.0.0.1 /Public/refreshTime.html
[ 2017-07-07T14:21:22+08:00 ] /Public/refreshTime.html | SQL: SHOW COLUMNS FROM `welive_user` [ RunTime:0.007649s ]
[ 2017-07-07T14:21:22+08:00 ] /Public/refreshTime.html | SQL: UPDATE `welive_user` SET `online_time`='2017-07-07 14:21:22' WHERE ( `user_id` = '24' ) [ RunTime:0.010365s ]

[ 2017-07-07T14:26:22+08:00 ] 127.0.0.1 /Public/refreshTime.html
[ 2017-07-07T14:26:22+08:00 ] /Public/refreshTime.html | SQL: SHOW COLUMNS FROM `welive_user` [ RunTime:0.006048s ]
[ 2017-07-07T14:26:22+08:00 ] /Public/refreshTime.html | SQL: UPDATE `welive_user` SET `online_time`='2017-07-07 14:26:22' WHERE ( `user_id` = '24' ) [ RunTime:0.009017s ]

[ 2017-07-07T14:31:22+08:00 ] 127.0.0.1 /Public/refreshTime.html
[ 2017-07-07T14:31:22+08:00 ] /Public/refreshTime.html | SQL: SHOW COLUMNS FROM `welive_user` [ RunTime:0.006346s ]
[ 2017-07-07T14:31:22+08:00 ] /Public/refreshTime.html | SQL: UPDATE `welive_user` SET `online_time`='2017-07-07 14:31:22' WHERE ( `user_id` = '24' ) [ RunTime:0.010006s ]

[ 2017-07-07T14:36:22+08:00 ] 127.0.0.1 /Public/refreshTime.html
[ 2017-07-07T14:36:22+08:00 ] /Public/refreshTime.html | SQL: SHOW COLUMNS FROM `welive_user` [ RunTime:0.006947s ]
[ 2017-07-07T14:36:22+08:00 ] /Public/refreshTime.html | SQL: UPDATE `welive_user` SET `online_time`='2017-07-07 14:36:22' WHERE ( `user_id` = '24' ) [ RunTime:0.008824s ]

[ 2017-07-07T14:41:22+08:00 ] 127.0.0.1 /Public/refreshTime.html
[ 2017-07-07T14:41:22+08:00 ] /Public/refreshTime.html | SQL: SHOW COLUMNS FROM `welive_user` [ RunTime:0.006882s ]
[ 2017-07-07T14:41:22+08:00 ] /Public/refreshTime.html | SQL: UPDATE `welive_user` SET `online_time`='2017-07-07 14:41:22' WHERE ( `user_id` = '24' ) [ RunTime:0.009308s ]

[ 2017-07-07T14:51:22+08:00 ] 127.0.0.1 /Public/refreshTime.html
[ 2017-07-07T14:51:22+08:00 ] /Public/refreshTime.html | SQL: SHOW COLUMNS FROM `welive_user` [ RunTime:0.005843s ]
[ 2017-07-07T14:51:22+08:00 ] /Public/refreshTime.html | SQL: UPDATE `welive_user` SET `online_time`='2017-07-07 14:51:22' WHERE ( `user_id` = '24' ) [ RunTime:0.009012s ]

[ 2017-07-07T14:56:22+08:00 ] 127.0.0.1 /Public/refreshTime.html
[ 2017-07-07T14:56:22+08:00 ] /Public/refreshTime.html | SQL: SHOW COLUMNS FROM `welive_user` [ RunTime:0.006015s ]
[ 2017-07-07T14:56:22+08:00 ] /Public/refreshTime.html | SQL: UPDATE `welive_user` SET `online_time`='2017-07-07 14:56:22' WHERE ( `user_id` = '24' ) [ RunTime:0.008668s ]

[ 2017-07-07T15:01:22+08:00 ] 127.0.0.1 /Public/refreshTime.html
[ 2017-07-07T15:01:22+08:00 ] /Public/refreshTime.html | SQL: SHOW COLUMNS FROM `welive_user` [ RunTime:0.007048s ]
[ 2017-07-07T15:01:22+08:00 ] /Public/refreshTime.html | SQL: UPDATE `welive_user` SET `online_time`='2017-07-07 15:01:22' WHERE ( `user_id` = '24' ) [ RunTime:0.009769s ]

[ 2017-07-07T15:06:22+08:00 ] 127.0.0.1 /Public/refreshTime.html
[ 2017-07-07T15:06:22+08:00 ] /Public/refreshTime.html | SQL: SHOW COLUMNS FROM `welive_user` [ RunTime:0.006434s ]
[ 2017-07-07T15:06:22+08:00 ] /Public/refreshTime.html | SQL: UPDATE `welive_user` SET `online_time`='2017-07-07 15:06:22' WHERE ( `user_id` = '24' ) [ RunTime:0.008153s ]

[ 2017-07-07T15:11:22+08:00 ] 127.0.0.1 /Public/refreshTime.html
[ 2017-07-07T15:11:22+08:00 ] /Public/refreshTime.html | SQL: SHOW COLUMNS FROM `welive_user` [ RunTime:0.005604s ]
[ 2017-07-07T15:11:22+08:00 ] /Public/refreshTime.html | SQL: UPDATE `welive_user` SET `online_time`='2017-07-07 15:11:22' WHERE ( `user_id` = '24' ) [ RunTime:0.009818s ]

[ 2017-07-07T15:16:22+08:00 ] 127.0.0.1 /Public/refreshTime.html
[ 2017-07-07T15:16:22+08:00 ] /Public/refreshTime.html | SQL: SHOW COLUMNS FROM `welive_user` [ RunTime:0.006715s ]
[ 2017-07-07T15:16:22+08:00 ] /Public/refreshTime.html | SQL: UPDATE `welive_user` SET `online_time`='2017-07-07 15:16:22' WHERE ( `user_id` = '24' ) [ RunTime:0.013248s ]

[ 2017-07-07T15:21:22+08:00 ] 127.0.0.1 /Public/refreshTime.html
[ 2017-07-07T15:21:22+08:00 ] /Public/refreshTime.html | SQL: SHOW COLUMNS FROM `welive_user` [ RunTime:0.006935s ]
[ 2017-07-07T15:21:22+08:00 ] /Public/refreshTime.html | SQL: UPDATE `welive_user` SET `online_time`='2017-07-07 15:21:22' WHERE ( `user_id` = '24' ) [ RunTime:0.011214s ]

[ 2017-07-07T15:26:22+08:00 ] 127.0.0.1 /Public/refreshTime.html
[ 2017-07-07T15:26:22+08:00 ] /Public/refreshTime.html | SQL: SHOW COLUMNS FROM `welive_user` [ RunTime:0.006107s ]
[ 2017-07-07T15:26:22+08:00 ] /Public/refreshTime.html | SQL: UPDATE `welive_user` SET `online_time`='2017-07-07 15:26:22' WHERE ( `user_id` = '24' ) [ RunTime:0.009119s ]

[ 2017-07-07T15:31:22+08:00 ] 127.0.0.1 /Public/refreshTime.html
[ 2017-07-07T15:31:22+08:00 ] /Public/refreshTime.html | SQL: SHOW COLUMNS FROM `welive_user` [ RunTime:0.006455s ]
[ 2017-07-07T15:31:22+08:00 ] /Public/refreshTime.html | SQL: UPDATE `welive_user` SET `online_time`='2017-07-07 15:31:22' WHERE ( `user_id` = '24' ) [ RunTime:0.008960s ]

[ 2017-07-07T15:36:22+08:00 ] 127.0.0.1 /Public/refreshTime.html
[ 2017-07-07T15:36:22+08:00 ] /Public/refreshTime.html | SQL: SHOW COLUMNS FROM `welive_user` [ RunTime:0.006506s ]
[ 2017-07-07T15:36:22+08:00 ] /Public/refreshTime.html | SQL: UPDATE `welive_user` SET `online_time`='2017-07-07 15:36:22' WHERE ( `user_id` = '24' ) [ RunTime:0.019794s ]

[ 2017-07-07T15:41:25+08:00 ] 127.0.0.1 /Public/refreshTime.html
[ 2017-07-07T15:41:25+08:00 ] /Public/refreshTime.html | SQL: SHOW COLUMNS FROM `welive_user` [ RunTime:0.007044s ]
[ 2017-07-07T15:41:25+08:00 ] /Public/refreshTime.html | SQL: UPDATE `welive_user` SET `online_time`='2017-07-07 15:41:25' WHERE ( `user_id` = '24' ) [ RunTime:0.009611s ]

[ 2017-07-07T15:46:22+08:00 ] 127.0.0.1 /Public/refreshTime.html
[ 2017-07-07T15:46:22+08:00 ] /Public/refreshTime.html | SQL: SHOW COLUMNS FROM `welive_user` [ RunTime:0.007953s ]
[ 2017-07-07T15:46:22+08:00 ] /Public/refreshTime.html | SQL: UPDATE `welive_user` SET `online_time`='2017-07-07 15:46:22' WHERE ( `user_id` = '24' ) [ RunTime:0.009661s ]

[ 2017-07-07T15:51:22+08:00 ] 127.0.0.1 /Public/refreshTime.html
[ 2017-07-07T15:51:22+08:00 ] /Public/refreshTime.html | SQL: SHOW COLUMNS FROM `welive_user` [ RunTime:0.007139s ]
[ 2017-07-07T15:51:22+08:00 ] /Public/refreshTime.html | SQL: UPDATE `welive_user` SET `online_time`='2017-07-07 15:51:22' WHERE ( `user_id` = '24' ) [ RunTime:0.011624s ]

[ 2017-07-07T15:56:22+08:00 ] 127.0.0.1 /Public/refreshTime.html
[ 2017-07-07T15:56:22+08:00 ] /Public/refreshTime.html | SQL: SHOW COLUMNS FROM `welive_user` [ RunTime:0.007119s ]
[ 2017-07-07T15:56:22+08:00 ] /Public/refreshTime.html | SQL: UPDATE `welive_user` SET `online_time`='2017-07-07 15:56:22' WHERE ( `user_id` = '24' ) [ RunTime:0.010122s ]

[ 2017-07-07T16:01:22+08:00 ] 127.0.0.1 /Public/refreshTime.html
[ 2017-07-07T16:01:22+08:00 ] /Public/refreshTime.html | SQL: SHOW COLUMNS FROM `welive_user` [ RunTime:0.006324s ]
[ 2017-07-07T16:01:22+08:00 ] /Public/refreshTime.html | SQL: UPDATE `welive_user` SET `online_time`='2017-07-07 16:01:22' WHERE ( `user_id` = '24' ) [ RunTime:0.026393s ]

[ 2017-07-07T16:06:22+08:00 ] 127.0.0.1 /Public/refreshTime.html
[ 2017-07-07T16:06:22+08:00 ] /Public/refreshTime.html | SQL: SHOW COLUMNS FROM `welive_user` [ RunTime:0.006457s ]
[ 2017-07-07T16:06:22+08:00 ] /Public/refreshTime.html | SQL: UPDATE `welive_user` SET `online_time`='2017-07-07 16:06:22' WHERE ( `user_id` = '24' ) [ RunTime:0.012162s ]

[ 2017-07-07T16:11:22+08:00 ] 127.0.0.1 /Public/refreshTime.html
[ 2017-07-07T16:11:22+08:00 ] /Public/refreshTime.html | SQL: SHOW COLUMNS FROM `welive_user` [ RunTime:0.006036s ]
[ 2017-07-07T16:11:22+08:00 ] /Public/refreshTime.html | SQL: UPDATE `welive_user` SET `online_time`='2017-07-07 16:11:22' WHERE ( `user_id` = '24' ) [ RunTime:0.007975s ]

