[ 2017-10-16T13:53:41+08:00 ]  127.0.0.1 /favicon.ico | ERR: (ThinkException) 无法加载模块favicon.ico
[ 2017-10-16T13:53:41+08:00 ]  127.0.0.1 /favicon.ico | ERR: (ThinkException) 无法加载模块favicon.ico
[ 2017-10-16T13:53:46+08:00 ] 127.0.0.1 /Public/doLogin.html
[ 2017-10-16T13:53:46+08:00 ] /Public/doLogin.html | SQL: SHOW COLUMNS FROM `auth_group` [ RunTime:0.008538s ]
[ 2017-10-16T13:53:46+08:00 ] /Public/doLogin.html | SQL: SELECT * FROM `auth_group` WHERE status=1  [ RunTime:0.007280s ]
[ 2017-10-16T13:53:46+08:00 ] /Public/doLogin.html | SQL: SHOW COLUMNS FROM `user` [ RunTime:0.009392s ]
[ 2017-10-16T13:53:46+08:00 ] /Public/doLogin.html | SQL: SELECT * FROM `user` WHERE username='tangchaopei' LIMIT 1   [ RunTime:0.008024s ]
[ 2017-10-16T13:53:46+08:00 ] /Public/doLogin.html | SQL: SHOW COLUMNS FROM `common` [ RunTime:0.007855s ]
[ 2017-10-16T13:53:46+08:00 ] /Public/doLogin.html | SQL: SHOW COLUMNS FROM `common` [ RunTime:0.007670s ]
[ 2017-10-16T13:53:46+08:00 ] /Public/doLogin.html | SQL: UPDATE `user` SET `lasttime`='2017-10-16 13:53:46',`lastip`='127.0.0.1' WHERE username='tangchaopei' [ RunTime:0.007570s ]
[ 2017-10-16T13:53:46+08:00 ] /Public/doLogin.html | SQL: UPDATE `user` SET `logincount`=logincount+1,`lasttime`='2017-10-16 13:53:46',`lastip`='127.0.0.1' WHERE username='tangchaopei' [ RunTime:0.008337s ]
[ 2017-10-16T13:53:46+08:00 ] /Public/doLogin.html | SQL: SHOW COLUMNS FROM `user_token` [ RunTime:0.010194s ]
[ 2017-10-16T13:53:46+08:00 ] /Public/doLogin.html | SQL: SELECT * FROM `user_token` WHERE username='tangchaopei' LIMIT 1   [ RunTime:0.009800s ]
[ 2017-10-16T13:53:46+08:00 ] /Public/doLogin.html | SQL: UPDATE `user_token` SET `token`='257b8d86d97ddf703ba73363ccf54dcc',`username`='tangchaopei',`logintime`='2017-10-16 13:53:46' WHERE username='tangchaopei' [ RunTime:0.007956s ]
[ 2017-10-16T13:53:46+08:00 ] /Public/doLogin.html | SQL: SHOW COLUMNS FROM `common` [ RunTime:0.007231s ]
[ 2017-10-16T13:53:46+08:00 ] /Public/doLogin.html | SQL: SHOW COLUMNS FROM `user_operate` [ RunTime:0.011015s ]
[ 2017-10-16T13:53:46+08:00 ] /Public/doLogin.html | SQL: INSERT INTO `user_operate` (`status`,`userid`,`remark`,`type`,`ip`,`timeadd`) VALUES (1,'24','用户登录',1,'127.0.0.1','2017-10-16 13:53:46') [ RunTime:0.013719s ]

[ 2017-10-16T13:53:47+08:00 ] 127.0.0.1 /
[ 2017-10-16T13:53:46+08:00 ] / | SQL: SHOW COLUMNS FROM `auth_group` [ RunTime:0.007493s ]
[ 2017-10-16T13:53:46+08:00 ] / | SQL: SELECT * FROM `auth_group` WHERE status=1  [ RunTime:0.008000s ]
[ 2017-10-16T13:53:46+08:00 ] / | SQL: SHOW COLUMNS FROM `user` [ RunTime:0.008520s ]
[ 2017-10-16T13:53:46+08:00 ] / | SQL: SELECT `groupid` FROM `user` WHERE id='24' LIMIT 1   [ RunTime:0.007795s ]
[ 2017-10-16T13:53:46+08:00 ] / | SQL: SHOW COLUMNS FROM auth_rule ar [ RunTime:0.007210s ]
[ 2017-10-16T13:53:46+08:00 ] / | SQL: SELECT ar.*,u.username as addname FROM auth_rule ar LEFT JOIN user u on u.id=ar.adduser WHERE ar.status=1 and ar.pid != 0 and ar.groupid='3' ORDER BY ar.sort asc,ar.timeadd  [ RunTime:0.010890s ]
[ 2017-10-16T13:53:46+08:00 ] / | SQL: SELECT `typeid` FROM `user` WHERE id=24 LIMIT 1   [ RunTime:0.006965s ]
[ 2017-10-16T13:53:46+08:00 ] / | SQL: SHOW COLUMNS FROM user u [ RunTime:0.006885s ]
[ 2017-10-16T13:53:46+08:00 ] / | SQL: SELECT at.rule FROM user u LEFT JOIN auth_type at on at.id=u.typeid WHERE u.id=24 and at.status=1 LIMIT 1   [ RunTime:0.006715s ]

[ 2017-10-16T13:53:47+08:00 ] 127.0.0.1 /Public/getJsMenu.html?is_menu=1
[ 2017-10-16T13:53:47+08:00 ] /Public/getJsMenu.html?is_menu=1 | SQL: SHOW COLUMNS FROM `auth_group` [ RunTime:0.006566s ]
[ 2017-10-16T13:53:47+08:00 ] /Public/getJsMenu.html?is_menu=1 | SQL: SELECT * FROM `auth_group` WHERE status=1  [ RunTime:0.006278s ]
[ 2017-10-16T13:53:47+08:00 ] /Public/getJsMenu.html?is_menu=1 | SQL: SHOW COLUMNS FROM `user` [ RunTime:0.006445s ]
[ 2017-10-16T13:53:47+08:00 ] /Public/getJsMenu.html?is_menu=1 | SQL: SELECT `groupid` FROM `user` WHERE id='24' LIMIT 1   [ RunTime:0.006402s ]
[ 2017-10-16T13:53:47+08:00 ] /Public/getJsMenu.html?is_menu=1 | SQL: SELECT `groupid` FROM `user` WHERE id='24' LIMIT 1   [ RunTime:0.006264s ]
[ 2017-10-16T13:53:47+08:00 ] /Public/getJsMenu.html?is_menu=1 | SQL: SHOW COLUMNS FROM auth_rule ar [ RunTime:0.005740s ]
[ 2017-10-16T13:53:47+08:00 ] /Public/getJsMenu.html?is_menu=1 | SQL: SELECT ar.*,u.username as addname FROM auth_rule ar LEFT JOIN user u on u.id=ar.adduser WHERE ar.status=1 and ar.pid != 0 and ar.groupid='3' ORDER BY ar.sort asc,ar.timeadd  [ RunTime:0.007671s ]
[ 2017-10-16T13:53:47+08:00 ] /Public/getJsMenu.html?is_menu=1 | SQL: SELECT `typeid` FROM `user` WHERE id=24 LIMIT 1   [ RunTime:0.005964s ]
[ 2017-10-16T13:53:47+08:00 ] /Public/getJsMenu.html?is_menu=1 | SQL: SHOW COLUMNS FROM user u [ RunTime:0.005441s ]
[ 2017-10-16T13:53:47+08:00 ] /Public/getJsMenu.html?is_menu=1 | SQL: SELECT at.rule FROM user u LEFT JOIN auth_type at on at.id=u.typeid WHERE u.id=24 and at.status=1 LIMIT 1   [ RunTime:0.007223s ]
[ 2017-10-16T13:53:47+08:00 ] /Public/getJsMenu.html?is_menu=1 | SQL: SELECT * FROM `auth_rule` WHERE pid=0 and status=1 and groupid='3' ORDER BY sort desc,timeadd asc  [ RunTime:0.007488s ]

[ 2017-10-16T13:53:47+08:00 ]  127.0.0.1 /favicon.ico | ERR: (ThinkException) 无法加载模块favicon.ico
[ 2017-10-16T13:53:48+08:00 ] 127.0.0.1 /Index/system
[ 2017-10-16T13:53:47+08:00 ] /Index/system | SQL: SHOW COLUMNS FROM `auth_group` [ RunTime:0.005449s ]
[ 2017-10-16T13:53:47+08:00 ] /Index/system | SQL: SELECT * FROM `auth_group` WHERE status=1  [ RunTime:0.004878s ]
[ 2017-10-16T13:53:47+08:00 ] /Index/system | SQL: SHOW COLUMNS FROM `user` [ RunTime:0.006454s ]
[ 2017-10-16T13:53:47+08:00 ] /Index/system | SQL: SELECT `groupid` FROM `user` WHERE id='24' LIMIT 1   [ RunTime:0.004915s ]
[ 2017-10-16T13:53:47+08:00 ] /Index/system | SQL: SHOW COLUMNS FROM auth_rule ar [ RunTime:0.005072s ]
[ 2017-10-16T13:53:47+08:00 ] /Index/system | SQL: SELECT ar.*,u.username as addname FROM auth_rule ar LEFT JOIN user u on u.id=ar.adduser WHERE ar.status=1 and ar.pid != 0 and ar.groupid='3' ORDER BY ar.sort asc,ar.timeadd  [ RunTime:0.006873s ]
[ 2017-10-16T13:53:47+08:00 ] /Index/system | SQL: SELECT `typeid` FROM `user` WHERE id=24 LIMIT 1   [ RunTime:0.004987s ]
[ 2017-10-16T13:53:47+08:00 ] /Index/system | SQL: SHOW COLUMNS FROM user u [ RunTime:0.004519s ]
[ 2017-10-16T13:53:47+08:00 ] /Index/system | SQL: SELECT at.rule FROM user u LEFT JOIN auth_type at on at.id=u.typeid WHERE u.id=24 and at.status=1 LIMIT 1   [ RunTime:0.005042s ]
[ 2017-10-16T13:53:47+08:00 ] /Index/system | SQL: SHOW COLUMNS FROM `common` [ RunTime:0.007771s ]
[ 2017-10-16T13:53:47+08:00 ] /Index/system | SQL: SHOW COLUMNS FROM `member` [ RunTime:0.006597s ]
[ 2017-10-16T13:53:47+08:00 ] /Index/system | SQL: SELECT COUNT(*) AS tp_count FROM member m,member_info mi,business_company bus,business_channel bc,channel_company cha WHERE ( m.id=mi.memberid and m.business_company_id=bus.id  and  bus.id=bc.business_company_id  and bc.channel_company_id=cha.id ) LIMIT 1   [ RunTime:0.010362s ]
[ 2017-10-16T13:53:47+08:00 ] /Index/system | SQL: SELECT m.*,mi.names,mi.certiNumber,mi.nameStatus,cha.companyname as channel_companyname,bus.companyname as business_companyname FROM member m,member_info mi,business_company bus,business_channel bc,channel_company cha WHERE ( m.id=mi.memberid and m.business_company_id=bus.id  and  bus.id=bc.business_company_id  and bc.channel_company_id=cha.id )  [ RunTime:0.017443s ]
[ 2017-10-16T13:53:47+08:00 ] /Index/system | SQL: SHOW COLUMNS FROM `member_import` [ RunTime:0.007550s ]
[ 2017-10-16T13:53:47+08:00 ] /Index/system | SQL: SELECT * FROM `member_import` WHERE ( `business_company_id` = '35' ) AND ( `certiNumber` = '371324199102144316' ) LIMIT 1   [ RunTime:0.010159s ]
[ 2017-10-16T13:53:47+08:00 ] /Index/system | SQL: SHOW COLUMNS FROM `baofu_bindcard` [ RunTime:0.011407s ]
[ 2017-10-16T13:53:47+08:00 ] /Index/system | SQL: SELECT `acc_no` FROM `baofu_bindcard` WHERE ( `memberid` = '6' ) LIMIT 1   [ RunTime:0.006047s ]
[ 2017-10-16T13:53:47+08:00 ] /Index/system | SQL: SELECT * FROM `member_import` WHERE ( `business_company_id` = '35' ) AND ( `certiNumber` = '430581198911176536' ) LIMIT 1   [ RunTime:0.011059s ]
[ 2017-10-16T13:53:47+08:00 ] /Index/system | SQL: SELECT `acc_no` FROM `baofu_bindcard` WHERE ( `memberid` = '7' ) LIMIT 1   [ RunTime:0.010666s ]
[ 2017-10-16T13:53:47+08:00 ] /Index/system | SQL: SELECT * FROM `member_import` WHERE ( `business_company_id` = '35' ) AND ( `certiNumber` = '342401199307236712' ) LIMIT 1   [ RunTime:0.011092s ]
[ 2017-10-16T13:53:47+08:00 ] /Index/system | SQL: SELECT `acc_no` FROM `baofu_bindcard` WHERE ( `memberid` = '8' ) LIMIT 1   [ RunTime:0.010592s ]
[ 2017-10-16T13:53:47+08:00 ] /Index/system | SQL: SELECT * FROM `member_import` WHERE ( `business_company_id` = '35' ) AND ( `certiNumber` = null ) LIMIT 1   [ RunTime:0.006367s ]
[ 2017-10-16T13:53:47+08:00 ] /Index/system | SQL: SELECT `acc_no` FROM `baofu_bindcard` WHERE ( `memberid` = '9' ) LIMIT 1   [ RunTime:0.010611s ]
[ 2017-10-16T13:53:47+08:00 ] /Index/system | SQL: SELECT * FROM `member_import` WHERE ( `business_company_id` = '35' ) AND ( `certiNumber` = null ) LIMIT 1   [ RunTime:0.009928s ]
[ 2017-10-16T13:53:47+08:00 ] /Index/system | SQL: SELECT `acc_no` FROM `baofu_bindcard` WHERE ( `memberid` = '10' ) LIMIT 1   [ RunTime:0.009757s ]
[ 2017-10-16T13:53:47+08:00 ] /Index/system | SQL: SELECT * FROM `member_import` WHERE ( `business_company_id` = '35' ) AND ( `certiNumber` = '342423197507130962' ) LIMIT 1   [ RunTime:0.010030s ]
[ 2017-10-16T13:53:47+08:00 ] /Index/system | SQL: SELECT `acc_no` FROM `baofu_bindcard` WHERE ( `memberid` = '11' ) LIMIT 1   [ RunTime:0.009225s ]
[ 2017-10-16T13:53:47+08:00 ] /Index/system | SQL: SELECT * FROM `member_import` WHERE ( `business_company_id` = '35' ) AND ( `certiNumber` = null ) LIMIT 1   [ RunTime:0.010566s ]
[ 2017-10-16T13:53:47+08:00 ] /Index/system | SQL: SELECT `acc_no` FROM `baofu_bindcard` WHERE ( `memberid` = '12' ) LIMIT 1   [ RunTime:0.010561s ]
[ 2017-10-16T13:53:47+08:00 ] /Index/system | SQL: SELECT * FROM `member_import` WHERE ( `business_company_id` = '35' ) AND ( `certiNumber` = null ) LIMIT 1   [ RunTime:0.010221s ]
[ 2017-10-16T13:53:47+08:00 ] /Index/system | SQL: SELECT `acc_no` FROM `baofu_bindcard` WHERE ( `memberid` = '13' ) LIMIT 1   [ RunTime:0.010455s ]
[ 2017-10-16T13:53:47+08:00 ] /Index/system | SQL: SELECT * FROM `member_import` WHERE ( `business_company_id` = '35' ) AND ( `certiNumber` = null ) LIMIT 1   [ RunTime:0.007628s ]
[ 2017-10-16T13:53:47+08:00 ] /Index/system | SQL: SELECT `acc_no` FROM `baofu_bindcard` WHERE ( `memberid` = '14' ) LIMIT 1   [ RunTime:0.010384s ]
[ 2017-10-16T13:53:47+08:00 ] /Index/system | SQL: SELECT * FROM `member_import` WHERE ( `business_company_id` = '35' ) AND ( `certiNumber` = null ) LIMIT 1   [ RunTime:0.011053s ]
[ 2017-10-16T13:53:47+08:00 ] /Index/system | SQL: SELECT `acc_no` FROM `baofu_bindcard` WHERE ( `memberid` = '15' ) LIMIT 1   [ RunTime:0.009599s ]
[ 2017-10-16T13:53:47+08:00 ] /Index/system | SQL: SELECT * FROM `member_import` WHERE ( `business_company_id` = '35' ) AND ( `certiNumber` = null ) LIMIT 1   [ RunTime:0.010111s ]
[ 2017-10-16T13:53:47+08:00 ] /Index/system | SQL: SELECT `acc_no` FROM `baofu_bindcard` WHERE ( `memberid` = '16' ) LIMIT 1   [ RunTime:0.007987s ]
[ 2017-10-16T13:53:47+08:00 ] /Index/system | SQL: SELECT * FROM `member_import` WHERE ( `business_company_id` = '35' ) AND ( `certiNumber` = null ) LIMIT 1   [ RunTime:0.010860s ]
[ 2017-10-16T13:53:47+08:00 ] /Index/system | SQL: SELECT `acc_no` FROM `baofu_bindcard` WHERE ( `memberid` = '17' ) LIMIT 1   [ RunTime:0.010418s ]
[ 2017-10-16T13:53:47+08:00 ] /Index/system | SQL: SELECT * FROM `member_import` WHERE ( `business_company_id` = '35' ) AND ( `certiNumber` = null ) LIMIT 1   [ RunTime:0.011409s ]
[ 2017-10-16T13:53:47+08:00 ] /Index/system | SQL: SELECT `acc_no` FROM `baofu_bindcard` WHERE ( `memberid` = '18' ) LIMIT 1   [ RunTime:0.010337s ]
[ 2017-10-16T13:53:47+08:00 ] /Index/system | SQL: SELECT * FROM `member_import` WHERE ( `business_company_id` = '35' ) AND ( `certiNumber` = null ) LIMIT 1   [ RunTime:0.006744s ]
[ 2017-10-16T13:53:47+08:00 ] /Index/system | SQL: SELECT `acc_no` FROM `baofu_bindcard` WHERE ( `memberid` = '19' ) LIMIT 1   [ RunTime:0.010022s ]
[ 2017-10-16T13:53:47+08:00 ] /Index/system | SQL: SELECT * FROM `member_import` WHERE ( `business_company_id` = '35' ) AND ( `certiNumber` = null ) LIMIT 1   [ RunTime:0.010287s ]
[ 2017-10-16T13:53:47+08:00 ] /Index/system | SQL: SELECT `acc_no` FROM `baofu_bindcard` WHERE ( `memberid` = '20' ) LIMIT 1   [ RunTime:0.010361s ]
[ 2017-10-16T13:53:47+08:00 ] /Index/system | SQL: SELECT * FROM `member_import` WHERE ( `business_company_id` = '35' ) AND ( `certiNumber` = null ) LIMIT 1   [ RunTime:0.010166s ]
[ 2017-10-16T13:53:47+08:00 ] /Index/system | SQL: SELECT `acc_no` FROM `baofu_bindcard` WHERE ( `memberid` = '21' ) LIMIT 1   [ RunTime:0.008201s ]
[ 2017-10-16T13:53:47+08:00 ] /Index/system | SQL: SELECT * FROM `member_import` WHERE ( `business_company_id` = '35' ) AND ( `certiNumber` = null ) LIMIT 1   [ RunTime:0.010829s ]
[ 2017-10-16T13:53:47+08:00 ] /Index/system | SQL: SELECT `acc_no` FROM `baofu_bindcard` WHERE ( `memberid` = '22' ) LIMIT 1   [ RunTime:0.010301s ]
[ 2017-10-16T13:53:47+08:00 ] /Index/system | SQL: SELECT * FROM `member_import` WHERE ( `business_company_id` = '35' ) AND ( `certiNumber` = null ) LIMIT 1   [ RunTime:0.011080s ]
[ 2017-10-16T13:53:47+08:00 ] /Index/system | SQL: SELECT `acc_no` FROM `baofu_bindcard` WHERE ( `memberid` = '23' ) LIMIT 1   [ RunTime:0.009601s ]
[ 2017-10-16T13:53:47+08:00 ] /Index/system | SQL: SELECT * FROM `member_import` WHERE ( `business_company_id` = '35' ) AND ( `certiNumber` = null ) LIMIT 1   [ RunTime:0.018195s ]
[ 2017-10-16T13:53:47+08:00 ] /Index/system | SQL: SELECT `acc_no` FROM `baofu_bindcard` WHERE ( `memberid` = '24' ) LIMIT 1   [ RunTime:0.010465s ]
[ 2017-10-16T13:53:47+08:00 ] /Index/system | SQL: SELECT * FROM `member_import` WHERE ( `business_company_id` = '35' ) AND ( `certiNumber` = null ) LIMIT 1   [ RunTime:0.011806s ]
[ 2017-10-16T13:53:47+08:00 ] /Index/system | SQL: SELECT `acc_no` FROM `baofu_bindcard` WHERE ( `memberid` = '25' ) LIMIT 1   [ RunTime:0.012835s ]
[ 2017-10-16T13:53:47+08:00 ] /Index/system | SQL: SELECT * FROM `member_import` WHERE ( `business_company_id` = '35' ) AND ( `certiNumber` = null ) LIMIT 1   [ RunTime:0.017344s ]
[ 2017-10-16T13:53:47+08:00 ] /Index/system | SQL: SELECT `acc_no` FROM `baofu_bindcard` WHERE ( `memberid` = '26' ) LIMIT 1   [ RunTime:0.010790s ]
[ 2017-10-16T13:53:47+08:00 ] /Index/system | SQL: SELECT * FROM `member_import` WHERE ( `business_company_id` = '35' ) AND ( `certiNumber` = '340702199002027777' ) LIMIT 1   [ RunTime:0.011071s ]
[ 2017-10-16T13:53:47+08:00 ] /Index/system | SQL: SELECT `acc_no` FROM `baofu_bindcard` WHERE ( `memberid` = '27' ) LIMIT 1   [ RunTime:0.010641s ]
[ 2017-10-16T13:53:47+08:00 ] /Index/system | SQL: SELECT * FROM `member_import` WHERE ( `business_company_id` = '35' ) AND ( `certiNumber` = null ) LIMIT 1   [ RunTime:0.015365s ]
[ 2017-10-16T13:53:47+08:00 ] /Index/system | SQL: SELECT `acc_no` FROM `baofu_bindcard` WHERE ( `memberid` = '28' ) LIMIT 1   [ RunTime:0.012139s ]
[ 2017-10-16T13:53:47+08:00 ] /Index/system | SQL: SELECT * FROM `member_import` WHERE ( `business_company_id` = '35' ) AND ( `certiNumber` = null ) LIMIT 1   [ RunTime:0.010737s ]
[ 2017-10-16T13:53:48+08:00 ] /Index/system | SQL: SELECT `acc_no` FROM `baofu_bindcard` WHERE ( `memberid` = '29' ) LIMIT 1   [ RunTime:0.010088s ]
[ 2017-10-16T13:53:48+08:00 ] /Index/system | SQL: SELECT * FROM `member_import` WHERE ( `business_company_id` = '35' ) AND ( `certiNumber` = '320581198808023122' ) LIMIT 1   [ RunTime:0.011638s ]
[ 2017-10-16T13:53:48+08:00 ] /Index/system | SQL: SELECT `acc_no` FROM `baofu_bindcard` WHERE ( `memberid` = '30' ) LIMIT 1   [ RunTime:0.006458s ]
[ 2017-10-16T13:53:48+08:00 ] /Index/system | SQL: SELECT * FROM `member_import` WHERE ( `business_company_id` = '35' ) AND ( `certiNumber` = '320301198502169142' ) LIMIT 1   [ RunTime:0.010826s ]
[ 2017-10-16T13:53:48+08:00 ] /Index/system | SQL: SELECT `acc_no` FROM `baofu_bindcard` WHERE ( `memberid` = '31' ) LIMIT 1   [ RunTime:0.008829s ]
[ 2017-10-16T13:53:48+08:00 ] /Index/system | SQL: SELECT * FROM `member_import` WHERE ( `business_company_id` = '35' ) AND ( `certiNumber` = null ) LIMIT 1   [ RunTime:0.011081s ]
[ 2017-10-16T13:53:48+08:00 ] /Index/system | SQL: SELECT `acc_no` FROM `baofu_bindcard` WHERE ( `memberid` = '32' ) LIMIT 1   [ RunTime:0.005985s ]
[ 2017-10-16T13:53:48+08:00 ] /Index/system | SQL: SHOW COLUMNS FROM `member` [ RunTime:0.033875s ]
[ 2017-10-16T13:53:48+08:00 ] /Index/system | SQL: SELECT COUNT(*) AS tp_count FROM member m,member_info mi,business_company bus,business_channel bc,channel_company cha WHERE ( m.timeadd >= '2017-10-16' ) AND ( m.id=mi.memberid and m.business_company_id=bus.id  and  bus.id=bc.business_company_id  and bc.channel_company_id=cha.id ) LIMIT 1   [ RunTime:0.006902s ]
[ 2017-10-16T13:53:48+08:00 ] /Index/system | SQL: SELECT m.*,mi.names,mi.certiNumber,mi.nameStatus,cha.companyname as channel_companyname,bus.companyname as business_companyname FROM member m,member_info mi,business_company bus,business_channel bc,channel_company cha WHERE ( m.timeadd >= '2017-10-16' ) AND ( m.id=mi.memberid and m.business_company_id=bus.id  and  bus.id=bc.business_company_id  and bc.channel_company_id=cha.id )  [ RunTime:0.012494s ]
[ 2017-10-16T13:53:48+08:00 ] /Index/system | SQL: SHOW COLUMNS FROM `member_import` [ RunTime:0.020247s ]
[ 2017-10-16T13:53:48+08:00 ] /Index/system | SQL: SHOW COLUMNS FROM `loan_config` [ RunTime:0.017006s ]
[ 2017-10-16T13:53:48+08:00 ] /Index/system | SQL: SELECT * FROM `loan_config` LIMIT 1   [ RunTime:0.013078s ]
[ 2017-10-16T13:53:48+08:00 ] /Index/system | SQL: SHOW COLUMNS FROM `loan_tender` [ RunTime:0.009667s ]
[ 2017-10-16T13:53:48+08:00 ] /Index/system | SQL: SELECT COUNT(*) AS tp_count FROM loan_tender tender,loan_allot allot,member m,member_info mi,business_loan bus_l,loan_periode lp,business_channel bc,business_company bus,channel_company cha WHERE (  tender.business_loan_id=bus_l.id  and tender.id=allot.tender_id and tender.memberid=m.id and m.id=mi.memberid and bus_l.business_company_id=bus.id  and bus_l.loan_periode_id=lp.id and bus.id=bc.business_company_id and bc.channel_company_id=cha.id   ) LIMIT 1   [ RunTime:0.042925s ]
[ 2017-10-16T13:53:48+08:00 ] /Index/system | SQL: SELECT tender.*,allot.id as loan_allot_id,allot.late_fee,allot.start_time,allot.end_time,allot.back_real_time,allot.late_days,allot.back_real_money,allot.repayment_money,allot.status as allot_status,bus.companyname as bus_companyname,bus.id as business_company_id,bus.business_number,cha.companyname as cha_companyname,cha.id as channel_company_id,bus_l.name as bus_l_name,bus_l.capital_loan_id,bus_l.periode_rate,bus_l.late_periode_rate,if(bus_l.loan_repayment_id=2,'本息到付','') as repayment_name,m.mobile,mi.names,concat(lp.periode,lp.unit) as lp_name,mi.certiNumber,case when tender.status=1 and tender.is_sign=0 and tender.is_approve=0 and allot.status=0 then '待审核'  when tender.status=1 and tender.is_sign=0 and tender.is_approve=1 and allot.status=0 then '待签约'  when tender.status=1 and tender.is_sign=1 and tender.is_approve=1 and allot.status=0 then '待打款'  when tender.status=2 and tender.is_sign=1 and tender.is_approve=1 and allot.status=0 then '待还款'  when tender.status=2 and tender.is_sign=1 and tender.is_approve=1 and allot.status=1 then '已结清'  when tender.status=3 then  '已拒单' end as order_status_name FROM loan_tender tender,loan_allot allot,member m,member_info mi,business_loan bus_l,loan_periode lp,business_channel bc,business_company bus,channel_company cha WHERE (  tender.business_loan_id=bus_l.id  and tender.id=allot.tender_id and tender.memberid=m.id and m.id=mi.memberid and bus_l.business_company_id=bus.id  and bus_l.loan_periode_id=lp.id and bus.id=bc.business_company_id and bc.channel_company_id=cha.id   )  [ RunTime:0.058946s ]
[ 2017-10-16T13:53:48+08:00 ] /Index/system | SQL: SHOW COLUMNS FROM `loan_tender` [ RunTime:0.027839s ]
[ 2017-10-16T13:53:48+08:00 ] /Index/system | SQL: SELECT COUNT(*) AS tp_count FROM loan_tender tender,loan_allot allot,member m,member_info mi,business_loan bus_l,loan_periode lp,business_channel bc,business_company bus,channel_company cha WHERE ( tender.timeadd >= '2017-10-16' ) AND (  tender.business_loan_id=bus_l.id  and tender.id=allot.tender_id and tender.memberid=m.id and m.id=mi.memberid and bus_l.business_company_id=bus.id  and bus_l.loan_periode_id=lp.id and bus.id=bc.business_company_id and bc.channel_company_id=cha.id   ) LIMIT 1   [ RunTime:0.022386s ]
[ 2017-10-16T13:53:48+08:00 ] /Index/system | SQL: SELECT tender.*,allot.id as loan_allot_id,allot.late_fee,allot.start_time,allot.end_time,allot.back_real_time,allot.late_days,allot.back_real_money,allot.repayment_money,allot.status as allot_status,bus.companyname as bus_companyname,bus.id as business_company_id,bus.business_number,cha.companyname as cha_companyname,cha.id as channel_company_id,bus_l.name as bus_l_name,bus_l.capital_loan_id,bus_l.periode_rate,bus_l.late_periode_rate,if(bus_l.loan_repayment_id=2,'本息到付','') as repayment_name,m.mobile,mi.names,concat(lp.periode,lp.unit) as lp_name,mi.certiNumber,case when tender.status=1 and tender.is_sign=0 and tender.is_approve=0 and allot.status=0 then '待审核'  when tender.status=1 and tender.is_sign=0 and tender.is_approve=1 and allot.status=0 then '待签约'  when tender.status=1 and tender.is_sign=1 and tender.is_approve=1 and allot.status=0 then '待打款'  when tender.status=2 and tender.is_sign=1 and tender.is_approve=1 and allot.status=0 then '待还款'  when tender.status=2 and tender.is_sign=1 and tender.is_approve=1 and allot.status=1 then '已结清'  when tender.status=3 then  '已拒单' end as order_status_name FROM loan_tender tender,loan_allot allot,member m,member_info mi,business_loan bus_l,loan_periode lp,business_channel bc,business_company bus,channel_company cha WHERE ( tender.timeadd >= '2017-10-16' ) AND (  tender.business_loan_id=bus_l.id  and tender.id=allot.tender_id and tender.memberid=m.id and m.id=mi.memberid and bus_l.business_company_id=bus.id  and bus_l.loan_periode_id=lp.id and bus.id=bc.business_company_id and bc.channel_company_id=cha.id   )  [ RunTime:0.036459s ]

[ 2017-10-16T13:53:48+08:00 ]  127.0.0.1 /favicon.ico | ERR: (ThinkException) 无法加载模块favicon.ico
