[ 2017-09-20T14:15:20+08:00 ] 127.0.0.1 /
[ 2017-09-20T14:15:20+08:00 ] / | NOTIC: [8192] preg_replace(): The /e modifier is deprecated, use preg_replace_callback instead common.php 第 66 行.
[ 2017-09-20T14:15:20+08:00 ] / | INFO: Tag[ app_begin ] --START--
[ 2017-09-20T14:15:20+08:00 ] / | INFO: Run ReadHtmlCache Behavior [ RunTime:0.001357s ]
[ 2017-09-20T14:15:20+08:00 ] / | INFO: Tag[ app_begin ] --END-- [ RunTime:0.001389s ]
[ 2017-09-20T14:15:20+08:00 ] / | NOTIC: [8] Undefined variable: system CommonAction.class.php 第 131 行.
[ 2017-09-20T14:15:20+08:00 ] / | NOTIC: [8] Undefined index: token CommonAction.class.php 第 65 行.
[ 2017-09-20T14:15:20+08:00 ] / | INFO: Tag[ view_template ] --START--
[ 2017-09-20T14:15:20+08:00 ] / | INFO: Run LocationTemplate Behavior [ RunTime:0.001756s ]
[ 2017-09-20T14:15:20+08:00 ] / | INFO: Tag[ view_template ] --END-- [ RunTime:0.001788s ]
[ 2017-09-20T14:15:20+08:00 ] / | INFO: Tag[ view_parse ] --START--
[ 2017-09-20T14:15:20+08:00 ] / | NOTIC: [8192] preg_replace(): The /e modifier is deprecated, use preg_replace_callback instead ThinkTemplate.class.php 第 186 行.
[ 2017-09-20T14:15:20+08:00 ] / | NOTIC: [8192] preg_replace(): The /e modifier is deprecated, use preg_replace_callback instead ThinkTemplate.class.php 第 406 行.
[ 2017-09-20T14:15:20+08:00 ] / | NOTIC: [8192] preg_replace(): The /e modifier is deprecated, use preg_replace_callback instead ThinkTemplate.class.php 第 406 行.
[ 2017-09-20T14:15:20+08:00 ] / | NOTIC: [8192] preg_replace(): The /e modifier is deprecated, use preg_replace_callback instead ThinkTemplate.class.php 第 406 行.
[ 2017-09-20T14:15:20+08:00 ] / | NOTIC: [8192] preg_replace(): The /e modifier is deprecated, use preg_replace_callback instead ThinkTemplate.class.php 第 406 行.
[ 2017-09-20T14:15:20+08:00 ] / | NOTIC: [8192] preg_replace(): The /e modifier is deprecated, use preg_replace_callback instead ThinkTemplate.class.php 第 406 行.
[ 2017-09-20T14:15:20+08:00 ] / | NOTIC: [8192] preg_replace(): The /e modifier is deprecated, use preg_replace_callback instead ThinkTemplate.class.php 第 406 行.
[ 2017-09-20T14:15:20+08:00 ] / | NOTIC: [8192] preg_replace(): The /e modifier is deprecated, use preg_replace_callback instead ThinkTemplate.class.php 第 406 行.
[ 2017-09-20T14:15:20+08:00 ] / | NOTIC: [8192] preg_replace(): The /e modifier is deprecated, use preg_replace_callback instead ThinkTemplate.class.php 第 406 行.
[ 2017-09-20T14:15:20+08:00 ] / | NOTIC: [8192] preg_replace(): The /e modifier is deprecated, use preg_replace_callback instead ThinkTemplate.class.php 第 406 行.
[ 2017-09-20T14:15:20+08:00 ] / | NOTIC: [8192] preg_replace(): The /e modifier is deprecated, use preg_replace_callback instead ThinkTemplate.class.php 第 402 行.
[ 2017-09-20T14:15:20+08:00 ] / | NOTIC: [8192] preg_replace(): The /e modifier is deprecated, use preg_replace_callback instead ThinkTemplate.class.php 第 402 行.
[ 2017-09-20T14:15:20+08:00 ] / | NOTIC: [8192] preg_replace(): The /e modifier is deprecated, use preg_replace_callback instead ThinkTemplate.class.php 第 406 行.
[ 2017-09-20T14:15:20+08:00 ] / | NOTIC: [8192] preg_replace(): The /e modifier is deprecated, use preg_replace_callback instead ThinkTemplate.class.php 第 406 行.
[ 2017-09-20T14:15:20+08:00 ] / | NOTIC: [8192] preg_replace(): The /e modifier is deprecated, use preg_replace_callback instead ThinkTemplate.class.php 第 406 行.
[ 2017-09-20T14:15:20+08:00 ] / | NOTIC: [8192] preg_replace(): The /e modifier is deprecated, use preg_replace_callback instead ThinkTemplate.class.php 第 402 行.
[ 2017-09-20T14:15:20+08:00 ] / | NOTIC: [8192] preg_replace(): The /e modifier is deprecated, use preg_replace_callback instead ThinkTemplate.class.php 第 406 行.
[ 2017-09-20T14:15:20+08:00 ] / | NOTIC: [8192] preg_replace(): The /e modifier is deprecated, use preg_replace_callback instead ThinkTemplate.class.php 第 406 行.
[ 2017-09-20T14:15:20+08:00 ] / | NOTIC: [8192] preg_replace(): The /e modifier is deprecated, use preg_replace_callback instead ThinkTemplate.class.php 第 406 行.
[ 2017-09-20T14:15:20+08:00 ] / | NOTIC: [8192] preg_replace(): The /e modifier is deprecated, use preg_replace_callback instead ThinkTemplate.class.php 第 406 行.
[ 2017-09-20T14:15:20+08:00 ] / | NOTIC: [8192] preg_replace(): The /e modifier is deprecated, use preg_replace_callback instead ThinkTemplate.class.php 第 406 行.
[ 2017-09-20T14:15:20+08:00 ] / | NOTIC: [8192] preg_replace(): The /e modifier is deprecated, use preg_replace_callback instead ThinkTemplate.class.php 第 406 行.
[ 2017-09-20T14:15:20+08:00 ] / | NOTIC: [8192] preg_replace(): The /e modifier is deprecated, use preg_replace_callback instead ThinkTemplate.class.php 第 406 行.
[ 2017-09-20T14:15:20+08:00 ] / | NOTIC: [8192] preg_replace(): The /e modifier is deprecated, use preg_replace_callback instead ThinkTemplate.class.php 第 406 行.
[ 2017-09-20T14:15:20+08:00 ] / | NOTIC: [8192] preg_replace(): The /e modifier is deprecated, use preg_replace_callback instead ThinkTemplate.class.php 第 406 行.
[ 2017-09-20T14:15:20+08:00 ] / | NOTIC: [8192] preg_replace(): The /e modifier is deprecated, use preg_replace_callback instead ThinkTemplate.class.php 第 406 行.
[ 2017-09-20T14:15:20+08:00 ] / | NOTIC: [8192] preg_replace(): The /e modifier is deprecated, use preg_replace_callback instead ThinkTemplate.class.php 第 406 行.
[ 2017-09-20T14:15:20+08:00 ] / | NOTIC: [8192] preg_replace(): The /e modifier is deprecated, use preg_replace_callback instead ThinkTemplate.class.php 第 406 行.
[ 2017-09-20T14:15:20+08:00 ] / | NOTIC: [8192] preg_replace(): The /e modifier is deprecated, use preg_replace_callback instead ThinkTemplate.class.php 第 406 行.
[ 2017-09-20T14:15:20+08:00 ] / | NOTIC: [8192] preg_replace(): The /e modifier is deprecated, use preg_replace_callback instead ThinkTemplate.class.php 第 406 行.
[ 2017-09-20T14:15:20+08:00 ] / | NOTIC: [8192] preg_replace(): The /e modifier is deprecated, use preg_replace_callback instead ThinkTemplate.class.php 第 406 行.
[ 2017-09-20T14:15:20+08:00 ] / | NOTIC: [8192] preg_replace(): The /e modifier is deprecated, use preg_replace_callback instead ThinkTemplate.class.php 第 406 行.
[ 2017-09-20T14:15:20+08:00 ] / | NOTIC: [8192] preg_replace(): The /e modifier is deprecated, use preg_replace_callback instead ThinkTemplate.class.php 第 406 行.
[ 2017-09-20T14:15:20+08:00 ] / | NOTIC: [8192] preg_replace(): The /e modifier is deprecated, use preg_replace_callback instead ThinkTemplate.class.php 第 406 行.
[ 2017-09-20T14:15:20+08:00 ] / | NOTIC: [8192] preg_replace(): The /e modifier is deprecated, use preg_replace_callback instead ThinkTemplate.class.php 第 406 行.
[ 2017-09-20T14:15:20+08:00 ] / | NOTIC: [8192] preg_replace(): The /e modifier is deprecated, use preg_replace_callback instead ThinkTemplate.class.php 第 406 行.
[ 2017-09-20T14:15:20+08:00 ] / | NOTIC: [8192] preg_replace(): The /e modifier is deprecated, use preg_replace_callback instead ThinkTemplate.class.php 第 406 行.
[ 2017-09-20T14:15:20+08:00 ] / | NOTIC: [8192] preg_replace(): The /e modifier is deprecated, use preg_replace_callback instead ThinkTemplate.class.php 第 406 行.
[ 2017-09-20T14:15:20+08:00 ] / | NOTIC: [8192] preg_replace(): The /e modifier is deprecated, use preg_replace_callback instead ThinkTemplate.class.php 第 406 行.
[ 2017-09-20T14:15:20+08:00 ] / | NOTIC: [8192] preg_replace(): The /e modifier is deprecated, use preg_replace_callback instead ThinkTemplate.class.php 第 406 行.
[ 2017-09-20T14:15:20+08:00 ] / | NOTIC: [8192] preg_replace(): The /e modifier is deprecated, use preg_replace_callback instead ThinkTemplate.class.php 第 406 行.
[ 2017-09-20T14:15:20+08:00 ] / | NOTIC: [8192] preg_replace(): The /e modifier is deprecated, use preg_replace_callback instead ThinkTemplate.class.php 第 406 行.
[ 2017-09-20T14:15:20+08:00 ] / | NOTIC: [8192] preg_replace(): The /e modifier is deprecated, use preg_replace_callback instead ThinkTemplate.class.php 第 406 行.
[ 2017-09-20T14:15:20+08:00 ] / | NOTIC: [8192] preg_replace(): The /e modifier is deprecated, use preg_replace_callback instead ThinkTemplate.class.php 第 406 行.
[ 2017-09-20T14:15:20+08:00 ] / | NOTIC: [8192] preg_replace(): The /e modifier is deprecated, use preg_replace_callback instead ThinkTemplate.class.php 第 406 行.
[ 2017-09-20T14:15:20+08:00 ] / | NOTIC: [8192] preg_replace(): The /e modifier is deprecated, use preg_replace_callback instead ThinkTemplate.class.php 第 406 行.
[ 2017-09-20T14:15:20+08:00 ] / | NOTIC: [8192] preg_replace(): The /e modifier is deprecated, use preg_replace_callback instead ThinkTemplate.class.php 第 406 行.
[ 2017-09-20T14:15:20+08:00 ] / | NOTIC: [8192] preg_replace(): The /e modifier is deprecated, use preg_replace_callback instead ThinkTemplate.class.php 第 406 行.
[ 2017-09-20T14:15:20+08:00 ] / | NOTIC: [8192] preg_replace(): The /e modifier is deprecated, use preg_replace_callback instead ThinkTemplate.class.php 第 406 行.
[ 2017-09-20T14:15:20+08:00 ] / | NOTIC: [8192] preg_replace(): The /e modifier is deprecated, use preg_replace_callback instead ThinkTemplate.class.php 第 406 行.
[ 2017-09-20T14:15:20+08:00 ] / | NOTIC: [8192] preg_replace(): The /e modifier is deprecated, use preg_replace_callback instead ThinkTemplate.class.php 第 406 行.
[ 2017-09-20T14:15:20+08:00 ] / | NOTIC: [8192] preg_replace(): The /e modifier is deprecated, use preg_replace_callback instead ThinkTemplate.class.php 第 406 行.
[ 2017-09-20T14:15:20+08:00 ] / | NOTIC: [8192] preg_replace(): The /e modifier is deprecated, use preg_replace_callback instead ThinkTemplate.class.php 第 406 行.
[ 2017-09-20T14:15:20+08:00 ] / | NOTIC: [8192] preg_replace(): The /e modifier is deprecated, use preg_replace_callback instead ThinkTemplate.class.php 第 406 行.
[ 2017-09-20T14:15:20+08:00 ] / | NOTIC: [8192] preg_replace(): The /e modifier is deprecated, use preg_replace_callback instead ThinkTemplate.class.php 第 406 行.
[ 2017-09-20T14:15:20+08:00 ] / | NOTIC: [8192] preg_replace(): The /e modifier is deprecated, use preg_replace_callback instead ThinkTemplate.class.php 第 406 行.
[ 2017-09-20T14:15:20+08:00 ] / | NOTIC: [8192] preg_replace(): The /e modifier is deprecated, use preg_replace_callback instead ThinkTemplate.class.php 第 406 行.
[ 2017-09-20T14:15:20+08:00 ] / | NOTIC: [8192] preg_replace(): The /e modifier is deprecated, use preg_replace_callback instead ThinkTemplate.class.php 第 406 行.
[ 2017-09-20T14:15:20+08:00 ] / | NOTIC: [8192] preg_replace(): The /e modifier is deprecated, use preg_replace_callback instead ThinkTemplate.class.php 第 406 行.
[ 2017-09-20T14:15:20+08:00 ] / | NOTIC: [8192] preg_replace(): The /e modifier is deprecated, use preg_replace_callback instead ThinkTemplate.class.php 第 406 行.
[ 2017-09-20T14:15:20+08:00 ] / | NOTIC: [8192] preg_replace(): The /e modifier is deprecated, use preg_replace_callback instead ThinkTemplate.class.php 第 406 行.
[ 2017-09-20T14:15:20+08:00 ] / | NOTIC: [8192] preg_replace(): The /e modifier is deprecated, use preg_replace_callback instead ThinkTemplate.class.php 第 406 行.
[ 2017-09-20T14:15:20+08:00 ] / | NOTIC: [8192] preg_replace(): The /e modifier is deprecated, use preg_replace_callback instead ThinkTemplate.class.php 第 406 行.
[ 2017-09-20T14:15:20+08:00 ] / | NOTIC: [8192] preg_replace(): The /e modifier is deprecated, use preg_replace_callback instead ThinkTemplate.class.php 第 406 行.
[ 2017-09-20T14:15:20+08:00 ] / | NOTIC: [8192] preg_replace(): The /e modifier is deprecated, use preg_replace_callback instead ThinkTemplate.class.php 第 406 行.
[ 2017-09-20T14:15:20+08:00 ] / | NOTIC: [8192] preg_replace(): The /e modifier is deprecated, use preg_replace_callback instead ThinkTemplate.class.php 第 406 行.
[ 2017-09-20T14:15:20+08:00 ] / | NOTIC: [8192] preg_replace(): The /e modifier is deprecated, use preg_replace_callback instead ThinkTemplate.class.php 第 406 行.
[ 2017-09-20T14:15:20+08:00 ] / | NOTIC: [8192] preg_replace(): The /e modifier is deprecated, use preg_replace_callback instead ThinkTemplate.class.php 第 406 行.
[ 2017-09-20T14:15:20+08:00 ] / | NOTIC: [8192] preg_replace(): The /e modifier is deprecated, use preg_replace_callback instead ThinkTemplate.class.php 第 406 行.
[ 2017-09-20T14:15:20+08:00 ] / | NOTIC: [8192] preg_replace(): The /e modifier is deprecated, use preg_replace_callback instead ThinkTemplate.class.php 第 406 行.
[ 2017-09-20T14:15:20+08:00 ] / | NOTIC: [8192] preg_replace(): The /e modifier is deprecated, use preg_replace_callback instead ThinkTemplate.class.php 第 406 行.
[ 2017-09-20T14:15:20+08:00 ] / | NOTIC: [8192] preg_replace(): The /e modifier is deprecated, use preg_replace_callback instead ThinkTemplate.class.php 第 406 行.
[ 2017-09-20T14:15:20+08:00 ] / | NOTIC: [8192] preg_replace(): The /e modifier is deprecated, use preg_replace_callback instead ThinkTemplate.class.php 第 406 行.
[ 2017-09-20T14:15:20+08:00 ] / | NOTIC: [8192] preg_replace(): The /e modifier is deprecated, use preg_replace_callback instead ThinkTemplate.class.php 第 406 行.
[ 2017-09-20T14:15:20+08:00 ] / | NOTIC: [8192] preg_replace(): The /e modifier is deprecated, use preg_replace_callback instead ThinkTemplate.class.php 第 406 行.
[ 2017-09-20T14:15:20+08:00 ] / | NOTIC: [8192] preg_replace(): The /e modifier is deprecated, use preg_replace_callback instead ThinkTemplate.class.php 第 406 行.
[ 2017-09-20T14:15:20+08:00 ] / | NOTIC: [8192] preg_replace(): The /e modifier is deprecated, use preg_replace_callback instead ThinkTemplate.class.php 第 406 行.
[ 2017-09-20T14:15:20+08:00 ] / | NOTIC: [8192] preg_replace(): The /e modifier is deprecated, use preg_replace_callback instead ThinkTemplate.class.php 第 406 行.
[ 2017-09-20T14:15:20+08:00 ] / | NOTIC: [8192] preg_replace(): The /e modifier is deprecated, use preg_replace_callback instead ThinkTemplate.class.php 第 406 行.
[ 2017-09-20T14:15:20+08:00 ] / | NOTIC: [8192] preg_replace(): The /e modifier is deprecated, use preg_replace_callback instead ThinkTemplate.class.php 第 406 行.
[ 2017-09-20T14:15:20+08:00 ] / | NOTIC: [8192] preg_replace(): The /e modifier is deprecated, use preg_replace_callback instead ThinkTemplate.class.php 第 406 行.
[ 2017-09-20T14:15:20+08:00 ] / | NOTIC: [8192] preg_replace(): The /e modifier is deprecated, use preg_replace_callback instead ThinkTemplate.class.php 第 406 行.
[ 2017-09-20T14:15:20+08:00 ] / | NOTIC: [8192] preg_replace(): The /e modifier is deprecated, use preg_replace_callback instead ThinkTemplate.class.php 第 402 行.
[ 2017-09-20T14:15:20+08:00 ] / | NOTIC: [8192] preg_replace(): The /e modifier is deprecated, use preg_replace_callback instead ThinkTemplate.class.php 第 402 行.
[ 2017-09-20T14:15:20+08:00 ] / | NOTIC: [8192] preg_replace(): The /e modifier is deprecated, use preg_replace_callback instead ThinkTemplate.class.php 第 402 行.
[ 2017-09-20T14:15:20+08:00 ] / | NOTIC: [8192] preg_replace(): The /e modifier is deprecated, use preg_replace_callback instead ThinkTemplate.class.php 第 402 行.
[ 2017-09-20T14:15:20+08:00 ] / | NOTIC: [8192] preg_replace(): The /e modifier is deprecated, use preg_replace_callback instead ThinkTemplate.class.php 第 402 行.
[ 2017-09-20T14:15:20+08:00 ] / | NOTIC: [8192] preg_replace(): The /e modifier is deprecated, use preg_replace_callback instead ThinkTemplate.class.php 第 402 行.
[ 2017-09-20T14:15:20+08:00 ] / | NOTIC: [8192] preg_replace(): The /e modifier is deprecated, use preg_replace_callback instead ThinkTemplate.class.php 第 406 行.
[ 2017-09-20T14:15:20+08:00 ] / | NOTIC: [8192] preg_replace(): The /e modifier is deprecated, use preg_replace_callback instead ThinkTemplate.class.php 第 406 行.
[ 2017-09-20T14:15:20+08:00 ] / | NOTIC: [8192] preg_replace(): The /e modifier is deprecated, use preg_replace_callback instead ThinkTemplate.class.php 第 406 行.
[ 2017-09-20T14:15:20+08:00 ] / | NOTIC: [8192] preg_replace(): The /e modifier is deprecated, use preg_replace_callback instead ThinkTemplate.class.php 第 220 行.
[ 2017-09-20T14:15:20+08:00 ] / | NOTIC: [8192] preg_replace(): The /e modifier is deprecated, use preg_replace_callback instead ThinkTemplate.class.php 第 154 行.
[ 2017-09-20T14:15:20+08:00 ] / | INFO: Run ParseTemplate Behavior [ RunTime:0.016651s ]
[ 2017-09-20T14:15:20+08:00 ] / | INFO: Tag[ view_parse ] --END-- [ RunTime:0.016689s ]
[ 2017-09-20T14:15:20+08:00 ] / | INFO: Tag[ view_filter ] --START--
[ 2017-09-20T14:15:20+08:00 ] / | INFO: Run ContentReplace Behavior [ RunTime:0.001094s ]
[ 2017-09-20T14:15:20+08:00 ] / | INFO: Run TokenBuild Behavior [ RunTime:0.001155s ]
[ 2017-09-20T14:15:20+08:00 ] / | INFO: Run WriteHtmlCache Behavior [ RunTime:0.000953s ]
[ 2017-09-20T14:15:20+08:00 ] / | INFO: Run ShowRuntime Behavior [ RunTime:0.001058s ]
[ 2017-09-20T14:15:20+08:00 ] / | INFO: Tag[ view_filter ] --END-- [ RunTime:0.004337s ]
[ 2017-09-20T14:15:20+08:00 ] / | INFO: Tag[ view_end ] --START--
[ 2017-09-20T14:15:20+08:00 ] / | INFO: Run ShowPageTrace Behavior [ RunTime:0.001078s ]
[ 2017-09-20T14:15:20+08:00 ] / | INFO: Tag[ view_end ] --END-- [ RunTime:0.001101s ]

[ 2017-09-20T14:15:21+08:00 ]  127.0.0.1 /favicon.ico | ERR: (ThinkException) 无法加载模块Favicon.ico
[ 2017-09-20T14:15:21+08:00 ] 127.0.0.1 /Member/Login?redirecturl=%2FIndex%2Findex
[ 2017-09-20T14:15:21+08:00 ] /Member/Login?redirecturl=%2FIndex%2Findex | INFO: Tag[ route_check ] --START--
[ 2017-09-20T14:15:21+08:00 ] /Member/Login?redirecturl=%2FIndex%2Findex | INFO: Run CheckRoute Behavior [ RunTime:0.000895s ]
[ 2017-09-20T14:15:21+08:00 ] /Member/Login?redirecturl=%2FIndex%2Findex | INFO: Tag[ route_check ] --END-- [ RunTime:0.000963s ]
[ 2017-09-20T14:15:21+08:00 ] /Member/Login?redirecturl=%2FIndex%2Findex | NOTIC: [8192] preg_replace(): The /e modifier is deprecated, use preg_replace_callback instead Dispatcher.class.php 第 125 行.
[ 2017-09-20T14:15:21+08:00 ] /Member/Login?redirecturl=%2FIndex%2Findex | NOTIC: [8192] preg_replace(): The /e modifier is deprecated, use preg_replace_callback instead common.php 第 66 行.
[ 2017-09-20T14:15:21+08:00 ] /Member/Login?redirecturl=%2FIndex%2Findex | INFO: Tag[ app_begin ] --START--
[ 2017-09-20T14:15:21+08:00 ] /Member/Login?redirecturl=%2FIndex%2Findex | INFO: Run ReadHtmlCache Behavior [ RunTime:0.000799s ]
[ 2017-09-20T14:15:21+08:00 ] /Member/Login?redirecturl=%2FIndex%2Findex | INFO: Tag[ app_begin ] --END-- [ RunTime:0.000824s ]
[ 2017-09-20T14:15:21+08:00 ] /Member/Login?redirecturl=%2FIndex%2Findex | NOTIC: [8] Undefined variable: system CommonAction.class.php 第 131 行.
[ 2017-09-20T14:15:21+08:00 ] /Member/Login?redirecturl=%2FIndex%2Findex | NOTIC: [8] Undefined index: token CommonAction.class.php 第 65 行.
[ 2017-09-20T14:15:21+08:00 ] /Member/Login?redirecturl=%2FIndex%2Findex | NOTIC: [8] Undefined index: token CommonAction.class.php 第 65 行.
[ 2017-09-20T14:15:21+08:00 ] /Member/Login?redirecturl=%2FIndex%2Findex | INFO: Tag[ view_template ] --START--
[ 2017-09-20T14:15:21+08:00 ] /Member/Login?redirecturl=%2FIndex%2Findex | INFO: Run LocationTemplate Behavior [ RunTime:0.001415s ]
[ 2017-09-20T14:15:21+08:00 ] /Member/Login?redirecturl=%2FIndex%2Findex | INFO: Tag[ view_template ] --END-- [ RunTime:0.001446s ]
[ 2017-09-20T14:15:21+08:00 ] /Member/Login?redirecturl=%2FIndex%2Findex | INFO: Tag[ view_parse ] --START--
[ 2017-09-20T14:15:21+08:00 ] /Member/Login?redirecturl=%2FIndex%2Findex | NOTIC: [8192] preg_replace(): The /e modifier is deprecated, use preg_replace_callback instead ThinkTemplate.class.php 第 186 行.
[ 2017-09-20T14:15:21+08:00 ] /Member/Login?redirecturl=%2FIndex%2Findex | NOTIC: [8192] preg_replace(): The /e modifier is deprecated, use preg_replace_callback instead ThinkTemplate.class.php 第 406 行.
[ 2017-09-20T14:15:21+08:00 ] /Member/Login?redirecturl=%2FIndex%2Findex | NOTIC: [8192] preg_replace(): The /e modifier is deprecated, use preg_replace_callback instead ThinkTemplate.class.php 第 406 行.
[ 2017-09-20T14:15:21+08:00 ] /Member/Login?redirecturl=%2FIndex%2Findex | NOTIC: [8192] preg_replace(): The /e modifier is deprecated, use preg_replace_callback instead ThinkTemplate.class.php 第 406 行.
[ 2017-09-20T14:15:21+08:00 ] /Member/Login?redirecturl=%2FIndex%2Findex | NOTIC: [8192] preg_replace(): The /e modifier is deprecated, use preg_replace_callback instead ThinkTemplate.class.php 第 406 行.
[ 2017-09-20T14:15:21+08:00 ] /Member/Login?redirecturl=%2FIndex%2Findex | NOTIC: [8192] preg_replace(): The /e modifier is deprecated, use preg_replace_callback instead ThinkTemplate.class.php 第 406 行.
[ 2017-09-20T14:15:21+08:00 ] /Member/Login?redirecturl=%2FIndex%2Findex | NOTIC: [8192] preg_replace(): The /e modifier is deprecated, use preg_replace_callback instead ThinkTemplate.class.php 第 406 行.
[ 2017-09-20T14:15:21+08:00 ] /Member/Login?redirecturl=%2FIndex%2Findex | NOTIC: [8192] preg_replace(): The /e modifier is deprecated, use preg_replace_callback instead ThinkTemplate.class.php 第 406 行.
[ 2017-09-20T14:15:21+08:00 ] /Member/Login?redirecturl=%2FIndex%2Findex | NOTIC: [8192] preg_replace(): The /e modifier is deprecated, use preg_replace_callback instead ThinkTemplate.class.php 第 406 行.
[ 2017-09-20T14:15:21+08:00 ] /Member/Login?redirecturl=%2FIndex%2Findex | NOTIC: [8192] preg_replace(): The /e modifier is deprecated, use preg_replace_callback instead ThinkTemplate.class.php 第 406 行.
[ 2017-09-20T14:15:21+08:00 ] /Member/Login?redirecturl=%2FIndex%2Findex | NOTIC: [8192] preg_replace(): The /e modifier is deprecated, use preg_replace_callback instead ThinkTemplate.class.php 第 402 行.
[ 2017-09-20T14:15:21+08:00 ] /Member/Login?redirecturl=%2FIndex%2Findex | NOTIC: [8192] preg_replace(): The /e modifier is deprecated, use preg_replace_callback instead ThinkTemplate.class.php 第 402 行.
[ 2017-09-20T14:15:21+08:00 ] /Member/Login?redirecturl=%2FIndex%2Findex | NOTIC: [8192] preg_replace(): The /e modifier is deprecated, use preg_replace_callback instead ThinkTemplate.class.php 第 406 行.
[ 2017-09-20T14:15:21+08:00 ] /Member/Login?redirecturl=%2FIndex%2Findex | NOTIC: [8192] preg_replace(): The /e modifier is deprecated, use preg_replace_callback instead ThinkTemplate.class.php 第 406 行.
[ 2017-09-20T14:15:21+08:00 ] /Member/Login?redirecturl=%2FIndex%2Findex | NOTIC: [8192] preg_replace(): The /e modifier is deprecated, use preg_replace_callback instead ThinkTemplate.class.php 第 406 行.
[ 2017-09-20T14:15:21+08:00 ] /Member/Login?redirecturl=%2FIndex%2Findex | NOTIC: [8192] preg_replace(): The /e modifier is deprecated, use preg_replace_callback instead ThinkTemplate.class.php 第 402 行.
[ 2017-09-20T14:15:21+08:00 ] /Member/Login?redirecturl=%2FIndex%2Findex | NOTIC: [8192] preg_replace(): The /e modifier is deprecated, use preg_replace_callback instead ThinkTemplate.class.php 第 406 行.
[ 2017-09-20T14:15:21+08:00 ] /Member/Login?redirecturl=%2FIndex%2Findex | NOTIC: [8192] preg_replace(): The /e modifier is deprecated, use preg_replace_callback instead ThinkTemplate.class.php 第 406 行.
[ 2017-09-20T14:15:21+08:00 ] /Member/Login?redirecturl=%2FIndex%2Findex | NOTIC: [8192] preg_replace(): The /e modifier is deprecated, use preg_replace_callback instead ThinkTemplate.class.php 第 406 行.
[ 2017-09-20T14:15:21+08:00 ] /Member/Login?redirecturl=%2FIndex%2Findex | NOTIC: [8192] preg_replace(): The /e modifier is deprecated, use preg_replace_callback instead ThinkTemplate.class.php 第 406 行.
[ 2017-09-20T14:15:21+08:00 ] /Member/Login?redirecturl=%2FIndex%2Findex | NOTIC: [8192] preg_replace(): The /e modifier is deprecated, use preg_replace_callback instead ThinkTemplate.class.php 第 406 行.
[ 2017-09-20T14:15:21+08:00 ] /Member/Login?redirecturl=%2FIndex%2Findex | NOTIC: [8192] preg_replace(): The /e modifier is deprecated, use preg_replace_callback instead ThinkTemplate.class.php 第 406 行.
[ 2017-09-20T14:15:21+08:00 ] /Member/Login?redirecturl=%2FIndex%2Findex | NOTIC: [8192] preg_replace(): The /e modifier is deprecated, use preg_replace_callback instead ThinkTemplate.class.php 第 406 行.
[ 2017-09-20T14:15:21+08:00 ] /Member/Login?redirecturl=%2FIndex%2Findex | NOTIC: [8192] preg_replace(): The /e modifier is deprecated, use preg_replace_callback instead ThinkTemplate.class.php 第 406 行.
[ 2017-09-20T14:15:21+08:00 ] /Member/Login?redirecturl=%2FIndex%2Findex | NOTIC: [8192] preg_replace(): The /e modifier is deprecated, use preg_replace_callback instead ThinkTemplate.class.php 第 406 行.
[ 2017-09-20T14:15:21+08:00 ] /Member/Login?redirecturl=%2FIndex%2Findex | NOTIC: [8192] preg_replace(): The /e modifier is deprecated, use preg_replace_callback instead ThinkTemplate.class.php 第 406 行.
[ 2017-09-20T14:15:21+08:00 ] /Member/Login?redirecturl=%2FIndex%2Findex | NOTIC: [8192] preg_replace(): The /e modifier is deprecated, use preg_replace_callback instead ThinkTemplate.class.php 第 406 行.
[ 2017-09-20T14:15:21+08:00 ] /Member/Login?redirecturl=%2FIndex%2Findex | NOTIC: [8192] preg_replace(): The /e modifier is deprecated, use preg_replace_callback instead ThinkTemplate.class.php 第 406 行.
[ 2017-09-20T14:15:21+08:00 ] /Member/Login?redirecturl=%2FIndex%2Findex | NOTIC: [8192] preg_replace(): The /e modifier is deprecated, use preg_replace_callback instead ThinkTemplate.class.php 第 406 行.
[ 2017-09-20T14:15:21+08:00 ] /Member/Login?redirecturl=%2FIndex%2Findex | NOTIC: [8192] preg_replace(): The /e modifier is deprecated, use preg_replace_callback instead ThinkTemplate.class.php 第 406 行.
[ 2017-09-20T14:15:21+08:00 ] /Member/Login?redirecturl=%2FIndex%2Findex | NOTIC: [8192] preg_replace(): The /e modifier is deprecated, use preg_replace_callback instead ThinkTemplate.class.php 第 406 行.
[ 2017-09-20T14:15:21+08:00 ] /Member/Login?redirecturl=%2FIndex%2Findex | NOTIC: [8192] preg_replace(): The /e modifier is deprecated, use preg_replace_callback instead ThinkTemplate.class.php 第 406 行.
[ 2017-09-20T14:15:21+08:00 ] /Member/Login?redirecturl=%2FIndex%2Findex | NOTIC: [8192] preg_replace(): The /e modifier is deprecated, use preg_replace_callback instead ThinkTemplate.class.php 第 406 行.
[ 2017-09-20T14:15:21+08:00 ] /Member/Login?redirecturl=%2FIndex%2Findex | NOTIC: [8192] preg_replace(): The /e modifier is deprecated, use preg_replace_callback instead ThinkTemplate.class.php 第 406 行.
[ 2017-09-20T14:15:21+08:00 ] /Member/Login?redirecturl=%2FIndex%2Findex | NOTIC: [8192] preg_replace(): The /e modifier is deprecated, use preg_replace_callback instead ThinkTemplate.class.php 第 406 行.
[ 2017-09-20T14:15:21+08:00 ] /Member/Login?redirecturl=%2FIndex%2Findex | NOTIC: [8192] preg_replace(): The /e modifier is deprecated, use preg_replace_callback instead ThinkTemplate.class.php 第 406 行.
[ 2017-09-20T14:15:21+08:00 ] /Member/Login?redirecturl=%2FIndex%2Findex | NOTIC: [8192] preg_replace(): The /e modifier is deprecated, use preg_replace_callback instead ThinkTemplate.class.php 第 406 行.
[ 2017-09-20T14:15:21+08:00 ] /Member/Login?redirecturl=%2FIndex%2Findex | NOTIC: [8192] preg_replace(): The /e modifier is deprecated, use preg_replace_callback instead ThinkTemplate.class.php 第 406 行.
[ 2017-09-20T14:15:21+08:00 ] /Member/Login?redirecturl=%2FIndex%2Findex | NOTIC: [8192] preg_replace(): The /e modifier is deprecated, use preg_replace_callback instead ThinkTemplate.class.php 第 406 行.
[ 2017-09-20T14:15:21+08:00 ] /Member/Login?redirecturl=%2FIndex%2Findex | NOTIC: [8192] preg_replace(): The /e modifier is deprecated, use preg_replace_callback instead ThinkTemplate.class.php 第 406 行.
[ 2017-09-20T14:15:21+08:00 ] /Member/Login?redirecturl=%2FIndex%2Findex | NOTIC: [8192] preg_replace(): The /e modifier is deprecated, use preg_replace_callback instead ThinkTemplate.class.php 第 406 行.
[ 2017-09-20T14:15:21+08:00 ] /Member/Login?redirecturl=%2FIndex%2Findex | NOTIC: [8192] preg_replace(): The /e modifier is deprecated, use preg_replace_callback instead ThinkTemplate.class.php 第 406 行.
[ 2017-09-20T14:15:21+08:00 ] /Member/Login?redirecturl=%2FIndex%2Findex | NOTIC: [8192] preg_replace(): The /e modifier is deprecated, use preg_replace_callback instead ThinkTemplate.class.php 第 406 行.
[ 2017-09-20T14:15:21+08:00 ] /Member/Login?redirecturl=%2FIndex%2Findex | NOTIC: [8192] preg_replace(): The /e modifier is deprecated, use preg_replace_callback instead ThinkTemplate.class.php 第 406 行.
[ 2017-09-20T14:15:21+08:00 ] /Member/Login?redirecturl=%2FIndex%2Findex | NOTIC: [8192] preg_replace(): The /e modifier is deprecated, use preg_replace_callback instead ThinkTemplate.class.php 第 406 行.
[ 2017-09-20T14:15:21+08:00 ] /Member/Login?redirecturl=%2FIndex%2Findex | NOTIC: [8192] preg_replace(): The /e modifier is deprecated, use preg_replace_callback instead ThinkTemplate.class.php 第 406 行.
[ 2017-09-20T14:15:21+08:00 ] /Member/Login?redirecturl=%2FIndex%2Findex | NOTIC: [8192] preg_replace(): The /e modifier is deprecated, use preg_replace_callback instead ThinkTemplate.class.php 第 406 行.
[ 2017-09-20T14:15:21+08:00 ] /Member/Login?redirecturl=%2FIndex%2Findex | NOTIC: [8192] preg_replace(): The /e modifier is deprecated, use preg_replace_callback instead ThinkTemplate.class.php 第 406 行.
[ 2017-09-20T14:15:21+08:00 ] /Member/Login?redirecturl=%2FIndex%2Findex | NOTIC: [8192] preg_replace(): The /e modifier is deprecated, use preg_replace_callback instead ThinkTemplate.class.php 第 406 行.
[ 2017-09-20T14:15:21+08:00 ] /Member/Login?redirecturl=%2FIndex%2Findex | NOTIC: [8192] preg_replace(): The /e modifier is deprecated, use preg_replace_callback instead ThinkTemplate.class.php 第 406 行.
[ 2017-09-20T14:15:21+08:00 ] /Member/Login?redirecturl=%2FIndex%2Findex | NOTIC: [8192] preg_replace(): The /e modifier is deprecated, use preg_replace_callback instead ThinkTemplate.class.php 第 406 行.
[ 2017-09-20T14:15:21+08:00 ] /Member/Login?redirecturl=%2FIndex%2Findex | NOTIC: [8192] preg_replace(): The /e modifier is deprecated, use preg_replace_callback instead ThinkTemplate.class.php 第 406 行.
[ 2017-09-20T14:15:21+08:00 ] /Member/Login?redirecturl=%2FIndex%2Findex | NOTIC: [8192] preg_replace(): The /e modifier is deprecated, use preg_replace_callback instead ThinkTemplate.class.php 第 406 行.
[ 2017-09-20T14:15:21+08:00 ] /Member/Login?redirecturl=%2FIndex%2Findex | NOTIC: [8192] preg_replace(): The /e modifier is deprecated, use preg_replace_callback instead ThinkTemplate.class.php 第 406 行.
[ 2017-09-20T14:15:21+08:00 ] /Member/Login?redirecturl=%2FIndex%2Findex | NOTIC: [8192] preg_replace(): The /e modifier is deprecated, use preg_replace_callback instead ThinkTemplate.class.php 第 406 行.
[ 2017-09-20T14:15:21+08:00 ] /Member/Login?redirecturl=%2FIndex%2Findex | NOTIC: [8192] preg_replace(): The /e modifier is deprecated, use preg_replace_callback instead ThinkTemplate.class.php 第 406 行.
[ 2017-09-20T14:15:21+08:00 ] /Member/Login?redirecturl=%2FIndex%2Findex | NOTIC: [8192] preg_replace(): The /e modifier is deprecated, use preg_replace_callback instead ThinkTemplate.class.php 第 406 行.
[ 2017-09-20T14:15:21+08:00 ] /Member/Login?redirecturl=%2FIndex%2Findex | NOTIC: [8192] preg_replace(): The /e modifier is deprecated, use preg_replace_callback instead ThinkTemplate.class.php 第 406 行.
[ 2017-09-20T14:15:21+08:00 ] /Member/Login?redirecturl=%2FIndex%2Findex | NOTIC: [8192] preg_replace(): The /e modifier is deprecated, use preg_replace_callback instead ThinkTemplate.class.php 第 406 行.
[ 2017-09-20T14:15:21+08:00 ] /Member/Login?redirecturl=%2FIndex%2Findex | NOTIC: [8192] preg_replace(): The /e modifier is deprecated, use preg_replace_callback instead ThinkTemplate.class.php 第 406 行.
[ 2017-09-20T14:15:21+08:00 ] /Member/Login?redirecturl=%2FIndex%2Findex | NOTIC: [8192] preg_replace(): The /e modifier is deprecated, use preg_replace_callback instead ThinkTemplate.class.php 第 406 行.
[ 2017-09-20T14:15:21+08:00 ] /Member/Login?redirecturl=%2FIndex%2Findex | NOTIC: [8192] preg_replace(): The /e modifier is deprecated, use preg_replace_callback instead ThinkTemplate.class.php 第 406 行.
[ 2017-09-20T14:15:21+08:00 ] /Member/Login?redirecturl=%2FIndex%2Findex | NOTIC: [8192] preg_replace(): The /e modifier is deprecated, use preg_replace_callback instead ThinkTemplate.class.php 第 406 行.
[ 2017-09-20T14:15:21+08:00 ] /Member/Login?redirecturl=%2FIndex%2Findex | NOTIC: [8192] preg_replace(): The /e modifier is deprecated, use preg_replace_callback instead ThinkTemplate.class.php 第 406 行.
[ 2017-09-20T14:15:21+08:00 ] /Member/Login?redirecturl=%2FIndex%2Findex | NOTIC: [8192] preg_replace(): The /e modifier is deprecated, use preg_replace_callback instead ThinkTemplate.class.php 第 406 行.
[ 2017-09-20T14:15:21+08:00 ] /Member/Login?redirecturl=%2FIndex%2Findex | NOTIC: [8192] preg_replace(): The /e modifier is deprecated, use preg_replace_callback instead ThinkTemplate.class.php 第 406 行.
[ 2017-09-20T14:15:21+08:00 ] /Member/Login?redirecturl=%2FIndex%2Findex | NOTIC: [8192] preg_replace(): The /e modifier is deprecated, use preg_replace_callback instead ThinkTemplate.class.php 第 406 行.
[ 2017-09-20T14:15:21+08:00 ] /Member/Login?redirecturl=%2FIndex%2Findex | NOTIC: [8192] preg_replace(): The /e modifier is deprecated, use preg_replace_callback instead ThinkTemplate.class.php 第 406 行.
[ 2017-09-20T14:15:21+08:00 ] /Member/Login?redirecturl=%2FIndex%2Findex | NOTIC: [8192] preg_replace(): The /e modifier is deprecated, use preg_replace_callback instead ThinkTemplate.class.php 第 406 行.
[ 2017-09-20T14:15:21+08:00 ] /Member/Login?redirecturl=%2FIndex%2Findex | NOTIC: [8192] preg_replace(): The /e modifier is deprecated, use preg_replace_callback instead ThinkTemplate.class.php 第 406 行.
[ 2017-09-20T14:15:21+08:00 ] /Member/Login?redirecturl=%2FIndex%2Findex | NOTIC: [8192] preg_replace(): The /e modifier is deprecated, use preg_replace_callback instead ThinkTemplate.class.php 第 406 行.
[ 2017-09-20T14:15:21+08:00 ] /Member/Login?redirecturl=%2FIndex%2Findex | NOTIC: [8192] preg_replace(): The /e modifier is deprecated, use preg_replace_callback instead ThinkTemplate.class.php 第 406 行.
[ 2017-09-20T14:15:21+08:00 ] /Member/Login?redirecturl=%2FIndex%2Findex | NOTIC: [8192] preg_replace(): The /e modifier is deprecated, use preg_replace_callback instead ThinkTemplate.class.php 第 406 行.
[ 2017-09-20T14:15:21+08:00 ] /Member/Login?redirecturl=%2FIndex%2Findex | NOTIC: [8192] preg_replace(): The /e modifier is deprecated, use preg_replace_callback instead ThinkTemplate.class.php 第 406 行.
[ 2017-09-20T14:15:21+08:00 ] /Member/Login?redirecturl=%2FIndex%2Findex | NOTIC: [8192] preg_replace(): The /e modifier is deprecated, use preg_replace_callback instead ThinkTemplate.class.php 第 406 行.
[ 2017-09-20T14:15:21+08:00 ] /Member/Login?redirecturl=%2FIndex%2Findex | NOTIC: [8192] preg_replace(): The /e modifier is deprecated, use preg_replace_callback instead ThinkTemplate.class.php 第 406 行.
[ 2017-09-20T14:15:21+08:00 ] /Member/Login?redirecturl=%2FIndex%2Findex | NOTIC: [8192] preg_replace(): The /e modifier is deprecated, use preg_replace_callback instead ThinkTemplate.class.php 第 406 行.
[ 2017-09-20T14:15:21+08:00 ] /Member/Login?redirecturl=%2FIndex%2Findex | NOTIC: [8192] preg_replace(): The /e modifier is deprecated, use preg_replace_callback instead ThinkTemplate.class.php 第 406 行.
[ 2017-09-20T14:15:21+08:00 ] /Member/Login?redirecturl=%2FIndex%2Findex | NOTIC: [8192] preg_replace(): The /e modifier is deprecated, use preg_replace_callback instead ThinkTemplate.class.php 第 406 行.
[ 2017-09-20T14:15:21+08:00 ] /Member/Login?redirecturl=%2FIndex%2Findex | NOTIC: [8192] preg_replace(): The /e modifier is deprecated, use preg_replace_callback instead ThinkTemplate.class.php 第 406 行.
[ 2017-09-20T14:15:21+08:00 ] /Member/Login?redirecturl=%2FIndex%2Findex | NOTIC: [8192] preg_replace(): The /e modifier is deprecated, use preg_replace_callback instead ThinkTemplate.class.php 第 406 行.
[ 2017-09-20T14:15:21+08:00 ] /Member/Login?redirecturl=%2FIndex%2Findex | NOTIC: [8192] preg_replace(): The /e modifier is deprecated, use preg_replace_callback instead ThinkTemplate.class.php 第 406 行.
[ 2017-09-20T14:15:21+08:00 ] /Member/Login?redirecturl=%2FIndex%2Findex | NOTIC: [8192] preg_replace(): The /e modifier is deprecated, use preg_replace_callback instead ThinkTemplate.class.php 第 402 行.
[ 2017-09-20T14:15:21+08:00 ] /Member/Login?redirecturl=%2FIndex%2Findex | NOTIC: [8192] preg_replace(): The /e modifier is deprecated, use preg_replace_callback instead ThinkTemplate.class.php 第 402 行.
[ 2017-09-20T14:15:21+08:00 ] /Member/Login?redirecturl=%2FIndex%2Findex | NOTIC: [8192] preg_replace(): The /e modifier is deprecated, use preg_replace_callback instead ThinkTemplate.class.php 第 402 行.
[ 2017-09-20T14:15:21+08:00 ] /Member/Login?redirecturl=%2FIndex%2Findex | NOTIC: [8192] preg_replace(): The /e modifier is deprecated, use preg_replace_callback instead ThinkTemplate.class.php 第 402 行.
[ 2017-09-20T14:15:21+08:00 ] /Member/Login?redirecturl=%2FIndex%2Findex | NOTIC: [8192] preg_replace(): The /e modifier is deprecated, use preg_replace_callback instead ThinkTemplate.class.php 第 402 行.
[ 2017-09-20T14:15:21+08:00 ] /Member/Login?redirecturl=%2FIndex%2Findex | NOTIC: [8192] preg_replace(): The /e modifier is deprecated, use preg_replace_callback instead ThinkTemplate.class.php 第 402 行.
[ 2017-09-20T14:15:21+08:00 ] /Member/Login?redirecturl=%2FIndex%2Findex | NOTIC: [8192] preg_replace(): The /e modifier is deprecated, use preg_replace_callback instead ThinkTemplate.class.php 第 406 行.
[ 2017-09-20T14:15:21+08:00 ] /Member/Login?redirecturl=%2FIndex%2Findex | NOTIC: [8192] preg_replace(): The /e modifier is deprecated, use preg_replace_callback instead ThinkTemplate.class.php 第 406 行.
[ 2017-09-20T14:15:21+08:00 ] /Member/Login?redirecturl=%2FIndex%2Findex | NOTIC: [8192] preg_replace(): The /e modifier is deprecated, use preg_replace_callback instead ThinkTemplate.class.php 第 406 行.
[ 2017-09-20T14:15:21+08:00 ] /Member/Login?redirecturl=%2FIndex%2Findex | NOTIC: [8192] preg_replace(): The /e modifier is deprecated, use preg_replace_callback instead ThinkTemplate.class.php 第 220 行.
[ 2017-09-20T14:15:21+08:00 ] /Member/Login?redirecturl=%2FIndex%2Findex | NOTIC: [8192] preg_replace(): The /e modifier is deprecated, use preg_replace_callback instead ThinkTemplate.class.php 第 154 行.
[ 2017-09-20T14:15:21+08:00 ] /Member/Login?redirecturl=%2FIndex%2Findex | INFO: Run ParseTemplate Behavior [ RunTime:0.009644s ]
[ 2017-09-20T14:15:21+08:00 ] /Member/Login?redirecturl=%2FIndex%2Findex | INFO: Tag[ view_parse ] --END-- [ RunTime:0.009677s ]
[ 2017-09-20T14:15:21+08:00 ] /Member/Login?redirecturl=%2FIndex%2Findex | INFO: Tag[ view_filter ] --START--
[ 2017-09-20T14:15:21+08:00 ] /Member/Login?redirecturl=%2FIndex%2Findex | INFO: Run ContentReplace Behavior [ RunTime:0.000793s ]
[ 2017-09-20T14:15:21+08:00 ] /Member/Login?redirecturl=%2FIndex%2Findex | INFO: Run TokenBuild Behavior [ RunTime:0.000759s ]
[ 2017-09-20T14:15:21+08:00 ] /Member/Login?redirecturl=%2FIndex%2Findex | INFO: Run WriteHtmlCache Behavior [ RunTime:0.000672s ]
[ 2017-09-20T14:15:21+08:00 ] /Member/Login?redirecturl=%2FIndex%2Findex | INFO: Run ShowRuntime Behavior [ RunTime:0.000766s ]
[ 2017-09-20T14:15:21+08:00 ] /Member/Login?redirecturl=%2FIndex%2Findex | INFO: Tag[ view_filter ] --END-- [ RunTime:0.003062s ]
[ 2017-09-20T14:15:21+08:00 ] /Member/Login?redirecturl=%2FIndex%2Findex | INFO: Tag[ view_end ] --START--
[ 2017-09-20T14:15:21+08:00 ] /Member/Login?redirecturl=%2FIndex%2Findex | INFO: Run ShowPageTrace Behavior [ RunTime:0.000751s ]
[ 2017-09-20T14:15:21+08:00 ] /Member/Login?redirecturl=%2FIndex%2Findex | INFO: Tag[ view_end ] --END-- [ RunTime:0.000784s ]

[ 2017-09-20T14:15:21+08:00 ]  127.0.0.1 /favicon.ico | ERR: (ThinkException) 无法加载模块Favicon.ico
[ 2017-09-20T14:15:25+08:00 ] 127.0.0.1 /Member/login
[ 2017-09-20T14:15:24+08:00 ] /Member/login | INFO: Tag[ route_check ] --START--
[ 2017-09-20T14:15:24+08:00 ] /Member/login | INFO: Run CheckRoute Behavior [ RunTime:0.000865s ]
[ 2017-09-20T14:15:24+08:00 ] /Member/login | INFO: Tag[ route_check ] --END-- [ RunTime:0.000919s ]
[ 2017-09-20T14:15:24+08:00 ] /Member/login | NOTIC: [8192] preg_replace(): The /e modifier is deprecated, use preg_replace_callback instead Dispatcher.class.php 第 125 行.
[ 2017-09-20T14:15:24+08:00 ] /Member/login | NOTIC: [8192] preg_replace(): The /e modifier is deprecated, use preg_replace_callback instead common.php 第 66 行.
[ 2017-09-20T14:15:24+08:00 ] /Member/login | INFO: Tag[ app_begin ] --START--
[ 2017-09-20T14:15:24+08:00 ] /Member/login | INFO: Run ReadHtmlCache Behavior [ RunTime:0.000791s ]
[ 2017-09-20T14:15:24+08:00 ] /Member/login | INFO: Tag[ app_begin ] --END-- [ RunTime:0.000815s ]
[ 2017-09-20T14:15:24+08:00 ] /Member/login | NOTIC: [8] Undefined variable: system CommonAction.class.php 第 131 行.
[ 2017-09-20T14:15:24+08:00 ] /Member/login | NOTIC: [8] Undefined index: token CommonAction.class.php 第 65 行.
[ 2017-09-20T14:15:24+08:00 ] /Member/login | NOTIC: [8] Undefined index: redirecturl MemberAction.class.php 第 45 行.
[ 2017-09-20T14:15:24+08:00 ] /Member/login | NOTIC: [8] Undefined index: token CommonAction.class.php 第 65 行.
[ 2017-09-20T14:15:25+08:00 ] /Member/login | NOTIC: [2] Missing argument 5 for Action::ajaxReturn(), called in E:\project\newjieba1\www\Lib\Action\CommonAction.class.php on line 158 and defined Action.class.php 第 305 行.
[ 2017-09-20T14:15:25+08:00 ] /Member/login | NOTIC: [8] Undefined variable: pagestring Action.class.php 第 310 行.

[ 2017-09-20T14:15:26+08:00 ] 127.0.0.1 /Index/index
[ 2017-09-20T14:15:25+08:00 ] /Index/index | INFO: Tag[ route_check ] --START--
[ 2017-09-20T14:15:25+08:00 ] /Index/index | INFO: Run CheckRoute Behavior [ RunTime:0.000902s ]
[ 2017-09-20T14:15:25+08:00 ] /Index/index | INFO: Tag[ route_check ] --END-- [ RunTime:0.000970s ]
[ 2017-09-20T14:15:25+08:00 ] /Index/index | NOTIC: [8192] preg_replace(): The /e modifier is deprecated, use preg_replace_callback instead Dispatcher.class.php 第 125 行.
[ 2017-09-20T14:15:25+08:00 ] /Index/index | NOTIC: [8192] preg_replace(): The /e modifier is deprecated, use preg_replace_callback instead common.php 第 66 行.
[ 2017-09-20T14:15:25+08:00 ] /Index/index | INFO: Tag[ app_begin ] --START--
[ 2017-09-20T14:15:25+08:00 ] /Index/index | INFO: Run ReadHtmlCache Behavior [ RunTime:0.000833s ]
[ 2017-09-20T14:15:25+08:00 ] /Index/index | INFO: Tag[ app_begin ] --END-- [ RunTime:0.000860s ]
[ 2017-09-20T14:15:25+08:00 ] /Index/index | NOTIC: [8] Undefined variable: system CommonAction.class.php 第 131 行.
[ 2017-09-20T14:15:26+08:00 ] /Index/index | INFO: Tag[ view_template ] --START--
[ 2017-09-20T14:15:26+08:00 ] /Index/index | INFO: Run LocationTemplate Behavior [ RunTime:0.001674s ]
[ 2017-09-20T14:15:26+08:00 ] /Index/index | INFO: Tag[ view_template ] --END-- [ RunTime:0.001727s ]
[ 2017-09-20T14:15:26+08:00 ] /Index/index | INFO: Tag[ view_parse ] --START--
[ 2017-09-20T14:15:26+08:00 ] /Index/index | NOTIC: [8192] preg_replace(): The /e modifier is deprecated, use preg_replace_callback instead ThinkTemplate.class.php 第 186 行.
[ 2017-09-20T14:15:26+08:00 ] /Index/index | NOTIC: [8192] preg_replace(): The /e modifier is deprecated, use preg_replace_callback instead ThinkTemplate.class.php 第 406 行.
[ 2017-09-20T14:15:26+08:00 ] /Index/index | NOTIC: [8192] preg_replace(): The /e modifier is deprecated, use preg_replace_callback instead ThinkTemplate.class.php 第 406 行.
[ 2017-09-20T14:15:26+08:00 ] /Index/index | NOTIC: [8192] preg_replace(): The /e modifier is deprecated, use preg_replace_callback instead ThinkTemplate.class.php 第 406 行.
[ 2017-09-20T14:15:26+08:00 ] /Index/index | NOTIC: [8192] preg_replace(): The /e modifier is deprecated, use preg_replace_callback instead ThinkTemplate.class.php 第 406 行.
[ 2017-09-20T14:15:26+08:00 ] /Index/index | NOTIC: [8192] preg_replace(): The /e modifier is deprecated, use preg_replace_callback instead ThinkTemplate.class.php 第 406 行.
[ 2017-09-20T14:15:26+08:00 ] /Index/index | NOTIC: [8192] preg_replace(): The /e modifier is deprecated, use preg_replace_callback instead ThinkTemplate.class.php 第 406 行.
[ 2017-09-20T14:15:26+08:00 ] /Index/index | NOTIC: [8192] preg_replace(): The /e modifier is deprecated, use preg_replace_callback instead ThinkTemplate.class.php 第 406 行.
[ 2017-09-20T14:15:26+08:00 ] /Index/index | NOTIC: [8192] preg_replace(): The /e modifier is deprecated, use preg_replace_callback instead ThinkTemplate.class.php 第 406 行.
[ 2017-09-20T14:15:26+08:00 ] /Index/index | NOTIC: [8192] preg_replace(): The /e modifier is deprecated, use preg_replace_callback instead ThinkTemplate.class.php 第 406 行.
[ 2017-09-20T14:15:26+08:00 ] /Index/index | NOTIC: [8192] preg_replace(): The /e modifier is deprecated, use preg_replace_callback instead ThinkTemplate.class.php 第 402 行.
[ 2017-09-20T14:15:26+08:00 ] /Index/index | NOTIC: [8192] preg_replace(): The /e modifier is deprecated, use preg_replace_callback instead ThinkTemplate.class.php 第 402 行.
[ 2017-09-20T14:15:26+08:00 ] /Index/index | NOTIC: [8192] preg_replace(): The /e modifier is deprecated, use preg_replace_callback instead ThinkTemplate.class.php 第 406 行.
[ 2017-09-20T14:15:26+08:00 ] /Index/index | NOTIC: [8192] preg_replace(): The /e modifier is deprecated, use preg_replace_callback instead ThinkTemplate.class.php 第 406 行.
[ 2017-09-20T14:15:26+08:00 ] /Index/index | NOTIC: [8192] preg_replace(): The /e modifier is deprecated, use preg_replace_callback instead ThinkTemplate.class.php 第 406 行.
[ 2017-09-20T14:15:26+08:00 ] /Index/index | NOTIC: [8192] preg_replace(): The /e modifier is deprecated, use preg_replace_callback instead ThinkTemplate.class.php 第 402 行.
[ 2017-09-20T14:15:26+08:00 ] /Index/index | NOTIC: [8192] preg_replace(): The /e modifier is deprecated, use preg_replace_callback instead ThinkTemplate.class.php 第 406 行.
[ 2017-09-20T14:15:26+08:00 ] /Index/index | NOTIC: [8192] preg_replace(): The /e modifier is deprecated, use preg_replace_callback instead ThinkTemplate.class.php 第 406 行.
[ 2017-09-20T14:15:26+08:00 ] /Index/index | NOTIC: [8192] preg_replace(): The /e modifier is deprecated, use preg_replace_callback instead ThinkTemplate.class.php 第 406 行.
[ 2017-09-20T14:15:26+08:00 ] /Index/index | NOTIC: [8192] preg_replace(): The /e modifier is deprecated, use preg_replace_callback instead ThinkTemplate.class.php 第 406 行.
[ 2017-09-20T14:15:26+08:00 ] /Index/index | NOTIC: [8192] preg_replace(): The /e modifier is deprecated, use preg_replace_callback instead ThinkTemplate.class.php 第 406 行.
[ 2017-09-20T14:15:26+08:00 ] /Index/index | NOTIC: [8192] preg_replace(): The /e modifier is deprecated, use preg_replace_callback instead ThinkTemplate.class.php 第 406 行.
[ 2017-09-20T14:15:26+08:00 ] /Index/index | NOTIC: [8192] preg_replace(): The /e modifier is deprecated, use preg_replace_callback instead ThinkTemplate.class.php 第 406 行.
[ 2017-09-20T14:15:26+08:00 ] /Index/index | NOTIC: [8192] preg_replace(): The /e modifier is deprecated, use preg_replace_callback instead ThinkTemplate.class.php 第 406 行.
[ 2017-09-20T14:15:26+08:00 ] /Index/index | NOTIC: [8192] preg_replace(): The /e modifier is deprecated, use preg_replace_callback instead ThinkTemplate.class.php 第 406 行.
[ 2017-09-20T14:15:26+08:00 ] /Index/index | NOTIC: [8192] preg_replace(): The /e modifier is deprecated, use preg_replace_callback instead ThinkTemplate.class.php 第 406 行.
[ 2017-09-20T14:15:26+08:00 ] /Index/index | NOTIC: [8192] preg_replace(): The /e modifier is deprecated, use preg_replace_callback instead ThinkTemplate.class.php 第 406 行.
[ 2017-09-20T14:15:26+08:00 ] /Index/index | NOTIC: [8192] preg_replace(): The /e modifier is deprecated, use preg_replace_callback instead ThinkTemplate.class.php 第 406 行.
[ 2017-09-20T14:15:26+08:00 ] /Index/index | NOTIC: [8192] preg_replace(): The /e modifier is deprecated, use preg_replace_callback instead ThinkTemplate.class.php 第 406 行.
[ 2017-09-20T14:15:26+08:00 ] /Index/index | NOTIC: [8192] preg_replace(): The /e modifier is deprecated, use preg_replace_callback instead ThinkTemplate.class.php 第 406 行.
[ 2017-09-20T14:15:26+08:00 ] /Index/index | NOTIC: [8192] preg_replace(): The /e modifier is deprecated, use preg_replace_callback instead ThinkTemplate.class.php 第 406 行.
[ 2017-09-20T14:15:26+08:00 ] /Index/index | NOTIC: [8192] preg_replace(): The /e modifier is deprecated, use preg_replace_callback instead ThinkTemplate.class.php 第 406 行.
[ 2017-09-20T14:15:26+08:00 ] /Index/index | NOTIC: [8192] preg_replace(): The /e modifier is deprecated, use preg_replace_callback instead ThinkTemplate.class.php 第 406 行.
[ 2017-09-20T14:15:26+08:00 ] /Index/index | NOTIC: [8192] preg_replace(): The /e modifier is deprecated, use preg_replace_callback instead ThinkTemplate.class.php 第 406 行.
[ 2017-09-20T14:15:26+08:00 ] /Index/index | NOTIC: [8192] preg_replace(): The /e modifier is deprecated, use preg_replace_callback instead ThinkTemplate.class.php 第 406 行.
[ 2017-09-20T14:15:26+08:00 ] /Index/index | NOTIC: [8192] preg_replace(): The /e modifier is deprecated, use preg_replace_callback instead ThinkTemplate.class.php 第 406 行.
[ 2017-09-20T14:15:26+08:00 ] /Index/index | NOTIC: [8192] preg_replace(): The /e modifier is deprecated, use preg_replace_callback instead ThinkTemplate.class.php 第 406 行.
[ 2017-09-20T14:15:26+08:00 ] /Index/index | NOTIC: [8192] preg_replace(): The /e modifier is deprecated, use preg_replace_callback instead ThinkTemplate.class.php 第 406 行.
[ 2017-09-20T14:15:26+08:00 ] /Index/index | NOTIC: [8192] preg_replace(): The /e modifier is deprecated, use preg_replace_callback instead ThinkTemplate.class.php 第 406 行.
[ 2017-09-20T14:15:26+08:00 ] /Index/index | NOTIC: [8192] preg_replace(): The /e modifier is deprecated, use preg_replace_callback instead ThinkTemplate.class.php 第 406 行.
[ 2017-09-20T14:15:26+08:00 ] /Index/index | NOTIC: [8192] preg_replace(): The /e modifier is deprecated, use preg_replace_callback instead ThinkTemplate.class.php 第 406 行.
[ 2017-09-20T14:15:26+08:00 ] /Index/index | NOTIC: [8192] preg_replace(): The /e modifier is deprecated, use preg_replace_callback instead ThinkTemplate.class.php 第 406 行.
[ 2017-09-20T14:15:26+08:00 ] /Index/index | NOTIC: [8192] preg_replace(): The /e modifier is deprecated, use preg_replace_callback instead ThinkTemplate.class.php 第 406 行.
[ 2017-09-20T14:15:26+08:00 ] /Index/index | NOTIC: [8192] preg_replace(): The /e modifier is deprecated, use preg_replace_callback instead ThinkTemplate.class.php 第 406 行.
[ 2017-09-20T14:15:26+08:00 ] /Index/index | NOTIC: [8192] preg_replace(): The /e modifier is deprecated, use preg_replace_callback instead ThinkTemplate.class.php 第 406 行.
[ 2017-09-20T14:15:26+08:00 ] /Index/index | NOTIC: [8192] preg_replace(): The /e modifier is deprecated, use preg_replace_callback instead ThinkTemplate.class.php 第 406 行.
[ 2017-09-20T14:15:26+08:00 ] /Index/index | NOTIC: [8192] preg_replace(): The /e modifier is deprecated, use preg_replace_callback instead ThinkTemplate.class.php 第 406 行.
[ 2017-09-20T14:15:26+08:00 ] /Index/index | NOTIC: [8192] preg_replace(): The /e modifier is deprecated, use preg_replace_callback instead ThinkTemplate.class.php 第 406 行.
[ 2017-09-20T14:15:26+08:00 ] /Index/index | NOTIC: [8192] preg_replace(): The /e modifier is deprecated, use preg_replace_callback instead ThinkTemplate.class.php 第 406 行.
[ 2017-09-20T14:15:26+08:00 ] /Index/index | NOTIC: [8192] preg_replace(): The /e modifier is deprecated, use preg_replace_callback instead ThinkTemplate.class.php 第 406 行.
[ 2017-09-20T14:15:26+08:00 ] /Index/index | NOTIC: [8192] preg_replace(): The /e modifier is deprecated, use preg_replace_callback instead ThinkTemplate.class.php 第 406 行.
[ 2017-09-20T14:15:26+08:00 ] /Index/index | NOTIC: [8192] preg_replace(): The /e modifier is deprecated, use preg_replace_callback instead ThinkTemplate.class.php 第 406 行.
[ 2017-09-20T14:15:26+08:00 ] /Index/index | NOTIC: [8192] preg_replace(): The /e modifier is deprecated, use preg_replace_callback instead ThinkTemplate.class.php 第 406 行.
[ 2017-09-20T14:15:26+08:00 ] /Index/index | NOTIC: [8192] preg_replace(): The /e modifier is deprecated, use preg_replace_callback instead ThinkTemplate.class.php 第 406 行.
[ 2017-09-20T14:15:26+08:00 ] /Index/index | NOTIC: [8192] preg_replace(): The /e modifier is deprecated, use preg_replace_callback instead ThinkTemplate.class.php 第 406 行.
[ 2017-09-20T14:15:26+08:00 ] /Index/index | NOTIC: [8192] preg_replace(): The /e modifier is deprecated, use preg_replace_callback instead ThinkTemplate.class.php 第 406 行.
[ 2017-09-20T14:15:26+08:00 ] /Index/index | NOTIC: [8192] preg_replace(): The /e modifier is deprecated, use preg_replace_callback instead ThinkTemplate.class.php 第 406 行.
[ 2017-09-20T14:15:26+08:00 ] /Index/index | NOTIC: [8192] preg_replace(): The /e modifier is deprecated, use preg_replace_callback instead ThinkTemplate.class.php 第 406 行.
[ 2017-09-20T14:15:26+08:00 ] /Index/index | NOTIC: [8192] preg_replace(): The /e modifier is deprecated, use preg_replace_callback instead ThinkTemplate.class.php 第 406 行.
[ 2017-09-20T14:15:26+08:00 ] /Index/index | NOTIC: [8192] preg_replace(): The /e modifier is deprecated, use preg_replace_callback instead ThinkTemplate.class.php 第 406 行.
[ 2017-09-20T14:15:26+08:00 ] /Index/index | NOTIC: [8192] preg_replace(): The /e modifier is deprecated, use preg_replace_callback instead ThinkTemplate.class.php 第 406 行.
[ 2017-09-20T14:15:26+08:00 ] /Index/index | NOTIC: [8192] preg_replace(): The /e modifier is deprecated, use preg_replace_callback instead ThinkTemplate.class.php 第 406 行.
[ 2017-09-20T14:15:26+08:00 ] /Index/index | NOTIC: [8192] preg_replace(): The /e modifier is deprecated, use preg_replace_callback instead ThinkTemplate.class.php 第 406 行.
[ 2017-09-20T14:15:26+08:00 ] /Index/index | NOTIC: [8192] preg_replace(): The /e modifier is deprecated, use preg_replace_callback instead ThinkTemplate.class.php 第 406 行.
[ 2017-09-20T14:15:26+08:00 ] /Index/index | NOTIC: [8192] preg_replace(): The /e modifier is deprecated, use preg_replace_callback instead ThinkTemplate.class.php 第 406 行.
[ 2017-09-20T14:15:26+08:00 ] /Index/index | NOTIC: [8192] preg_replace(): The /e modifier is deprecated, use preg_replace_callback instead ThinkTemplate.class.php 第 406 行.
[ 2017-09-20T14:15:26+08:00 ] /Index/index | NOTIC: [8192] preg_replace(): The /e modifier is deprecated, use preg_replace_callback instead ThinkTemplate.class.php 第 406 行.
[ 2017-09-20T14:15:26+08:00 ] /Index/index | NOTIC: [8192] preg_replace(): The /e modifier is deprecated, use preg_replace_callback instead ThinkTemplate.class.php 第 406 行.
[ 2017-09-20T14:15:26+08:00 ] /Index/index | NOTIC: [8192] preg_replace(): The /e modifier is deprecated, use preg_replace_callback instead ThinkTemplate.class.php 第 406 行.
[ 2017-09-20T14:15:26+08:00 ] /Index/index | NOTIC: [8192] preg_replace(): The /e modifier is deprecated, use preg_replace_callback instead ThinkTemplate.class.php 第 406 行.
[ 2017-09-20T14:15:26+08:00 ] /Index/index | NOTIC: [8192] preg_replace(): The /e modifier is deprecated, use preg_replace_callback instead ThinkTemplate.class.php 第 406 行.
[ 2017-09-20T14:15:26+08:00 ] /Index/index | NOTIC: [8192] preg_replace(): The /e modifier is deprecated, use preg_replace_callback instead ThinkTemplate.class.php 第 406 行.
[ 2017-09-20T14:15:26+08:00 ] /Index/index | NOTIC: [8192] preg_replace(): The /e modifier is deprecated, use preg_replace_callback instead ThinkTemplate.class.php 第 406 行.
[ 2017-09-20T14:15:26+08:00 ] /Index/index | NOTIC: [8192] preg_replace(): The /e modifier is deprecated, use preg_replace_callback instead ThinkTemplate.class.php 第 406 行.
[ 2017-09-20T14:15:26+08:00 ] /Index/index | NOTIC: [8192] preg_replace(): The /e modifier is deprecated, use preg_replace_callback instead ThinkTemplate.class.php 第 406 行.
[ 2017-09-20T14:15:26+08:00 ] /Index/index | NOTIC: [8192] preg_replace(): The /e modifier is deprecated, use preg_replace_callback instead ThinkTemplate.class.php 第 406 行.
[ 2017-09-20T14:15:26+08:00 ] /Index/index | NOTIC: [8192] preg_replace(): The /e modifier is deprecated, use preg_replace_callback instead ThinkTemplate.class.php 第 406 行.
[ 2017-09-20T14:15:26+08:00 ] /Index/index | NOTIC: [8192] preg_replace(): The /e modifier is deprecated, use preg_replace_callback instead ThinkTemplate.class.php 第 406 行.
[ 2017-09-20T14:15:26+08:00 ] /Index/index | NOTIC: [8192] preg_replace(): The /e modifier is deprecated, use preg_replace_callback instead ThinkTemplate.class.php 第 406 行.
[ 2017-09-20T14:15:26+08:00 ] /Index/index | NOTIC: [8192] preg_replace(): The /e modifier is deprecated, use preg_replace_callback instead ThinkTemplate.class.php 第 406 行.
[ 2017-09-20T14:15:26+08:00 ] /Index/index | NOTIC: [8192] preg_replace(): The /e modifier is deprecated, use preg_replace_callback instead ThinkTemplate.class.php 第 406 行.
[ 2017-09-20T14:15:26+08:00 ] /Index/index | NOTIC: [8192] preg_replace(): The /e modifier is deprecated, use preg_replace_callback instead ThinkTemplate.class.php 第 406 行.
[ 2017-09-20T14:15:26+08:00 ] /Index/index | NOTIC: [8192] preg_replace(): The /e modifier is deprecated, use preg_replace_callback instead ThinkTemplate.class.php 第 402 行.
[ 2017-09-20T14:15:26+08:00 ] /Index/index | NOTIC: [8192] preg_replace(): The /e modifier is deprecated, use preg_replace_callback instead ThinkTemplate.class.php 第 402 行.
[ 2017-09-20T14:15:26+08:00 ] /Index/index | NOTIC: [8192] preg_replace(): The /e modifier is deprecated, use preg_replace_callback instead ThinkTemplate.class.php 第 402 行.
[ 2017-09-20T14:15:26+08:00 ] /Index/index | NOTIC: [8192] preg_replace(): The /e modifier is deprecated, use preg_replace_callback instead ThinkTemplate.class.php 第 402 行.
[ 2017-09-20T14:15:26+08:00 ] /Index/index | NOTIC: [8192] preg_replace(): The /e modifier is deprecated, use preg_replace_callback instead ThinkTemplate.class.php 第 402 行.
[ 2017-09-20T14:15:26+08:00 ] /Index/index | NOTIC: [8192] preg_replace(): The /e modifier is deprecated, use preg_replace_callback instead ThinkTemplate.class.php 第 402 行.
[ 2017-09-20T14:15:26+08:00 ] /Index/index | NOTIC: [8192] preg_replace(): The /e modifier is deprecated, use preg_replace_callback instead ThinkTemplate.class.php 第 406 行.
[ 2017-09-20T14:15:26+08:00 ] /Index/index | NOTIC: [8192] preg_replace(): The /e modifier is deprecated, use preg_replace_callback instead ThinkTemplate.class.php 第 406 行.
[ 2017-09-20T14:15:26+08:00 ] /Index/index | NOTIC: [8192] preg_replace(): The /e modifier is deprecated, use preg_replace_callback instead ThinkTemplate.class.php 第 406 行.
[ 2017-09-20T14:15:26+08:00 ] /Index/index | NOTIC: [8192] preg_replace(): The /e modifier is deprecated, use preg_replace_callback instead ThinkTemplate.class.php 第 220 行.
[ 2017-09-20T14:15:26+08:00 ] /Index/index | NOTIC: [8192] preg_replace(): The /e modifier is deprecated, use preg_replace_callback instead ThinkTemplate.class.php 第 154 行.
[ 2017-09-20T14:15:26+08:00 ] /Index/index | INFO: Run ParseTemplate Behavior [ RunTime:0.015186s ]
[ 2017-09-20T14:15:26+08:00 ] /Index/index | INFO: Tag[ view_parse ] --END-- [ RunTime:0.015237s ]
[ 2017-09-20T14:15:26+08:00 ] /Index/index | INFO: Tag[ view_filter ] --START--
[ 2017-09-20T14:15:26+08:00 ] /Index/index | INFO: Run ContentReplace Behavior [ RunTime:0.000895s ]
[ 2017-09-20T14:15:26+08:00 ] /Index/index | INFO: Run TokenBuild Behavior [ RunTime:0.000801s ]
[ 2017-09-20T14:15:26+08:00 ] /Index/index | INFO: Run WriteHtmlCache Behavior [ RunTime:0.000718s ]
[ 2017-09-20T14:15:26+08:00 ] /Index/index | INFO: Run ShowRuntime Behavior [ RunTime:0.000784s ]
[ 2017-09-20T14:15:26+08:00 ] /Index/index | INFO: Tag[ view_filter ] --END-- [ RunTime:0.003286s ]
[ 2017-09-20T14:15:26+08:00 ] /Index/index | INFO: Tag[ view_end ] --START--
[ 2017-09-20T14:15:26+08:00 ] /Index/index | INFO: Run ShowPageTrace Behavior [ RunTime:0.000795s ]
[ 2017-09-20T14:15:26+08:00 ] /Index/index | INFO: Tag[ view_end ] --END-- [ RunTime:0.000820s ]

[ 2017-09-20T14:15:26+08:00 ]  127.0.0.1 /favicon.ico | ERR: (ThinkException) 无法加载模块Favicon.ico
[ 2017-09-20T14:15:31+08:00 ] 127.0.0.1 /Loan/index
[ 2017-09-20T14:15:31+08:00 ] /Loan/index | INFO: Tag[ route_check ] --START--
[ 2017-09-20T14:15:31+08:00 ] /Loan/index | INFO: Run CheckRoute Behavior [ RunTime:0.001018s ]
[ 2017-09-20T14:15:31+08:00 ] /Loan/index | INFO: Tag[ route_check ] --END-- [ RunTime:0.001112s ]
[ 2017-09-20T14:15:31+08:00 ] /Loan/index | NOTIC: [8192] preg_replace(): The /e modifier is deprecated, use preg_replace_callback instead Dispatcher.class.php 第 125 行.
[ 2017-09-20T14:15:31+08:00 ] /Loan/index | NOTIC: [8192] preg_replace(): The /e modifier is deprecated, use preg_replace_callback instead common.php 第 66 行.
[ 2017-09-20T14:15:31+08:00 ] /Loan/index | INFO: Tag[ app_begin ] --START--
[ 2017-09-20T14:15:31+08:00 ] /Loan/index | INFO: Run ReadHtmlCache Behavior [ RunTime:0.001065s ]
[ 2017-09-20T14:15:31+08:00 ] /Loan/index | INFO: Tag[ app_begin ] --END-- [ RunTime:0.001102s ]
[ 2017-09-20T14:15:31+08:00 ] /Loan/index | NOTIC: [8] Undefined variable: system CommonAction.class.php 第 131 行.
[ 2017-09-20T14:15:31+08:00 ] /Loan/index | INFO: Tag[ view_template ] --START--
[ 2017-09-20T14:15:31+08:00 ] /Loan/index | INFO: Run LocationTemplate Behavior [ RunTime:0.002051s ]
[ 2017-09-20T14:15:31+08:00 ] /Loan/index | INFO: Tag[ view_template ] --END-- [ RunTime:0.002096s ]
[ 2017-09-20T14:15:31+08:00 ] /Loan/index | INFO: Tag[ view_parse ] --START--
[ 2017-09-20T14:15:31+08:00 ] /Loan/index | NOTIC: [8192] preg_replace(): The /e modifier is deprecated, use preg_replace_callback instead ThinkTemplate.class.php 第 186 行.
[ 2017-09-20T14:15:31+08:00 ] /Loan/index | NOTIC: [8192] preg_replace(): The /e modifier is deprecated, use preg_replace_callback instead ThinkTemplate.class.php 第 406 行.
[ 2017-09-20T14:15:31+08:00 ] /Loan/index | NOTIC: [8192] preg_replace(): The /e modifier is deprecated, use preg_replace_callback instead ThinkTemplate.class.php 第 406 行.
[ 2017-09-20T14:15:31+08:00 ] /Loan/index | NOTIC: [8192] preg_replace(): The /e modifier is deprecated, use preg_replace_callback instead ThinkTemplate.class.php 第 406 行.
[ 2017-09-20T14:15:31+08:00 ] /Loan/index | NOTIC: [8192] preg_replace(): The /e modifier is deprecated, use preg_replace_callback instead ThinkTemplate.class.php 第 406 行.
[ 2017-09-20T14:15:31+08:00 ] /Loan/index | NOTIC: [8192] preg_replace(): The /e modifier is deprecated, use preg_replace_callback instead ThinkTemplate.class.php 第 406 行.
[ 2017-09-20T14:15:31+08:00 ] /Loan/index | NOTIC: [8192] preg_replace(): The /e modifier is deprecated, use preg_replace_callback instead ThinkTemplate.class.php 第 186 行.
[ 2017-09-20T14:15:31+08:00 ] /Loan/index | NOTIC: [8192] preg_replace(): The /e modifier is deprecated, use preg_replace_callback instead ThinkTemplate.class.php 第 406 行.
[ 2017-09-20T14:15:31+08:00 ] /Loan/index | NOTIC: [8192] preg_replace(): The /e modifier is deprecated, use preg_replace_callback instead ThinkTemplate.class.php 第 406 行.
[ 2017-09-20T14:15:31+08:00 ] /Loan/index | NOTIC: [8192] preg_replace(): The /e modifier is deprecated, use preg_replace_callback instead ThinkTemplate.class.php 第 406 行.
[ 2017-09-20T14:15:31+08:00 ] /Loan/index | NOTIC: [8192] preg_replace(): The /e modifier is deprecated, use preg_replace_callback instead ThinkTemplate.class.php 第 406 行.
[ 2017-09-20T14:15:31+08:00 ] /Loan/index | NOTIC: [8192] preg_replace(): The /e modifier is deprecated, use preg_replace_callback instead ThinkTemplate.class.php 第 406 行.
[ 2017-09-20T14:15:31+08:00 ] /Loan/index | NOTIC: [8192] preg_replace(): The /e modifier is deprecated, use preg_replace_callback instead ThinkTemplate.class.php 第 406 行.
[ 2017-09-20T14:15:31+08:00 ] /Loan/index | NOTIC: [8192] preg_replace(): The /e modifier is deprecated, use preg_replace_callback instead ThinkTemplate.class.php 第 406 行.
[ 2017-09-20T14:15:31+08:00 ] /Loan/index | NOTIC: [8192] preg_replace(): The /e modifier is deprecated, use preg_replace_callback instead ThinkTemplate.class.php 第 406 行.
[ 2017-09-20T14:15:31+08:00 ] /Loan/index | NOTIC: [8192] preg_replace(): The /e modifier is deprecated, use preg_replace_callback instead ThinkTemplate.class.php 第 406 行.
[ 2017-09-20T14:15:31+08:00 ] /Loan/index | NOTIC: [8192] preg_replace(): The /e modifier is deprecated, use preg_replace_callback instead ThinkTemplate.class.php 第 402 行.
[ 2017-09-20T14:15:31+08:00 ] /Loan/index | NOTIC: [8192] preg_replace(): The /e modifier is deprecated, use preg_replace_callback instead ThinkTemplate.class.php 第 402 行.
[ 2017-09-20T14:15:31+08:00 ] /Loan/index | NOTIC: [8192] preg_replace(): The /e modifier is deprecated, use preg_replace_callback instead ThinkTemplate.class.php 第 406 行.
[ 2017-09-20T14:15:31+08:00 ] /Loan/index | NOTIC: [8192] preg_replace(): The /e modifier is deprecated, use preg_replace_callback instead ThinkTemplate.class.php 第 406 行.
[ 2017-09-20T14:15:31+08:00 ] /Loan/index | NOTIC: [8192] preg_replace(): The /e modifier is deprecated, use preg_replace_callback instead ThinkTemplate.class.php 第 406 行.
[ 2017-09-20T14:15:31+08:00 ] /Loan/index | NOTIC: [8192] preg_replace(): The /e modifier is deprecated, use preg_replace_callback instead ThinkTemplate.class.php 第 402 行.
[ 2017-09-20T14:15:31+08:00 ] /Loan/index | NOTIC: [8192] preg_replace(): The /e modifier is deprecated, use preg_replace_callback instead ThinkTemplate.class.php 第 406 行.
[ 2017-09-20T14:15:31+08:00 ] /Loan/index | NOTIC: [8192] preg_replace(): The /e modifier is deprecated, use preg_replace_callback instead ThinkTemplate.class.php 第 406 行.
[ 2017-09-20T14:15:31+08:00 ] /Loan/index | NOTIC: [8192] preg_replace(): The /e modifier is deprecated, use preg_replace_callback instead ThinkTemplate.class.php 第 406 行.
[ 2017-09-20T14:15:31+08:00 ] /Loan/index | NOTIC: [8192] preg_replace(): The /e modifier is deprecated, use preg_replace_callback instead ThinkTemplate.class.php 第 406 行.
[ 2017-09-20T14:15:31+08:00 ] /Loan/index | NOTIC: [8192] preg_replace(): The /e modifier is deprecated, use preg_replace_callback instead ThinkTemplate.class.php 第 406 行.
[ 2017-09-20T14:15:31+08:00 ] /Loan/index | NOTIC: [8192] preg_replace(): The /e modifier is deprecated, use preg_replace_callback instead ThinkTemplate.class.php 第 406 行.
[ 2017-09-20T14:15:31+08:00 ] /Loan/index | NOTIC: [8192] preg_replace(): The /e modifier is deprecated, use preg_replace_callback instead ThinkTemplate.class.php 第 406 行.
[ 2017-09-20T14:15:31+08:00 ] /Loan/index | NOTIC: [8192] preg_replace(): The /e modifier is deprecated, use preg_replace_callback instead ThinkTemplate.class.php 第 406 行.
[ 2017-09-20T14:15:31+08:00 ] /Loan/index | NOTIC: [8192] preg_replace(): The /e modifier is deprecated, use preg_replace_callback instead ThinkTemplate.class.php 第 406 行.
[ 2017-09-20T14:15:31+08:00 ] /Loan/index | NOTIC: [8192] preg_replace(): The /e modifier is deprecated, use preg_replace_callback instead ThinkTemplate.class.php 第 406 行.
[ 2017-09-20T14:15:31+08:00 ] /Loan/index | NOTIC: [8192] preg_replace(): The /e modifier is deprecated, use preg_replace_callback instead ThinkTemplate.class.php 第 406 行.
[ 2017-09-20T14:15:31+08:00 ] /Loan/index | NOTIC: [8192] preg_replace(): The /e modifier is deprecated, use preg_replace_callback instead ThinkTemplate.class.php 第 406 行.
[ 2017-09-20T14:15:31+08:00 ] /Loan/index | NOTIC: [8192] preg_replace(): The /e modifier is deprecated, use preg_replace_callback instead ThinkTemplate.class.php 第 406 行.
[ 2017-09-20T14:15:31+08:00 ] /Loan/index | NOTIC: [8192] preg_replace(): The /e modifier is deprecated, use preg_replace_callback instead ThinkTemplate.class.php 第 406 行.
[ 2017-09-20T14:15:31+08:00 ] /Loan/index | NOTIC: [8192] preg_replace(): The /e modifier is deprecated, use preg_replace_callback instead ThinkTemplate.class.php 第 406 行.
[ 2017-09-20T14:15:31+08:00 ] /Loan/index | NOTIC: [8192] preg_replace(): The /e modifier is deprecated, use preg_replace_callback instead ThinkTemplate.class.php 第 406 行.
[ 2017-09-20T14:15:31+08:00 ] /Loan/index | NOTIC: [8192] preg_replace(): The /e modifier is deprecated, use preg_replace_callback instead ThinkTemplate.class.php 第 406 行.
[ 2017-09-20T14:15:31+08:00 ] /Loan/index | NOTIC: [8192] preg_replace(): The /e modifier is deprecated, use preg_replace_callback instead ThinkTemplate.class.php 第 406 行.
[ 2017-09-20T14:15:31+08:00 ] /Loan/index | NOTIC: [8192] preg_replace(): The /e modifier is deprecated, use preg_replace_callback instead ThinkTemplate.class.php 第 406 行.
[ 2017-09-20T14:15:31+08:00 ] /Loan/index | NOTIC: [8192] preg_replace(): The /e modifier is deprecated, use preg_replace_callback instead ThinkTemplate.class.php 第 406 行.
[ 2017-09-20T14:15:31+08:00 ] /Loan/index | NOTIC: [8192] preg_replace(): The /e modifier is deprecated, use preg_replace_callback instead ThinkTemplate.class.php 第 406 行.
[ 2017-09-20T14:15:31+08:00 ] /Loan/index | NOTIC: [8192] preg_replace(): The /e modifier is deprecated, use preg_replace_callback instead ThinkTemplate.class.php 第 406 行.
[ 2017-09-20T14:15:31+08:00 ] /Loan/index | NOTIC: [8192] preg_replace(): The /e modifier is deprecated, use preg_replace_callback instead ThinkTemplate.class.php 第 406 行.
[ 2017-09-20T14:15:31+08:00 ] /Loan/index | NOTIC: [8192] preg_replace(): The /e modifier is deprecated, use preg_replace_callback instead ThinkTemplate.class.php 第 406 行.
[ 2017-09-20T14:15:31+08:00 ] /Loan/index | NOTIC: [8192] preg_replace(): The /e modifier is deprecated, use preg_replace_callback instead ThinkTemplate.class.php 第 406 行.
[ 2017-09-20T14:15:31+08:00 ] /Loan/index | NOTIC: [8192] preg_replace(): The /e modifier is deprecated, use preg_replace_callback instead ThinkTemplate.class.php 第 406 行.
[ 2017-09-20T14:15:31+08:00 ] /Loan/index | NOTIC: [8192] preg_replace(): The /e modifier is deprecated, use preg_replace_callback instead ThinkTemplate.class.php 第 406 行.
[ 2017-09-20T14:15:31+08:00 ] /Loan/index | NOTIC: [8192] preg_replace(): The /e modifier is deprecated, use preg_replace_callback instead ThinkTemplate.class.php 第 406 行.
[ 2017-09-20T14:15:31+08:00 ] /Loan/index | NOTIC: [8192] preg_replace(): The /e modifier is deprecated, use preg_replace_callback instead ThinkTemplate.class.php 第 406 行.
[ 2017-09-20T14:15:31+08:00 ] /Loan/index | NOTIC: [8192] preg_replace(): The /e modifier is deprecated, use preg_replace_callback instead ThinkTemplate.class.php 第 406 行.
[ 2017-09-20T14:15:31+08:00 ] /Loan/index | NOTIC: [8192] preg_replace(): The /e modifier is deprecated, use preg_replace_callback instead ThinkTemplate.class.php 第 406 行.
[ 2017-09-20T14:15:31+08:00 ] /Loan/index | NOTIC: [8192] preg_replace(): The /e modifier is deprecated, use preg_replace_callback instead ThinkTemplate.class.php 第 406 行.
[ 2017-09-20T14:15:31+08:00 ] /Loan/index | NOTIC: [8192] preg_replace(): The /e modifier is deprecated, use preg_replace_callback instead ThinkTemplate.class.php 第 406 行.
[ 2017-09-20T14:15:31+08:00 ] /Loan/index | NOTIC: [8192] preg_replace(): The /e modifier is deprecated, use preg_replace_callback instead ThinkTemplate.class.php 第 406 行.
[ 2017-09-20T14:15:31+08:00 ] /Loan/index | NOTIC: [8192] preg_replace(): The /e modifier is deprecated, use preg_replace_callback instead ThinkTemplate.class.php 第 406 行.
[ 2017-09-20T14:15:31+08:00 ] /Loan/index | NOTIC: [8192] preg_replace(): The /e modifier is deprecated, use preg_replace_callback instead ThinkTemplate.class.php 第 406 行.
[ 2017-09-20T14:15:31+08:00 ] /Loan/index | NOTIC: [8192] preg_replace(): The /e modifier is deprecated, use preg_replace_callback instead ThinkTemplate.class.php 第 406 行.
[ 2017-09-20T14:15:31+08:00 ] /Loan/index | NOTIC: [8192] preg_replace(): The /e modifier is deprecated, use preg_replace_callback instead ThinkTemplate.class.php 第 406 行.
[ 2017-09-20T14:15:31+08:00 ] /Loan/index | NOTIC: [8192] preg_replace(): The /e modifier is deprecated, use preg_replace_callback instead ThinkTemplate.class.php 第 406 行.
[ 2017-09-20T14:15:31+08:00 ] /Loan/index | NOTIC: [8192] preg_replace(): The /e modifier is deprecated, use preg_replace_callback instead ThinkTemplate.class.php 第 406 行.
[ 2017-09-20T14:15:31+08:00 ] /Loan/index | NOTIC: [8192] preg_replace(): The /e modifier is deprecated, use preg_replace_callback instead ThinkTemplate.class.php 第 406 行.
[ 2017-09-20T14:15:31+08:00 ] /Loan/index | NOTIC: [8192] preg_replace(): The /e modifier is deprecated, use preg_replace_callback instead ThinkTemplate.class.php 第 406 行.
[ 2017-09-20T14:15:31+08:00 ] /Loan/index | NOTIC: [8192] preg_replace(): The /e modifier is deprecated, use preg_replace_callback instead ThinkTemplate.class.php 第 406 行.
[ 2017-09-20T14:15:31+08:00 ] /Loan/index | NOTIC: [8192] preg_replace(): The /e modifier is deprecated, use preg_replace_callback instead ThinkTemplate.class.php 第 406 行.
[ 2017-09-20T14:15:31+08:00 ] /Loan/index | NOTIC: [8192] preg_replace(): The /e modifier is deprecated, use preg_replace_callback instead ThinkTemplate.class.php 第 406 行.
[ 2017-09-20T14:15:31+08:00 ] /Loan/index | NOTIC: [8192] preg_replace(): The /e modifier is deprecated, use preg_replace_callback instead ThinkTemplate.class.php 第 406 行.
[ 2017-09-20T14:15:31+08:00 ] /Loan/index | NOTIC: [8192] preg_replace(): The /e modifier is deprecated, use preg_replace_callback instead ThinkTemplate.class.php 第 406 行.
[ 2017-09-20T14:15:31+08:00 ] /Loan/index | NOTIC: [8192] preg_replace(): The /e modifier is deprecated, use preg_replace_callback instead ThinkTemplate.class.php 第 406 行.
[ 2017-09-20T14:15:31+08:00 ] /Loan/index | NOTIC: [8192] preg_replace(): The /e modifier is deprecated, use preg_replace_callback instead ThinkTemplate.class.php 第 406 行.
[ 2017-09-20T14:15:31+08:00 ] /Loan/index | NOTIC: [8192] preg_replace(): The /e modifier is deprecated, use preg_replace_callback instead ThinkTemplate.class.php 第 406 行.
[ 2017-09-20T14:15:31+08:00 ] /Loan/index | NOTIC: [8192] preg_replace(): The /e modifier is deprecated, use preg_replace_callback instead ThinkTemplate.class.php 第 406 行.
[ 2017-09-20T14:15:31+08:00 ] /Loan/index | NOTIC: [8192] preg_replace(): The /e modifier is deprecated, use preg_replace_callback instead ThinkTemplate.class.php 第 406 行.
[ 2017-09-20T14:15:31+08:00 ] /Loan/index | NOTIC: [8192] preg_replace(): The /e modifier is deprecated, use preg_replace_callback instead ThinkTemplate.class.php 第 406 行.
[ 2017-09-20T14:15:31+08:00 ] /Loan/index | NOTIC: [8192] preg_replace(): The /e modifier is deprecated, use preg_replace_callback instead ThinkTemplate.class.php 第 406 行.
[ 2017-09-20T14:15:31+08:00 ] /Loan/index | NOTIC: [8192] preg_replace(): The /e modifier is deprecated, use preg_replace_callback instead ThinkTemplate.class.php 第 406 行.
[ 2017-09-20T14:15:31+08:00 ] /Loan/index | NOTIC: [8192] preg_replace(): The /e modifier is deprecated, use preg_replace_callback instead ThinkTemplate.class.php 第 406 行.
[ 2017-09-20T14:15:31+08:00 ] /Loan/index | NOTIC: [8192] preg_replace(): The /e modifier is deprecated, use preg_replace_callback instead ThinkTemplate.class.php 第 406 行.
[ 2017-09-20T14:15:31+08:00 ] /Loan/index | NOTIC: [8192] preg_replace(): The /e modifier is deprecated, use preg_replace_callback instead ThinkTemplate.class.php 第 406 行.
[ 2017-09-20T14:15:31+08:00 ] /Loan/index | NOTIC: [8192] preg_replace(): The /e modifier is deprecated, use preg_replace_callback instead ThinkTemplate.class.php 第 406 行.
[ 2017-09-20T14:15:31+08:00 ] /Loan/index | NOTIC: [8192] preg_replace(): The /e modifier is deprecated, use preg_replace_callback instead ThinkTemplate.class.php 第 406 行.
[ 2017-09-20T14:15:31+08:00 ] /Loan/index | NOTIC: [8192] preg_replace(): The /e modifier is deprecated, use preg_replace_callback instead ThinkTemplate.class.php 第 406 行.
[ 2017-09-20T14:15:31+08:00 ] /Loan/index | NOTIC: [8192] preg_replace(): The /e modifier is deprecated, use preg_replace_callback instead ThinkTemplate.class.php 第 406 行.
[ 2017-09-20T14:15:31+08:00 ] /Loan/index | NOTIC: [8192] preg_replace(): The /e modifier is deprecated, use preg_replace_callback instead ThinkTemplate.class.php 第 406 行.
[ 2017-09-20T14:15:31+08:00 ] /Loan/index | NOTIC: [8192] preg_replace(): The /e modifier is deprecated, use preg_replace_callback instead ThinkTemplate.class.php 第 406 行.
[ 2017-09-20T14:15:31+08:00 ] /Loan/index | NOTIC: [8192] preg_replace(): The /e modifier is deprecated, use preg_replace_callback instead ThinkTemplate.class.php 第 406 行.
[ 2017-09-20T14:15:31+08:00 ] /Loan/index | NOTIC: [8192] preg_replace(): The /e modifier is deprecated, use preg_replace_callback instead ThinkTemplate.class.php 第 406 行.
[ 2017-09-20T14:15:31+08:00 ] /Loan/index | NOTIC: [8192] preg_replace(): The /e modifier is deprecated, use preg_replace_callback instead ThinkTemplate.class.php 第 402 行.
[ 2017-09-20T14:15:31+08:00 ] /Loan/index | NOTIC: [8192] preg_replace(): The /e modifier is deprecated, use preg_replace_callback instead ThinkTemplate.class.php 第 402 行.
[ 2017-09-20T14:15:31+08:00 ] /Loan/index | NOTIC: [8192] preg_replace(): The /e modifier is deprecated, use preg_replace_callback instead ThinkTemplate.class.php 第 402 行.
[ 2017-09-20T14:15:31+08:00 ] /Loan/index | NOTIC: [8192] preg_replace(): The /e modifier is deprecated, use preg_replace_callback instead ThinkTemplate.class.php 第 402 行.
[ 2017-09-20T14:15:31+08:00 ] /Loan/index | NOTIC: [8192] preg_replace(): The /e modifier is deprecated, use preg_replace_callback instead ThinkTemplate.class.php 第 402 行.
[ 2017-09-20T14:15:31+08:00 ] /Loan/index | NOTIC: [8192] preg_replace(): The /e modifier is deprecated, use preg_replace_callback instead ThinkTemplate.class.php 第 402 行.
[ 2017-09-20T14:15:31+08:00 ] /Loan/index | NOTIC: [8192] preg_replace(): The /e modifier is deprecated, use preg_replace_callback instead ThinkTemplate.class.php 第 406 行.
[ 2017-09-20T14:15:31+08:00 ] /Loan/index | NOTIC: [8192] preg_replace(): The /e modifier is deprecated, use preg_replace_callback instead ThinkTemplate.class.php 第 406 行.
[ 2017-09-20T14:15:31+08:00 ] /Loan/index | NOTIC: [8192] preg_replace(): The /e modifier is deprecated, use preg_replace_callback instead ThinkTemplate.class.php 第 406 行.
[ 2017-09-20T14:15:31+08:00 ] /Loan/index | NOTIC: [8192] preg_replace(): The /e modifier is deprecated, use preg_replace_callback instead ThinkTemplate.class.php 第 220 行.
[ 2017-09-20T14:15:31+08:00 ] /Loan/index | NOTIC: [8192] preg_replace(): The /e modifier is deprecated, use preg_replace_callback instead ThinkTemplate.class.php 第 406 行.
[ 2017-09-20T14:15:31+08:00 ] /Loan/index | NOTIC: [8192] preg_replace(): The /e modifier is deprecated, use preg_replace_callback instead ThinkTemplate.class.php 第 406 行.
[ 2017-09-20T14:15:31+08:00 ] /Loan/index | NOTIC: [8192] preg_replace(): The /e modifier is deprecated, use preg_replace_callback instead ThinkTemplate.class.php 第 406 行.
[ 2017-09-20T14:15:31+08:00 ] /Loan/index | NOTIC: [8192] preg_replace(): The /e modifier is deprecated, use preg_replace_callback instead ThinkTemplate.class.php 第 406 行.
[ 2017-09-20T14:15:31+08:00 ] /Loan/index | NOTIC: [8192] preg_replace(): The /e modifier is deprecated, use preg_replace_callback instead ThinkTemplate.class.php 第 402 行.
[ 2017-09-20T14:15:31+08:00 ] /Loan/index | NOTIC: [8192] preg_replace(): The /e modifier is deprecated, use preg_replace_callback instead ThinkTemplate.class.php 第 402 行.
[ 2017-09-20T14:15:31+08:00 ] /Loan/index | NOTIC: [8192] preg_replace(): The /e modifier is deprecated, use preg_replace_callback instead ThinkTemplate.class.php 第 406 行.
[ 2017-09-20T14:15:31+08:00 ] /Loan/index | NOTIC: [8192] preg_replace(): The /e modifier is deprecated, use preg_replace_callback instead ThinkTemplate.class.php 第 406 行.
[ 2017-09-20T14:15:31+08:00 ] /Loan/index | NOTIC: [8192] preg_replace(): The /e modifier is deprecated, use preg_replace_callback instead ThinkTemplate.class.php 第 406 行.
[ 2017-09-20T14:15:31+08:00 ] /Loan/index | NOTIC: [8192] preg_replace(): The /e modifier is deprecated, use preg_replace_callback instead ThinkTemplate.class.php 第 402 行.
[ 2017-09-20T14:15:31+08:00 ] /Loan/index | NOTIC: [8192] preg_replace(): The /e modifier is deprecated, use preg_replace_callback instead ThinkTemplate.class.php 第 406 行.
[ 2017-09-20T14:15:31+08:00 ] /Loan/index | NOTIC: [8192] preg_replace(): The /e modifier is deprecated, use preg_replace_callback instead ThinkTemplate.class.php 第 406 行.
[ 2017-09-20T14:15:31+08:00 ] /Loan/index | NOTIC: [8192] preg_replace(): The /e modifier is deprecated, use preg_replace_callback instead ThinkTemplate.class.php 第 406 行.
[ 2017-09-20T14:15:31+08:00 ] /Loan/index | NOTIC: [8192] preg_replace(): The /e modifier is deprecated, use preg_replace_callback instead ThinkTemplate.class.php 第 406 行.
[ 2017-09-20T14:15:31+08:00 ] /Loan/index | NOTIC: [8192] preg_replace(): The /e modifier is deprecated, use preg_replace_callback instead ThinkTemplate.class.php 第 406 行.
[ 2017-09-20T14:15:31+08:00 ] /Loan/index | NOTIC: [8192] preg_replace(): The /e modifier is deprecated, use preg_replace_callback instead ThinkTemplate.class.php 第 406 行.
[ 2017-09-20T14:15:31+08:00 ] /Loan/index | NOTIC: [8192] preg_replace(): The /e modifier is deprecated, use preg_replace_callback instead ThinkTemplate.class.php 第 406 行.
[ 2017-09-20T14:15:31+08:00 ] /Loan/index | NOTIC: [8192] preg_replace(): The /e modifier is deprecated, use preg_replace_callback instead ThinkTemplate.class.php 第 406 行.
[ 2017-09-20T14:15:31+08:00 ] /Loan/index | NOTIC: [8192] preg_replace(): The /e modifier is deprecated, use preg_replace_callback instead ThinkTemplate.class.php 第 406 行.
[ 2017-09-20T14:15:31+08:00 ] /Loan/index | NOTIC: [8192] preg_replace(): The /e modifier is deprecated, use preg_replace_callback instead ThinkTemplate.class.php 第 406 行.
[ 2017-09-20T14:15:31+08:00 ] /Loan/index | NOTIC: [8192] preg_replace(): The /e modifier is deprecated, use preg_replace_callback instead ThinkTemplate.class.php 第 406 行.
[ 2017-09-20T14:15:31+08:00 ] /Loan/index | NOTIC: [8192] preg_replace(): The /e modifier is deprecated, use preg_replace_callback instead ThinkTemplate.class.php 第 406 行.
[ 2017-09-20T14:15:31+08:00 ] /Loan/index | NOTIC: [8192] preg_replace(): The /e modifier is deprecated, use preg_replace_callback instead ThinkTemplate.class.php 第 406 行.
[ 2017-09-20T14:15:31+08:00 ] /Loan/index | NOTIC: [8192] preg_replace(): The /e modifier is deprecated, use preg_replace_callback instead ThinkTemplate.class.php 第 406 行.
[ 2017-09-20T14:15:31+08:00 ] /Loan/index | NOTIC: [8192] preg_replace(): The /e modifier is deprecated, use preg_replace_callback instead ThinkTemplate.class.php 第 406 行.
[ 2017-09-20T14:15:31+08:00 ] /Loan/index | NOTIC: [8192] preg_replace(): The /e modifier is deprecated, use preg_replace_callback instead ThinkTemplate.class.php 第 406 行.
[ 2017-09-20T14:15:31+08:00 ] /Loan/index | NOTIC: [8192] preg_replace(): The /e modifier is deprecated, use preg_replace_callback instead ThinkTemplate.class.php 第 406 行.
[ 2017-09-20T14:15:31+08:00 ] /Loan/index | NOTIC: [8192] preg_replace(): The /e modifier is deprecated, use preg_replace_callback instead ThinkTemplate.class.php 第 406 行.
[ 2017-09-20T14:15:31+08:00 ] /Loan/index | NOTIC: [8192] preg_replace(): The /e modifier is deprecated, use preg_replace_callback instead ThinkTemplate.class.php 第 406 行.
[ 2017-09-20T14:15:31+08:00 ] /Loan/index | NOTIC: [8192] preg_replace(): The /e modifier is deprecated, use preg_replace_callback instead ThinkTemplate.class.php 第 406 行.
[ 2017-09-20T14:15:31+08:00 ] /Loan/index | NOTIC: [8192] preg_replace(): The /e modifier is deprecated, use preg_replace_callback instead ThinkTemplate.class.php 第 406 行.
[ 2017-09-20T14:15:31+08:00 ] /Loan/index | NOTIC: [8192] preg_replace(): The /e modifier is deprecated, use preg_replace_callback instead ThinkTemplate.class.php 第 406 行.
[ 2017-09-20T14:15:31+08:00 ] /Loan/index | NOTIC: [8192] preg_replace(): The /e modifier is deprecated, use preg_replace_callback instead ThinkTemplate.class.php 第 406 行.
[ 2017-09-20T14:15:31+08:00 ] /Loan/index | NOTIC: [8192] preg_replace(): The /e modifier is deprecated, use preg_replace_callback instead ThinkTemplate.class.php 第 406 行.
[ 2017-09-20T14:15:31+08:00 ] /Loan/index | NOTIC: [8192] preg_replace(): The /e modifier is deprecated, use preg_replace_callback instead ThinkTemplate.class.php 第 406 行.
[ 2017-09-20T14:15:31+08:00 ] /Loan/index | NOTIC: [8192] preg_replace(): The /e modifier is deprecated, use preg_replace_callback instead ThinkTemplate.class.php 第 406 行.
[ 2017-09-20T14:15:31+08:00 ] /Loan/index | NOTIC: [8192] preg_replace(): The /e modifier is deprecated, use preg_replace_callback instead ThinkTemplate.class.php 第 406 行.
[ 2017-09-20T14:15:31+08:00 ] /Loan/index | NOTIC: [8192] preg_replace(): The /e modifier is deprecated, use preg_replace_callback instead ThinkTemplate.class.php 第 406 行.
[ 2017-09-20T14:15:31+08:00 ] /Loan/index | NOTIC: [8192] preg_replace(): The /e modifier is deprecated, use preg_replace_callback instead ThinkTemplate.class.php 第 406 行.
[ 2017-09-20T14:15:31+08:00 ] /Loan/index | NOTIC: [8192] preg_replace(): The /e modifier is deprecated, use preg_replace_callback instead ThinkTemplate.class.php 第 406 行.
[ 2017-09-20T14:15:31+08:00 ] /Loan/index | NOTIC: [8192] preg_replace(): The /e modifier is deprecated, use preg_replace_callback instead ThinkTemplate.class.php 第 406 行.
[ 2017-09-20T14:15:31+08:00 ] /Loan/index | NOTIC: [8192] preg_replace(): The /e modifier is deprecated, use preg_replace_callback instead ThinkTemplate.class.php 第 406 行.
[ 2017-09-20T14:15:31+08:00 ] /Loan/index | NOTIC: [8192] preg_replace(): The /e modifier is deprecated, use preg_replace_callback instead ThinkTemplate.class.php 第 406 行.
[ 2017-09-20T14:15:31+08:00 ] /Loan/index | NOTIC: [8192] preg_replace(): The /e modifier is deprecated, use preg_replace_callback instead ThinkTemplate.class.php 第 406 行.
[ 2017-09-20T14:15:31+08:00 ] /Loan/index | NOTIC: [8192] preg_replace(): The /e modifier is deprecated, use preg_replace_callback instead ThinkTemplate.class.php 第 406 行.
[ 2017-09-20T14:15:31+08:00 ] /Loan/index | NOTIC: [8192] preg_replace(): The /e modifier is deprecated, use preg_replace_callback instead ThinkTemplate.class.php 第 406 行.
[ 2017-09-20T14:15:31+08:00 ] /Loan/index | NOTIC: [8192] preg_replace(): The /e modifier is deprecated, use preg_replace_callback instead ThinkTemplate.class.php 第 406 行.
[ 2017-09-20T14:15:31+08:00 ] /Loan/index | NOTIC: [8192] preg_replace(): The /e modifier is deprecated, use preg_replace_callback instead ThinkTemplate.class.php 第 406 行.
[ 2017-09-20T14:15:31+08:00 ] /Loan/index | NOTIC: [8192] preg_replace(): The /e modifier is deprecated, use preg_replace_callback instead ThinkTemplate.class.php 第 406 行.
[ 2017-09-20T14:15:31+08:00 ] /Loan/index | NOTIC: [8192] preg_replace(): The /e modifier is deprecated, use preg_replace_callback instead ThinkTemplate.class.php 第 406 行.
[ 2017-09-20T14:15:31+08:00 ] /Loan/index | NOTIC: [8192] preg_replace(): The /e modifier is deprecated, use preg_replace_callback instead ThinkTemplate.class.php 第 406 行.
[ 2017-09-20T14:15:31+08:00 ] /Loan/index | NOTIC: [8192] preg_replace(): The /e modifier is deprecated, use preg_replace_callback instead ThinkTemplate.class.php 第 406 行.
[ 2017-09-20T14:15:31+08:00 ] /Loan/index | NOTIC: [8192] preg_replace(): The /e modifier is deprecated, use preg_replace_callback instead ThinkTemplate.class.php 第 406 行.
[ 2017-09-20T14:15:31+08:00 ] /Loan/index | NOTIC: [8192] preg_replace(): The /e modifier is deprecated, use preg_replace_callback instead ThinkTemplate.class.php 第 406 行.
[ 2017-09-20T14:15:31+08:00 ] /Loan/index | NOTIC: [8192] preg_replace(): The /e modifier is deprecated, use preg_replace_callback instead ThinkTemplate.class.php 第 406 行.
[ 2017-09-20T14:15:31+08:00 ] /Loan/index | NOTIC: [8192] preg_replace(): The /e modifier is deprecated, use preg_replace_callback instead ThinkTemplate.class.php 第 406 行.
[ 2017-09-20T14:15:31+08:00 ] /Loan/index | NOTIC: [8192] preg_replace(): The /e modifier is deprecated, use preg_replace_callback instead ThinkTemplate.class.php 第 406 行.
[ 2017-09-20T14:15:31+08:00 ] /Loan/index | NOTIC: [8192] preg_replace(): The /e modifier is deprecated, use preg_replace_callback instead ThinkTemplate.class.php 第 406 行.
[ 2017-09-20T14:15:31+08:00 ] /Loan/index | NOTIC: [8192] preg_replace(): The /e modifier is deprecated, use preg_replace_callback instead ThinkTemplate.class.php 第 406 行.
[ 2017-09-20T14:15:31+08:00 ] /Loan/index | NOTIC: [8192] preg_replace(): The /e modifier is deprecated, use preg_replace_callback instead ThinkTemplate.class.php 第 406 行.
[ 2017-09-20T14:15:31+08:00 ] /Loan/index | NOTIC: [8192] preg_replace(): The /e modifier is deprecated, use preg_replace_callback instead ThinkTemplate.class.php 第 406 行.
[ 2017-09-20T14:15:31+08:00 ] /Loan/index | NOTIC: [8192] preg_replace(): The /e modifier is deprecated, use preg_replace_callback instead ThinkTemplate.class.php 第 406 行.
[ 2017-09-20T14:15:31+08:00 ] /Loan/index | NOTIC: [8192] preg_replace(): The /e modifier is deprecated, use preg_replace_callback instead ThinkTemplate.class.php 第 406 行.
[ 2017-09-20T14:15:31+08:00 ] /Loan/index | NOTIC: [8192] preg_replace(): The /e modifier is deprecated, use preg_replace_callback instead ThinkTemplate.class.php 第 406 行.
[ 2017-09-20T14:15:31+08:00 ] /Loan/index | NOTIC: [8192] preg_replace(): The /e modifier is deprecated, use preg_replace_callback instead ThinkTemplate.class.php 第 406 行.
[ 2017-09-20T14:15:31+08:00 ] /Loan/index | NOTIC: [8192] preg_replace(): The /e modifier is deprecated, use preg_replace_callback instead ThinkTemplate.class.php 第 406 行.
[ 2017-09-20T14:15:31+08:00 ] /Loan/index | NOTIC: [8192] preg_replace(): The /e modifier is deprecated, use preg_replace_callback instead ThinkTemplate.class.php 第 406 行.
[ 2017-09-20T14:15:31+08:00 ] /Loan/index | NOTIC: [8192] preg_replace(): The /e modifier is deprecated, use preg_replace_callback instead ThinkTemplate.class.php 第 406 行.
[ 2017-09-20T14:15:31+08:00 ] /Loan/index | NOTIC: [8192] preg_replace(): The /e modifier is deprecated, use preg_replace_callback instead ThinkTemplate.class.php 第 406 行.
[ 2017-09-20T14:15:31+08:00 ] /Loan/index | NOTIC: [8192] preg_replace(): The /e modifier is deprecated, use preg_replace_callback instead ThinkTemplate.class.php 第 406 行.
[ 2017-09-20T14:15:31+08:00 ] /Loan/index | NOTIC: [8192] preg_replace(): The /e modifier is deprecated, use preg_replace_callback instead ThinkTemplate.class.php 第 406 行.
[ 2017-09-20T14:15:31+08:00 ] /Loan/index | NOTIC: [8192] preg_replace(): The /e modifier is deprecated, use preg_replace_callback instead ThinkTemplate.class.php 第 406 行.
[ 2017-09-20T14:15:31+08:00 ] /Loan/index | NOTIC: [8192] preg_replace(): The /e modifier is deprecated, use preg_replace_callback instead ThinkTemplate.class.php 第 406 行.
[ 2017-09-20T14:15:31+08:00 ] /Loan/index | NOTIC: [8192] preg_replace(): The /e modifier is deprecated, use preg_replace_callback instead ThinkTemplate.class.php 第 406 行.
[ 2017-09-20T14:15:31+08:00 ] /Loan/index | NOTIC: [8192] preg_replace(): The /e modifier is deprecated, use preg_replace_callback instead ThinkTemplate.class.php 第 406 行.
[ 2017-09-20T14:15:31+08:00 ] /Loan/index | NOTIC: [8192] preg_replace(): The /e modifier is deprecated, use preg_replace_callback instead ThinkTemplate.class.php 第 406 行.
[ 2017-09-20T14:15:31+08:00 ] /Loan/index | NOTIC: [8192] preg_replace(): The /e modifier is deprecated, use preg_replace_callback instead ThinkTemplate.class.php 第 402 行.
[ 2017-09-20T14:15:31+08:00 ] /Loan/index | NOTIC: [8192] preg_replace(): The /e modifier is deprecated, use preg_replace_callback instead ThinkTemplate.class.php 第 402 行.
[ 2017-09-20T14:15:31+08:00 ] /Loan/index | NOTIC: [8192] preg_replace(): The /e modifier is deprecated, use preg_replace_callback instead ThinkTemplate.class.php 第 402 行.
[ 2017-09-20T14:15:31+08:00 ] /Loan/index | NOTIC: [8192] preg_replace(): The /e modifier is deprecated, use preg_replace_callback instead ThinkTemplate.class.php 第 402 行.
[ 2017-09-20T14:15:31+08:00 ] /Loan/index | NOTIC: [8192] preg_replace(): The /e modifier is deprecated, use preg_replace_callback instead ThinkTemplate.class.php 第 402 行.
[ 2017-09-20T14:15:31+08:00 ] /Loan/index | NOTIC: [8192] preg_replace(): The /e modifier is deprecated, use preg_replace_callback instead ThinkTemplate.class.php 第 402 行.
[ 2017-09-20T14:15:31+08:00 ] /Loan/index | NOTIC: [8192] preg_replace(): The /e modifier is deprecated, use preg_replace_callback instead ThinkTemplate.class.php 第 406 行.
[ 2017-09-20T14:15:31+08:00 ] /Loan/index | NOTIC: [8192] preg_replace(): The /e modifier is deprecated, use preg_replace_callback instead ThinkTemplate.class.php 第 406 行.
[ 2017-09-20T14:15:31+08:00 ] /Loan/index | NOTIC: [8192] preg_replace(): The /e modifier is deprecated, use preg_replace_callback instead ThinkTemplate.class.php 第 406 行.
[ 2017-09-20T14:15:31+08:00 ] /Loan/index | NOTIC: [8192] preg_replace(): The /e modifier is deprecated, use preg_replace_callback instead ThinkTemplate.class.php 第 220 行.
[ 2017-09-20T14:15:31+08:00 ] /Loan/index | NOTIC: [8192] preg_replace(): The /e modifier is deprecated, use preg_replace_callback instead ThinkTemplate.class.php 第 154 行.
[ 2017-09-20T14:15:31+08:00 ] /Loan/index | INFO: Run ParseTemplate Behavior [ RunTime:0.010310s ]
[ 2017-09-20T14:15:31+08:00 ] /Loan/index | INFO: Tag[ view_parse ] --END-- [ RunTime:0.010340s ]
[ 2017-09-20T14:15:31+08:00 ] /Loan/index | INFO: Tag[ view_filter ] --START--
[ 2017-09-20T14:15:31+08:00 ] /Loan/index | INFO: Run ContentReplace Behavior [ RunTime:0.000730s ]
[ 2017-09-20T14:15:31+08:00 ] /Loan/index | INFO: Run TokenBuild Behavior [ RunTime:0.000694s ]
[ 2017-09-20T14:15:31+08:00 ] /Loan/index | INFO: Run WriteHtmlCache Behavior [ RunTime:0.000912s ]
[ 2017-09-20T14:15:31+08:00 ] /Loan/index | INFO: Run ShowRuntime Behavior [ RunTime:0.001110s ]
[ 2017-09-20T14:15:31+08:00 ] /Loan/index | INFO: Tag[ view_filter ] --END-- [ RunTime:0.003551s ]
[ 2017-09-20T14:15:31+08:00 ] /Loan/index | INFO: Tag[ view_end ] --START--
[ 2017-09-20T14:15:31+08:00 ] /Loan/index | INFO: Run ShowPageTrace Behavior [ RunTime:0.000766s ]
[ 2017-09-20T14:15:31+08:00 ] /Loan/index | INFO: Tag[ view_end ] --END-- [ RunTime:0.000791s ]

[ 2017-09-20T14:15:31+08:00 ]  127.0.0.1 /favicon.ico | ERR: (ThinkException) 无法加载模块Favicon.ico
