[ 2017-06-21T14:05:30+08:00 ] 127.0.0.1 /
[ 2017-06-21T14:05:30+08:00 ] / | NOTIC: [8192] preg_replace(): The /e modifier is deprecated, use preg_replace_callback instead common.php 第 66 行.
[ 2017-06-21T14:05:30+08:00 ] / | INFO: Tag[ app_begin ] --START--
[ 2017-06-21T14:05:30+08:00 ] / | INFO: Run ReadHtmlCache Behavior [ RunTime:0.000502s ]
[ 2017-06-21T14:05:30+08:00 ] / | INFO: Tag[ app_begin ] --END-- [ RunTime:0.000540s ]
[ 2017-06-21T14:05:30+08:00 ] / | INFO: Tag[ view_template ] --START--
[ 2017-06-21T14:05:30+08:00 ] / | INFO: Run LocationTemplate Behavior [ RunTime:0.000635s ]
[ 2017-06-21T14:05:30+08:00 ] / | INFO: Tag[ view_template ] --END-- [ RunTime:0.000675s ]
[ 2017-06-21T14:05:30+08:00 ] / | INFO: Tag[ view_parse ] --START--
[ 2017-06-21T14:05:30+08:00 ] / | NOTIC: [8192] preg_replace(): The /e modifier is deprecated, use preg_replace_callback instead ThinkTemplate.class.php 第 186 行.
[ 2017-06-21T14:05:30+08:00 ] / | NOTIC: [8192] preg_replace(): The /e modifier is deprecated, use preg_replace_callback instead ThinkTemplate.class.php 第 406 行.
[ 2017-06-21T14:05:30+08:00 ] / | NOTIC: [8192] preg_replace(): The /e modifier is deprecated, use preg_replace_callback instead ThinkTemplate.class.php 第 406 行.
[ 2017-06-21T14:05:30+08:00 ] / | NOTIC: [8192] preg_replace(): The /e modifier is deprecated, use preg_replace_callback instead ThinkTemplate.class.php 第 406 行.
[ 2017-06-21T14:05:30+08:00 ] / | NOTIC: [8192] preg_replace(): The /e modifier is deprecated, use preg_replace_callback instead ThinkTemplate.class.php 第 406 行.
[ 2017-06-21T14:05:30+08:00 ] / | NOTIC: [8192] preg_replace(): The /e modifier is deprecated, use preg_replace_callback instead ThinkTemplate.class.php 第 406 行.
[ 2017-06-21T14:05:30+08:00 ] / | NOTIC: [8192] preg_replace(): The /e modifier is deprecated, use preg_replace_callback instead ThinkTemplate.class.php 第 406 行.
[ 2017-06-21T14:05:30+08:00 ] / | NOTIC: [8192] preg_replace(): The /e modifier is deprecated, use preg_replace_callback instead ThinkTemplate.class.php 第 406 行.
[ 2017-06-21T14:05:30+08:00 ] / | NOTIC: [8192] preg_replace(): The /e modifier is deprecated, use preg_replace_callback instead ThinkTemplate.class.php 第 406 行.
[ 2017-06-21T14:05:30+08:00 ] / | NOTIC: [8192] preg_replace(): The /e modifier is deprecated, use preg_replace_callback instead ThinkTemplate.class.php 第 406 行.
[ 2017-06-21T14:05:30+08:00 ] / | NOTIC: [8192] preg_replace(): The /e modifier is deprecated, use preg_replace_callback instead ThinkTemplate.class.php 第 402 行.
[ 2017-06-21T14:05:30+08:00 ] / | NOTIC: [8192] preg_replace(): The /e modifier is deprecated, use preg_replace_callback instead ThinkTemplate.class.php 第 402 行.
[ 2017-06-21T14:05:30+08:00 ] / | NOTIC: [8192] preg_replace(): The /e modifier is deprecated, use preg_replace_callback instead ThinkTemplate.class.php 第 406 行.
[ 2017-06-21T14:05:30+08:00 ] / | NOTIC: [8192] preg_replace(): The /e modifier is deprecated, use preg_replace_callback instead ThinkTemplate.class.php 第 406 行.
[ 2017-06-21T14:05:30+08:00 ] / | NOTIC: [8192] preg_replace(): The /e modifier is deprecated, use preg_replace_callback instead ThinkTemplate.class.php 第 406 行.
[ 2017-06-21T14:05:30+08:00 ] / | NOTIC: [8192] preg_replace(): The /e modifier is deprecated, use preg_replace_callback instead ThinkTemplate.class.php 第 402 行.
[ 2017-06-21T14:05:30+08:00 ] / | NOTIC: [8192] preg_replace(): The /e modifier is deprecated, use preg_replace_callback instead ThinkTemplate.class.php 第 406 行.
[ 2017-06-21T14:05:30+08:00 ] / | NOTIC: [8192] preg_replace(): The /e modifier is deprecated, use preg_replace_callback instead ThinkTemplate.class.php 第 406 行.
[ 2017-06-21T14:05:30+08:00 ] / | NOTIC: [8192] preg_replace(): The /e modifier is deprecated, use preg_replace_callback instead ThinkTemplate.class.php 第 406 行.
[ 2017-06-21T14:05:30+08:00 ] / | NOTIC: [8192] preg_replace(): The /e modifier is deprecated, use preg_replace_callback instead ThinkTemplate.class.php 第 406 行.
[ 2017-06-21T14:05:30+08:00 ] / | NOTIC: [8192] preg_replace(): The /e modifier is deprecated, use preg_replace_callback instead ThinkTemplate.class.php 第 406 行.
[ 2017-06-21T14:05:30+08:00 ] / | NOTIC: [8192] preg_replace(): The /e modifier is deprecated, use preg_replace_callback instead ThinkTemplate.class.php 第 406 行.
[ 2017-06-21T14:05:30+08:00 ] / | NOTIC: [8192] preg_replace(): The /e modifier is deprecated, use preg_replace_callback instead ThinkTemplate.class.php 第 406 行.
[ 2017-06-21T14:05:30+08:00 ] / | NOTIC: [8192] preg_replace(): The /e modifier is deprecated, use preg_replace_callback instead ThinkTemplate.class.php 第 406 行.
[ 2017-06-21T14:05:30+08:00 ] / | NOTIC: [8192] preg_replace(): The /e modifier is deprecated, use preg_replace_callback instead ThinkTemplate.class.php 第 406 行.
[ 2017-06-21T14:05:30+08:00 ] / | NOTIC: [8192] preg_replace(): The /e modifier is deprecated, use preg_replace_callback instead ThinkTemplate.class.php 第 406 行.
[ 2017-06-21T14:05:30+08:00 ] / | NOTIC: [8192] preg_replace(): The /e modifier is deprecated, use preg_replace_callback instead ThinkTemplate.class.php 第 406 行.
[ 2017-06-21T14:05:30+08:00 ] / | NOTIC: [8192] preg_replace(): The /e modifier is deprecated, use preg_replace_callback instead ThinkTemplate.class.php 第 406 行.
[ 2017-06-21T14:05:30+08:00 ] / | NOTIC: [8192] preg_replace(): The /e modifier is deprecated, use preg_replace_callback instead ThinkTemplate.class.php 第 406 行.
[ 2017-06-21T14:05:30+08:00 ] / | NOTIC: [8192] preg_replace(): The /e modifier is deprecated, use preg_replace_callback instead ThinkTemplate.class.php 第 406 行.
[ 2017-06-21T14:05:30+08:00 ] / | NOTIC: [8192] preg_replace(): The /e modifier is deprecated, use preg_replace_callback instead ThinkTemplate.class.php 第 406 行.
[ 2017-06-21T14:05:30+08:00 ] / | NOTIC: [8192] preg_replace(): The /e modifier is deprecated, use preg_replace_callback instead ThinkTemplate.class.php 第 406 行.
[ 2017-06-21T14:05:30+08:00 ] / | NOTIC: [8192] preg_replace(): The /e modifier is deprecated, use preg_replace_callback instead ThinkTemplate.class.php 第 406 行.
[ 2017-06-21T14:05:30+08:00 ] / | NOTIC: [8192] preg_replace(): The /e modifier is deprecated, use preg_replace_callback instead ThinkTemplate.class.php 第 406 行.
[ 2017-06-21T14:05:30+08:00 ] / | NOTIC: [8192] preg_replace(): The /e modifier is deprecated, use preg_replace_callback instead ThinkTemplate.class.php 第 406 行.
[ 2017-06-21T14:05:30+08:00 ] / | NOTIC: [8192] preg_replace(): The /e modifier is deprecated, use preg_replace_callback instead ThinkTemplate.class.php 第 406 行.
[ 2017-06-21T14:05:30+08:00 ] / | NOTIC: [8192] preg_replace(): The /e modifier is deprecated, use preg_replace_callback instead ThinkTemplate.class.php 第 406 行.
[ 2017-06-21T14:05:30+08:00 ] / | NOTIC: [8192] preg_replace(): The /e modifier is deprecated, use preg_replace_callback instead ThinkTemplate.class.php 第 406 行.
[ 2017-06-21T14:05:30+08:00 ] / | NOTIC: [8192] preg_replace(): The /e modifier is deprecated, use preg_replace_callback instead ThinkTemplate.class.php 第 406 行.
[ 2017-06-21T14:05:30+08:00 ] / | NOTIC: [8192] preg_replace(): The /e modifier is deprecated, use preg_replace_callback instead ThinkTemplate.class.php 第 406 行.
[ 2017-06-21T14:05:30+08:00 ] / | NOTIC: [8192] preg_replace(): The /e modifier is deprecated, use preg_replace_callback instead ThinkTemplate.class.php 第 406 行.
[ 2017-06-21T14:05:30+08:00 ] / | NOTIC: [8192] preg_replace(): The /e modifier is deprecated, use preg_replace_callback instead ThinkTemplate.class.php 第 406 行.
[ 2017-06-21T14:05:30+08:00 ] / | NOTIC: [8192] preg_replace(): The /e modifier is deprecated, use preg_replace_callback instead ThinkTemplate.class.php 第 406 行.
[ 2017-06-21T14:05:30+08:00 ] / | NOTIC: [8192] preg_replace(): The /e modifier is deprecated, use preg_replace_callback instead ThinkTemplate.class.php 第 406 行.
[ 2017-06-21T14:05:30+08:00 ] / | NOTIC: [8192] preg_replace(): The /e modifier is deprecated, use preg_replace_callback instead ThinkTemplate.class.php 第 406 行.
[ 2017-06-21T14:05:30+08:00 ] / | NOTIC: [8192] preg_replace(): The /e modifier is deprecated, use preg_replace_callback instead ThinkTemplate.class.php 第 406 行.
[ 2017-06-21T14:05:30+08:00 ] / | NOTIC: [8192] preg_replace(): The /e modifier is deprecated, use preg_replace_callback instead ThinkTemplate.class.php 第 406 行.
[ 2017-06-21T14:05:30+08:00 ] / | NOTIC: [8192] preg_replace(): The /e modifier is deprecated, use preg_replace_callback instead ThinkTemplate.class.php 第 406 行.
[ 2017-06-21T14:05:30+08:00 ] / | NOTIC: [8192] preg_replace(): The /e modifier is deprecated, use preg_replace_callback instead ThinkTemplate.class.php 第 406 行.
[ 2017-06-21T14:05:30+08:00 ] / | NOTIC: [8192] preg_replace(): The /e modifier is deprecated, use preg_replace_callback instead ThinkTemplate.class.php 第 406 行.
[ 2017-06-21T14:05:30+08:00 ] / | NOTIC: [8192] preg_replace(): The /e modifier is deprecated, use preg_replace_callback instead ThinkTemplate.class.php 第 406 行.
[ 2017-06-21T14:05:30+08:00 ] / | NOTIC: [8192] preg_replace(): The /e modifier is deprecated, use preg_replace_callback instead ThinkTemplate.class.php 第 406 行.
[ 2017-06-21T14:05:30+08:00 ] / | NOTIC: [8192] preg_replace(): The /e modifier is deprecated, use preg_replace_callback instead ThinkTemplate.class.php 第 406 行.
[ 2017-06-21T14:05:30+08:00 ] / | NOTIC: [8192] preg_replace(): The /e modifier is deprecated, use preg_replace_callback instead ThinkTemplate.class.php 第 406 行.
[ 2017-06-21T14:05:30+08:00 ] / | NOTIC: [8192] preg_replace(): The /e modifier is deprecated, use preg_replace_callback instead ThinkTemplate.class.php 第 406 行.
[ 2017-06-21T14:05:30+08:00 ] / | NOTIC: [8192] preg_replace(): The /e modifier is deprecated, use preg_replace_callback instead ThinkTemplate.class.php 第 406 行.
[ 2017-06-21T14:05:30+08:00 ] / | NOTIC: [8192] preg_replace(): The /e modifier is deprecated, use preg_replace_callback instead ThinkTemplate.class.php 第 406 行.
[ 2017-06-21T14:05:30+08:00 ] / | NOTIC: [8192] preg_replace(): The /e modifier is deprecated, use preg_replace_callback instead ThinkTemplate.class.php 第 406 行.
[ 2017-06-21T14:05:30+08:00 ] / | NOTIC: [8192] preg_replace(): The /e modifier is deprecated, use preg_replace_callback instead ThinkTemplate.class.php 第 406 行.
[ 2017-06-21T14:05:30+08:00 ] / | NOTIC: [8192] preg_replace(): The /e modifier is deprecated, use preg_replace_callback instead ThinkTemplate.class.php 第 406 行.
[ 2017-06-21T14:05:30+08:00 ] / | NOTIC: [8192] preg_replace(): The /e modifier is deprecated, use preg_replace_callback instead ThinkTemplate.class.php 第 406 行.
[ 2017-06-21T14:05:30+08:00 ] / | NOTIC: [8192] preg_replace(): The /e modifier is deprecated, use preg_replace_callback instead ThinkTemplate.class.php 第 406 行.
[ 2017-06-21T14:05:30+08:00 ] / | NOTIC: [8192] preg_replace(): The /e modifier is deprecated, use preg_replace_callback instead ThinkTemplate.class.php 第 406 行.
[ 2017-06-21T14:05:30+08:00 ] / | NOTIC: [8192] preg_replace(): The /e modifier is deprecated, use preg_replace_callback instead ThinkTemplate.class.php 第 406 行.
[ 2017-06-21T14:05:30+08:00 ] / | NOTIC: [8192] preg_replace(): The /e modifier is deprecated, use preg_replace_callback instead ThinkTemplate.class.php 第 406 行.
[ 2017-06-21T14:05:30+08:00 ] / | NOTIC: [8192] preg_replace(): The /e modifier is deprecated, use preg_replace_callback instead ThinkTemplate.class.php 第 406 行.
[ 2017-06-21T14:05:30+08:00 ] / | NOTIC: [8192] preg_replace(): The /e modifier is deprecated, use preg_replace_callback instead ThinkTemplate.class.php 第 406 行.
[ 2017-06-21T14:05:30+08:00 ] / | NOTIC: [8192] preg_replace(): The /e modifier is deprecated, use preg_replace_callback instead ThinkTemplate.class.php 第 406 行.
[ 2017-06-21T14:05:30+08:00 ] / | NOTIC: [8192] preg_replace(): The /e modifier is deprecated, use preg_replace_callback instead ThinkTemplate.class.php 第 406 行.
[ 2017-06-21T14:05:30+08:00 ] / | NOTIC: [8192] preg_replace(): The /e modifier is deprecated, use preg_replace_callback instead ThinkTemplate.class.php 第 406 行.
[ 2017-06-21T14:05:30+08:00 ] / | NOTIC: [8192] preg_replace(): The /e modifier is deprecated, use preg_replace_callback instead ThinkTemplate.class.php 第 406 行.
[ 2017-06-21T14:05:30+08:00 ] / | NOTIC: [8192] preg_replace(): The /e modifier is deprecated, use preg_replace_callback instead ThinkTemplate.class.php 第 406 行.
[ 2017-06-21T14:05:30+08:00 ] / | NOTIC: [8192] preg_replace(): The /e modifier is deprecated, use preg_replace_callback instead ThinkTemplate.class.php 第 406 行.
[ 2017-06-21T14:05:30+08:00 ] / | NOTIC: [8192] preg_replace(): The /e modifier is deprecated, use preg_replace_callback instead ThinkTemplate.class.php 第 406 行.
[ 2017-06-21T14:05:30+08:00 ] / | NOTIC: [8192] preg_replace(): The /e modifier is deprecated, use preg_replace_callback instead ThinkTemplate.class.php 第 406 行.
[ 2017-06-21T14:05:30+08:00 ] / | NOTIC: [8192] preg_replace(): The /e modifier is deprecated, use preg_replace_callback instead ThinkTemplate.class.php 第 406 行.
[ 2017-06-21T14:05:30+08:00 ] / | NOTIC: [8192] preg_replace(): The /e modifier is deprecated, use preg_replace_callback instead ThinkTemplate.class.php 第 406 行.
[ 2017-06-21T14:05:30+08:00 ] / | NOTIC: [8192] preg_replace(): The /e modifier is deprecated, use preg_replace_callback instead ThinkTemplate.class.php 第 406 行.
[ 2017-06-21T14:05:30+08:00 ] / | NOTIC: [8192] preg_replace(): The /e modifier is deprecated, use preg_replace_callback instead ThinkTemplate.class.php 第 406 行.
[ 2017-06-21T14:05:30+08:00 ] / | NOTIC: [8192] preg_replace(): The /e modifier is deprecated, use preg_replace_callback instead ThinkTemplate.class.php 第 406 行.
[ 2017-06-21T14:05:30+08:00 ] / | NOTIC: [8192] preg_replace(): The /e modifier is deprecated, use preg_replace_callback instead ThinkTemplate.class.php 第 406 行.
[ 2017-06-21T14:05:30+08:00 ] / | NOTIC: [8192] preg_replace(): The /e modifier is deprecated, use preg_replace_callback instead ThinkTemplate.class.php 第 406 行.
[ 2017-06-21T14:05:30+08:00 ] / | NOTIC: [8192] preg_replace(): The /e modifier is deprecated, use preg_replace_callback instead ThinkTemplate.class.php 第 402 行.
[ 2017-06-21T14:05:30+08:00 ] / | NOTIC: [8192] preg_replace(): The /e modifier is deprecated, use preg_replace_callback instead ThinkTemplate.class.php 第 402 行.
[ 2017-06-21T14:05:30+08:00 ] / | NOTIC: [8192] preg_replace(): The /e modifier is deprecated, use preg_replace_callback instead ThinkTemplate.class.php 第 402 行.
[ 2017-06-21T14:05:30+08:00 ] / | NOTIC: [8192] preg_replace(): The /e modifier is deprecated, use preg_replace_callback instead ThinkTemplate.class.php 第 402 行.
[ 2017-06-21T14:05:30+08:00 ] / | NOTIC: [8192] preg_replace(): The /e modifier is deprecated, use preg_replace_callback instead ThinkTemplate.class.php 第 402 行.
[ 2017-06-21T14:05:30+08:00 ] / | NOTIC: [8192] preg_replace(): The /e modifier is deprecated, use preg_replace_callback instead ThinkTemplate.class.php 第 402 行.
[ 2017-06-21T14:05:30+08:00 ] / | NOTIC: [8192] preg_replace(): The /e modifier is deprecated, use preg_replace_callback instead ThinkTemplate.class.php 第 406 行.
[ 2017-06-21T14:05:30+08:00 ] / | NOTIC: [8192] preg_replace(): The /e modifier is deprecated, use preg_replace_callback instead ThinkTemplate.class.php 第 406 行.
[ 2017-06-21T14:05:30+08:00 ] / | NOTIC: [8192] preg_replace(): The /e modifier is deprecated, use preg_replace_callback instead ThinkTemplate.class.php 第 406 行.
[ 2017-06-21T14:05:30+08:00 ] / | NOTIC: [8192] preg_replace(): The /e modifier is deprecated, use preg_replace_callback instead ThinkTemplate.class.php 第 220 行.
[ 2017-06-21T14:05:30+08:00 ] / | NOTIC: [8192] preg_replace(): The /e modifier is deprecated, use preg_replace_callback instead ThinkTemplate.class.php 第 154 行.
[ 2017-06-21T14:05:30+08:00 ] / | INFO: Run ParseTemplate Behavior [ RunTime:0.007849s ]
[ 2017-06-21T14:05:30+08:00 ] / | INFO: Tag[ view_parse ] --END-- [ RunTime:0.008003s ]
[ 2017-06-21T14:05:30+08:00 ] / | INFO: Tag[ view_filter ] --START--
[ 2017-06-21T14:05:30+08:00 ] / | INFO: Run ContentReplace Behavior [ RunTime:0.000648s ]
[ 2017-06-21T14:05:30+08:00 ] / | INFO: Run TokenBuild Behavior [ RunTime:0.000403s ]
[ 2017-06-21T14:05:30+08:00 ] / | INFO: Run WriteHtmlCache Behavior [ RunTime:0.000274s ]
[ 2017-06-21T14:05:30+08:00 ] / | INFO: Run ShowRuntime Behavior [ RunTime:0.000423s ]
[ 2017-06-21T14:05:30+08:00 ] / | INFO: Tag[ view_filter ] --END-- [ RunTime:0.001869s ]
[ 2017-06-21T14:05:30+08:00 ] / | INFO: Tag[ view_end ] --START--
[ 2017-06-21T14:05:30+08:00 ] / | INFO: Run ShowPageTrace Behavior [ RunTime:0.000478s ]
[ 2017-06-21T14:05:30+08:00 ] / | INFO: Tag[ view_end ] --END-- [ RunTime:0.000501s ]

[ 2017-06-21T14:05:30+08:00 ]  127.0.0.1 /favicon.ico | ERR: (ThinkException) 无法加载模块Favicon.ico
[ 2017-06-21T14:05:38+08:00 ]  127.0.0.1 /Index/realName | ERR: (ThinkException) 模板不存在[E:/project/newjieba1/www/Tpl/theme_2017/Index/realname.php]
[ 2017-06-21T14:05:38+08:00 ] 127.0.0.1 /Index/realName
[ 2017-06-21T14:05:38+08:00 ] /Index/realName | INFO: Tag[ route_check ] --START--
[ 2017-06-21T14:05:38+08:00 ] /Index/realName | INFO: Run CheckRoute Behavior [ RunTime:0.000512s ]
[ 2017-06-21T14:05:38+08:00 ] /Index/realName | INFO: Tag[ route_check ] --END-- [ RunTime:0.000567s ]
[ 2017-06-21T14:05:38+08:00 ] /Index/realName | NOTIC: [8192] preg_replace(): The /e modifier is deprecated, use preg_replace_callback instead Dispatcher.class.php 第 125 行.
[ 2017-06-21T14:05:38+08:00 ] /Index/realName | NOTIC: [8192] preg_replace(): The /e modifier is deprecated, use preg_replace_callback instead common.php 第 66 行.
[ 2017-06-21T14:05:38+08:00 ] /Index/realName | INFO: Tag[ app_begin ] --START--
[ 2017-06-21T14:05:38+08:00 ] /Index/realName | INFO: Run ReadHtmlCache Behavior [ RunTime:0.000290s ]
[ 2017-06-21T14:05:38+08:00 ] /Index/realName | INFO: Tag[ app_begin ] --END-- [ RunTime:0.000314s ]
[ 2017-06-21T14:05:38+08:00 ] /Index/realName | INFO: Tag[ view_template ] --START--
[ 2017-06-21T14:05:38+08:00 ] /Index/realName | NOTIC: [8] Undefined index: class ThinkException.class.php 第 79 行.
[ 2017-06-21T14:05:38+08:00 ] /Index/realName | NOTIC: [8] Undefined index: type ThinkException.class.php 第 79 行.
[ 2017-06-21T14:05:38+08:00 ] /Index/realName | NOTIC: [8] Undefined index: class ThinkException.class.php 第 79 行.
[ 2017-06-21T14:05:38+08:00 ] /Index/realName | NOTIC: [8] Undefined index: type ThinkException.class.php 第 79 行.
[ 2017-06-21T14:05:38+08:00 ] /Index/realName | NOTIC: [8] Undefined index: file ThinkException.class.php 第 78 行.
[ 2017-06-21T14:05:38+08:00 ] /Index/realName | NOTIC: [8] Undefined index: line ThinkException.class.php 第 78 行.
[ 2017-06-21T14:05:38+08:00 ] /Index/realName | NOTIC: [8] Undefined index: class ThinkException.class.php 第 79 行.
[ 2017-06-21T14:05:38+08:00 ] /Index/realName | NOTIC: [8] Undefined index: type ThinkException.class.php 第 79 行.
[ 2017-06-21T14:05:38+08:00 ] /Index/realName | NOTIC: [8] Array to string conversion ThinkException.class.php 第 80 行.
[ 2017-06-21T14:05:38+08:00 ] /Index/realName | NOTIC: [8] Undefined index: class ThinkException.class.php 第 79 行.
[ 2017-06-21T14:05:38+08:00 ] /Index/realName | NOTIC: [8] Undefined index: type ThinkException.class.php 第 79 行.
[ 2017-06-21T14:05:38+08:00 ] /Index/realName | NOTIC: [8] Undefined index: class ThinkException.class.php 第 79 行.
[ 2017-06-21T14:05:38+08:00 ] /Index/realName | NOTIC: [8] Undefined index: type ThinkException.class.php 第 79 行.

[ 2017-06-21T14:05:38+08:00 ]  127.0.0.1 /favicon.ico | ERR: (ThinkException) 无法加载模块Favicon.ico
[ 2017-06-21T14:06:17+08:00 ] 127.0.0.1 /Index/realname
[ 2017-06-21T14:06:17+08:00 ] /Index/realname | INFO: Tag[ route_check ] --START--
[ 2017-06-21T14:06:17+08:00 ] /Index/realname | INFO: Run CheckRoute Behavior [ RunTime:0.000489s ]
[ 2017-06-21T14:06:17+08:00 ] /Index/realname | INFO: Tag[ route_check ] --END-- [ RunTime:0.000545s ]
[ 2017-06-21T14:06:17+08:00 ] /Index/realname | NOTIC: [8192] preg_replace(): The /e modifier is deprecated, use preg_replace_callback instead Dispatcher.class.php 第 125 行.
[ 2017-06-21T14:06:17+08:00 ] /Index/realname | NOTIC: [8192] preg_replace(): The /e modifier is deprecated, use preg_replace_callback instead common.php 第 66 行.
[ 2017-06-21T14:06:17+08:00 ] /Index/realname | INFO: Tag[ app_begin ] --START--
[ 2017-06-21T14:06:17+08:00 ] /Index/realname | INFO: Run ReadHtmlCache Behavior [ RunTime:0.000292s ]
[ 2017-06-21T14:06:17+08:00 ] /Index/realname | INFO: Tag[ app_begin ] --END-- [ RunTime:0.000316s ]
[ 2017-06-21T14:06:17+08:00 ] /Index/realname | INFO: Tag[ view_template ] --START--
[ 2017-06-21T14:06:17+08:00 ] /Index/realname | INFO: Run LocationTemplate Behavior [ RunTime:0.000500s ]
[ 2017-06-21T14:06:17+08:00 ] /Index/realname | INFO: Tag[ view_template ] --END-- [ RunTime:0.000529s ]
[ 2017-06-21T14:06:17+08:00 ] /Index/realname | INFO: Tag[ view_parse ] --START--
[ 2017-06-21T14:06:17+08:00 ] /Index/realname | NOTIC: [8192] preg_replace(): The /e modifier is deprecated, use preg_replace_callback instead ThinkTemplate.class.php 第 154 行.
[ 2017-06-21T14:06:17+08:00 ] /Index/realname | INFO: Run ParseTemplate Behavior [ RunTime:0.002652s ]
[ 2017-06-21T14:06:17+08:00 ] /Index/realname | INFO: Tag[ view_parse ] --END-- [ RunTime:0.002678s ]
[ 2017-06-21T14:06:17+08:00 ] /Index/realname | INFO: Tag[ view_filter ] --START--
[ 2017-06-21T14:06:17+08:00 ] /Index/realname | INFO: Run ContentReplace Behavior [ RunTime:0.000339s ]
[ 2017-06-21T14:06:17+08:00 ] /Index/realname | INFO: Run TokenBuild Behavior [ RunTime:0.000345s ]
[ 2017-06-21T14:06:17+08:00 ] /Index/realname | INFO: Run WriteHtmlCache Behavior [ RunTime:0.000180s ]
[ 2017-06-21T14:06:17+08:00 ] /Index/realname | INFO: Run ShowRuntime Behavior [ RunTime:0.000250s ]
[ 2017-06-21T14:06:17+08:00 ] /Index/realname | INFO: Tag[ view_filter ] --END-- [ RunTime:0.001184s ]
[ 2017-06-21T14:06:17+08:00 ] /Index/realname | INFO: Tag[ view_end ] --START--
[ 2017-06-21T14:06:17+08:00 ] /Index/realname | INFO: Run ShowPageTrace Behavior [ RunTime:0.000255s ]
[ 2017-06-21T14:06:17+08:00 ] /Index/realname | INFO: Tag[ view_end ] --END-- [ RunTime:0.000279s ]

[ 2017-06-21T14:06:17+08:00 ]  127.0.0.1 /favicon.ico | ERR: (ThinkException) 无法加载模块Favicon.ico
[ 2017-06-21T14:06:22+08:00 ] 127.0.0.1 /Index/message
[ 2017-06-21T14:06:22+08:00 ] /Index/message | INFO: Tag[ route_check ] --START--
[ 2017-06-21T14:06:22+08:00 ] /Index/message | INFO: Run CheckRoute Behavior [ RunTime:0.000482s ]
[ 2017-06-21T14:06:22+08:00 ] /Index/message | INFO: Tag[ route_check ] --END-- [ RunTime:0.000537s ]
[ 2017-06-21T14:06:22+08:00 ] /Index/message | NOTIC: [8192] preg_replace(): The /e modifier is deprecated, use preg_replace_callback instead Dispatcher.class.php 第 125 行.
[ 2017-06-21T14:06:22+08:00 ] /Index/message | NOTIC: [8192] preg_replace(): The /e modifier is deprecated, use preg_replace_callback instead common.php 第 66 行.
[ 2017-06-21T14:06:22+08:00 ] /Index/message | INFO: Tag[ app_begin ] --START--
[ 2017-06-21T14:06:22+08:00 ] /Index/message | INFO: Run ReadHtmlCache Behavior [ RunTime:0.000297s ]
[ 2017-06-21T14:06:22+08:00 ] /Index/message | INFO: Tag[ app_begin ] --END-- [ RunTime:0.000320s ]
[ 2017-06-21T14:06:22+08:00 ] /Index/message | INFO: Tag[ view_template ] --START--
[ 2017-06-21T14:06:22+08:00 ] /Index/message | INFO: Run LocationTemplate Behavior [ RunTime:0.000502s ]
[ 2017-06-21T14:06:22+08:00 ] /Index/message | INFO: Tag[ view_template ] --END-- [ RunTime:0.000531s ]
[ 2017-06-21T14:06:22+08:00 ] /Index/message | INFO: Tag[ view_parse ] --START--
[ 2017-06-21T14:06:22+08:00 ] /Index/message | NOTIC: [8192] preg_replace(): The /e modifier is deprecated, use preg_replace_callback instead ThinkTemplate.class.php 第 154 行.
[ 2017-06-21T14:06:22+08:00 ] /Index/message | INFO: Run ParseTemplate Behavior [ RunTime:0.002703s ]
[ 2017-06-21T14:06:22+08:00 ] /Index/message | INFO: Tag[ view_parse ] --END-- [ RunTime:0.002731s ]
[ 2017-06-21T14:06:22+08:00 ] /Index/message | INFO: Tag[ view_filter ] --START--
[ 2017-06-21T14:06:22+08:00 ] /Index/message | INFO: Run ContentReplace Behavior [ RunTime:0.000351s ]
[ 2017-06-21T14:06:22+08:00 ] /Index/message | INFO: Run TokenBuild Behavior [ RunTime:0.000351s ]
[ 2017-06-21T14:06:22+08:00 ] /Index/message | INFO: Run WriteHtmlCache Behavior [ RunTime:0.000182s ]
[ 2017-06-21T14:06:22+08:00 ] /Index/message | INFO: Run ShowRuntime Behavior [ RunTime:0.000253s ]
[ 2017-06-21T14:06:22+08:00 ] /Index/message | INFO: Tag[ view_filter ] --END-- [ RunTime:0.001206s ]
[ 2017-06-21T14:06:22+08:00 ] /Index/message | INFO: Tag[ view_end ] --START--
[ 2017-06-21T14:06:22+08:00 ] /Index/message | INFO: Run ShowPageTrace Behavior [ RunTime:0.000253s ]
[ 2017-06-21T14:06:22+08:00 ] /Index/message | INFO: Tag[ view_end ] --END-- [ RunTime:0.000275s ]

[ 2017-06-21T14:06:22+08:00 ]  127.0.0.1 /favicon.ico | ERR: (ThinkException) 无法加载模块Favicon.ico
[ 2017-06-21T16:36:08+08:00 ]  127.0.0.1 /favicon.ico | ERR: (ThinkException) 无法加载模块Favicon.ico
