[ 2017-08-25T09:23:42+08:00 ] 127.0.0.1 /
[ 2017-08-25T09:23:42+08:00 ] / | NOTIC: [8192] preg_replace(): The /e modifier is deprecated, use preg_replace_callback instead common.php 第 66 行.
[ 2017-08-25T09:23:42+08:00 ] / | INFO: Tag[ app_begin ] --START--
[ 2017-08-25T09:23:42+08:00 ] / | INFO: Run ReadHtmlCache Behavior [ RunTime:0.001094s ]
[ 2017-08-25T09:23:42+08:00 ] / | INFO: Tag[ app_begin ] --END-- [ RunTime:0.001155s ]
[ 2017-08-25T09:23:42+08:00 ] / | NOTIC: [8] Undefined variable: system CommonAction.class.php 第 131 行.
[ 2017-08-25T09:23:42+08:00 ] / | NOTIC: [8] Undefined index: token CommonAction.class.php 第 65 行.
[ 2017-08-25T09:23:42+08:00 ] / | INFO: Tag[ view_template ] --START--
[ 2017-08-25T09:23:42+08:00 ] / | INFO: Run LocationTemplate Behavior [ RunTime:0.001260s ]
[ 2017-08-25T09:23:42+08:00 ] / | INFO: Tag[ view_template ] --END-- [ RunTime:0.001293s ]
[ 2017-08-25T09:23:42+08:00 ] / | INFO: Tag[ view_parse ] --START--
[ 2017-08-25T09:23:42+08:00 ] / | NOTIC: [8192] preg_replace(): The /e modifier is deprecated, use preg_replace_callback instead ThinkTemplate.class.php 第 186 行.
[ 2017-08-25T09:23:42+08:00 ] / | NOTIC: [8192] preg_replace(): The /e modifier is deprecated, use preg_replace_callback instead ThinkTemplate.class.php 第 406 行.
[ 2017-08-25T09:23:42+08:00 ] / | NOTIC: [8192] preg_replace(): The /e modifier is deprecated, use preg_replace_callback instead ThinkTemplate.class.php 第 406 行.
[ 2017-08-25T09:23:42+08:00 ] / | NOTIC: [8192] preg_replace(): The /e modifier is deprecated, use preg_replace_callback instead ThinkTemplate.class.php 第 406 行.
[ 2017-08-25T09:23:42+08:00 ] / | NOTIC: [8192] preg_replace(): The /e modifier is deprecated, use preg_replace_callback instead ThinkTemplate.class.php 第 406 行.
[ 2017-08-25T09:23:42+08:00 ] / | NOTIC: [8192] preg_replace(): The /e modifier is deprecated, use preg_replace_callback instead ThinkTemplate.class.php 第 406 行.
[ 2017-08-25T09:23:42+08:00 ] / | NOTIC: [8192] preg_replace(): The /e modifier is deprecated, use preg_replace_callback instead ThinkTemplate.class.php 第 406 行.
[ 2017-08-25T09:23:42+08:00 ] / | NOTIC: [8192] preg_replace(): The /e modifier is deprecated, use preg_replace_callback instead ThinkTemplate.class.php 第 406 行.
[ 2017-08-25T09:23:42+08:00 ] / | NOTIC: [8192] preg_replace(): The /e modifier is deprecated, use preg_replace_callback instead ThinkTemplate.class.php 第 406 行.
[ 2017-08-25T09:23:42+08:00 ] / | NOTIC: [8192] preg_replace(): The /e modifier is deprecated, use preg_replace_callback instead ThinkTemplate.class.php 第 406 行.
[ 2017-08-25T09:23:42+08:00 ] / | NOTIC: [8192] preg_replace(): The /e modifier is deprecated, use preg_replace_callback instead ThinkTemplate.class.php 第 402 行.
[ 2017-08-25T09:23:42+08:00 ] / | NOTIC: [8192] preg_replace(): The /e modifier is deprecated, use preg_replace_callback instead ThinkTemplate.class.php 第 402 行.
[ 2017-08-25T09:23:42+08:00 ] / | NOTIC: [8192] preg_replace(): The /e modifier is deprecated, use preg_replace_callback instead ThinkTemplate.class.php 第 406 行.
[ 2017-08-25T09:23:42+08:00 ] / | NOTIC: [8192] preg_replace(): The /e modifier is deprecated, use preg_replace_callback instead ThinkTemplate.class.php 第 406 行.
[ 2017-08-25T09:23:42+08:00 ] / | NOTIC: [8192] preg_replace(): The /e modifier is deprecated, use preg_replace_callback instead ThinkTemplate.class.php 第 406 行.
[ 2017-08-25T09:23:42+08:00 ] / | NOTIC: [8192] preg_replace(): The /e modifier is deprecated, use preg_replace_callback instead ThinkTemplate.class.php 第 402 行.
[ 2017-08-25T09:23:42+08:00 ] / | NOTIC: [8192] preg_replace(): The /e modifier is deprecated, use preg_replace_callback instead ThinkTemplate.class.php 第 406 行.
[ 2017-08-25T09:23:42+08:00 ] / | NOTIC: [8192] preg_replace(): The /e modifier is deprecated, use preg_replace_callback instead ThinkTemplate.class.php 第 406 行.
[ 2017-08-25T09:23:42+08:00 ] / | NOTIC: [8192] preg_replace(): The /e modifier is deprecated, use preg_replace_callback instead ThinkTemplate.class.php 第 406 行.
[ 2017-08-25T09:23:42+08:00 ] / | NOTIC: [8192] preg_replace(): The /e modifier is deprecated, use preg_replace_callback instead ThinkTemplate.class.php 第 406 行.
[ 2017-08-25T09:23:42+08:00 ] / | NOTIC: [8192] preg_replace(): The /e modifier is deprecated, use preg_replace_callback instead ThinkTemplate.class.php 第 406 行.
[ 2017-08-25T09:23:42+08:00 ] / | NOTIC: [8192] preg_replace(): The /e modifier is deprecated, use preg_replace_callback instead ThinkTemplate.class.php 第 406 行.
[ 2017-08-25T09:23:42+08:00 ] / | NOTIC: [8192] preg_replace(): The /e modifier is deprecated, use preg_replace_callback instead ThinkTemplate.class.php 第 406 行.
[ 2017-08-25T09:23:42+08:00 ] / | NOTIC: [8192] preg_replace(): The /e modifier is deprecated, use preg_replace_callback instead ThinkTemplate.class.php 第 406 行.
[ 2017-08-25T09:23:42+08:00 ] / | NOTIC: [8192] preg_replace(): The /e modifier is deprecated, use preg_replace_callback instead ThinkTemplate.class.php 第 406 行.
[ 2017-08-25T09:23:42+08:00 ] / | NOTIC: [8192] preg_replace(): The /e modifier is deprecated, use preg_replace_callback instead ThinkTemplate.class.php 第 406 行.
[ 2017-08-25T09:23:42+08:00 ] / | NOTIC: [8192] preg_replace(): The /e modifier is deprecated, use preg_replace_callback instead ThinkTemplate.class.php 第 406 行.
[ 2017-08-25T09:23:42+08:00 ] / | NOTIC: [8192] preg_replace(): The /e modifier is deprecated, use preg_replace_callback instead ThinkTemplate.class.php 第 406 行.
[ 2017-08-25T09:23:42+08:00 ] / | NOTIC: [8192] preg_replace(): The /e modifier is deprecated, use preg_replace_callback instead ThinkTemplate.class.php 第 406 行.
[ 2017-08-25T09:23:42+08:00 ] / | NOTIC: [8192] preg_replace(): The /e modifier is deprecated, use preg_replace_callback instead ThinkTemplate.class.php 第 406 行.
[ 2017-08-25T09:23:42+08:00 ] / | NOTIC: [8192] preg_replace(): The /e modifier is deprecated, use preg_replace_callback instead ThinkTemplate.class.php 第 406 行.
[ 2017-08-25T09:23:42+08:00 ] / | NOTIC: [8192] preg_replace(): The /e modifier is deprecated, use preg_replace_callback instead ThinkTemplate.class.php 第 406 行.
[ 2017-08-25T09:23:42+08:00 ] / | NOTIC: [8192] preg_replace(): The /e modifier is deprecated, use preg_replace_callback instead ThinkTemplate.class.php 第 406 行.
[ 2017-08-25T09:23:42+08:00 ] / | NOTIC: [8192] preg_replace(): The /e modifier is deprecated, use preg_replace_callback instead ThinkTemplate.class.php 第 406 行.
[ 2017-08-25T09:23:42+08:00 ] / | NOTIC: [8192] preg_replace(): The /e modifier is deprecated, use preg_replace_callback instead ThinkTemplate.class.php 第 406 行.
[ 2017-08-25T09:23:42+08:00 ] / | NOTIC: [8192] preg_replace(): The /e modifier is deprecated, use preg_replace_callback instead ThinkTemplate.class.php 第 406 行.
[ 2017-08-25T09:23:42+08:00 ] / | NOTIC: [8192] preg_replace(): The /e modifier is deprecated, use preg_replace_callback instead ThinkTemplate.class.php 第 406 行.
[ 2017-08-25T09:23:42+08:00 ] / | NOTIC: [8192] preg_replace(): The /e modifier is deprecated, use preg_replace_callback instead ThinkTemplate.class.php 第 406 行.
[ 2017-08-25T09:23:42+08:00 ] / | NOTIC: [8192] preg_replace(): The /e modifier is deprecated, use preg_replace_callback instead ThinkTemplate.class.php 第 406 行.
[ 2017-08-25T09:23:42+08:00 ] / | NOTIC: [8192] preg_replace(): The /e modifier is deprecated, use preg_replace_callback instead ThinkTemplate.class.php 第 406 行.
[ 2017-08-25T09:23:42+08:00 ] / | NOTIC: [8192] preg_replace(): The /e modifier is deprecated, use preg_replace_callback instead ThinkTemplate.class.php 第 406 行.
[ 2017-08-25T09:23:42+08:00 ] / | NOTIC: [8192] preg_replace(): The /e modifier is deprecated, use preg_replace_callback instead ThinkTemplate.class.php 第 406 行.
[ 2017-08-25T09:23:42+08:00 ] / | NOTIC: [8192] preg_replace(): The /e modifier is deprecated, use preg_replace_callback instead ThinkTemplate.class.php 第 406 行.
[ 2017-08-25T09:23:42+08:00 ] / | NOTIC: [8192] preg_replace(): The /e modifier is deprecated, use preg_replace_callback instead ThinkTemplate.class.php 第 406 行.
[ 2017-08-25T09:23:42+08:00 ] / | NOTIC: [8192] preg_replace(): The /e modifier is deprecated, use preg_replace_callback instead ThinkTemplate.class.php 第 406 行.
[ 2017-08-25T09:23:42+08:00 ] / | NOTIC: [8192] preg_replace(): The /e modifier is deprecated, use preg_replace_callback instead ThinkTemplate.class.php 第 406 行.
[ 2017-08-25T09:23:42+08:00 ] / | NOTIC: [8192] preg_replace(): The /e modifier is deprecated, use preg_replace_callback instead ThinkTemplate.class.php 第 406 行.
[ 2017-08-25T09:23:42+08:00 ] / | NOTIC: [8192] preg_replace(): The /e modifier is deprecated, use preg_replace_callback instead ThinkTemplate.class.php 第 406 行.
[ 2017-08-25T09:23:42+08:00 ] / | NOTIC: [8192] preg_replace(): The /e modifier is deprecated, use preg_replace_callback instead ThinkTemplate.class.php 第 406 行.
[ 2017-08-25T09:23:42+08:00 ] / | NOTIC: [8192] preg_replace(): The /e modifier is deprecated, use preg_replace_callback instead ThinkTemplate.class.php 第 406 行.
[ 2017-08-25T09:23:42+08:00 ] / | NOTIC: [8192] preg_replace(): The /e modifier is deprecated, use preg_replace_callback instead ThinkTemplate.class.php 第 406 行.
[ 2017-08-25T09:23:42+08:00 ] / | NOTIC: [8192] preg_replace(): The /e modifier is deprecated, use preg_replace_callback instead ThinkTemplate.class.php 第 406 行.
[ 2017-08-25T09:23:42+08:00 ] / | NOTIC: [8192] preg_replace(): The /e modifier is deprecated, use preg_replace_callback instead ThinkTemplate.class.php 第 406 行.
[ 2017-08-25T09:23:42+08:00 ] / | NOTIC: [8192] preg_replace(): The /e modifier is deprecated, use preg_replace_callback instead ThinkTemplate.class.php 第 406 行.
[ 2017-08-25T09:23:42+08:00 ] / | NOTIC: [8192] preg_replace(): The /e modifier is deprecated, use preg_replace_callback instead ThinkTemplate.class.php 第 406 行.
[ 2017-08-25T09:23:42+08:00 ] / | NOTIC: [8192] preg_replace(): The /e modifier is deprecated, use preg_replace_callback instead ThinkTemplate.class.php 第 406 行.
[ 2017-08-25T09:23:42+08:00 ] / | NOTIC: [8192] preg_replace(): The /e modifier is deprecated, use preg_replace_callback instead ThinkTemplate.class.php 第 406 行.
[ 2017-08-25T09:23:42+08:00 ] / | NOTIC: [8192] preg_replace(): The /e modifier is deprecated, use preg_replace_callback instead ThinkTemplate.class.php 第 406 行.
[ 2017-08-25T09:23:42+08:00 ] / | NOTIC: [8192] preg_replace(): The /e modifier is deprecated, use preg_replace_callback instead ThinkTemplate.class.php 第 406 行.
[ 2017-08-25T09:23:42+08:00 ] / | NOTIC: [8192] preg_replace(): The /e modifier is deprecated, use preg_replace_callback instead ThinkTemplate.class.php 第 406 行.
[ 2017-08-25T09:23:42+08:00 ] / | NOTIC: [8192] preg_replace(): The /e modifier is deprecated, use preg_replace_callback instead ThinkTemplate.class.php 第 406 行.
[ 2017-08-25T09:23:42+08:00 ] / | NOTIC: [8192] preg_replace(): The /e modifier is deprecated, use preg_replace_callback instead ThinkTemplate.class.php 第 406 行.
[ 2017-08-25T09:23:42+08:00 ] / | NOTIC: [8192] preg_replace(): The /e modifier is deprecated, use preg_replace_callback instead ThinkTemplate.class.php 第 406 行.
[ 2017-08-25T09:23:42+08:00 ] / | NOTIC: [8192] preg_replace(): The /e modifier is deprecated, use preg_replace_callback instead ThinkTemplate.class.php 第 406 行.
[ 2017-08-25T09:23:42+08:00 ] / | NOTIC: [8192] preg_replace(): The /e modifier is deprecated, use preg_replace_callback instead ThinkTemplate.class.php 第 406 行.
[ 2017-08-25T09:23:42+08:00 ] / | NOTIC: [8192] preg_replace(): The /e modifier is deprecated, use preg_replace_callback instead ThinkTemplate.class.php 第 406 行.
[ 2017-08-25T09:23:42+08:00 ] / | NOTIC: [8192] preg_replace(): The /e modifier is deprecated, use preg_replace_callback instead ThinkTemplate.class.php 第 406 行.
[ 2017-08-25T09:23:42+08:00 ] / | NOTIC: [8192] preg_replace(): The /e modifier is deprecated, use preg_replace_callback instead ThinkTemplate.class.php 第 406 行.
[ 2017-08-25T09:23:42+08:00 ] / | NOTIC: [8192] preg_replace(): The /e modifier is deprecated, use preg_replace_callback instead ThinkTemplate.class.php 第 406 行.
[ 2017-08-25T09:23:42+08:00 ] / | NOTIC: [8192] preg_replace(): The /e modifier is deprecated, use preg_replace_callback instead ThinkTemplate.class.php 第 406 行.
[ 2017-08-25T09:23:42+08:00 ] / | NOTIC: [8192] preg_replace(): The /e modifier is deprecated, use preg_replace_callback instead ThinkTemplate.class.php 第 406 行.
[ 2017-08-25T09:23:42+08:00 ] / | NOTIC: [8192] preg_replace(): The /e modifier is deprecated, use preg_replace_callback instead ThinkTemplate.class.php 第 406 行.
[ 2017-08-25T09:23:42+08:00 ] / | NOTIC: [8192] preg_replace(): The /e modifier is deprecated, use preg_replace_callback instead ThinkTemplate.class.php 第 406 行.
[ 2017-08-25T09:23:42+08:00 ] / | NOTIC: [8192] preg_replace(): The /e modifier is deprecated, use preg_replace_callback instead ThinkTemplate.class.php 第 406 行.
[ 2017-08-25T09:23:42+08:00 ] / | NOTIC: [8192] preg_replace(): The /e modifier is deprecated, use preg_replace_callback instead ThinkTemplate.class.php 第 406 行.
[ 2017-08-25T09:23:42+08:00 ] / | NOTIC: [8192] preg_replace(): The /e modifier is deprecated, use preg_replace_callback instead ThinkTemplate.class.php 第 406 行.
[ 2017-08-25T09:23:42+08:00 ] / | NOTIC: [8192] preg_replace(): The /e modifier is deprecated, use preg_replace_callback instead ThinkTemplate.class.php 第 406 行.
[ 2017-08-25T09:23:42+08:00 ] / | NOTIC: [8192] preg_replace(): The /e modifier is deprecated, use preg_replace_callback instead ThinkTemplate.class.php 第 406 行.
[ 2017-08-25T09:23:42+08:00 ] / | NOTIC: [8192] preg_replace(): The /e modifier is deprecated, use preg_replace_callback instead ThinkTemplate.class.php 第 406 行.
[ 2017-08-25T09:23:42+08:00 ] / | NOTIC: [8192] preg_replace(): The /e modifier is deprecated, use preg_replace_callback instead ThinkTemplate.class.php 第 406 行.
[ 2017-08-25T09:23:42+08:00 ] / | NOTIC: [8192] preg_replace(): The /e modifier is deprecated, use preg_replace_callback instead ThinkTemplate.class.php 第 406 行.
[ 2017-08-25T09:23:42+08:00 ] / | NOTIC: [8192] preg_replace(): The /e modifier is deprecated, use preg_replace_callback instead ThinkTemplate.class.php 第 406 行.
[ 2017-08-25T09:23:42+08:00 ] / | NOTIC: [8192] preg_replace(): The /e modifier is deprecated, use preg_replace_callback instead ThinkTemplate.class.php 第 402 行.
[ 2017-08-25T09:23:42+08:00 ] / | NOTIC: [8192] preg_replace(): The /e modifier is deprecated, use preg_replace_callback instead ThinkTemplate.class.php 第 402 行.
[ 2017-08-25T09:23:42+08:00 ] / | NOTIC: [8192] preg_replace(): The /e modifier is deprecated, use preg_replace_callback instead ThinkTemplate.class.php 第 402 行.
[ 2017-08-25T09:23:42+08:00 ] / | NOTIC: [8192] preg_replace(): The /e modifier is deprecated, use preg_replace_callback instead ThinkTemplate.class.php 第 402 行.
[ 2017-08-25T09:23:42+08:00 ] / | NOTIC: [8192] preg_replace(): The /e modifier is deprecated, use preg_replace_callback instead ThinkTemplate.class.php 第 402 行.
[ 2017-08-25T09:23:42+08:00 ] / | NOTIC: [8192] preg_replace(): The /e modifier is deprecated, use preg_replace_callback instead ThinkTemplate.class.php 第 402 行.
[ 2017-08-25T09:23:42+08:00 ] / | NOTIC: [8192] preg_replace(): The /e modifier is deprecated, use preg_replace_callback instead ThinkTemplate.class.php 第 406 行.
[ 2017-08-25T09:23:42+08:00 ] / | NOTIC: [8192] preg_replace(): The /e modifier is deprecated, use preg_replace_callback instead ThinkTemplate.class.php 第 406 行.
[ 2017-08-25T09:23:42+08:00 ] / | NOTIC: [8192] preg_replace(): The /e modifier is deprecated, use preg_replace_callback instead ThinkTemplate.class.php 第 406 行.
[ 2017-08-25T09:23:42+08:00 ] / | NOTIC: [8192] preg_replace(): The /e modifier is deprecated, use preg_replace_callback instead ThinkTemplate.class.php 第 220 行.
[ 2017-08-25T09:23:42+08:00 ] / | NOTIC: [8192] preg_replace(): The /e modifier is deprecated, use preg_replace_callback instead ThinkTemplate.class.php 第 154 行.
[ 2017-08-25T09:23:42+08:00 ] / | INFO: Run ParseTemplate Behavior [ RunTime:0.013593s ]
[ 2017-08-25T09:23:42+08:00 ] / | INFO: Tag[ view_parse ] --END-- [ RunTime:0.013629s ]
[ 2017-08-25T09:23:42+08:00 ] / | INFO: Tag[ view_filter ] --START--
[ 2017-08-25T09:23:42+08:00 ] / | INFO: Run ContentReplace Behavior [ RunTime:0.000705s ]
[ 2017-08-25T09:23:42+08:00 ] / | INFO: Run TokenBuild Behavior [ RunTime:0.000752s ]
[ 2017-08-25T09:23:42+08:00 ] / | INFO: Run WriteHtmlCache Behavior [ RunTime:0.000555s ]
[ 2017-08-25T09:23:42+08:00 ] / | INFO: Run ShowRuntime Behavior [ RunTime:0.000705s ]
[ 2017-08-25T09:23:42+08:00 ] / | INFO: Tag[ view_filter ] --END-- [ RunTime:0.002805s ]
[ 2017-08-25T09:23:42+08:00 ] / | INFO: Tag[ view_end ] --START--
[ 2017-08-25T09:23:42+08:00 ] / | INFO: Run ShowPageTrace Behavior [ RunTime:0.000582s ]
[ 2017-08-25T09:23:42+08:00 ] / | INFO: Tag[ view_end ] --END-- [ RunTime:0.000609s ]

[ 2017-08-25T09:23:42+08:00 ]  127.0.0.1 /favicon.ico | ERR: (ThinkException) 无法加载模块Favicon.ico
[ 2017-08-25T09:23:42+08:00 ] 127.0.0.1 /Member/Login?redirecturl=%2FIndex%2Findex
[ 2017-08-25T09:23:42+08:00 ] /Member/Login?redirecturl=%2FIndex%2Findex | INFO: Tag[ route_check ] --START--
[ 2017-08-25T09:23:42+08:00 ] /Member/Login?redirecturl=%2FIndex%2Findex | INFO: Run CheckRoute Behavior [ RunTime:0.000361s ]
[ 2017-08-25T09:23:42+08:00 ] /Member/Login?redirecturl=%2FIndex%2Findex | INFO: Tag[ route_check ] --END-- [ RunTime:0.000410s ]
[ 2017-08-25T09:23:42+08:00 ] /Member/Login?redirecturl=%2FIndex%2Findex | NOTIC: [8192] preg_replace(): The /e modifier is deprecated, use preg_replace_callback instead Dispatcher.class.php 第 125 行.
[ 2017-08-25T09:23:42+08:00 ] /Member/Login?redirecturl=%2FIndex%2Findex | NOTIC: [8192] preg_replace(): The /e modifier is deprecated, use preg_replace_callback instead common.php 第 66 行.
[ 2017-08-25T09:23:42+08:00 ] /Member/Login?redirecturl=%2FIndex%2Findex | INFO: Tag[ app_begin ] --START--
[ 2017-08-25T09:23:42+08:00 ] /Member/Login?redirecturl=%2FIndex%2Findex | INFO: Run ReadHtmlCache Behavior [ RunTime:0.000287s ]
[ 2017-08-25T09:23:42+08:00 ] /Member/Login?redirecturl=%2FIndex%2Findex | INFO: Tag[ app_begin ] --END-- [ RunTime:0.000312s ]
[ 2017-08-25T09:23:42+08:00 ] /Member/Login?redirecturl=%2FIndex%2Findex | NOTIC: [8] Undefined variable: system CommonAction.class.php 第 131 行.
[ 2017-08-25T09:23:42+08:00 ] /Member/Login?redirecturl=%2FIndex%2Findex | NOTIC: [8] Undefined index: token CommonAction.class.php 第 65 行.
[ 2017-08-25T09:23:42+08:00 ] /Member/Login?redirecturl=%2FIndex%2Findex | NOTIC: [8] Undefined index: token CommonAction.class.php 第 65 行.
[ 2017-08-25T09:23:42+08:00 ] /Member/Login?redirecturl=%2FIndex%2Findex | INFO: Tag[ view_template ] --START--
[ 2017-08-25T09:23:42+08:00 ] /Member/Login?redirecturl=%2FIndex%2Findex | INFO: Run LocationTemplate Behavior [ RunTime:0.001459s ]
[ 2017-08-25T09:23:42+08:00 ] /Member/Login?redirecturl=%2FIndex%2Findex | INFO: Tag[ view_template ] --END-- [ RunTime:0.001537s ]
[ 2017-08-25T09:23:42+08:00 ] /Member/Login?redirecturl=%2FIndex%2Findex | INFO: Tag[ view_parse ] --START--
[ 2017-08-25T09:23:42+08:00 ] /Member/Login?redirecturl=%2FIndex%2Findex | NOTIC: [8192] preg_replace(): The /e modifier is deprecated, use preg_replace_callback instead ThinkTemplate.class.php 第 186 行.
[ 2017-08-25T09:23:42+08:00 ] /Member/Login?redirecturl=%2FIndex%2Findex | NOTIC: [8192] preg_replace(): The /e modifier is deprecated, use preg_replace_callback instead ThinkTemplate.class.php 第 406 行.
[ 2017-08-25T09:23:42+08:00 ] /Member/Login?redirecturl=%2FIndex%2Findex | NOTIC: [8192] preg_replace(): The /e modifier is deprecated, use preg_replace_callback instead ThinkTemplate.class.php 第 406 行.
[ 2017-08-25T09:23:42+08:00 ] /Member/Login?redirecturl=%2FIndex%2Findex | NOTIC: [8192] preg_replace(): The /e modifier is deprecated, use preg_replace_callback instead ThinkTemplate.class.php 第 406 行.
[ 2017-08-25T09:23:42+08:00 ] /Member/Login?redirecturl=%2FIndex%2Findex | NOTIC: [8192] preg_replace(): The /e modifier is deprecated, use preg_replace_callback instead ThinkTemplate.class.php 第 406 行.
[ 2017-08-25T09:23:42+08:00 ] /Member/Login?redirecturl=%2FIndex%2Findex | NOTIC: [8192] preg_replace(): The /e modifier is deprecated, use preg_replace_callback instead ThinkTemplate.class.php 第 406 行.
[ 2017-08-25T09:23:42+08:00 ] /Member/Login?redirecturl=%2FIndex%2Findex | NOTIC: [8192] preg_replace(): The /e modifier is deprecated, use preg_replace_callback instead ThinkTemplate.class.php 第 406 行.
[ 2017-08-25T09:23:42+08:00 ] /Member/Login?redirecturl=%2FIndex%2Findex | NOTIC: [8192] preg_replace(): The /e modifier is deprecated, use preg_replace_callback instead ThinkTemplate.class.php 第 406 行.
[ 2017-08-25T09:23:42+08:00 ] /Member/Login?redirecturl=%2FIndex%2Findex | NOTIC: [8192] preg_replace(): The /e modifier is deprecated, use preg_replace_callback instead ThinkTemplate.class.php 第 406 行.
[ 2017-08-25T09:23:42+08:00 ] /Member/Login?redirecturl=%2FIndex%2Findex | NOTIC: [8192] preg_replace(): The /e modifier is deprecated, use preg_replace_callback instead ThinkTemplate.class.php 第 406 行.
[ 2017-08-25T09:23:42+08:00 ] /Member/Login?redirecturl=%2FIndex%2Findex | NOTIC: [8192] preg_replace(): The /e modifier is deprecated, use preg_replace_callback instead ThinkTemplate.class.php 第 402 行.
[ 2017-08-25T09:23:42+08:00 ] /Member/Login?redirecturl=%2FIndex%2Findex | NOTIC: [8192] preg_replace(): The /e modifier is deprecated, use preg_replace_callback instead ThinkTemplate.class.php 第 402 行.
[ 2017-08-25T09:23:42+08:00 ] /Member/Login?redirecturl=%2FIndex%2Findex | NOTIC: [8192] preg_replace(): The /e modifier is deprecated, use preg_replace_callback instead ThinkTemplate.class.php 第 406 行.
[ 2017-08-25T09:23:42+08:00 ] /Member/Login?redirecturl=%2FIndex%2Findex | NOTIC: [8192] preg_replace(): The /e modifier is deprecated, use preg_replace_callback instead ThinkTemplate.class.php 第 406 行.
[ 2017-08-25T09:23:42+08:00 ] /Member/Login?redirecturl=%2FIndex%2Findex | NOTIC: [8192] preg_replace(): The /e modifier is deprecated, use preg_replace_callback instead ThinkTemplate.class.php 第 406 行.
[ 2017-08-25T09:23:42+08:00 ] /Member/Login?redirecturl=%2FIndex%2Findex | NOTIC: [8192] preg_replace(): The /e modifier is deprecated, use preg_replace_callback instead ThinkTemplate.class.php 第 402 行.
[ 2017-08-25T09:23:42+08:00 ] /Member/Login?redirecturl=%2FIndex%2Findex | NOTIC: [8192] preg_replace(): The /e modifier is deprecated, use preg_replace_callback instead ThinkTemplate.class.php 第 406 行.
[ 2017-08-25T09:23:42+08:00 ] /Member/Login?redirecturl=%2FIndex%2Findex | NOTIC: [8192] preg_replace(): The /e modifier is deprecated, use preg_replace_callback instead ThinkTemplate.class.php 第 406 行.
[ 2017-08-25T09:23:42+08:00 ] /Member/Login?redirecturl=%2FIndex%2Findex | NOTIC: [8192] preg_replace(): The /e modifier is deprecated, use preg_replace_callback instead ThinkTemplate.class.php 第 406 行.
[ 2017-08-25T09:23:42+08:00 ] /Member/Login?redirecturl=%2FIndex%2Findex | NOTIC: [8192] preg_replace(): The /e modifier is deprecated, use preg_replace_callback instead ThinkTemplate.class.php 第 406 行.
[ 2017-08-25T09:23:42+08:00 ] /Member/Login?redirecturl=%2FIndex%2Findex | NOTIC: [8192] preg_replace(): The /e modifier is deprecated, use preg_replace_callback instead ThinkTemplate.class.php 第 406 行.
[ 2017-08-25T09:23:42+08:00 ] /Member/Login?redirecturl=%2FIndex%2Findex | NOTIC: [8192] preg_replace(): The /e modifier is deprecated, use preg_replace_callback instead ThinkTemplate.class.php 第 406 行.
[ 2017-08-25T09:23:42+08:00 ] /Member/Login?redirecturl=%2FIndex%2Findex | NOTIC: [8192] preg_replace(): The /e modifier is deprecated, use preg_replace_callback instead ThinkTemplate.class.php 第 406 行.
[ 2017-08-25T09:23:42+08:00 ] /Member/Login?redirecturl=%2FIndex%2Findex | NOTIC: [8192] preg_replace(): The /e modifier is deprecated, use preg_replace_callback instead ThinkTemplate.class.php 第 406 行.
[ 2017-08-25T09:23:42+08:00 ] /Member/Login?redirecturl=%2FIndex%2Findex | NOTIC: [8192] preg_replace(): The /e modifier is deprecated, use preg_replace_callback instead ThinkTemplate.class.php 第 406 行.
[ 2017-08-25T09:23:42+08:00 ] /Member/Login?redirecturl=%2FIndex%2Findex | NOTIC: [8192] preg_replace(): The /e modifier is deprecated, use preg_replace_callback instead ThinkTemplate.class.php 第 406 行.
[ 2017-08-25T09:23:42+08:00 ] /Member/Login?redirecturl=%2FIndex%2Findex | NOTIC: [8192] preg_replace(): The /e modifier is deprecated, use preg_replace_callback instead ThinkTemplate.class.php 第 406 行.
[ 2017-08-25T09:23:42+08:00 ] /Member/Login?redirecturl=%2FIndex%2Findex | NOTIC: [8192] preg_replace(): The /e modifier is deprecated, use preg_replace_callback instead ThinkTemplate.class.php 第 406 行.
[ 2017-08-25T09:23:42+08:00 ] /Member/Login?redirecturl=%2FIndex%2Findex | NOTIC: [8192] preg_replace(): The /e modifier is deprecated, use preg_replace_callback instead ThinkTemplate.class.php 第 406 行.
[ 2017-08-25T09:23:42+08:00 ] /Member/Login?redirecturl=%2FIndex%2Findex | NOTIC: [8192] preg_replace(): The /e modifier is deprecated, use preg_replace_callback instead ThinkTemplate.class.php 第 406 行.
[ 2017-08-25T09:23:42+08:00 ] /Member/Login?redirecturl=%2FIndex%2Findex | NOTIC: [8192] preg_replace(): The /e modifier is deprecated, use preg_replace_callback instead ThinkTemplate.class.php 第 406 行.
[ 2017-08-25T09:23:42+08:00 ] /Member/Login?redirecturl=%2FIndex%2Findex | NOTIC: [8192] preg_replace(): The /e modifier is deprecated, use preg_replace_callback instead ThinkTemplate.class.php 第 406 行.
[ 2017-08-25T09:23:42+08:00 ] /Member/Login?redirecturl=%2FIndex%2Findex | NOTIC: [8192] preg_replace(): The /e modifier is deprecated, use preg_replace_callback instead ThinkTemplate.class.php 第 406 行.
[ 2017-08-25T09:23:42+08:00 ] /Member/Login?redirecturl=%2FIndex%2Findex | NOTIC: [8192] preg_replace(): The /e modifier is deprecated, use preg_replace_callback instead ThinkTemplate.class.php 第 406 行.
[ 2017-08-25T09:23:42+08:00 ] /Member/Login?redirecturl=%2FIndex%2Findex | NOTIC: [8192] preg_replace(): The /e modifier is deprecated, use preg_replace_callback instead ThinkTemplate.class.php 第 406 行.
[ 2017-08-25T09:23:42+08:00 ] /Member/Login?redirecturl=%2FIndex%2Findex | NOTIC: [8192] preg_replace(): The /e modifier is deprecated, use preg_replace_callback instead ThinkTemplate.class.php 第 406 行.
[ 2017-08-25T09:23:42+08:00 ] /Member/Login?redirecturl=%2FIndex%2Findex | NOTIC: [8192] preg_replace(): The /e modifier is deprecated, use preg_replace_callback instead ThinkTemplate.class.php 第 406 行.
[ 2017-08-25T09:23:42+08:00 ] /Member/Login?redirecturl=%2FIndex%2Findex | NOTIC: [8192] preg_replace(): The /e modifier is deprecated, use preg_replace_callback instead ThinkTemplate.class.php 第 406 行.
[ 2017-08-25T09:23:42+08:00 ] /Member/Login?redirecturl=%2FIndex%2Findex | NOTIC: [8192] preg_replace(): The /e modifier is deprecated, use preg_replace_callback instead ThinkTemplate.class.php 第 406 行.
[ 2017-08-25T09:23:42+08:00 ] /Member/Login?redirecturl=%2FIndex%2Findex | NOTIC: [8192] preg_replace(): The /e modifier is deprecated, use preg_replace_callback instead ThinkTemplate.class.php 第 406 行.
[ 2017-08-25T09:23:42+08:00 ] /Member/Login?redirecturl=%2FIndex%2Findex | NOTIC: [8192] preg_replace(): The /e modifier is deprecated, use preg_replace_callback instead ThinkTemplate.class.php 第 406 行.
[ 2017-08-25T09:23:42+08:00 ] /Member/Login?redirecturl=%2FIndex%2Findex | NOTIC: [8192] preg_replace(): The /e modifier is deprecated, use preg_replace_callback instead ThinkTemplate.class.php 第 406 行.
[ 2017-08-25T09:23:42+08:00 ] /Member/Login?redirecturl=%2FIndex%2Findex | NOTIC: [8192] preg_replace(): The /e modifier is deprecated, use preg_replace_callback instead ThinkTemplate.class.php 第 406 行.
[ 2017-08-25T09:23:42+08:00 ] /Member/Login?redirecturl=%2FIndex%2Findex | NOTIC: [8192] preg_replace(): The /e modifier is deprecated, use preg_replace_callback instead ThinkTemplate.class.php 第 406 行.
[ 2017-08-25T09:23:42+08:00 ] /Member/Login?redirecturl=%2FIndex%2Findex | NOTIC: [8192] preg_replace(): The /e modifier is deprecated, use preg_replace_callback instead ThinkTemplate.class.php 第 406 行.
[ 2017-08-25T09:23:42+08:00 ] /Member/Login?redirecturl=%2FIndex%2Findex | NOTIC: [8192] preg_replace(): The /e modifier is deprecated, use preg_replace_callback instead ThinkTemplate.class.php 第 406 行.
[ 2017-08-25T09:23:42+08:00 ] /Member/Login?redirecturl=%2FIndex%2Findex | NOTIC: [8192] preg_replace(): The /e modifier is deprecated, use preg_replace_callback instead ThinkTemplate.class.php 第 406 行.
[ 2017-08-25T09:23:42+08:00 ] /Member/Login?redirecturl=%2FIndex%2Findex | NOTIC: [8192] preg_replace(): The /e modifier is deprecated, use preg_replace_callback instead ThinkTemplate.class.php 第 406 行.
[ 2017-08-25T09:23:42+08:00 ] /Member/Login?redirecturl=%2FIndex%2Findex | NOTIC: [8192] preg_replace(): The /e modifier is deprecated, use preg_replace_callback instead ThinkTemplate.class.php 第 406 行.
[ 2017-08-25T09:23:42+08:00 ] /Member/Login?redirecturl=%2FIndex%2Findex | NOTIC: [8192] preg_replace(): The /e modifier is deprecated, use preg_replace_callback instead ThinkTemplate.class.php 第 406 行.
[ 2017-08-25T09:23:42+08:00 ] /Member/Login?redirecturl=%2FIndex%2Findex | NOTIC: [8192] preg_replace(): The /e modifier is deprecated, use preg_replace_callback instead ThinkTemplate.class.php 第 406 行.
[ 2017-08-25T09:23:42+08:00 ] /Member/Login?redirecturl=%2FIndex%2Findex | NOTIC: [8192] preg_replace(): The /e modifier is deprecated, use preg_replace_callback instead ThinkTemplate.class.php 第 406 行.
[ 2017-08-25T09:23:42+08:00 ] /Member/Login?redirecturl=%2FIndex%2Findex | NOTIC: [8192] preg_replace(): The /e modifier is deprecated, use preg_replace_callback instead ThinkTemplate.class.php 第 406 行.
[ 2017-08-25T09:23:42+08:00 ] /Member/Login?redirecturl=%2FIndex%2Findex | NOTIC: [8192] preg_replace(): The /e modifier is deprecated, use preg_replace_callback instead ThinkTemplate.class.php 第 406 行.
[ 2017-08-25T09:23:42+08:00 ] /Member/Login?redirecturl=%2FIndex%2Findex | NOTIC: [8192] preg_replace(): The /e modifier is deprecated, use preg_replace_callback instead ThinkTemplate.class.php 第 406 行.
[ 2017-08-25T09:23:42+08:00 ] /Member/Login?redirecturl=%2FIndex%2Findex | NOTIC: [8192] preg_replace(): The /e modifier is deprecated, use preg_replace_callback instead ThinkTemplate.class.php 第 406 行.
[ 2017-08-25T09:23:42+08:00 ] /Member/Login?redirecturl=%2FIndex%2Findex | NOTIC: [8192] preg_replace(): The /e modifier is deprecated, use preg_replace_callback instead ThinkTemplate.class.php 第 406 行.
[ 2017-08-25T09:23:42+08:00 ] /Member/Login?redirecturl=%2FIndex%2Findex | NOTIC: [8192] preg_replace(): The /e modifier is deprecated, use preg_replace_callback instead ThinkTemplate.class.php 第 406 行.
[ 2017-08-25T09:23:42+08:00 ] /Member/Login?redirecturl=%2FIndex%2Findex | NOTIC: [8192] preg_replace(): The /e modifier is deprecated, use preg_replace_callback instead ThinkTemplate.class.php 第 406 行.
[ 2017-08-25T09:23:42+08:00 ] /Member/Login?redirecturl=%2FIndex%2Findex | NOTIC: [8192] preg_replace(): The /e modifier is deprecated, use preg_replace_callback instead ThinkTemplate.class.php 第 406 行.
[ 2017-08-25T09:23:42+08:00 ] /Member/Login?redirecturl=%2FIndex%2Findex | NOTIC: [8192] preg_replace(): The /e modifier is deprecated, use preg_replace_callback instead ThinkTemplate.class.php 第 406 行.
[ 2017-08-25T09:23:42+08:00 ] /Member/Login?redirecturl=%2FIndex%2Findex | NOTIC: [8192] preg_replace(): The /e modifier is deprecated, use preg_replace_callback instead ThinkTemplate.class.php 第 406 行.
[ 2017-08-25T09:23:42+08:00 ] /Member/Login?redirecturl=%2FIndex%2Findex | NOTIC: [8192] preg_replace(): The /e modifier is deprecated, use preg_replace_callback instead ThinkTemplate.class.php 第 406 行.
[ 2017-08-25T09:23:42+08:00 ] /Member/Login?redirecturl=%2FIndex%2Findex | NOTIC: [8192] preg_replace(): The /e modifier is deprecated, use preg_replace_callback instead ThinkTemplate.class.php 第 406 行.
[ 2017-08-25T09:23:42+08:00 ] /Member/Login?redirecturl=%2FIndex%2Findex | NOTIC: [8192] preg_replace(): The /e modifier is deprecated, use preg_replace_callback instead ThinkTemplate.class.php 第 406 行.
[ 2017-08-25T09:23:42+08:00 ] /Member/Login?redirecturl=%2FIndex%2Findex | NOTIC: [8192] preg_replace(): The /e modifier is deprecated, use preg_replace_callback instead ThinkTemplate.class.php 第 406 行.
[ 2017-08-25T09:23:42+08:00 ] /Member/Login?redirecturl=%2FIndex%2Findex | NOTIC: [8192] preg_replace(): The /e modifier is deprecated, use preg_replace_callback instead ThinkTemplate.class.php 第 406 行.
[ 2017-08-25T09:23:42+08:00 ] /Member/Login?redirecturl=%2FIndex%2Findex | NOTIC: [8192] preg_replace(): The /e modifier is deprecated, use preg_replace_callback instead ThinkTemplate.class.php 第 406 行.
[ 2017-08-25T09:23:42+08:00 ] /Member/Login?redirecturl=%2FIndex%2Findex | NOTIC: [8192] preg_replace(): The /e modifier is deprecated, use preg_replace_callback instead ThinkTemplate.class.php 第 406 行.
[ 2017-08-25T09:23:42+08:00 ] /Member/Login?redirecturl=%2FIndex%2Findex | NOTIC: [8192] preg_replace(): The /e modifier is deprecated, use preg_replace_callback instead ThinkTemplate.class.php 第 406 行.
[ 2017-08-25T09:23:42+08:00 ] /Member/Login?redirecturl=%2FIndex%2Findex | NOTIC: [8192] preg_replace(): The /e modifier is deprecated, use preg_replace_callback instead ThinkTemplate.class.php 第 406 行.
[ 2017-08-25T09:23:42+08:00 ] /Member/Login?redirecturl=%2FIndex%2Findex | NOTIC: [8192] preg_replace(): The /e modifier is deprecated, use preg_replace_callback instead ThinkTemplate.class.php 第 406 行.
[ 2017-08-25T09:23:42+08:00 ] /Member/Login?redirecturl=%2FIndex%2Findex | NOTIC: [8192] preg_replace(): The /e modifier is deprecated, use preg_replace_callback instead ThinkTemplate.class.php 第 406 行.
[ 2017-08-25T09:23:42+08:00 ] /Member/Login?redirecturl=%2FIndex%2Findex | NOTIC: [8192] preg_replace(): The /e modifier is deprecated, use preg_replace_callback instead ThinkTemplate.class.php 第 406 行.
[ 2017-08-25T09:23:42+08:00 ] /Member/Login?redirecturl=%2FIndex%2Findex | NOTIC: [8192] preg_replace(): The /e modifier is deprecated, use preg_replace_callback instead ThinkTemplate.class.php 第 406 行.
[ 2017-08-25T09:23:42+08:00 ] /Member/Login?redirecturl=%2FIndex%2Findex | NOTIC: [8192] preg_replace(): The /e modifier is deprecated, use preg_replace_callback instead ThinkTemplate.class.php 第 406 行.
[ 2017-08-25T09:23:42+08:00 ] /Member/Login?redirecturl=%2FIndex%2Findex | NOTIC: [8192] preg_replace(): The /e modifier is deprecated, use preg_replace_callback instead ThinkTemplate.class.php 第 406 行.
[ 2017-08-25T09:23:42+08:00 ] /Member/Login?redirecturl=%2FIndex%2Findex | NOTIC: [8192] preg_replace(): The /e modifier is deprecated, use preg_replace_callback instead ThinkTemplate.class.php 第 406 行.
[ 2017-08-25T09:23:42+08:00 ] /Member/Login?redirecturl=%2FIndex%2Findex | NOTIC: [8192] preg_replace(): The /e modifier is deprecated, use preg_replace_callback instead ThinkTemplate.class.php 第 406 行.
[ 2017-08-25T09:23:42+08:00 ] /Member/Login?redirecturl=%2FIndex%2Findex | NOTIC: [8192] preg_replace(): The /e modifier is deprecated, use preg_replace_callback instead ThinkTemplate.class.php 第 406 行.
[ 2017-08-25T09:23:42+08:00 ] /Member/Login?redirecturl=%2FIndex%2Findex | NOTIC: [8192] preg_replace(): The /e modifier is deprecated, use preg_replace_callback instead ThinkTemplate.class.php 第 406 行.
[ 2017-08-25T09:23:42+08:00 ] /Member/Login?redirecturl=%2FIndex%2Findex | NOTIC: [8192] preg_replace(): The /e modifier is deprecated, use preg_replace_callback instead ThinkTemplate.class.php 第 406 行.
[ 2017-08-25T09:23:42+08:00 ] /Member/Login?redirecturl=%2FIndex%2Findex | NOTIC: [8192] preg_replace(): The /e modifier is deprecated, use preg_replace_callback instead ThinkTemplate.class.php 第 402 行.
[ 2017-08-25T09:23:42+08:00 ] /Member/Login?redirecturl=%2FIndex%2Findex | NOTIC: [8192] preg_replace(): The /e modifier is deprecated, use preg_replace_callback instead ThinkTemplate.class.php 第 402 行.
[ 2017-08-25T09:23:42+08:00 ] /Member/Login?redirecturl=%2FIndex%2Findex | NOTIC: [8192] preg_replace(): The /e modifier is deprecated, use preg_replace_callback instead ThinkTemplate.class.php 第 402 行.
[ 2017-08-25T09:23:42+08:00 ] /Member/Login?redirecturl=%2FIndex%2Findex | NOTIC: [8192] preg_replace(): The /e modifier is deprecated, use preg_replace_callback instead ThinkTemplate.class.php 第 402 行.
[ 2017-08-25T09:23:42+08:00 ] /Member/Login?redirecturl=%2FIndex%2Findex | NOTIC: [8192] preg_replace(): The /e modifier is deprecated, use preg_replace_callback instead ThinkTemplate.class.php 第 402 行.
[ 2017-08-25T09:23:42+08:00 ] /Member/Login?redirecturl=%2FIndex%2Findex | NOTIC: [8192] preg_replace(): The /e modifier is deprecated, use preg_replace_callback instead ThinkTemplate.class.php 第 402 行.
[ 2017-08-25T09:23:42+08:00 ] /Member/Login?redirecturl=%2FIndex%2Findex | NOTIC: [8192] preg_replace(): The /e modifier is deprecated, use preg_replace_callback instead ThinkTemplate.class.php 第 406 行.
[ 2017-08-25T09:23:42+08:00 ] /Member/Login?redirecturl=%2FIndex%2Findex | NOTIC: [8192] preg_replace(): The /e modifier is deprecated, use preg_replace_callback instead ThinkTemplate.class.php 第 406 行.
[ 2017-08-25T09:23:42+08:00 ] /Member/Login?redirecturl=%2FIndex%2Findex | NOTIC: [8192] preg_replace(): The /e modifier is deprecated, use preg_replace_callback instead ThinkTemplate.class.php 第 406 行.
[ 2017-08-25T09:23:42+08:00 ] /Member/Login?redirecturl=%2FIndex%2Findex | NOTIC: [8192] preg_replace(): The /e modifier is deprecated, use preg_replace_callback instead ThinkTemplate.class.php 第 220 行.
[ 2017-08-25T09:23:42+08:00 ] /Member/Login?redirecturl=%2FIndex%2Findex | NOTIC: [8192] preg_replace(): The /e modifier is deprecated, use preg_replace_callback instead ThinkTemplate.class.php 第 154 行.
[ 2017-08-25T09:23:42+08:00 ] /Member/Login?redirecturl=%2FIndex%2Findex | INFO: Run ParseTemplate Behavior [ RunTime:0.007755s ]
[ 2017-08-25T09:23:42+08:00 ] /Member/Login?redirecturl=%2FIndex%2Findex | INFO: Tag[ view_parse ] --END-- [ RunTime:0.007791s ]
[ 2017-08-25T09:23:42+08:00 ] /Member/Login?redirecturl=%2FIndex%2Findex | INFO: Tag[ view_filter ] --START--
[ 2017-08-25T09:23:42+08:00 ] /Member/Login?redirecturl=%2FIndex%2Findex | INFO: Run ContentReplace Behavior [ RunTime:0.000253s ]
[ 2017-08-25T09:23:42+08:00 ] /Member/Login?redirecturl=%2FIndex%2Findex | INFO: Run TokenBuild Behavior [ RunTime:0.000237s ]
[ 2017-08-25T09:23:42+08:00 ] /Member/Login?redirecturl=%2FIndex%2Findex | INFO: Run WriteHtmlCache Behavior [ RunTime:0.000171s ]
[ 2017-08-25T09:23:42+08:00 ] /Member/Login?redirecturl=%2FIndex%2Findex | INFO: Run ShowRuntime Behavior [ RunTime:0.000264s ]
[ 2017-08-25T09:23:42+08:00 ] /Member/Login?redirecturl=%2FIndex%2Findex | INFO: Tag[ view_filter ] --END-- [ RunTime:0.001013s ]
[ 2017-08-25T09:23:42+08:00 ] /Member/Login?redirecturl=%2FIndex%2Findex | INFO: Tag[ view_end ] --START--
[ 2017-08-25T09:23:42+08:00 ] /Member/Login?redirecturl=%2FIndex%2Findex | INFO: Run ShowPageTrace Behavior [ RunTime:0.000247s ]
[ 2017-08-25T09:23:42+08:00 ] /Member/Login?redirecturl=%2FIndex%2Findex | INFO: Tag[ view_end ] --END-- [ RunTime:0.000272s ]

[ 2017-08-25T09:23:42+08:00 ]  127.0.0.1 /favicon.ico | ERR: (ThinkException) 无法加载模块Favicon.ico
[ 2017-08-25T09:23:47+08:00 ] 127.0.0.1 /Member/login
[ 2017-08-25T09:23:45+08:00 ] /Member/login | INFO: Tag[ route_check ] --START--
[ 2017-08-25T09:23:45+08:00 ] /Member/login | INFO: Run CheckRoute Behavior [ RunTime:0.000372s ]
[ 2017-08-25T09:23:45+08:00 ] /Member/login | INFO: Tag[ route_check ] --END-- [ RunTime:0.000431s ]
[ 2017-08-25T09:23:45+08:00 ] /Member/login | NOTIC: [8192] preg_replace(): The /e modifier is deprecated, use preg_replace_callback instead Dispatcher.class.php 第 125 行.
[ 2017-08-25T09:23:45+08:00 ] /Member/login | NOTIC: [8192] preg_replace(): The /e modifier is deprecated, use preg_replace_callback instead common.php 第 66 行.
[ 2017-08-25T09:23:45+08:00 ] /Member/login | INFO: Tag[ app_begin ] --START--
[ 2017-08-25T09:23:45+08:00 ] /Member/login | INFO: Run ReadHtmlCache Behavior [ RunTime:0.000286s ]
[ 2017-08-25T09:23:45+08:00 ] /Member/login | INFO: Tag[ app_begin ] --END-- [ RunTime:0.000312s ]
[ 2017-08-25T09:23:45+08:00 ] /Member/login | NOTIC: [8] Undefined variable: system CommonAction.class.php 第 131 行.
[ 2017-08-25T09:23:45+08:00 ] /Member/login | NOTIC: [8] Undefined index: token CommonAction.class.php 第 65 行.
[ 2017-08-25T09:23:45+08:00 ] /Member/login | NOTIC: [8] Undefined index: redirecturl MemberAction.class.php 第 45 行.
[ 2017-08-25T09:23:45+08:00 ] /Member/login | NOTIC: [8] Undefined index: token CommonAction.class.php 第 65 行.
[ 2017-08-25T09:23:47+08:00 ] /Member/login | NOTIC: [2] Missing argument 5 for Action::ajaxReturn(), called in E:\project\newjieba1\www\Lib\Action\CommonAction.class.php on line 158 and defined Action.class.php 第 305 行.
[ 2017-08-25T09:23:47+08:00 ] /Member/login | NOTIC: [8] Undefined variable: pagestring Action.class.php 第 310 行.

[ 2017-08-25T09:23:48+08:00 ] 127.0.0.1 /Index/index
[ 2017-08-25T09:23:47+08:00 ] /Index/index | INFO: Tag[ route_check ] --START--
[ 2017-08-25T09:23:47+08:00 ] /Index/index | INFO: Run CheckRoute Behavior [ RunTime:0.000747s ]
[ 2017-08-25T09:23:47+08:00 ] /Index/index | INFO: Tag[ route_check ] --END-- [ RunTime:0.000854s ]
[ 2017-08-25T09:23:47+08:00 ] /Index/index | NOTIC: [8192] preg_replace(): The /e modifier is deprecated, use preg_replace_callback instead Dispatcher.class.php 第 125 行.
[ 2017-08-25T09:23:47+08:00 ] /Index/index | NOTIC: [8192] preg_replace(): The /e modifier is deprecated, use preg_replace_callback instead common.php 第 66 行.
[ 2017-08-25T09:23:47+08:00 ] /Index/index | INFO: Tag[ app_begin ] --START--
[ 2017-08-25T09:23:47+08:00 ] /Index/index | INFO: Run ReadHtmlCache Behavior [ RunTime:0.000579s ]
[ 2017-08-25T09:23:47+08:00 ] /Index/index | INFO: Tag[ app_begin ] --END-- [ RunTime:0.000630s ]
[ 2017-08-25T09:23:47+08:00 ] /Index/index | NOTIC: [8] Undefined variable: system CommonAction.class.php 第 131 行.
[ 2017-08-25T09:23:48+08:00 ] /Index/index | INFO: Tag[ view_template ] --START--
[ 2017-08-25T09:23:48+08:00 ] /Index/index | INFO: Run LocationTemplate Behavior [ RunTime:0.001083s ]
[ 2017-08-25T09:23:48+08:00 ] /Index/index | INFO: Tag[ view_template ] --END-- [ RunTime:0.001137s ]
[ 2017-08-25T09:23:48+08:00 ] /Index/index | INFO: Tag[ view_parse ] --START--
[ 2017-08-25T09:23:48+08:00 ] /Index/index | NOTIC: [8192] preg_replace(): The /e modifier is deprecated, use preg_replace_callback instead ThinkTemplate.class.php 第 186 行.
[ 2017-08-25T09:23:48+08:00 ] /Index/index | NOTIC: [8192] preg_replace(): The /e modifier is deprecated, use preg_replace_callback instead ThinkTemplate.class.php 第 406 行.
[ 2017-08-25T09:23:48+08:00 ] /Index/index | NOTIC: [8192] preg_replace(): The /e modifier is deprecated, use preg_replace_callback instead ThinkTemplate.class.php 第 406 行.
[ 2017-08-25T09:23:48+08:00 ] /Index/index | NOTIC: [8192] preg_replace(): The /e modifier is deprecated, use preg_replace_callback instead ThinkTemplate.class.php 第 406 行.
[ 2017-08-25T09:23:48+08:00 ] /Index/index | NOTIC: [8192] preg_replace(): The /e modifier is deprecated, use preg_replace_callback instead ThinkTemplate.class.php 第 406 行.
[ 2017-08-25T09:23:48+08:00 ] /Index/index | NOTIC: [8192] preg_replace(): The /e modifier is deprecated, use preg_replace_callback instead ThinkTemplate.class.php 第 406 行.
[ 2017-08-25T09:23:48+08:00 ] /Index/index | NOTIC: [8192] preg_replace(): The /e modifier is deprecated, use preg_replace_callback instead ThinkTemplate.class.php 第 406 行.
[ 2017-08-25T09:23:48+08:00 ] /Index/index | NOTIC: [8192] preg_replace(): The /e modifier is deprecated, use preg_replace_callback instead ThinkTemplate.class.php 第 406 行.
[ 2017-08-25T09:23:48+08:00 ] /Index/index | NOTIC: [8192] preg_replace(): The /e modifier is deprecated, use preg_replace_callback instead ThinkTemplate.class.php 第 406 行.
[ 2017-08-25T09:23:48+08:00 ] /Index/index | NOTIC: [8192] preg_replace(): The /e modifier is deprecated, use preg_replace_callback instead ThinkTemplate.class.php 第 406 行.
[ 2017-08-25T09:23:48+08:00 ] /Index/index | NOTIC: [8192] preg_replace(): The /e modifier is deprecated, use preg_replace_callback instead ThinkTemplate.class.php 第 402 行.
[ 2017-08-25T09:23:48+08:00 ] /Index/index | NOTIC: [8192] preg_replace(): The /e modifier is deprecated, use preg_replace_callback instead ThinkTemplate.class.php 第 402 行.
[ 2017-08-25T09:23:48+08:00 ] /Index/index | NOTIC: [8192] preg_replace(): The /e modifier is deprecated, use preg_replace_callback instead ThinkTemplate.class.php 第 406 行.
[ 2017-08-25T09:23:48+08:00 ] /Index/index | NOTIC: [8192] preg_replace(): The /e modifier is deprecated, use preg_replace_callback instead ThinkTemplate.class.php 第 406 行.
[ 2017-08-25T09:23:48+08:00 ] /Index/index | NOTIC: [8192] preg_replace(): The /e modifier is deprecated, use preg_replace_callback instead ThinkTemplate.class.php 第 406 行.
[ 2017-08-25T09:23:48+08:00 ] /Index/index | NOTIC: [8192] preg_replace(): The /e modifier is deprecated, use preg_replace_callback instead ThinkTemplate.class.php 第 402 行.
[ 2017-08-25T09:23:48+08:00 ] /Index/index | NOTIC: [8192] preg_replace(): The /e modifier is deprecated, use preg_replace_callback instead ThinkTemplate.class.php 第 406 行.
[ 2017-08-25T09:23:48+08:00 ] /Index/index | NOTIC: [8192] preg_replace(): The /e modifier is deprecated, use preg_replace_callback instead ThinkTemplate.class.php 第 406 行.
[ 2017-08-25T09:23:48+08:00 ] /Index/index | NOTIC: [8192] preg_replace(): The /e modifier is deprecated, use preg_replace_callback instead ThinkTemplate.class.php 第 406 行.
[ 2017-08-25T09:23:48+08:00 ] /Index/index | NOTIC: [8192] preg_replace(): The /e modifier is deprecated, use preg_replace_callback instead ThinkTemplate.class.php 第 406 行.
[ 2017-08-25T09:23:48+08:00 ] /Index/index | NOTIC: [8192] preg_replace(): The /e modifier is deprecated, use preg_replace_callback instead ThinkTemplate.class.php 第 406 行.
[ 2017-08-25T09:23:48+08:00 ] /Index/index | NOTIC: [8192] preg_replace(): The /e modifier is deprecated, use preg_replace_callback instead ThinkTemplate.class.php 第 406 行.
[ 2017-08-25T09:23:48+08:00 ] /Index/index | NOTIC: [8192] preg_replace(): The /e modifier is deprecated, use preg_replace_callback instead ThinkTemplate.class.php 第 406 行.
[ 2017-08-25T09:23:48+08:00 ] /Index/index | NOTIC: [8192] preg_replace(): The /e modifier is deprecated, use preg_replace_callback instead ThinkTemplate.class.php 第 406 行.
[ 2017-08-25T09:23:48+08:00 ] /Index/index | NOTIC: [8192] preg_replace(): The /e modifier is deprecated, use preg_replace_callback instead ThinkTemplate.class.php 第 406 行.
[ 2017-08-25T09:23:48+08:00 ] /Index/index | NOTIC: [8192] preg_replace(): The /e modifier is deprecated, use preg_replace_callback instead ThinkTemplate.class.php 第 406 行.
[ 2017-08-25T09:23:48+08:00 ] /Index/index | NOTIC: [8192] preg_replace(): The /e modifier is deprecated, use preg_replace_callback instead ThinkTemplate.class.php 第 406 行.
[ 2017-08-25T09:23:48+08:00 ] /Index/index | NOTIC: [8192] preg_replace(): The /e modifier is deprecated, use preg_replace_callback instead ThinkTemplate.class.php 第 406 行.
[ 2017-08-25T09:23:48+08:00 ] /Index/index | NOTIC: [8192] preg_replace(): The /e modifier is deprecated, use preg_replace_callback instead ThinkTemplate.class.php 第 406 行.
[ 2017-08-25T09:23:48+08:00 ] /Index/index | NOTIC: [8192] preg_replace(): The /e modifier is deprecated, use preg_replace_callback instead ThinkTemplate.class.php 第 406 行.
[ 2017-08-25T09:23:48+08:00 ] /Index/index | NOTIC: [8192] preg_replace(): The /e modifier is deprecated, use preg_replace_callback instead ThinkTemplate.class.php 第 406 行.
[ 2017-08-25T09:23:48+08:00 ] /Index/index | NOTIC: [8192] preg_replace(): The /e modifier is deprecated, use preg_replace_callback instead ThinkTemplate.class.php 第 406 行.
[ 2017-08-25T09:23:48+08:00 ] /Index/index | NOTIC: [8192] preg_replace(): The /e modifier is deprecated, use preg_replace_callback instead ThinkTemplate.class.php 第 406 行.
[ 2017-08-25T09:23:48+08:00 ] /Index/index | NOTIC: [8192] preg_replace(): The /e modifier is deprecated, use preg_replace_callback instead ThinkTemplate.class.php 第 406 行.
[ 2017-08-25T09:23:48+08:00 ] /Index/index | NOTIC: [8192] preg_replace(): The /e modifier is deprecated, use preg_replace_callback instead ThinkTemplate.class.php 第 406 行.
[ 2017-08-25T09:23:48+08:00 ] /Index/index | NOTIC: [8192] preg_replace(): The /e modifier is deprecated, use preg_replace_callback instead ThinkTemplate.class.php 第 406 行.
[ 2017-08-25T09:23:48+08:00 ] /Index/index | NOTIC: [8192] preg_replace(): The /e modifier is deprecated, use preg_replace_callback instead ThinkTemplate.class.php 第 406 行.
[ 2017-08-25T09:23:48+08:00 ] /Index/index | NOTIC: [8192] preg_replace(): The /e modifier is deprecated, use preg_replace_callback instead ThinkTemplate.class.php 第 406 行.
[ 2017-08-25T09:23:48+08:00 ] /Index/index | NOTIC: [8192] preg_replace(): The /e modifier is deprecated, use preg_replace_callback instead ThinkTemplate.class.php 第 406 行.
[ 2017-08-25T09:23:48+08:00 ] /Index/index | NOTIC: [8192] preg_replace(): The /e modifier is deprecated, use preg_replace_callback instead ThinkTemplate.class.php 第 406 行.
[ 2017-08-25T09:23:48+08:00 ] /Index/index | NOTIC: [8192] preg_replace(): The /e modifier is deprecated, use preg_replace_callback instead ThinkTemplate.class.php 第 406 行.
[ 2017-08-25T09:23:48+08:00 ] /Index/index | NOTIC: [8192] preg_replace(): The /e modifier is deprecated, use preg_replace_callback instead ThinkTemplate.class.php 第 406 行.
[ 2017-08-25T09:23:48+08:00 ] /Index/index | NOTIC: [8192] preg_replace(): The /e modifier is deprecated, use preg_replace_callback instead ThinkTemplate.class.php 第 406 行.
[ 2017-08-25T09:23:48+08:00 ] /Index/index | NOTIC: [8192] preg_replace(): The /e modifier is deprecated, use preg_replace_callback instead ThinkTemplate.class.php 第 406 行.
[ 2017-08-25T09:23:48+08:00 ] /Index/index | NOTIC: [8192] preg_replace(): The /e modifier is deprecated, use preg_replace_callback instead ThinkTemplate.class.php 第 406 行.
[ 2017-08-25T09:23:48+08:00 ] /Index/index | NOTIC: [8192] preg_replace(): The /e modifier is deprecated, use preg_replace_callback instead ThinkTemplate.class.php 第 406 行.
[ 2017-08-25T09:23:48+08:00 ] /Index/index | NOTIC: [8192] preg_replace(): The /e modifier is deprecated, use preg_replace_callback instead ThinkTemplate.class.php 第 406 行.
[ 2017-08-25T09:23:48+08:00 ] /Index/index | NOTIC: [8192] preg_replace(): The /e modifier is deprecated, use preg_replace_callback instead ThinkTemplate.class.php 第 406 行.
[ 2017-08-25T09:23:48+08:00 ] /Index/index | NOTIC: [8192] preg_replace(): The /e modifier is deprecated, use preg_replace_callback instead ThinkTemplate.class.php 第 406 行.
[ 2017-08-25T09:23:48+08:00 ] /Index/index | NOTIC: [8192] preg_replace(): The /e modifier is deprecated, use preg_replace_callback instead ThinkTemplate.class.php 第 406 行.
[ 2017-08-25T09:23:48+08:00 ] /Index/index | NOTIC: [8192] preg_replace(): The /e modifier is deprecated, use preg_replace_callback instead ThinkTemplate.class.php 第 406 行.
[ 2017-08-25T09:23:48+08:00 ] /Index/index | NOTIC: [8192] preg_replace(): The /e modifier is deprecated, use preg_replace_callback instead ThinkTemplate.class.php 第 406 行.
[ 2017-08-25T09:23:48+08:00 ] /Index/index | NOTIC: [8192] preg_replace(): The /e modifier is deprecated, use preg_replace_callback instead ThinkTemplate.class.php 第 406 行.
[ 2017-08-25T09:23:48+08:00 ] /Index/index | NOTIC: [8192] preg_replace(): The /e modifier is deprecated, use preg_replace_callback instead ThinkTemplate.class.php 第 406 行.
[ 2017-08-25T09:23:48+08:00 ] /Index/index | NOTIC: [8192] preg_replace(): The /e modifier is deprecated, use preg_replace_callback instead ThinkTemplate.class.php 第 406 行.
[ 2017-08-25T09:23:48+08:00 ] /Index/index | NOTIC: [8192] preg_replace(): The /e modifier is deprecated, use preg_replace_callback instead ThinkTemplate.class.php 第 406 行.
[ 2017-08-25T09:23:48+08:00 ] /Index/index | NOTIC: [8192] preg_replace(): The /e modifier is deprecated, use preg_replace_callback instead ThinkTemplate.class.php 第 406 行.
[ 2017-08-25T09:23:48+08:00 ] /Index/index | NOTIC: [8192] preg_replace(): The /e modifier is deprecated, use preg_replace_callback instead ThinkTemplate.class.php 第 406 行.
[ 2017-08-25T09:23:48+08:00 ] /Index/index | NOTIC: [8192] preg_replace(): The /e modifier is deprecated, use preg_replace_callback instead ThinkTemplate.class.php 第 406 行.
[ 2017-08-25T09:23:48+08:00 ] /Index/index | NOTIC: [8192] preg_replace(): The /e modifier is deprecated, use preg_replace_callback instead ThinkTemplate.class.php 第 406 行.
[ 2017-08-25T09:23:48+08:00 ] /Index/index | NOTIC: [8192] preg_replace(): The /e modifier is deprecated, use preg_replace_callback instead ThinkTemplate.class.php 第 406 行.
[ 2017-08-25T09:23:48+08:00 ] /Index/index | NOTIC: [8192] preg_replace(): The /e modifier is deprecated, use preg_replace_callback instead ThinkTemplate.class.php 第 406 行.
[ 2017-08-25T09:23:48+08:00 ] /Index/index | NOTIC: [8192] preg_replace(): The /e modifier is deprecated, use preg_replace_callback instead ThinkTemplate.class.php 第 406 行.
[ 2017-08-25T09:23:48+08:00 ] /Index/index | NOTIC: [8192] preg_replace(): The /e modifier is deprecated, use preg_replace_callback instead ThinkTemplate.class.php 第 406 行.
[ 2017-08-25T09:23:48+08:00 ] /Index/index | NOTIC: [8192] preg_replace(): The /e modifier is deprecated, use preg_replace_callback instead ThinkTemplate.class.php 第 406 行.
[ 2017-08-25T09:23:48+08:00 ] /Index/index | NOTIC: [8192] preg_replace(): The /e modifier is deprecated, use preg_replace_callback instead ThinkTemplate.class.php 第 406 行.
[ 2017-08-25T09:23:48+08:00 ] /Index/index | NOTIC: [8192] preg_replace(): The /e modifier is deprecated, use preg_replace_callback instead ThinkTemplate.class.php 第 406 行.
[ 2017-08-25T09:23:48+08:00 ] /Index/index | NOTIC: [8192] preg_replace(): The /e modifier is deprecated, use preg_replace_callback instead ThinkTemplate.class.php 第 406 行.
[ 2017-08-25T09:23:48+08:00 ] /Index/index | NOTIC: [8192] preg_replace(): The /e modifier is deprecated, use preg_replace_callback instead ThinkTemplate.class.php 第 406 行.
[ 2017-08-25T09:23:48+08:00 ] /Index/index | NOTIC: [8192] preg_replace(): The /e modifier is deprecated, use preg_replace_callback instead ThinkTemplate.class.php 第 406 行.
[ 2017-08-25T09:23:48+08:00 ] /Index/index | NOTIC: [8192] preg_replace(): The /e modifier is deprecated, use preg_replace_callback instead ThinkTemplate.class.php 第 406 行.
[ 2017-08-25T09:23:48+08:00 ] /Index/index | NOTIC: [8192] preg_replace(): The /e modifier is deprecated, use preg_replace_callback instead ThinkTemplate.class.php 第 406 行.
[ 2017-08-25T09:23:48+08:00 ] /Index/index | NOTIC: [8192] preg_replace(): The /e modifier is deprecated, use preg_replace_callback instead ThinkTemplate.class.php 第 406 行.
[ 2017-08-25T09:23:48+08:00 ] /Index/index | NOTIC: [8192] preg_replace(): The /e modifier is deprecated, use preg_replace_callback instead ThinkTemplate.class.php 第 406 行.
[ 2017-08-25T09:23:48+08:00 ] /Index/index | NOTIC: [8192] preg_replace(): The /e modifier is deprecated, use preg_replace_callback instead ThinkTemplate.class.php 第 406 行.
[ 2017-08-25T09:23:48+08:00 ] /Index/index | NOTIC: [8192] preg_replace(): The /e modifier is deprecated, use preg_replace_callback instead ThinkTemplate.class.php 第 406 行.
[ 2017-08-25T09:23:48+08:00 ] /Index/index | NOTIC: [8192] preg_replace(): The /e modifier is deprecated, use preg_replace_callback instead ThinkTemplate.class.php 第 406 行.
[ 2017-08-25T09:23:48+08:00 ] /Index/index | NOTIC: [8192] preg_replace(): The /e modifier is deprecated, use preg_replace_callback instead ThinkTemplate.class.php 第 406 行.
[ 2017-08-25T09:23:48+08:00 ] /Index/index | NOTIC: [8192] preg_replace(): The /e modifier is deprecated, use preg_replace_callback instead ThinkTemplate.class.php 第 406 行.
[ 2017-08-25T09:23:48+08:00 ] /Index/index | NOTIC: [8192] preg_replace(): The /e modifier is deprecated, use preg_replace_callback instead ThinkTemplate.class.php 第 406 行.
[ 2017-08-25T09:23:48+08:00 ] /Index/index | NOTIC: [8192] preg_replace(): The /e modifier is deprecated, use preg_replace_callback instead ThinkTemplate.class.php 第 406 行.
[ 2017-08-25T09:23:48+08:00 ] /Index/index | NOTIC: [8192] preg_replace(): The /e modifier is deprecated, use preg_replace_callback instead ThinkTemplate.class.php 第 406 行.
[ 2017-08-25T09:23:48+08:00 ] /Index/index | NOTIC: [8192] preg_replace(): The /e modifier is deprecated, use preg_replace_callback instead ThinkTemplate.class.php 第 402 行.
[ 2017-08-25T09:23:48+08:00 ] /Index/index | NOTIC: [8192] preg_replace(): The /e modifier is deprecated, use preg_replace_callback instead ThinkTemplate.class.php 第 402 行.
[ 2017-08-25T09:23:48+08:00 ] /Index/index | NOTIC: [8192] preg_replace(): The /e modifier is deprecated, use preg_replace_callback instead ThinkTemplate.class.php 第 402 行.
[ 2017-08-25T09:23:48+08:00 ] /Index/index | NOTIC: [8192] preg_replace(): The /e modifier is deprecated, use preg_replace_callback instead ThinkTemplate.class.php 第 402 行.
[ 2017-08-25T09:23:48+08:00 ] /Index/index | NOTIC: [8192] preg_replace(): The /e modifier is deprecated, use preg_replace_callback instead ThinkTemplate.class.php 第 402 行.
[ 2017-08-25T09:23:48+08:00 ] /Index/index | NOTIC: [8192] preg_replace(): The /e modifier is deprecated, use preg_replace_callback instead ThinkTemplate.class.php 第 402 行.
[ 2017-08-25T09:23:48+08:00 ] /Index/index | NOTIC: [8192] preg_replace(): The /e modifier is deprecated, use preg_replace_callback instead ThinkTemplate.class.php 第 406 行.
[ 2017-08-25T09:23:48+08:00 ] /Index/index | NOTIC: [8192] preg_replace(): The /e modifier is deprecated, use preg_replace_callback instead ThinkTemplate.class.php 第 406 行.
[ 2017-08-25T09:23:48+08:00 ] /Index/index | NOTIC: [8192] preg_replace(): The /e modifier is deprecated, use preg_replace_callback instead ThinkTemplate.class.php 第 406 行.
[ 2017-08-25T09:23:48+08:00 ] /Index/index | NOTIC: [8192] preg_replace(): The /e modifier is deprecated, use preg_replace_callback instead ThinkTemplate.class.php 第 220 行.
[ 2017-08-25T09:23:48+08:00 ] /Index/index | NOTIC: [8192] preg_replace(): The /e modifier is deprecated, use preg_replace_callback instead ThinkTemplate.class.php 第 154 行.
[ 2017-08-25T09:23:48+08:00 ] /Index/index | INFO: Run ParseTemplate Behavior [ RunTime:0.006187s ]
[ 2017-08-25T09:23:48+08:00 ] /Index/index | INFO: Tag[ view_parse ] --END-- [ RunTime:0.006228s ]
[ 2017-08-25T09:23:48+08:00 ] /Index/index | INFO: Tag[ view_filter ] --START--
[ 2017-08-25T09:23:48+08:00 ] /Index/index | INFO: Run ContentReplace Behavior [ RunTime:0.000285s ]
[ 2017-08-25T09:23:48+08:00 ] /Index/index | INFO: Run TokenBuild Behavior [ RunTime:0.000242s ]
[ 2017-08-25T09:23:48+08:00 ] /Index/index | INFO: Run WriteHtmlCache Behavior [ RunTime:0.000178s ]
[ 2017-08-25T09:23:48+08:00 ] /Index/index | INFO: Run ShowRuntime Behavior [ RunTime:0.000268s ]
[ 2017-08-25T09:23:48+08:00 ] /Index/index | INFO: Tag[ view_filter ] --END-- [ RunTime:0.001047s ]
[ 2017-08-25T09:23:48+08:00 ] /Index/index | INFO: Tag[ view_end ] --START--
[ 2017-08-25T09:23:48+08:00 ] /Index/index | INFO: Run ShowPageTrace Behavior [ RunTime:0.000995s ]
[ 2017-08-25T09:23:48+08:00 ] /Index/index | INFO: Tag[ view_end ] --END-- [ RunTime:0.001128s ]

[ 2017-08-25T09:23:48+08:00 ]  127.0.0.1 /favicon.ico | ERR: (ThinkException) 无法加载模块Favicon.ico
[ 2017-08-25T09:24:08+08:00 ] 127.0.0.1 /Loan/index
[ 2017-08-25T09:24:07+08:00 ] /Loan/index | INFO: Tag[ route_check ] --START--
[ 2017-08-25T09:24:07+08:00 ] /Loan/index | INFO: Run CheckRoute Behavior [ RunTime:0.000372s ]
[ 2017-08-25T09:24:07+08:00 ] /Loan/index | INFO: Tag[ route_check ] --END-- [ RunTime:0.000427s ]
[ 2017-08-25T09:24:07+08:00 ] /Loan/index | NOTIC: [8192] preg_replace(): The /e modifier is deprecated, use preg_replace_callback instead Dispatcher.class.php 第 125 行.
[ 2017-08-25T09:24:07+08:00 ] /Loan/index | NOTIC: [8192] preg_replace(): The /e modifier is deprecated, use preg_replace_callback instead common.php 第 66 行.
[ 2017-08-25T09:24:07+08:00 ] /Loan/index | INFO: Tag[ app_begin ] --START--
[ 2017-08-25T09:24:07+08:00 ] /Loan/index | INFO: Run ReadHtmlCache Behavior [ RunTime:0.000270s ]
[ 2017-08-25T09:24:07+08:00 ] /Loan/index | INFO: Tag[ app_begin ] --END-- [ RunTime:0.000293s ]
[ 2017-08-25T09:24:07+08:00 ] /Loan/index | NOTIC: [8] Undefined variable: system CommonAction.class.php 第 131 行.
[ 2017-08-25T09:24:08+08:00 ] /Loan/index | INFO: Tag[ view_template ] --START--
[ 2017-08-25T09:24:08+08:00 ] /Loan/index | INFO: Run LocationTemplate Behavior [ RunTime:0.001151s ]
[ 2017-08-25T09:24:08+08:00 ] /Loan/index | INFO: Tag[ view_template ] --END-- [ RunTime:0.001200s ]
[ 2017-08-25T09:24:08+08:00 ] /Loan/index | INFO: Tag[ view_parse ] --START--
[ 2017-08-25T09:24:08+08:00 ] /Loan/index | NOTIC: [8192] preg_replace(): The /e modifier is deprecated, use preg_replace_callback instead ThinkTemplate.class.php 第 186 行.
[ 2017-08-25T09:24:08+08:00 ] /Loan/index | NOTIC: [8192] preg_replace(): The /e modifier is deprecated, use preg_replace_callback instead ThinkTemplate.class.php 第 406 行.
[ 2017-08-25T09:24:08+08:00 ] /Loan/index | NOTIC: [8192] preg_replace(): The /e modifier is deprecated, use preg_replace_callback instead ThinkTemplate.class.php 第 406 行.
[ 2017-08-25T09:24:08+08:00 ] /Loan/index | NOTIC: [8192] preg_replace(): The /e modifier is deprecated, use preg_replace_callback instead ThinkTemplate.class.php 第 406 行.
[ 2017-08-25T09:24:08+08:00 ] /Loan/index | NOTIC: [8192] preg_replace(): The /e modifier is deprecated, use preg_replace_callback instead ThinkTemplate.class.php 第 406 行.
[ 2017-08-25T09:24:08+08:00 ] /Loan/index | NOTIC: [8192] preg_replace(): The /e modifier is deprecated, use preg_replace_callback instead ThinkTemplate.class.php 第 406 行.
[ 2017-08-25T09:24:08+08:00 ] /Loan/index | NOTIC: [8192] preg_replace(): The /e modifier is deprecated, use preg_replace_callback instead ThinkTemplate.class.php 第 186 行.
[ 2017-08-25T09:24:08+08:00 ] /Loan/index | NOTIC: [8192] preg_replace(): The /e modifier is deprecated, use preg_replace_callback instead ThinkTemplate.class.php 第 406 行.
[ 2017-08-25T09:24:08+08:00 ] /Loan/index | NOTIC: [8192] preg_replace(): The /e modifier is deprecated, use preg_replace_callback instead ThinkTemplate.class.php 第 406 行.
[ 2017-08-25T09:24:08+08:00 ] /Loan/index | NOTIC: [8192] preg_replace(): The /e modifier is deprecated, use preg_replace_callback instead ThinkTemplate.class.php 第 406 行.
[ 2017-08-25T09:24:08+08:00 ] /Loan/index | NOTIC: [8192] preg_replace(): The /e modifier is deprecated, use preg_replace_callback instead ThinkTemplate.class.php 第 406 行.
[ 2017-08-25T09:24:08+08:00 ] /Loan/index | NOTIC: [8192] preg_replace(): The /e modifier is deprecated, use preg_replace_callback instead ThinkTemplate.class.php 第 406 行.
[ 2017-08-25T09:24:08+08:00 ] /Loan/index | NOTIC: [8192] preg_replace(): The /e modifier is deprecated, use preg_replace_callback instead ThinkTemplate.class.php 第 406 行.
[ 2017-08-25T09:24:08+08:00 ] /Loan/index | NOTIC: [8192] preg_replace(): The /e modifier is deprecated, use preg_replace_callback instead ThinkTemplate.class.php 第 406 行.
[ 2017-08-25T09:24:08+08:00 ] /Loan/index | NOTIC: [8192] preg_replace(): The /e modifier is deprecated, use preg_replace_callback instead ThinkTemplate.class.php 第 406 行.
[ 2017-08-25T09:24:08+08:00 ] /Loan/index | NOTIC: [8192] preg_replace(): The /e modifier is deprecated, use preg_replace_callback instead ThinkTemplate.class.php 第 406 行.
[ 2017-08-25T09:24:08+08:00 ] /Loan/index | NOTIC: [8192] preg_replace(): The /e modifier is deprecated, use preg_replace_callback instead ThinkTemplate.class.php 第 402 行.
[ 2017-08-25T09:24:08+08:00 ] /Loan/index | NOTIC: [8192] preg_replace(): The /e modifier is deprecated, use preg_replace_callback instead ThinkTemplate.class.php 第 402 行.
[ 2017-08-25T09:24:08+08:00 ] /Loan/index | NOTIC: [8192] preg_replace(): The /e modifier is deprecated, use preg_replace_callback instead ThinkTemplate.class.php 第 406 行.
[ 2017-08-25T09:24:08+08:00 ] /Loan/index | NOTIC: [8192] preg_replace(): The /e modifier is deprecated, use preg_replace_callback instead ThinkTemplate.class.php 第 406 行.
[ 2017-08-25T09:24:08+08:00 ] /Loan/index | NOTIC: [8192] preg_replace(): The /e modifier is deprecated, use preg_replace_callback instead ThinkTemplate.class.php 第 406 行.
[ 2017-08-25T09:24:08+08:00 ] /Loan/index | NOTIC: [8192] preg_replace(): The /e modifier is deprecated, use preg_replace_callback instead ThinkTemplate.class.php 第 402 行.
[ 2017-08-25T09:24:08+08:00 ] /Loan/index | NOTIC: [8192] preg_replace(): The /e modifier is deprecated, use preg_replace_callback instead ThinkTemplate.class.php 第 406 行.
[ 2017-08-25T09:24:08+08:00 ] /Loan/index | NOTIC: [8192] preg_replace(): The /e modifier is deprecated, use preg_replace_callback instead ThinkTemplate.class.php 第 406 行.
[ 2017-08-25T09:24:08+08:00 ] /Loan/index | NOTIC: [8192] preg_replace(): The /e modifier is deprecated, use preg_replace_callback instead ThinkTemplate.class.php 第 406 行.
[ 2017-08-25T09:24:08+08:00 ] /Loan/index | NOTIC: [8192] preg_replace(): The /e modifier is deprecated, use preg_replace_callback instead ThinkTemplate.class.php 第 406 行.
[ 2017-08-25T09:24:08+08:00 ] /Loan/index | NOTIC: [8192] preg_replace(): The /e modifier is deprecated, use preg_replace_callback instead ThinkTemplate.class.php 第 406 行.
[ 2017-08-25T09:24:08+08:00 ] /Loan/index | NOTIC: [8192] preg_replace(): The /e modifier is deprecated, use preg_replace_callback instead ThinkTemplate.class.php 第 406 行.
[ 2017-08-25T09:24:08+08:00 ] /Loan/index | NOTIC: [8192] preg_replace(): The /e modifier is deprecated, use preg_replace_callback instead ThinkTemplate.class.php 第 406 行.
[ 2017-08-25T09:24:08+08:00 ] /Loan/index | NOTIC: [8192] preg_replace(): The /e modifier is deprecated, use preg_replace_callback instead ThinkTemplate.class.php 第 406 行.
[ 2017-08-25T09:24:08+08:00 ] /Loan/index | NOTIC: [8192] preg_replace(): The /e modifier is deprecated, use preg_replace_callback instead ThinkTemplate.class.php 第 406 行.
[ 2017-08-25T09:24:08+08:00 ] /Loan/index | NOTIC: [8192] preg_replace(): The /e modifier is deprecated, use preg_replace_callback instead ThinkTemplate.class.php 第 406 行.
[ 2017-08-25T09:24:08+08:00 ] /Loan/index | NOTIC: [8192] preg_replace(): The /e modifier is deprecated, use preg_replace_callback instead ThinkTemplate.class.php 第 406 行.
[ 2017-08-25T09:24:08+08:00 ] /Loan/index | NOTIC: [8192] preg_replace(): The /e modifier is deprecated, use preg_replace_callback instead ThinkTemplate.class.php 第 406 行.
[ 2017-08-25T09:24:08+08:00 ] /Loan/index | NOTIC: [8192] preg_replace(): The /e modifier is deprecated, use preg_replace_callback instead ThinkTemplate.class.php 第 406 行.
[ 2017-08-25T09:24:08+08:00 ] /Loan/index | NOTIC: [8192] preg_replace(): The /e modifier is deprecated, use preg_replace_callback instead ThinkTemplate.class.php 第 406 行.
[ 2017-08-25T09:24:08+08:00 ] /Loan/index | NOTIC: [8192] preg_replace(): The /e modifier is deprecated, use preg_replace_callback instead ThinkTemplate.class.php 第 406 行.
[ 2017-08-25T09:24:08+08:00 ] /Loan/index | NOTIC: [8192] preg_replace(): The /e modifier is deprecated, use preg_replace_callback instead ThinkTemplate.class.php 第 406 行.
[ 2017-08-25T09:24:08+08:00 ] /Loan/index | NOTIC: [8192] preg_replace(): The /e modifier is deprecated, use preg_replace_callback instead ThinkTemplate.class.php 第 406 行.
[ 2017-08-25T09:24:08+08:00 ] /Loan/index | NOTIC: [8192] preg_replace(): The /e modifier is deprecated, use preg_replace_callback instead ThinkTemplate.class.php 第 406 行.
[ 2017-08-25T09:24:08+08:00 ] /Loan/index | NOTIC: [8192] preg_replace(): The /e modifier is deprecated, use preg_replace_callback instead ThinkTemplate.class.php 第 406 行.
[ 2017-08-25T09:24:08+08:00 ] /Loan/index | NOTIC: [8192] preg_replace(): The /e modifier is deprecated, use preg_replace_callback instead ThinkTemplate.class.php 第 406 行.
[ 2017-08-25T09:24:08+08:00 ] /Loan/index | NOTIC: [8192] preg_replace(): The /e modifier is deprecated, use preg_replace_callback instead ThinkTemplate.class.php 第 406 行.
[ 2017-08-25T09:24:08+08:00 ] /Loan/index | NOTIC: [8192] preg_replace(): The /e modifier is deprecated, use preg_replace_callback instead ThinkTemplate.class.php 第 406 行.
[ 2017-08-25T09:24:08+08:00 ] /Loan/index | NOTIC: [8192] preg_replace(): The /e modifier is deprecated, use preg_replace_callback instead ThinkTemplate.class.php 第 406 行.
[ 2017-08-25T09:24:08+08:00 ] /Loan/index | NOTIC: [8192] preg_replace(): The /e modifier is deprecated, use preg_replace_callback instead ThinkTemplate.class.php 第 406 行.
[ 2017-08-25T09:24:08+08:00 ] /Loan/index | NOTIC: [8192] preg_replace(): The /e modifier is deprecated, use preg_replace_callback instead ThinkTemplate.class.php 第 406 行.
[ 2017-08-25T09:24:08+08:00 ] /Loan/index | NOTIC: [8192] preg_replace(): The /e modifier is deprecated, use preg_replace_callback instead ThinkTemplate.class.php 第 406 行.
[ 2017-08-25T09:24:08+08:00 ] /Loan/index | NOTIC: [8192] preg_replace(): The /e modifier is deprecated, use preg_replace_callback instead ThinkTemplate.class.php 第 406 行.
[ 2017-08-25T09:24:08+08:00 ] /Loan/index | NOTIC: [8192] preg_replace(): The /e modifier is deprecated, use preg_replace_callback instead ThinkTemplate.class.php 第 406 行.
[ 2017-08-25T09:24:08+08:00 ] /Loan/index | NOTIC: [8192] preg_replace(): The /e modifier is deprecated, use preg_replace_callback instead ThinkTemplate.class.php 第 406 行.
[ 2017-08-25T09:24:08+08:00 ] /Loan/index | NOTIC: [8192] preg_replace(): The /e modifier is deprecated, use preg_replace_callback instead ThinkTemplate.class.php 第 406 行.
[ 2017-08-25T09:24:08+08:00 ] /Loan/index | NOTIC: [8192] preg_replace(): The /e modifier is deprecated, use preg_replace_callback instead ThinkTemplate.class.php 第 406 行.
[ 2017-08-25T09:24:08+08:00 ] /Loan/index | NOTIC: [8192] preg_replace(): The /e modifier is deprecated, use preg_replace_callback instead ThinkTemplate.class.php 第 406 行.
[ 2017-08-25T09:24:08+08:00 ] /Loan/index | NOTIC: [8192] preg_replace(): The /e modifier is deprecated, use preg_replace_callback instead ThinkTemplate.class.php 第 406 行.
[ 2017-08-25T09:24:08+08:00 ] /Loan/index | NOTIC: [8192] preg_replace(): The /e modifier is deprecated, use preg_replace_callback instead ThinkTemplate.class.php 第 406 行.
[ 2017-08-25T09:24:08+08:00 ] /Loan/index | NOTIC: [8192] preg_replace(): The /e modifier is deprecated, use preg_replace_callback instead ThinkTemplate.class.php 第 406 行.
[ 2017-08-25T09:24:08+08:00 ] /Loan/index | NOTIC: [8192] preg_replace(): The /e modifier is deprecated, use preg_replace_callback instead ThinkTemplate.class.php 第 406 行.
[ 2017-08-25T09:24:08+08:00 ] /Loan/index | NOTIC: [8192] preg_replace(): The /e modifier is deprecated, use preg_replace_callback instead ThinkTemplate.class.php 第 406 行.
[ 2017-08-25T09:24:08+08:00 ] /Loan/index | NOTIC: [8192] preg_replace(): The /e modifier is deprecated, use preg_replace_callback instead ThinkTemplate.class.php 第 406 行.
[ 2017-08-25T09:24:08+08:00 ] /Loan/index | NOTIC: [8192] preg_replace(): The /e modifier is deprecated, use preg_replace_callback instead ThinkTemplate.class.php 第 406 行.
[ 2017-08-25T09:24:08+08:00 ] /Loan/index | NOTIC: [8192] preg_replace(): The /e modifier is deprecated, use preg_replace_callback instead ThinkTemplate.class.php 第 406 行.
[ 2017-08-25T09:24:08+08:00 ] /Loan/index | NOTIC: [8192] preg_replace(): The /e modifier is deprecated, use preg_replace_callback instead ThinkTemplate.class.php 第 406 行.
[ 2017-08-25T09:24:08+08:00 ] /Loan/index | NOTIC: [8192] preg_replace(): The /e modifier is deprecated, use preg_replace_callback instead ThinkTemplate.class.php 第 406 行.
[ 2017-08-25T09:24:08+08:00 ] /Loan/index | NOTIC: [8192] preg_replace(): The /e modifier is deprecated, use preg_replace_callback instead ThinkTemplate.class.php 第 406 行.
[ 2017-08-25T09:24:08+08:00 ] /Loan/index | NOTIC: [8192] preg_replace(): The /e modifier is deprecated, use preg_replace_callback instead ThinkTemplate.class.php 第 406 行.
[ 2017-08-25T09:24:08+08:00 ] /Loan/index | NOTIC: [8192] preg_replace(): The /e modifier is deprecated, use preg_replace_callback instead ThinkTemplate.class.php 第 406 行.
[ 2017-08-25T09:24:08+08:00 ] /Loan/index | NOTIC: [8192] preg_replace(): The /e modifier is deprecated, use preg_replace_callback instead ThinkTemplate.class.php 第 406 行.
[ 2017-08-25T09:24:08+08:00 ] /Loan/index | NOTIC: [8192] preg_replace(): The /e modifier is deprecated, use preg_replace_callback instead ThinkTemplate.class.php 第 406 行.
[ 2017-08-25T09:24:08+08:00 ] /Loan/index | NOTIC: [8192] preg_replace(): The /e modifier is deprecated, use preg_replace_callback instead ThinkTemplate.class.php 第 406 行.
[ 2017-08-25T09:24:08+08:00 ] /Loan/index | NOTIC: [8192] preg_replace(): The /e modifier is deprecated, use preg_replace_callback instead ThinkTemplate.class.php 第 406 行.
[ 2017-08-25T09:24:08+08:00 ] /Loan/index | NOTIC: [8192] preg_replace(): The /e modifier is deprecated, use preg_replace_callback instead ThinkTemplate.class.php 第 406 行.
[ 2017-08-25T09:24:08+08:00 ] /Loan/index | NOTIC: [8192] preg_replace(): The /e modifier is deprecated, use preg_replace_callback instead ThinkTemplate.class.php 第 406 行.
[ 2017-08-25T09:24:08+08:00 ] /Loan/index | NOTIC: [8192] preg_replace(): The /e modifier is deprecated, use preg_replace_callback instead ThinkTemplate.class.php 第 406 行.
[ 2017-08-25T09:24:08+08:00 ] /Loan/index | NOTIC: [8192] preg_replace(): The /e modifier is deprecated, use preg_replace_callback instead ThinkTemplate.class.php 第 406 行.
[ 2017-08-25T09:24:08+08:00 ] /Loan/index | NOTIC: [8192] preg_replace(): The /e modifier is deprecated, use preg_replace_callback instead ThinkTemplate.class.php 第 406 行.
[ 2017-08-25T09:24:08+08:00 ] /Loan/index | NOTIC: [8192] preg_replace(): The /e modifier is deprecated, use preg_replace_callback instead ThinkTemplate.class.php 第 406 行.
[ 2017-08-25T09:24:08+08:00 ] /Loan/index | NOTIC: [8192] preg_replace(): The /e modifier is deprecated, use preg_replace_callback instead ThinkTemplate.class.php 第 406 行.
[ 2017-08-25T09:24:08+08:00 ] /Loan/index | NOTIC: [8192] preg_replace(): The /e modifier is deprecated, use preg_replace_callback instead ThinkTemplate.class.php 第 406 行.
[ 2017-08-25T09:24:08+08:00 ] /Loan/index | NOTIC: [8192] preg_replace(): The /e modifier is deprecated, use preg_replace_callback instead ThinkTemplate.class.php 第 406 行.
[ 2017-08-25T09:24:08+08:00 ] /Loan/index | NOTIC: [8192] preg_replace(): The /e modifier is deprecated, use preg_replace_callback instead ThinkTemplate.class.php 第 406 行.
[ 2017-08-25T09:24:08+08:00 ] /Loan/index | NOTIC: [8192] preg_replace(): The /e modifier is deprecated, use preg_replace_callback instead ThinkTemplate.class.php 第 406 行.
[ 2017-08-25T09:24:08+08:00 ] /Loan/index | NOTIC: [8192] preg_replace(): The /e modifier is deprecated, use preg_replace_callback instead ThinkTemplate.class.php 第 406 行.
[ 2017-08-25T09:24:08+08:00 ] /Loan/index | NOTIC: [8192] preg_replace(): The /e modifier is deprecated, use preg_replace_callback instead ThinkTemplate.class.php 第 406 行.
[ 2017-08-25T09:24:08+08:00 ] /Loan/index | NOTIC: [8192] preg_replace(): The /e modifier is deprecated, use preg_replace_callback instead ThinkTemplate.class.php 第 406 行.
[ 2017-08-25T09:24:08+08:00 ] /Loan/index | NOTIC: [8192] preg_replace(): The /e modifier is deprecated, use preg_replace_callback instead ThinkTemplate.class.php 第 406 行.
[ 2017-08-25T09:24:08+08:00 ] /Loan/index | NOTIC: [8192] preg_replace(): The /e modifier is deprecated, use preg_replace_callback instead ThinkTemplate.class.php 第 406 行.
[ 2017-08-25T09:24:08+08:00 ] /Loan/index | NOTIC: [8192] preg_replace(): The /e modifier is deprecated, use preg_replace_callback instead ThinkTemplate.class.php 第 406 行.
[ 2017-08-25T09:24:08+08:00 ] /Loan/index | NOTIC: [8192] preg_replace(): The /e modifier is deprecated, use preg_replace_callback instead ThinkTemplate.class.php 第 402 行.
[ 2017-08-25T09:24:08+08:00 ] /Loan/index | NOTIC: [8192] preg_replace(): The /e modifier is deprecated, use preg_replace_callback instead ThinkTemplate.class.php 第 402 行.
[ 2017-08-25T09:24:08+08:00 ] /Loan/index | NOTIC: [8192] preg_replace(): The /e modifier is deprecated, use preg_replace_callback instead ThinkTemplate.class.php 第 402 行.
[ 2017-08-25T09:24:08+08:00 ] /Loan/index | NOTIC: [8192] preg_replace(): The /e modifier is deprecated, use preg_replace_callback instead ThinkTemplate.class.php 第 402 行.
[ 2017-08-25T09:24:08+08:00 ] /Loan/index | NOTIC: [8192] preg_replace(): The /e modifier is deprecated, use preg_replace_callback instead ThinkTemplate.class.php 第 402 行.
[ 2017-08-25T09:24:08+08:00 ] /Loan/index | NOTIC: [8192] preg_replace(): The /e modifier is deprecated, use preg_replace_callback instead ThinkTemplate.class.php 第 402 行.
[ 2017-08-25T09:24:08+08:00 ] /Loan/index | NOTIC: [8192] preg_replace(): The /e modifier is deprecated, use preg_replace_callback instead ThinkTemplate.class.php 第 406 行.
[ 2017-08-25T09:24:08+08:00 ] /Loan/index | NOTIC: [8192] preg_replace(): The /e modifier is deprecated, use preg_replace_callback instead ThinkTemplate.class.php 第 406 行.
[ 2017-08-25T09:24:08+08:00 ] /Loan/index | NOTIC: [8192] preg_replace(): The /e modifier is deprecated, use preg_replace_callback instead ThinkTemplate.class.php 第 406 行.
[ 2017-08-25T09:24:08+08:00 ] /Loan/index | NOTIC: [8192] preg_replace(): The /e modifier is deprecated, use preg_replace_callback instead ThinkTemplate.class.php 第 220 行.
[ 2017-08-25T09:24:08+08:00 ] /Loan/index | NOTIC: [8192] preg_replace(): The /e modifier is deprecated, use preg_replace_callback instead ThinkTemplate.class.php 第 406 行.
[ 2017-08-25T09:24:08+08:00 ] /Loan/index | NOTIC: [8192] preg_replace(): The /e modifier is deprecated, use preg_replace_callback instead ThinkTemplate.class.php 第 406 行.
[ 2017-08-25T09:24:08+08:00 ] /Loan/index | NOTIC: [8192] preg_replace(): The /e modifier is deprecated, use preg_replace_callback instead ThinkTemplate.class.php 第 406 行.
[ 2017-08-25T09:24:08+08:00 ] /Loan/index | NOTIC: [8192] preg_replace(): The /e modifier is deprecated, use preg_replace_callback instead ThinkTemplate.class.php 第 406 行.
[ 2017-08-25T09:24:08+08:00 ] /Loan/index | NOTIC: [8192] preg_replace(): The /e modifier is deprecated, use preg_replace_callback instead ThinkTemplate.class.php 第 402 行.
[ 2017-08-25T09:24:08+08:00 ] /Loan/index | NOTIC: [8192] preg_replace(): The /e modifier is deprecated, use preg_replace_callback instead ThinkTemplate.class.php 第 402 行.
[ 2017-08-25T09:24:08+08:00 ] /Loan/index | NOTIC: [8192] preg_replace(): The /e modifier is deprecated, use preg_replace_callback instead ThinkTemplate.class.php 第 406 行.
[ 2017-08-25T09:24:08+08:00 ] /Loan/index | NOTIC: [8192] preg_replace(): The /e modifier is deprecated, use preg_replace_callback instead ThinkTemplate.class.php 第 406 行.
[ 2017-08-25T09:24:08+08:00 ] /Loan/index | NOTIC: [8192] preg_replace(): The /e modifier is deprecated, use preg_replace_callback instead ThinkTemplate.class.php 第 406 行.
[ 2017-08-25T09:24:08+08:00 ] /Loan/index | NOTIC: [8192] preg_replace(): The /e modifier is deprecated, use preg_replace_callback instead ThinkTemplate.class.php 第 402 行.
[ 2017-08-25T09:24:08+08:00 ] /Loan/index | NOTIC: [8192] preg_replace(): The /e modifier is deprecated, use preg_replace_callback instead ThinkTemplate.class.php 第 406 行.
[ 2017-08-25T09:24:08+08:00 ] /Loan/index | NOTIC: [8192] preg_replace(): The /e modifier is deprecated, use preg_replace_callback instead ThinkTemplate.class.php 第 406 行.
[ 2017-08-25T09:24:08+08:00 ] /Loan/index | NOTIC: [8192] preg_replace(): The /e modifier is deprecated, use preg_replace_callback instead ThinkTemplate.class.php 第 406 行.
[ 2017-08-25T09:24:08+08:00 ] /Loan/index | NOTIC: [8192] preg_replace(): The /e modifier is deprecated, use preg_replace_callback instead ThinkTemplate.class.php 第 406 行.
[ 2017-08-25T09:24:08+08:00 ] /Loan/index | NOTIC: [8192] preg_replace(): The /e modifier is deprecated, use preg_replace_callback instead ThinkTemplate.class.php 第 406 行.
[ 2017-08-25T09:24:08+08:00 ] /Loan/index | NOTIC: [8192] preg_replace(): The /e modifier is deprecated, use preg_replace_callback instead ThinkTemplate.class.php 第 406 行.
[ 2017-08-25T09:24:08+08:00 ] /Loan/index | NOTIC: [8192] preg_replace(): The /e modifier is deprecated, use preg_replace_callback instead ThinkTemplate.class.php 第 406 行.
[ 2017-08-25T09:24:08+08:00 ] /Loan/index | NOTIC: [8192] preg_replace(): The /e modifier is deprecated, use preg_replace_callback instead ThinkTemplate.class.php 第 406 行.
[ 2017-08-25T09:24:08+08:00 ] /Loan/index | NOTIC: [8192] preg_replace(): The /e modifier is deprecated, use preg_replace_callback instead ThinkTemplate.class.php 第 406 行.
[ 2017-08-25T09:24:08+08:00 ] /Loan/index | NOTIC: [8192] preg_replace(): The /e modifier is deprecated, use preg_replace_callback instead ThinkTemplate.class.php 第 406 行.
[ 2017-08-25T09:24:08+08:00 ] /Loan/index | NOTIC: [8192] preg_replace(): The /e modifier is deprecated, use preg_replace_callback instead ThinkTemplate.class.php 第 406 行.
[ 2017-08-25T09:24:08+08:00 ] /Loan/index | NOTIC: [8192] preg_replace(): The /e modifier is deprecated, use preg_replace_callback instead ThinkTemplate.class.php 第 406 行.
[ 2017-08-25T09:24:08+08:00 ] /Loan/index | NOTIC: [8192] preg_replace(): The /e modifier is deprecated, use preg_replace_callback instead ThinkTemplate.class.php 第 406 行.
[ 2017-08-25T09:24:08+08:00 ] /Loan/index | NOTIC: [8192] preg_replace(): The /e modifier is deprecated, use preg_replace_callback instead ThinkTemplate.class.php 第 406 行.
[ 2017-08-25T09:24:08+08:00 ] /Loan/index | NOTIC: [8192] preg_replace(): The /e modifier is deprecated, use preg_replace_callback instead ThinkTemplate.class.php 第 406 行.
[ 2017-08-25T09:24:08+08:00 ] /Loan/index | NOTIC: [8192] preg_replace(): The /e modifier is deprecated, use preg_replace_callback instead ThinkTemplate.class.php 第 406 行.
[ 2017-08-25T09:24:08+08:00 ] /Loan/index | NOTIC: [8192] preg_replace(): The /e modifier is deprecated, use preg_replace_callback instead ThinkTemplate.class.php 第 406 行.
[ 2017-08-25T09:24:08+08:00 ] /Loan/index | NOTIC: [8192] preg_replace(): The /e modifier is deprecated, use preg_replace_callback instead ThinkTemplate.class.php 第 406 行.
[ 2017-08-25T09:24:08+08:00 ] /Loan/index | NOTIC: [8192] preg_replace(): The /e modifier is deprecated, use preg_replace_callback instead ThinkTemplate.class.php 第 406 行.
[ 2017-08-25T09:24:08+08:00 ] /Loan/index | NOTIC: [8192] preg_replace(): The /e modifier is deprecated, use preg_replace_callback instead ThinkTemplate.class.php 第 406 行.
[ 2017-08-25T09:24:08+08:00 ] /Loan/index | NOTIC: [8192] preg_replace(): The /e modifier is deprecated, use preg_replace_callback instead ThinkTemplate.class.php 第 406 行.
[ 2017-08-25T09:24:08+08:00 ] /Loan/index | NOTIC: [8192] preg_replace(): The /e modifier is deprecated, use preg_replace_callback instead ThinkTemplate.class.php 第 406 行.
[ 2017-08-25T09:24:08+08:00 ] /Loan/index | NOTIC: [8192] preg_replace(): The /e modifier is deprecated, use preg_replace_callback instead ThinkTemplate.class.php 第 406 行.
[ 2017-08-25T09:24:08+08:00 ] /Loan/index | NOTIC: [8192] preg_replace(): The /e modifier is deprecated, use preg_replace_callback instead ThinkTemplate.class.php 第 406 行.
[ 2017-08-25T09:24:08+08:00 ] /Loan/index | NOTIC: [8192] preg_replace(): The /e modifier is deprecated, use preg_replace_callback instead ThinkTemplate.class.php 第 406 行.
[ 2017-08-25T09:24:08+08:00 ] /Loan/index | NOTIC: [8192] preg_replace(): The /e modifier is deprecated, use preg_replace_callback instead ThinkTemplate.class.php 第 406 行.
[ 2017-08-25T09:24:08+08:00 ] /Loan/index | NOTIC: [8192] preg_replace(): The /e modifier is deprecated, use preg_replace_callback instead ThinkTemplate.class.php 第 406 行.
[ 2017-08-25T09:24:08+08:00 ] /Loan/index | NOTIC: [8192] preg_replace(): The /e modifier is deprecated, use preg_replace_callback instead ThinkTemplate.class.php 第 406 行.
[ 2017-08-25T09:24:08+08:00 ] /Loan/index | NOTIC: [8192] preg_replace(): The /e modifier is deprecated, use preg_replace_callback instead ThinkTemplate.class.php 第 406 行.
[ 2017-08-25T09:24:08+08:00 ] /Loan/index | NOTIC: [8192] preg_replace(): The /e modifier is deprecated, use preg_replace_callback instead ThinkTemplate.class.php 第 406 行.
[ 2017-08-25T09:24:08+08:00 ] /Loan/index | NOTIC: [8192] preg_replace(): The /e modifier is deprecated, use preg_replace_callback instead ThinkTemplate.class.php 第 406 行.
[ 2017-08-25T09:24:08+08:00 ] /Loan/index | NOTIC: [8192] preg_replace(): The /e modifier is deprecated, use preg_replace_callback instead ThinkTemplate.class.php 第 406 行.
[ 2017-08-25T09:24:08+08:00 ] /Loan/index | NOTIC: [8192] preg_replace(): The /e modifier is deprecated, use preg_replace_callback instead ThinkTemplate.class.php 第 406 行.
[ 2017-08-25T09:24:08+08:00 ] /Loan/index | NOTIC: [8192] preg_replace(): The /e modifier is deprecated, use preg_replace_callback instead ThinkTemplate.class.php 第 406 行.
[ 2017-08-25T09:24:08+08:00 ] /Loan/index | NOTIC: [8192] preg_replace(): The /e modifier is deprecated, use preg_replace_callback instead ThinkTemplate.class.php 第 406 行.
[ 2017-08-25T09:24:08+08:00 ] /Loan/index | NOTIC: [8192] preg_replace(): The /e modifier is deprecated, use preg_replace_callback instead ThinkTemplate.class.php 第 406 行.
[ 2017-08-25T09:24:08+08:00 ] /Loan/index | NOTIC: [8192] preg_replace(): The /e modifier is deprecated, use preg_replace_callback instead ThinkTemplate.class.php 第 406 行.
[ 2017-08-25T09:24:08+08:00 ] /Loan/index | NOTIC: [8192] preg_replace(): The /e modifier is deprecated, use preg_replace_callback instead ThinkTemplate.class.php 第 406 行.
[ 2017-08-25T09:24:08+08:00 ] /Loan/index | NOTIC: [8192] preg_replace(): The /e modifier is deprecated, use preg_replace_callback instead ThinkTemplate.class.php 第 406 行.
[ 2017-08-25T09:24:08+08:00 ] /Loan/index | NOTIC: [8192] preg_replace(): The /e modifier is deprecated, use preg_replace_callback instead ThinkTemplate.class.php 第 406 行.
[ 2017-08-25T09:24:08+08:00 ] /Loan/index | NOTIC: [8192] preg_replace(): The /e modifier is deprecated, use preg_replace_callback instead ThinkTemplate.class.php 第 406 行.
[ 2017-08-25T09:24:08+08:00 ] /Loan/index | NOTIC: [8192] preg_replace(): The /e modifier is deprecated, use preg_replace_callback instead ThinkTemplate.class.php 第 406 行.
[ 2017-08-25T09:24:08+08:00 ] /Loan/index | NOTIC: [8192] preg_replace(): The /e modifier is deprecated, use preg_replace_callback instead ThinkTemplate.class.php 第 406 行.
[ 2017-08-25T09:24:08+08:00 ] /Loan/index | NOTIC: [8192] preg_replace(): The /e modifier is deprecated, use preg_replace_callback instead ThinkTemplate.class.php 第 406 行.
[ 2017-08-25T09:24:08+08:00 ] /Loan/index | NOTIC: [8192] preg_replace(): The /e modifier is deprecated, use preg_replace_callback instead ThinkTemplate.class.php 第 406 行.
[ 2017-08-25T09:24:08+08:00 ] /Loan/index | NOTIC: [8192] preg_replace(): The /e modifier is deprecated, use preg_replace_callback instead ThinkTemplate.class.php 第 406 行.
[ 2017-08-25T09:24:08+08:00 ] /Loan/index | NOTIC: [8192] preg_replace(): The /e modifier is deprecated, use preg_replace_callback instead ThinkTemplate.class.php 第 406 行.
[ 2017-08-25T09:24:08+08:00 ] /Loan/index | NOTIC: [8192] preg_replace(): The /e modifier is deprecated, use preg_replace_callback instead ThinkTemplate.class.php 第 406 行.
[ 2017-08-25T09:24:08+08:00 ] /Loan/index | NOTIC: [8192] preg_replace(): The /e modifier is deprecated, use preg_replace_callback instead ThinkTemplate.class.php 第 406 行.
[ 2017-08-25T09:24:08+08:00 ] /Loan/index | NOTIC: [8192] preg_replace(): The /e modifier is deprecated, use preg_replace_callback instead ThinkTemplate.class.php 第 406 行.
[ 2017-08-25T09:24:08+08:00 ] /Loan/index | NOTIC: [8192] preg_replace(): The /e modifier is deprecated, use preg_replace_callback instead ThinkTemplate.class.php 第 406 行.
[ 2017-08-25T09:24:08+08:00 ] /Loan/index | NOTIC: [8192] preg_replace(): The /e modifier is deprecated, use preg_replace_callback instead ThinkTemplate.class.php 第 406 行.
[ 2017-08-25T09:24:08+08:00 ] /Loan/index | NOTIC: [8192] preg_replace(): The /e modifier is deprecated, use preg_replace_callback instead ThinkTemplate.class.php 第 406 行.
[ 2017-08-25T09:24:08+08:00 ] /Loan/index | NOTIC: [8192] preg_replace(): The /e modifier is deprecated, use preg_replace_callback instead ThinkTemplate.class.php 第 406 行.
[ 2017-08-25T09:24:08+08:00 ] /Loan/index | NOTIC: [8192] preg_replace(): The /e modifier is deprecated, use preg_replace_callback instead ThinkTemplate.class.php 第 406 行.
[ 2017-08-25T09:24:08+08:00 ] /Loan/index | NOTIC: [8192] preg_replace(): The /e modifier is deprecated, use preg_replace_callback instead ThinkTemplate.class.php 第 406 行.
[ 2017-08-25T09:24:08+08:00 ] /Loan/index | NOTIC: [8192] preg_replace(): The /e modifier is deprecated, use preg_replace_callback instead ThinkTemplate.class.php 第 406 行.
[ 2017-08-25T09:24:08+08:00 ] /Loan/index | NOTIC: [8192] preg_replace(): The /e modifier is deprecated, use preg_replace_callback instead ThinkTemplate.class.php 第 406 行.
[ 2017-08-25T09:24:08+08:00 ] /Loan/index | NOTIC: [8192] preg_replace(): The /e modifier is deprecated, use preg_replace_callback instead ThinkTemplate.class.php 第 406 行.
[ 2017-08-25T09:24:08+08:00 ] /Loan/index | NOTIC: [8192] preg_replace(): The /e modifier is deprecated, use preg_replace_callback instead ThinkTemplate.class.php 第 406 行.
[ 2017-08-25T09:24:08+08:00 ] /Loan/index | NOTIC: [8192] preg_replace(): The /e modifier is deprecated, use preg_replace_callback instead ThinkTemplate.class.php 第 406 行.
[ 2017-08-25T09:24:08+08:00 ] /Loan/index | NOTIC: [8192] preg_replace(): The /e modifier is deprecated, use preg_replace_callback instead ThinkTemplate.class.php 第 406 行.
[ 2017-08-25T09:24:08+08:00 ] /Loan/index | NOTIC: [8192] preg_replace(): The /e modifier is deprecated, use preg_replace_callback instead ThinkTemplate.class.php 第 406 行.
[ 2017-08-25T09:24:08+08:00 ] /Loan/index | NOTIC: [8192] preg_replace(): The /e modifier is deprecated, use preg_replace_callback instead ThinkTemplate.class.php 第 406 行.
[ 2017-08-25T09:24:08+08:00 ] /Loan/index | NOTIC: [8192] preg_replace(): The /e modifier is deprecated, use preg_replace_callback instead ThinkTemplate.class.php 第 406 行.
[ 2017-08-25T09:24:08+08:00 ] /Loan/index | NOTIC: [8192] preg_replace(): The /e modifier is deprecated, use preg_replace_callback instead ThinkTemplate.class.php 第 406 行.
[ 2017-08-25T09:24:08+08:00 ] /Loan/index | NOTIC: [8192] preg_replace(): The /e modifier is deprecated, use preg_replace_callback instead ThinkTemplate.class.php 第 402 行.
[ 2017-08-25T09:24:08+08:00 ] /Loan/index | NOTIC: [8192] preg_replace(): The /e modifier is deprecated, use preg_replace_callback instead ThinkTemplate.class.php 第 402 行.
[ 2017-08-25T09:24:08+08:00 ] /Loan/index | NOTIC: [8192] preg_replace(): The /e modifier is deprecated, use preg_replace_callback instead ThinkTemplate.class.php 第 402 行.
[ 2017-08-25T09:24:08+08:00 ] /Loan/index | NOTIC: [8192] preg_replace(): The /e modifier is deprecated, use preg_replace_callback instead ThinkTemplate.class.php 第 402 行.
[ 2017-08-25T09:24:08+08:00 ] /Loan/index | NOTIC: [8192] preg_replace(): The /e modifier is deprecated, use preg_replace_callback instead ThinkTemplate.class.php 第 402 行.
[ 2017-08-25T09:24:08+08:00 ] /Loan/index | NOTIC: [8192] preg_replace(): The /e modifier is deprecated, use preg_replace_callback instead ThinkTemplate.class.php 第 402 行.
[ 2017-08-25T09:24:08+08:00 ] /Loan/index | NOTIC: [8192] preg_replace(): The /e modifier is deprecated, use preg_replace_callback instead ThinkTemplate.class.php 第 406 行.
[ 2017-08-25T09:24:08+08:00 ] /Loan/index | NOTIC: [8192] preg_replace(): The /e modifier is deprecated, use preg_replace_callback instead ThinkTemplate.class.php 第 406 行.
[ 2017-08-25T09:24:08+08:00 ] /Loan/index | NOTIC: [8192] preg_replace(): The /e modifier is deprecated, use preg_replace_callback instead ThinkTemplate.class.php 第 406 行.
[ 2017-08-25T09:24:08+08:00 ] /Loan/index | NOTIC: [8192] preg_replace(): The /e modifier is deprecated, use preg_replace_callback instead ThinkTemplate.class.php 第 220 行.
[ 2017-08-25T09:24:08+08:00 ] /Loan/index | NOTIC: [8192] preg_replace(): The /e modifier is deprecated, use preg_replace_callback instead ThinkTemplate.class.php 第 154 行.
[ 2017-08-25T09:24:08+08:00 ] /Loan/index | INFO: Run ParseTemplate Behavior [ RunTime:0.008679s ]
[ 2017-08-25T09:24:08+08:00 ] /Loan/index | INFO: Tag[ view_parse ] --END-- [ RunTime:0.008730s ]
[ 2017-08-25T09:24:08+08:00 ] /Loan/index | INFO: Tag[ view_filter ] --START--
[ 2017-08-25T09:24:08+08:00 ] /Loan/index | INFO: Run ContentReplace Behavior [ RunTime:0.000404s ]
[ 2017-08-25T09:24:08+08:00 ] /Loan/index | INFO: Run TokenBuild Behavior [ RunTime:0.000313s ]
[ 2017-08-25T09:24:08+08:00 ] /Loan/index | INFO: Run WriteHtmlCache Behavior [ RunTime:0.000202s ]
[ 2017-08-25T09:24:08+08:00 ] /Loan/index | INFO: Run ShowRuntime Behavior [ RunTime:0.000281s ]
[ 2017-08-25T09:24:08+08:00 ] /Loan/index | INFO: Tag[ view_filter ] --END-- [ RunTime:0.001293s ]
[ 2017-08-25T09:24:08+08:00 ] /Loan/index | INFO: Tag[ view_end ] --START--
[ 2017-08-25T09:24:08+08:00 ] /Loan/index | INFO: Run ShowPageTrace Behavior [ RunTime:0.000251s ]
[ 2017-08-25T09:24:08+08:00 ] /Loan/index | INFO: Tag[ view_end ] --END-- [ RunTime:0.000274s ]

[ 2017-08-25T09:24:08+08:00 ]  127.0.0.1 /favicon.ico | ERR: (ThinkException) 无法加载模块Favicon.ico
