[ 2017-07-28T09:29:11+08:00 ] 127.0.0.1 /
[ 2017-07-28T09:29:11+08:00 ] / | NOTIC: [8192] preg_replace(): The /e modifier is deprecated, use preg_replace_callback instead common.php 第 66 行.
[ 2017-07-28T09:29:11+08:00 ] / | INFO: Tag[ app_begin ] --START--
[ 2017-07-28T09:29:11+08:00 ] / | INFO: Run ReadHtmlCache Behavior [ RunTime:0.000959s ]
[ 2017-07-28T09:29:11+08:00 ] / | INFO: Tag[ app_begin ] --END-- [ RunTime:0.001369s ]
[ 2017-07-28T09:29:11+08:00 ] / | NOTIC: [8] Undefined variable: system CommonAction.class.php 第 131 行.
[ 2017-07-28T09:29:11+08:00 ] / | NOTIC: [8] Undefined index: token CommonAction.class.php 第 65 行.
[ 2017-07-28T09:29:11+08:00 ] / | INFO: Tag[ view_template ] --START--
[ 2017-07-28T09:29:11+08:00 ] / | INFO: Run LocationTemplate Behavior [ RunTime:0.001214s ]
[ 2017-07-28T09:29:11+08:00 ] / | INFO: Tag[ view_template ] --END-- [ RunTime:0.001247s ]
[ 2017-07-28T09:29:11+08:00 ] / | INFO: Tag[ view_parse ] --START--
[ 2017-07-28T09:29:11+08:00 ] / | NOTIC: [8192] preg_replace(): The /e modifier is deprecated, use preg_replace_callback instead ThinkTemplate.class.php 第 186 行.
[ 2017-07-28T09:29:11+08:00 ] / | NOTIC: [8192] preg_replace(): The /e modifier is deprecated, use preg_replace_callback instead ThinkTemplate.class.php 第 406 行.
[ 2017-07-28T09:29:11+08:00 ] / | NOTIC: [8192] preg_replace(): The /e modifier is deprecated, use preg_replace_callback instead ThinkTemplate.class.php 第 406 行.
[ 2017-07-28T09:29:11+08:00 ] / | NOTIC: [8192] preg_replace(): The /e modifier is deprecated, use preg_replace_callback instead ThinkTemplate.class.php 第 406 行.
[ 2017-07-28T09:29:11+08:00 ] / | NOTIC: [8192] preg_replace(): The /e modifier is deprecated, use preg_replace_callback instead ThinkTemplate.class.php 第 406 行.
[ 2017-07-28T09:29:11+08:00 ] / | NOTIC: [8192] preg_replace(): The /e modifier is deprecated, use preg_replace_callback instead ThinkTemplate.class.php 第 406 行.
[ 2017-07-28T09:29:11+08:00 ] / | NOTIC: [8192] preg_replace(): The /e modifier is deprecated, use preg_replace_callback instead ThinkTemplate.class.php 第 406 行.
[ 2017-07-28T09:29:11+08:00 ] / | NOTIC: [8192] preg_replace(): The /e modifier is deprecated, use preg_replace_callback instead ThinkTemplate.class.php 第 406 行.
[ 2017-07-28T09:29:11+08:00 ] / | NOTIC: [8192] preg_replace(): The /e modifier is deprecated, use preg_replace_callback instead ThinkTemplate.class.php 第 406 行.
[ 2017-07-28T09:29:11+08:00 ] / | NOTIC: [8192] preg_replace(): The /e modifier is deprecated, use preg_replace_callback instead ThinkTemplate.class.php 第 406 行.
[ 2017-07-28T09:29:11+08:00 ] / | NOTIC: [8192] preg_replace(): The /e modifier is deprecated, use preg_replace_callback instead ThinkTemplate.class.php 第 402 行.
[ 2017-07-28T09:29:11+08:00 ] / | NOTIC: [8192] preg_replace(): The /e modifier is deprecated, use preg_replace_callback instead ThinkTemplate.class.php 第 402 行.
[ 2017-07-28T09:29:11+08:00 ] / | NOTIC: [8192] preg_replace(): The /e modifier is deprecated, use preg_replace_callback instead ThinkTemplate.class.php 第 406 行.
[ 2017-07-28T09:29:11+08:00 ] / | NOTIC: [8192] preg_replace(): The /e modifier is deprecated, use preg_replace_callback instead ThinkTemplate.class.php 第 406 行.
[ 2017-07-28T09:29:11+08:00 ] / | NOTIC: [8192] preg_replace(): The /e modifier is deprecated, use preg_replace_callback instead ThinkTemplate.class.php 第 406 行.
[ 2017-07-28T09:29:11+08:00 ] / | NOTIC: [8192] preg_replace(): The /e modifier is deprecated, use preg_replace_callback instead ThinkTemplate.class.php 第 402 行.
[ 2017-07-28T09:29:11+08:00 ] / | NOTIC: [8192] preg_replace(): The /e modifier is deprecated, use preg_replace_callback instead ThinkTemplate.class.php 第 406 行.
[ 2017-07-28T09:29:11+08:00 ] / | NOTIC: [8192] preg_replace(): The /e modifier is deprecated, use preg_replace_callback instead ThinkTemplate.class.php 第 406 行.
[ 2017-07-28T09:29:11+08:00 ] / | NOTIC: [8192] preg_replace(): The /e modifier is deprecated, use preg_replace_callback instead ThinkTemplate.class.php 第 406 行.
[ 2017-07-28T09:29:11+08:00 ] / | NOTIC: [8192] preg_replace(): The /e modifier is deprecated, use preg_replace_callback instead ThinkTemplate.class.php 第 406 行.
[ 2017-07-28T09:29:11+08:00 ] / | NOTIC: [8192] preg_replace(): The /e modifier is deprecated, use preg_replace_callback instead ThinkTemplate.class.php 第 406 行.
[ 2017-07-28T09:29:11+08:00 ] / | NOTIC: [8192] preg_replace(): The /e modifier is deprecated, use preg_replace_callback instead ThinkTemplate.class.php 第 406 行.
[ 2017-07-28T09:29:11+08:00 ] / | NOTIC: [8192] preg_replace(): The /e modifier is deprecated, use preg_replace_callback instead ThinkTemplate.class.php 第 406 行.
[ 2017-07-28T09:29:11+08:00 ] / | NOTIC: [8192] preg_replace(): The /e modifier is deprecated, use preg_replace_callback instead ThinkTemplate.class.php 第 406 行.
[ 2017-07-28T09:29:11+08:00 ] / | NOTIC: [8192] preg_replace(): The /e modifier is deprecated, use preg_replace_callback instead ThinkTemplate.class.php 第 406 行.
[ 2017-07-28T09:29:11+08:00 ] / | NOTIC: [8192] preg_replace(): The /e modifier is deprecated, use preg_replace_callback instead ThinkTemplate.class.php 第 406 行.
[ 2017-07-28T09:29:11+08:00 ] / | NOTIC: [8192] preg_replace(): The /e modifier is deprecated, use preg_replace_callback instead ThinkTemplate.class.php 第 406 行.
[ 2017-07-28T09:29:11+08:00 ] / | NOTIC: [8192] preg_replace(): The /e modifier is deprecated, use preg_replace_callback instead ThinkTemplate.class.php 第 406 行.
[ 2017-07-28T09:29:11+08:00 ] / | NOTIC: [8192] preg_replace(): The /e modifier is deprecated, use preg_replace_callback instead ThinkTemplate.class.php 第 406 行.
[ 2017-07-28T09:29:11+08:00 ] / | NOTIC: [8192] preg_replace(): The /e modifier is deprecated, use preg_replace_callback instead ThinkTemplate.class.php 第 406 行.
[ 2017-07-28T09:29:11+08:00 ] / | NOTIC: [8192] preg_replace(): The /e modifier is deprecated, use preg_replace_callback instead ThinkTemplate.class.php 第 406 行.
[ 2017-07-28T09:29:11+08:00 ] / | NOTIC: [8192] preg_replace(): The /e modifier is deprecated, use preg_replace_callback instead ThinkTemplate.class.php 第 406 行.
[ 2017-07-28T09:29:11+08:00 ] / | NOTIC: [8192] preg_replace(): The /e modifier is deprecated, use preg_replace_callback instead ThinkTemplate.class.php 第 406 行.
[ 2017-07-28T09:29:11+08:00 ] / | NOTIC: [8192] preg_replace(): The /e modifier is deprecated, use preg_replace_callback instead ThinkTemplate.class.php 第 406 行.
[ 2017-07-28T09:29:11+08:00 ] / | NOTIC: [8192] preg_replace(): The /e modifier is deprecated, use preg_replace_callback instead ThinkTemplate.class.php 第 406 行.
[ 2017-07-28T09:29:11+08:00 ] / | NOTIC: [8192] preg_replace(): The /e modifier is deprecated, use preg_replace_callback instead ThinkTemplate.class.php 第 406 行.
[ 2017-07-28T09:29:11+08:00 ] / | NOTIC: [8192] preg_replace(): The /e modifier is deprecated, use preg_replace_callback instead ThinkTemplate.class.php 第 406 行.
[ 2017-07-28T09:29:11+08:00 ] / | NOTIC: [8192] preg_replace(): The /e modifier is deprecated, use preg_replace_callback instead ThinkTemplate.class.php 第 406 行.
[ 2017-07-28T09:29:11+08:00 ] / | NOTIC: [8192] preg_replace(): The /e modifier is deprecated, use preg_replace_callback instead ThinkTemplate.class.php 第 406 行.
[ 2017-07-28T09:29:11+08:00 ] / | NOTIC: [8192] preg_replace(): The /e modifier is deprecated, use preg_replace_callback instead ThinkTemplate.class.php 第 406 行.
[ 2017-07-28T09:29:11+08:00 ] / | NOTIC: [8192] preg_replace(): The /e modifier is deprecated, use preg_replace_callback instead ThinkTemplate.class.php 第 406 行.
[ 2017-07-28T09:29:11+08:00 ] / | NOTIC: [8192] preg_replace(): The /e modifier is deprecated, use preg_replace_callback instead ThinkTemplate.class.php 第 406 行.
[ 2017-07-28T09:29:11+08:00 ] / | NOTIC: [8192] preg_replace(): The /e modifier is deprecated, use preg_replace_callback instead ThinkTemplate.class.php 第 406 行.
[ 2017-07-28T09:29:11+08:00 ] / | NOTIC: [8192] preg_replace(): The /e modifier is deprecated, use preg_replace_callback instead ThinkTemplate.class.php 第 406 行.
[ 2017-07-28T09:29:11+08:00 ] / | NOTIC: [8192] preg_replace(): The /e modifier is deprecated, use preg_replace_callback instead ThinkTemplate.class.php 第 406 行.
[ 2017-07-28T09:29:11+08:00 ] / | NOTIC: [8192] preg_replace(): The /e modifier is deprecated, use preg_replace_callback instead ThinkTemplate.class.php 第 406 行.
[ 2017-07-28T09:29:11+08:00 ] / | NOTIC: [8192] preg_replace(): The /e modifier is deprecated, use preg_replace_callback instead ThinkTemplate.class.php 第 406 行.
[ 2017-07-28T09:29:11+08:00 ] / | NOTIC: [8192] preg_replace(): The /e modifier is deprecated, use preg_replace_callback instead ThinkTemplate.class.php 第 406 行.
[ 2017-07-28T09:29:11+08:00 ] / | NOTIC: [8192] preg_replace(): The /e modifier is deprecated, use preg_replace_callback instead ThinkTemplate.class.php 第 406 行.
[ 2017-07-28T09:29:11+08:00 ] / | NOTIC: [8192] preg_replace(): The /e modifier is deprecated, use preg_replace_callback instead ThinkTemplate.class.php 第 406 行.
[ 2017-07-28T09:29:11+08:00 ] / | NOTIC: [8192] preg_replace(): The /e modifier is deprecated, use preg_replace_callback instead ThinkTemplate.class.php 第 406 行.
[ 2017-07-28T09:29:11+08:00 ] / | NOTIC: [8192] preg_replace(): The /e modifier is deprecated, use preg_replace_callback instead ThinkTemplate.class.php 第 406 行.
[ 2017-07-28T09:29:11+08:00 ] / | NOTIC: [8192] preg_replace(): The /e modifier is deprecated, use preg_replace_callback instead ThinkTemplate.class.php 第 406 行.
[ 2017-07-28T09:29:11+08:00 ] / | NOTIC: [8192] preg_replace(): The /e modifier is deprecated, use preg_replace_callback instead ThinkTemplate.class.php 第 406 行.
[ 2017-07-28T09:29:11+08:00 ] / | NOTIC: [8192] preg_replace(): The /e modifier is deprecated, use preg_replace_callback instead ThinkTemplate.class.php 第 406 行.
[ 2017-07-28T09:29:11+08:00 ] / | NOTIC: [8192] preg_replace(): The /e modifier is deprecated, use preg_replace_callback instead ThinkTemplate.class.php 第 406 行.
[ 2017-07-28T09:29:11+08:00 ] / | NOTIC: [8192] preg_replace(): The /e modifier is deprecated, use preg_replace_callback instead ThinkTemplate.class.php 第 406 行.
[ 2017-07-28T09:29:11+08:00 ] / | NOTIC: [8192] preg_replace(): The /e modifier is deprecated, use preg_replace_callback instead ThinkTemplate.class.php 第 406 行.
[ 2017-07-28T09:29:11+08:00 ] / | NOTIC: [8192] preg_replace(): The /e modifier is deprecated, use preg_replace_callback instead ThinkTemplate.class.php 第 406 行.
[ 2017-07-28T09:29:11+08:00 ] / | NOTIC: [8192] preg_replace(): The /e modifier is deprecated, use preg_replace_callback instead ThinkTemplate.class.php 第 406 行.
[ 2017-07-28T09:29:11+08:00 ] / | NOTIC: [8192] preg_replace(): The /e modifier is deprecated, use preg_replace_callback instead ThinkTemplate.class.php 第 406 行.
[ 2017-07-28T09:29:11+08:00 ] / | NOTIC: [8192] preg_replace(): The /e modifier is deprecated, use preg_replace_callback instead ThinkTemplate.class.php 第 406 行.
[ 2017-07-28T09:29:11+08:00 ] / | NOTIC: [8192] preg_replace(): The /e modifier is deprecated, use preg_replace_callback instead ThinkTemplate.class.php 第 406 行.
[ 2017-07-28T09:29:11+08:00 ] / | NOTIC: [8192] preg_replace(): The /e modifier is deprecated, use preg_replace_callback instead ThinkTemplate.class.php 第 406 行.
[ 2017-07-28T09:29:11+08:00 ] / | NOTIC: [8192] preg_replace(): The /e modifier is deprecated, use preg_replace_callback instead ThinkTemplate.class.php 第 406 行.
[ 2017-07-28T09:29:11+08:00 ] / | NOTIC: [8192] preg_replace(): The /e modifier is deprecated, use preg_replace_callback instead ThinkTemplate.class.php 第 406 行.
[ 2017-07-28T09:29:11+08:00 ] / | NOTIC: [8192] preg_replace(): The /e modifier is deprecated, use preg_replace_callback instead ThinkTemplate.class.php 第 406 行.
[ 2017-07-28T09:29:11+08:00 ] / | NOTIC: [8192] preg_replace(): The /e modifier is deprecated, use preg_replace_callback instead ThinkTemplate.class.php 第 406 行.
[ 2017-07-28T09:29:11+08:00 ] / | NOTIC: [8192] preg_replace(): The /e modifier is deprecated, use preg_replace_callback instead ThinkTemplate.class.php 第 406 行.
[ 2017-07-28T09:29:11+08:00 ] / | NOTIC: [8192] preg_replace(): The /e modifier is deprecated, use preg_replace_callback instead ThinkTemplate.class.php 第 406 行.
[ 2017-07-28T09:29:11+08:00 ] / | NOTIC: [8192] preg_replace(): The /e modifier is deprecated, use preg_replace_callback instead ThinkTemplate.class.php 第 406 行.
[ 2017-07-28T09:29:11+08:00 ] / | NOTIC: [8192] preg_replace(): The /e modifier is deprecated, use preg_replace_callback instead ThinkTemplate.class.php 第 406 行.
[ 2017-07-28T09:29:11+08:00 ] / | NOTIC: [8192] preg_replace(): The /e modifier is deprecated, use preg_replace_callback instead ThinkTemplate.class.php 第 406 行.
[ 2017-07-28T09:29:11+08:00 ] / | NOTIC: [8192] preg_replace(): The /e modifier is deprecated, use preg_replace_callback instead ThinkTemplate.class.php 第 406 行.
[ 2017-07-28T09:29:11+08:00 ] / | NOTIC: [8192] preg_replace(): The /e modifier is deprecated, use preg_replace_callback instead ThinkTemplate.class.php 第 406 行.
[ 2017-07-28T09:29:11+08:00 ] / | NOTIC: [8192] preg_replace(): The /e modifier is deprecated, use preg_replace_callback instead ThinkTemplate.class.php 第 406 行.
[ 2017-07-28T09:29:11+08:00 ] / | NOTIC: [8192] preg_replace(): The /e modifier is deprecated, use preg_replace_callback instead ThinkTemplate.class.php 第 406 行.
[ 2017-07-28T09:29:11+08:00 ] / | NOTIC: [8192] preg_replace(): The /e modifier is deprecated, use preg_replace_callback instead ThinkTemplate.class.php 第 406 行.
[ 2017-07-28T09:29:11+08:00 ] / | NOTIC: [8192] preg_replace(): The /e modifier is deprecated, use preg_replace_callback instead ThinkTemplate.class.php 第 406 行.
[ 2017-07-28T09:29:11+08:00 ] / | NOTIC: [8192] preg_replace(): The /e modifier is deprecated, use preg_replace_callback instead ThinkTemplate.class.php 第 406 行.
[ 2017-07-28T09:29:11+08:00 ] / | NOTIC: [8192] preg_replace(): The /e modifier is deprecated, use preg_replace_callback instead ThinkTemplate.class.php 第 406 行.
[ 2017-07-28T09:29:11+08:00 ] / | NOTIC: [8192] preg_replace(): The /e modifier is deprecated, use preg_replace_callback instead ThinkTemplate.class.php 第 406 行.
[ 2017-07-28T09:29:11+08:00 ] / | NOTIC: [8192] preg_replace(): The /e modifier is deprecated, use preg_replace_callback instead ThinkTemplate.class.php 第 402 行.
[ 2017-07-28T09:29:11+08:00 ] / | NOTIC: [8192] preg_replace(): The /e modifier is deprecated, use preg_replace_callback instead ThinkTemplate.class.php 第 402 行.
[ 2017-07-28T09:29:11+08:00 ] / | NOTIC: [8192] preg_replace(): The /e modifier is deprecated, use preg_replace_callback instead ThinkTemplate.class.php 第 402 行.
[ 2017-07-28T09:29:11+08:00 ] / | NOTIC: [8192] preg_replace(): The /e modifier is deprecated, use preg_replace_callback instead ThinkTemplate.class.php 第 402 行.
[ 2017-07-28T09:29:11+08:00 ] / | NOTIC: [8192] preg_replace(): The /e modifier is deprecated, use preg_replace_callback instead ThinkTemplate.class.php 第 402 行.
[ 2017-07-28T09:29:11+08:00 ] / | NOTIC: [8192] preg_replace(): The /e modifier is deprecated, use preg_replace_callback instead ThinkTemplate.class.php 第 402 行.
[ 2017-07-28T09:29:11+08:00 ] / | NOTIC: [8192] preg_replace(): The /e modifier is deprecated, use preg_replace_callback instead ThinkTemplate.class.php 第 406 行.
[ 2017-07-28T09:29:11+08:00 ] / | NOTIC: [8192] preg_replace(): The /e modifier is deprecated, use preg_replace_callback instead ThinkTemplate.class.php 第 406 行.
[ 2017-07-28T09:29:11+08:00 ] / | NOTIC: [8192] preg_replace(): The /e modifier is deprecated, use preg_replace_callback instead ThinkTemplate.class.php 第 406 行.
[ 2017-07-28T09:29:11+08:00 ] / | NOTIC: [8192] preg_replace(): The /e modifier is deprecated, use preg_replace_callback instead ThinkTemplate.class.php 第 220 行.
[ 2017-07-28T09:29:11+08:00 ] / | NOTIC: [8192] preg_replace(): The /e modifier is deprecated, use preg_replace_callback instead ThinkTemplate.class.php 第 154 行.
[ 2017-07-28T09:29:11+08:00 ] / | INFO: Run ParseTemplate Behavior [ RunTime:0.013140s ]
[ 2017-07-28T09:29:11+08:00 ] / | INFO: Tag[ view_parse ] --END-- [ RunTime:0.013191s ]
[ 2017-07-28T09:29:11+08:00 ] / | INFO: Tag[ view_filter ] --START--
[ 2017-07-28T09:29:11+08:00 ] / | INFO: Run ContentReplace Behavior [ RunTime:0.000579s ]
[ 2017-07-28T09:29:11+08:00 ] / | INFO: Run TokenBuild Behavior [ RunTime:0.000704s ]
[ 2017-07-28T09:29:11+08:00 ] / | INFO: Run WriteHtmlCache Behavior [ RunTime:0.000499s ]
[ 2017-07-28T09:29:11+08:00 ] / | INFO: Run ShowRuntime Behavior [ RunTime:0.000645s ]
[ 2017-07-28T09:29:11+08:00 ] / | INFO: Tag[ view_filter ] --END-- [ RunTime:0.002505s ]
[ 2017-07-28T09:29:11+08:00 ] / | INFO: Tag[ view_end ] --START--
[ 2017-07-28T09:29:11+08:00 ] / | INFO: Run ShowPageTrace Behavior [ RunTime:0.000529s ]
[ 2017-07-28T09:29:11+08:00 ] / | INFO: Tag[ view_end ] --END-- [ RunTime:0.000555s ]

[ 2017-07-28T09:29:11+08:00 ] 127.0.0.1 /Member/Login?redirecturl=%2FIndex%2Findex
[ 2017-07-28T09:29:11+08:00 ] /Member/Login?redirecturl=%2FIndex%2Findex | INFO: Tag[ route_check ] --START--
[ 2017-07-28T09:29:11+08:00 ] /Member/Login?redirecturl=%2FIndex%2Findex | INFO: Run CheckRoute Behavior [ RunTime:0.001318s ]
[ 2017-07-28T09:29:11+08:00 ] /Member/Login?redirecturl=%2FIndex%2Findex | INFO: Tag[ route_check ] --END-- [ RunTime:0.001466s ]
[ 2017-07-28T09:29:11+08:00 ] /Member/Login?redirecturl=%2FIndex%2Findex | NOTIC: [8192] preg_replace(): The /e modifier is deprecated, use preg_replace_callback instead Dispatcher.class.php 第 125 行.
[ 2017-07-28T09:29:11+08:00 ] /Member/Login?redirecturl=%2FIndex%2Findex | NOTIC: [8192] preg_replace(): The /e modifier is deprecated, use preg_replace_callback instead common.php 第 66 行.
[ 2017-07-28T09:29:11+08:00 ] /Member/Login?redirecturl=%2FIndex%2Findex | INFO: Tag[ app_begin ] --START--
[ 2017-07-28T09:29:11+08:00 ] /Member/Login?redirecturl=%2FIndex%2Findex | INFO: Run ReadHtmlCache Behavior [ RunTime:0.000383s ]
[ 2017-07-28T09:29:11+08:00 ] /Member/Login?redirecturl=%2FIndex%2Findex | INFO: Tag[ app_begin ] --END-- [ RunTime:0.000412s ]
[ 2017-07-28T09:29:11+08:00 ] /Member/Login?redirecturl=%2FIndex%2Findex | NOTIC: [8] Undefined variable: system CommonAction.class.php 第 131 行.
[ 2017-07-28T09:29:11+08:00 ] /Member/Login?redirecturl=%2FIndex%2Findex | NOTIC: [8] Undefined index: token CommonAction.class.php 第 65 行.
[ 2017-07-28T09:29:11+08:00 ] /Member/Login?redirecturl=%2FIndex%2Findex | NOTIC: [8] Undefined index: token CommonAction.class.php 第 65 行.
[ 2017-07-28T09:29:11+08:00 ] /Member/Login?redirecturl=%2FIndex%2Findex | INFO: Tag[ view_template ] --START--
[ 2017-07-28T09:29:11+08:00 ] /Member/Login?redirecturl=%2FIndex%2Findex | INFO: Run LocationTemplate Behavior [ RunTime:0.000739s ]
[ 2017-07-28T09:29:11+08:00 ] /Member/Login?redirecturl=%2FIndex%2Findex | INFO: Tag[ view_template ] --END-- [ RunTime:0.000764s ]
[ 2017-07-28T09:29:11+08:00 ] /Member/Login?redirecturl=%2FIndex%2Findex | INFO: Tag[ view_parse ] --START--
[ 2017-07-28T09:29:11+08:00 ] /Member/Login?redirecturl=%2FIndex%2Findex | NOTIC: [8192] preg_replace(): The /e modifier is deprecated, use preg_replace_callback instead ThinkTemplate.class.php 第 186 行.
[ 2017-07-28T09:29:11+08:00 ] /Member/Login?redirecturl=%2FIndex%2Findex | NOTIC: [8192] preg_replace(): The /e modifier is deprecated, use preg_replace_callback instead ThinkTemplate.class.php 第 406 行.
[ 2017-07-28T09:29:11+08:00 ] /Member/Login?redirecturl=%2FIndex%2Findex | NOTIC: [8192] preg_replace(): The /e modifier is deprecated, use preg_replace_callback instead ThinkTemplate.class.php 第 406 行.
[ 2017-07-28T09:29:11+08:00 ] /Member/Login?redirecturl=%2FIndex%2Findex | NOTIC: [8192] preg_replace(): The /e modifier is deprecated, use preg_replace_callback instead ThinkTemplate.class.php 第 406 行.
[ 2017-07-28T09:29:11+08:00 ] /Member/Login?redirecturl=%2FIndex%2Findex | NOTIC: [8192] preg_replace(): The /e modifier is deprecated, use preg_replace_callback instead ThinkTemplate.class.php 第 406 行.
[ 2017-07-28T09:29:11+08:00 ] /Member/Login?redirecturl=%2FIndex%2Findex | NOTIC: [8192] preg_replace(): The /e modifier is deprecated, use preg_replace_callback instead ThinkTemplate.class.php 第 406 行.
[ 2017-07-28T09:29:11+08:00 ] /Member/Login?redirecturl=%2FIndex%2Findex | NOTIC: [8192] preg_replace(): The /e modifier is deprecated, use preg_replace_callback instead ThinkTemplate.class.php 第 406 行.
[ 2017-07-28T09:29:11+08:00 ] /Member/Login?redirecturl=%2FIndex%2Findex | NOTIC: [8192] preg_replace(): The /e modifier is deprecated, use preg_replace_callback instead ThinkTemplate.class.php 第 406 行.
[ 2017-07-28T09:29:11+08:00 ] /Member/Login?redirecturl=%2FIndex%2Findex | NOTIC: [8192] preg_replace(): The /e modifier is deprecated, use preg_replace_callback instead ThinkTemplate.class.php 第 406 行.
[ 2017-07-28T09:29:11+08:00 ] /Member/Login?redirecturl=%2FIndex%2Findex | NOTIC: [8192] preg_replace(): The /e modifier is deprecated, use preg_replace_callback instead ThinkTemplate.class.php 第 406 行.
[ 2017-07-28T09:29:11+08:00 ] /Member/Login?redirecturl=%2FIndex%2Findex | NOTIC: [8192] preg_replace(): The /e modifier is deprecated, use preg_replace_callback instead ThinkTemplate.class.php 第 402 行.
[ 2017-07-28T09:29:11+08:00 ] /Member/Login?redirecturl=%2FIndex%2Findex | NOTIC: [8192] preg_replace(): The /e modifier is deprecated, use preg_replace_callback instead ThinkTemplate.class.php 第 402 行.
[ 2017-07-28T09:29:11+08:00 ] /Member/Login?redirecturl=%2FIndex%2Findex | NOTIC: [8192] preg_replace(): The /e modifier is deprecated, use preg_replace_callback instead ThinkTemplate.class.php 第 406 行.
[ 2017-07-28T09:29:11+08:00 ] /Member/Login?redirecturl=%2FIndex%2Findex | NOTIC: [8192] preg_replace(): The /e modifier is deprecated, use preg_replace_callback instead ThinkTemplate.class.php 第 406 行.
[ 2017-07-28T09:29:11+08:00 ] /Member/Login?redirecturl=%2FIndex%2Findex | NOTIC: [8192] preg_replace(): The /e modifier is deprecated, use preg_replace_callback instead ThinkTemplate.class.php 第 406 行.
[ 2017-07-28T09:29:11+08:00 ] /Member/Login?redirecturl=%2FIndex%2Findex | NOTIC: [8192] preg_replace(): The /e modifier is deprecated, use preg_replace_callback instead ThinkTemplate.class.php 第 402 行.
[ 2017-07-28T09:29:11+08:00 ] /Member/Login?redirecturl=%2FIndex%2Findex | NOTIC: [8192] preg_replace(): The /e modifier is deprecated, use preg_replace_callback instead ThinkTemplate.class.php 第 406 行.
[ 2017-07-28T09:29:11+08:00 ] /Member/Login?redirecturl=%2FIndex%2Findex | NOTIC: [8192] preg_replace(): The /e modifier is deprecated, use preg_replace_callback instead ThinkTemplate.class.php 第 406 行.
[ 2017-07-28T09:29:11+08:00 ] /Member/Login?redirecturl=%2FIndex%2Findex | NOTIC: [8192] preg_replace(): The /e modifier is deprecated, use preg_replace_callback instead ThinkTemplate.class.php 第 406 行.
[ 2017-07-28T09:29:11+08:00 ] /Member/Login?redirecturl=%2FIndex%2Findex | NOTIC: [8192] preg_replace(): The /e modifier is deprecated, use preg_replace_callback instead ThinkTemplate.class.php 第 406 行.
[ 2017-07-28T09:29:11+08:00 ] /Member/Login?redirecturl=%2FIndex%2Findex | NOTIC: [8192] preg_replace(): The /e modifier is deprecated, use preg_replace_callback instead ThinkTemplate.class.php 第 406 行.
[ 2017-07-28T09:29:11+08:00 ] /Member/Login?redirecturl=%2FIndex%2Findex | NOTIC: [8192] preg_replace(): The /e modifier is deprecated, use preg_replace_callback instead ThinkTemplate.class.php 第 406 行.
[ 2017-07-28T09:29:11+08:00 ] /Member/Login?redirecturl=%2FIndex%2Findex | NOTIC: [8192] preg_replace(): The /e modifier is deprecated, use preg_replace_callback instead ThinkTemplate.class.php 第 406 行.
[ 2017-07-28T09:29:11+08:00 ] /Member/Login?redirecturl=%2FIndex%2Findex | NOTIC: [8192] preg_replace(): The /e modifier is deprecated, use preg_replace_callback instead ThinkTemplate.class.php 第 406 行.
[ 2017-07-28T09:29:11+08:00 ] /Member/Login?redirecturl=%2FIndex%2Findex | NOTIC: [8192] preg_replace(): The /e modifier is deprecated, use preg_replace_callback instead ThinkTemplate.class.php 第 406 行.
[ 2017-07-28T09:29:11+08:00 ] /Member/Login?redirecturl=%2FIndex%2Findex | NOTIC: [8192] preg_replace(): The /e modifier is deprecated, use preg_replace_callback instead ThinkTemplate.class.php 第 406 行.
[ 2017-07-28T09:29:11+08:00 ] /Member/Login?redirecturl=%2FIndex%2Findex | NOTIC: [8192] preg_replace(): The /e modifier is deprecated, use preg_replace_callback instead ThinkTemplate.class.php 第 406 行.
[ 2017-07-28T09:29:11+08:00 ] /Member/Login?redirecturl=%2FIndex%2Findex | NOTIC: [8192] preg_replace(): The /e modifier is deprecated, use preg_replace_callback instead ThinkTemplate.class.php 第 406 行.
[ 2017-07-28T09:29:11+08:00 ] /Member/Login?redirecturl=%2FIndex%2Findex | NOTIC: [8192] preg_replace(): The /e modifier is deprecated, use preg_replace_callback instead ThinkTemplate.class.php 第 406 行.
[ 2017-07-28T09:29:11+08:00 ] /Member/Login?redirecturl=%2FIndex%2Findex | NOTIC: [8192] preg_replace(): The /e modifier is deprecated, use preg_replace_callback instead ThinkTemplate.class.php 第 406 行.
[ 2017-07-28T09:29:11+08:00 ] /Member/Login?redirecturl=%2FIndex%2Findex | NOTIC: [8192] preg_replace(): The /e modifier is deprecated, use preg_replace_callback instead ThinkTemplate.class.php 第 406 行.
[ 2017-07-28T09:29:11+08:00 ] /Member/Login?redirecturl=%2FIndex%2Findex | NOTIC: [8192] preg_replace(): The /e modifier is deprecated, use preg_replace_callback instead ThinkTemplate.class.php 第 406 行.
[ 2017-07-28T09:29:11+08:00 ] /Member/Login?redirecturl=%2FIndex%2Findex | NOTIC: [8192] preg_replace(): The /e modifier is deprecated, use preg_replace_callback instead ThinkTemplate.class.php 第 406 行.
[ 2017-07-28T09:29:11+08:00 ] /Member/Login?redirecturl=%2FIndex%2Findex | NOTIC: [8192] preg_replace(): The /e modifier is deprecated, use preg_replace_callback instead ThinkTemplate.class.php 第 406 行.
[ 2017-07-28T09:29:11+08:00 ] /Member/Login?redirecturl=%2FIndex%2Findex | NOTIC: [8192] preg_replace(): The /e modifier is deprecated, use preg_replace_callback instead ThinkTemplate.class.php 第 406 行.
[ 2017-07-28T09:29:11+08:00 ] /Member/Login?redirecturl=%2FIndex%2Findex | NOTIC: [8192] preg_replace(): The /e modifier is deprecated, use preg_replace_callback instead ThinkTemplate.class.php 第 406 行.
[ 2017-07-28T09:29:11+08:00 ] /Member/Login?redirecturl=%2FIndex%2Findex | NOTIC: [8192] preg_replace(): The /e modifier is deprecated, use preg_replace_callback instead ThinkTemplate.class.php 第 406 行.
[ 2017-07-28T09:29:11+08:00 ] /Member/Login?redirecturl=%2FIndex%2Findex | NOTIC: [8192] preg_replace(): The /e modifier is deprecated, use preg_replace_callback instead ThinkTemplate.class.php 第 406 行.
[ 2017-07-28T09:29:11+08:00 ] /Member/Login?redirecturl=%2FIndex%2Findex | NOTIC: [8192] preg_replace(): The /e modifier is deprecated, use preg_replace_callback instead ThinkTemplate.class.php 第 406 行.
[ 2017-07-28T09:29:11+08:00 ] /Member/Login?redirecturl=%2FIndex%2Findex | NOTIC: [8192] preg_replace(): The /e modifier is deprecated, use preg_replace_callback instead ThinkTemplate.class.php 第 406 行.
[ 2017-07-28T09:29:11+08:00 ] /Member/Login?redirecturl=%2FIndex%2Findex | NOTIC: [8192] preg_replace(): The /e modifier is deprecated, use preg_replace_callback instead ThinkTemplate.class.php 第 406 行.
[ 2017-07-28T09:29:11+08:00 ] /Member/Login?redirecturl=%2FIndex%2Findex | NOTIC: [8192] preg_replace(): The /e modifier is deprecated, use preg_replace_callback instead ThinkTemplate.class.php 第 406 行.
[ 2017-07-28T09:29:11+08:00 ] /Member/Login?redirecturl=%2FIndex%2Findex | NOTIC: [8192] preg_replace(): The /e modifier is deprecated, use preg_replace_callback instead ThinkTemplate.class.php 第 406 行.
[ 2017-07-28T09:29:11+08:00 ] /Member/Login?redirecturl=%2FIndex%2Findex | NOTIC: [8192] preg_replace(): The /e modifier is deprecated, use preg_replace_callback instead ThinkTemplate.class.php 第 406 行.
[ 2017-07-28T09:29:11+08:00 ] /Member/Login?redirecturl=%2FIndex%2Findex | NOTIC: [8192] preg_replace(): The /e modifier is deprecated, use preg_replace_callback instead ThinkTemplate.class.php 第 406 行.
[ 2017-07-28T09:29:11+08:00 ] /Member/Login?redirecturl=%2FIndex%2Findex | NOTIC: [8192] preg_replace(): The /e modifier is deprecated, use preg_replace_callback instead ThinkTemplate.class.php 第 406 行.
[ 2017-07-28T09:29:11+08:00 ] /Member/Login?redirecturl=%2FIndex%2Findex | NOTIC: [8192] preg_replace(): The /e modifier is deprecated, use preg_replace_callback instead ThinkTemplate.class.php 第 406 行.
[ 2017-07-28T09:29:11+08:00 ] /Member/Login?redirecturl=%2FIndex%2Findex | NOTIC: [8192] preg_replace(): The /e modifier is deprecated, use preg_replace_callback instead ThinkTemplate.class.php 第 406 行.
[ 2017-07-28T09:29:11+08:00 ] /Member/Login?redirecturl=%2FIndex%2Findex | NOTIC: [8192] preg_replace(): The /e modifier is deprecated, use preg_replace_callback instead ThinkTemplate.class.php 第 406 行.
[ 2017-07-28T09:29:11+08:00 ] /Member/Login?redirecturl=%2FIndex%2Findex | NOTIC: [8192] preg_replace(): The /e modifier is deprecated, use preg_replace_callback instead ThinkTemplate.class.php 第 406 行.
[ 2017-07-28T09:29:11+08:00 ] /Member/Login?redirecturl=%2FIndex%2Findex | NOTIC: [8192] preg_replace(): The /e modifier is deprecated, use preg_replace_callback instead ThinkTemplate.class.php 第 406 行.
[ 2017-07-28T09:29:11+08:00 ] /Member/Login?redirecturl=%2FIndex%2Findex | NOTIC: [8192] preg_replace(): The /e modifier is deprecated, use preg_replace_callback instead ThinkTemplate.class.php 第 406 行.
[ 2017-07-28T09:29:11+08:00 ] /Member/Login?redirecturl=%2FIndex%2Findex | NOTIC: [8192] preg_replace(): The /e modifier is deprecated, use preg_replace_callback instead ThinkTemplate.class.php 第 406 行.
[ 2017-07-28T09:29:11+08:00 ] /Member/Login?redirecturl=%2FIndex%2Findex | NOTIC: [8192] preg_replace(): The /e modifier is deprecated, use preg_replace_callback instead ThinkTemplate.class.php 第 406 行.
[ 2017-07-28T09:29:11+08:00 ] /Member/Login?redirecturl=%2FIndex%2Findex | NOTIC: [8192] preg_replace(): The /e modifier is deprecated, use preg_replace_callback instead ThinkTemplate.class.php 第 406 行.
[ 2017-07-28T09:29:11+08:00 ] /Member/Login?redirecturl=%2FIndex%2Findex | NOTIC: [8192] preg_replace(): The /e modifier is deprecated, use preg_replace_callback instead ThinkTemplate.class.php 第 406 行.
[ 2017-07-28T09:29:11+08:00 ] /Member/Login?redirecturl=%2FIndex%2Findex | NOTIC: [8192] preg_replace(): The /e modifier is deprecated, use preg_replace_callback instead ThinkTemplate.class.php 第 406 行.
[ 2017-07-28T09:29:11+08:00 ] /Member/Login?redirecturl=%2FIndex%2Findex | NOTIC: [8192] preg_replace(): The /e modifier is deprecated, use preg_replace_callback instead ThinkTemplate.class.php 第 406 行.
[ 2017-07-28T09:29:11+08:00 ] /Member/Login?redirecturl=%2FIndex%2Findex | NOTIC: [8192] preg_replace(): The /e modifier is deprecated, use preg_replace_callback instead ThinkTemplate.class.php 第 406 行.
[ 2017-07-28T09:29:11+08:00 ] /Member/Login?redirecturl=%2FIndex%2Findex | NOTIC: [8192] preg_replace(): The /e modifier is deprecated, use preg_replace_callback instead ThinkTemplate.class.php 第 406 行.
[ 2017-07-28T09:29:11+08:00 ] /Member/Login?redirecturl=%2FIndex%2Findex | NOTIC: [8192] preg_replace(): The /e modifier is deprecated, use preg_replace_callback instead ThinkTemplate.class.php 第 406 行.
[ 2017-07-28T09:29:11+08:00 ] /Member/Login?redirecturl=%2FIndex%2Findex | NOTIC: [8192] preg_replace(): The /e modifier is deprecated, use preg_replace_callback instead ThinkTemplate.class.php 第 406 行.
[ 2017-07-28T09:29:11+08:00 ] /Member/Login?redirecturl=%2FIndex%2Findex | NOTIC: [8192] preg_replace(): The /e modifier is deprecated, use preg_replace_callback instead ThinkTemplate.class.php 第 406 行.
[ 2017-07-28T09:29:11+08:00 ] /Member/Login?redirecturl=%2FIndex%2Findex | NOTIC: [8192] preg_replace(): The /e modifier is deprecated, use preg_replace_callback instead ThinkTemplate.class.php 第 406 行.
[ 2017-07-28T09:29:11+08:00 ] /Member/Login?redirecturl=%2FIndex%2Findex | NOTIC: [8192] preg_replace(): The /e modifier is deprecated, use preg_replace_callback instead ThinkTemplate.class.php 第 406 行.
[ 2017-07-28T09:29:11+08:00 ] /Member/Login?redirecturl=%2FIndex%2Findex | NOTIC: [8192] preg_replace(): The /e modifier is deprecated, use preg_replace_callback instead ThinkTemplate.class.php 第 406 行.
[ 2017-07-28T09:29:11+08:00 ] /Member/Login?redirecturl=%2FIndex%2Findex | NOTIC: [8192] preg_replace(): The /e modifier is deprecated, use preg_replace_callback instead ThinkTemplate.class.php 第 406 行.
[ 2017-07-28T09:29:11+08:00 ] /Member/Login?redirecturl=%2FIndex%2Findex | NOTIC: [8192] preg_replace(): The /e modifier is deprecated, use preg_replace_callback instead ThinkTemplate.class.php 第 406 行.
[ 2017-07-28T09:29:11+08:00 ] /Member/Login?redirecturl=%2FIndex%2Findex | NOTIC: [8192] preg_replace(): The /e modifier is deprecated, use preg_replace_callback instead ThinkTemplate.class.php 第 406 行.
[ 2017-07-28T09:29:11+08:00 ] /Member/Login?redirecturl=%2FIndex%2Findex | NOTIC: [8192] preg_replace(): The /e modifier is deprecated, use preg_replace_callback instead ThinkTemplate.class.php 第 406 行.
[ 2017-07-28T09:29:11+08:00 ] /Member/Login?redirecturl=%2FIndex%2Findex | NOTIC: [8192] preg_replace(): The /e modifier is deprecated, use preg_replace_callback instead ThinkTemplate.class.php 第 406 行.
[ 2017-07-28T09:29:11+08:00 ] /Member/Login?redirecturl=%2FIndex%2Findex | NOTIC: [8192] preg_replace(): The /e modifier is deprecated, use preg_replace_callback instead ThinkTemplate.class.php 第 406 行.
[ 2017-07-28T09:29:11+08:00 ] /Member/Login?redirecturl=%2FIndex%2Findex | NOTIC: [8192] preg_replace(): The /e modifier is deprecated, use preg_replace_callback instead ThinkTemplate.class.php 第 406 行.
[ 2017-07-28T09:29:11+08:00 ] /Member/Login?redirecturl=%2FIndex%2Findex | NOTIC: [8192] preg_replace(): The /e modifier is deprecated, use preg_replace_callback instead ThinkTemplate.class.php 第 406 行.
[ 2017-07-28T09:29:11+08:00 ] /Member/Login?redirecturl=%2FIndex%2Findex | NOTIC: [8192] preg_replace(): The /e modifier is deprecated, use preg_replace_callback instead ThinkTemplate.class.php 第 406 行.
[ 2017-07-28T09:29:11+08:00 ] /Member/Login?redirecturl=%2FIndex%2Findex | NOTIC: [8192] preg_replace(): The /e modifier is deprecated, use preg_replace_callback instead ThinkTemplate.class.php 第 406 行.
[ 2017-07-28T09:29:11+08:00 ] /Member/Login?redirecturl=%2FIndex%2Findex | NOTIC: [8192] preg_replace(): The /e modifier is deprecated, use preg_replace_callback instead ThinkTemplate.class.php 第 406 行.
[ 2017-07-28T09:29:11+08:00 ] /Member/Login?redirecturl=%2FIndex%2Findex | NOTIC: [8192] preg_replace(): The /e modifier is deprecated, use preg_replace_callback instead ThinkTemplate.class.php 第 406 行.
[ 2017-07-28T09:29:11+08:00 ] /Member/Login?redirecturl=%2FIndex%2Findex | NOTIC: [8192] preg_replace(): The /e modifier is deprecated, use preg_replace_callback instead ThinkTemplate.class.php 第 406 行.
[ 2017-07-28T09:29:11+08:00 ] /Member/Login?redirecturl=%2FIndex%2Findex | NOTIC: [8192] preg_replace(): The /e modifier is deprecated, use preg_replace_callback instead ThinkTemplate.class.php 第 406 行.
[ 2017-07-28T09:29:11+08:00 ] /Member/Login?redirecturl=%2FIndex%2Findex | NOTIC: [8192] preg_replace(): The /e modifier is deprecated, use preg_replace_callback instead ThinkTemplate.class.php 第 406 行.
[ 2017-07-28T09:29:11+08:00 ] /Member/Login?redirecturl=%2FIndex%2Findex | NOTIC: [8192] preg_replace(): The /e modifier is deprecated, use preg_replace_callback instead ThinkTemplate.class.php 第 406 行.
[ 2017-07-28T09:29:11+08:00 ] /Member/Login?redirecturl=%2FIndex%2Findex | NOTIC: [8192] preg_replace(): The /e modifier is deprecated, use preg_replace_callback instead ThinkTemplate.class.php 第 402 行.
[ 2017-07-28T09:29:11+08:00 ] /Member/Login?redirecturl=%2FIndex%2Findex | NOTIC: [8192] preg_replace(): The /e modifier is deprecated, use preg_replace_callback instead ThinkTemplate.class.php 第 402 行.
[ 2017-07-28T09:29:11+08:00 ] /Member/Login?redirecturl=%2FIndex%2Findex | NOTIC: [8192] preg_replace(): The /e modifier is deprecated, use preg_replace_callback instead ThinkTemplate.class.php 第 402 行.
[ 2017-07-28T09:29:11+08:00 ] /Member/Login?redirecturl=%2FIndex%2Findex | NOTIC: [8192] preg_replace(): The /e modifier is deprecated, use preg_replace_callback instead ThinkTemplate.class.php 第 402 行.
[ 2017-07-28T09:29:11+08:00 ] /Member/Login?redirecturl=%2FIndex%2Findex | NOTIC: [8192] preg_replace(): The /e modifier is deprecated, use preg_replace_callback instead ThinkTemplate.class.php 第 402 行.
[ 2017-07-28T09:29:11+08:00 ] /Member/Login?redirecturl=%2FIndex%2Findex | NOTIC: [8192] preg_replace(): The /e modifier is deprecated, use preg_replace_callback instead ThinkTemplate.class.php 第 402 行.
[ 2017-07-28T09:29:11+08:00 ] /Member/Login?redirecturl=%2FIndex%2Findex | NOTIC: [8192] preg_replace(): The /e modifier is deprecated, use preg_replace_callback instead ThinkTemplate.class.php 第 406 行.
[ 2017-07-28T09:29:11+08:00 ] /Member/Login?redirecturl=%2FIndex%2Findex | NOTIC: [8192] preg_replace(): The /e modifier is deprecated, use preg_replace_callback instead ThinkTemplate.class.php 第 406 行.
[ 2017-07-28T09:29:11+08:00 ] /Member/Login?redirecturl=%2FIndex%2Findex | NOTIC: [8192] preg_replace(): The /e modifier is deprecated, use preg_replace_callback instead ThinkTemplate.class.php 第 406 行.
[ 2017-07-28T09:29:11+08:00 ] /Member/Login?redirecturl=%2FIndex%2Findex | NOTIC: [8192] preg_replace(): The /e modifier is deprecated, use preg_replace_callback instead ThinkTemplate.class.php 第 220 行.
[ 2017-07-28T09:29:11+08:00 ] /Member/Login?redirecturl=%2FIndex%2Findex | NOTIC: [8192] preg_replace(): The /e modifier is deprecated, use preg_replace_callback instead ThinkTemplate.class.php 第 154 行.
[ 2017-07-28T09:29:11+08:00 ] /Member/Login?redirecturl=%2FIndex%2Findex | INFO: Run ParseTemplate Behavior [ RunTime:0.005390s ]
[ 2017-07-28T09:29:11+08:00 ] /Member/Login?redirecturl=%2FIndex%2Findex | INFO: Tag[ view_parse ] --END-- [ RunTime:0.005428s ]
[ 2017-07-28T09:29:11+08:00 ] /Member/Login?redirecturl=%2FIndex%2Findex | INFO: Tag[ view_filter ] --START--
[ 2017-07-28T09:29:11+08:00 ] /Member/Login?redirecturl=%2FIndex%2Findex | INFO: Run ContentReplace Behavior [ RunTime:0.000261s ]
[ 2017-07-28T09:29:11+08:00 ] /Member/Login?redirecturl=%2FIndex%2Findex | INFO: Run TokenBuild Behavior [ RunTime:0.000210s ]
[ 2017-07-28T09:29:11+08:00 ] /Member/Login?redirecturl=%2FIndex%2Findex | INFO: Run WriteHtmlCache Behavior [ RunTime:0.000156s ]
[ 2017-07-28T09:29:11+08:00 ] /Member/Login?redirecturl=%2FIndex%2Findex | INFO: Run ShowRuntime Behavior [ RunTime:0.000226s ]
[ 2017-07-28T09:29:11+08:00 ] /Member/Login?redirecturl=%2FIndex%2Findex | INFO: Tag[ view_filter ] --END-- [ RunTime:0.000929s ]
[ 2017-07-28T09:29:11+08:00 ] /Member/Login?redirecturl=%2FIndex%2Findex | INFO: Tag[ view_end ] --START--
[ 2017-07-28T09:29:11+08:00 ] /Member/Login?redirecturl=%2FIndex%2Findex | INFO: Run ShowPageTrace Behavior [ RunTime:0.000221s ]
[ 2017-07-28T09:29:11+08:00 ] /Member/Login?redirecturl=%2FIndex%2Findex | INFO: Tag[ view_end ] --END-- [ RunTime:0.000253s ]

[ 2017-07-28T09:29:11+08:00 ]  127.0.0.1 /favicon.ico | ERR: (ThinkException) 无法加载模块Favicon.ico
[ 2017-07-28T09:29:11+08:00 ]  127.0.0.1 /favicon.ico | ERR: (ThinkException) 无法加载模块Favicon.ico
[ 2017-07-28T09:29:18+08:00 ] 127.0.0.1 /Member/login
[ 2017-07-28T09:29:17+08:00 ] /Member/login | INFO: Tag[ route_check ] --START--
[ 2017-07-28T09:29:17+08:00 ] /Member/login | INFO: Run CheckRoute Behavior [ RunTime:0.000368s ]
[ 2017-07-28T09:29:17+08:00 ] /Member/login | INFO: Tag[ route_check ] --END-- [ RunTime:0.000426s ]
[ 2017-07-28T09:29:17+08:00 ] /Member/login | NOTIC: [8192] preg_replace(): The /e modifier is deprecated, use preg_replace_callback instead Dispatcher.class.php 第 125 行.
[ 2017-07-28T09:29:17+08:00 ] /Member/login | NOTIC: [8192] preg_replace(): The /e modifier is deprecated, use preg_replace_callback instead common.php 第 66 行.
[ 2017-07-28T09:29:17+08:00 ] /Member/login | INFO: Tag[ app_begin ] --START--
[ 2017-07-28T09:29:17+08:00 ] /Member/login | INFO: Run ReadHtmlCache Behavior [ RunTime:0.000279s ]
[ 2017-07-28T09:29:17+08:00 ] /Member/login | INFO: Tag[ app_begin ] --END-- [ RunTime:0.000304s ]
[ 2017-07-28T09:29:17+08:00 ] /Member/login | NOTIC: [8] Undefined variable: system CommonAction.class.php 第 131 行.
[ 2017-07-28T09:29:17+08:00 ] /Member/login | NOTIC: [8] Undefined index: token CommonAction.class.php 第 65 行.
[ 2017-07-28T09:29:17+08:00 ] /Member/login | NOTIC: [8] Undefined index: redirecturl MemberAction.class.php 第 45 行.
[ 2017-07-28T09:29:17+08:00 ] /Member/login | NOTIC: [8] Undefined index: token CommonAction.class.php 第 65 行.
[ 2017-07-28T09:29:18+08:00 ] /Member/login | NOTIC: [2] Missing argument 5 for Action::ajaxReturn(), called in E:\project\newjieba1\www\Lib\Action\CommonAction.class.php on line 162 and defined Action.class.php 第 305 行.
[ 2017-07-28T09:29:18+08:00 ] /Member/login | NOTIC: [8] Undefined variable: pagestring Action.class.php 第 310 行.

