[ 2017-06-26T09:50:09+08:00 ]  127.0.0.1 /favicon.ico | ERR: (ThinkException) 无法加载模块favicon.ico
[ 2017-06-26T09:50:09+08:00 ]  127.0.0.1 /favicon.ico | ERR: (ThinkException) 无法加载模块favicon.ico
[ 2017-06-26T09:59:10+08:00 ]  127.0.0.1 /favicon.ico | ERR: (ThinkException) 无法加载模块favicon.ico
[ 2017-06-26T09:59:10+08:00 ]  127.0.0.1 /favicon.ico | ERR: (ThinkException) 无法加载模块favicon.ico
[ 2017-06-26T09:59:14+08:00 ] 127.0.0.1 /Public/doLogin.html
[ 2017-06-26T09:59:14+08:00 ] /Public/doLogin.html | SQL: SHOW COLUMNS FROM `auth_group` [ RunTime:0.009585s ]
[ 2017-06-26T09:59:14+08:00 ] /Public/doLogin.html | SQL: SELECT * FROM `auth_group` WHERE status=1  [ RunTime:0.006756s ]
[ 2017-06-26T09:59:14+08:00 ] /Public/doLogin.html | SQL: SHOW COLUMNS FROM `user` [ RunTime:0.008145s ]
[ 2017-06-26T09:59:14+08:00 ] /Public/doLogin.html | SQL: SELECT * FROM `user` WHERE username='qjx' LIMIT 1   [ RunTime:0.007448s ]
[ 2017-06-26T09:59:14+08:00 ] /Public/doLogin.html | SQL: SHOW COLUMNS FROM `common` [ RunTime:0.010522s ]
[ 2017-06-26T09:59:14+08:00 ] /Public/doLogin.html | SQL: SHOW COLUMNS FROM `common` [ RunTime:0.007622s ]
[ 2017-06-26T09:59:14+08:00 ] /Public/doLogin.html | SQL: UPDATE `user` SET `lasttime`='2017-06-26 09:59:14',`lastip`='127.0.0.1' WHERE username='qjx' [ RunTime:0.007269s ]
[ 2017-06-26T09:59:14+08:00 ] /Public/doLogin.html | SQL: UPDATE `user` SET `logincount`=logincount+1,`lasttime`='2017-06-26 09:59:14',`lastip`='127.0.0.1' WHERE username='qjx' [ RunTime:0.007213s ]
[ 2017-06-26T09:59:14+08:00 ] /Public/doLogin.html | SQL: SHOW COLUMNS FROM `user_token` [ RunTime:0.007775s ]
[ 2017-06-26T09:59:14+08:00 ] /Public/doLogin.html | SQL: SELECT * FROM `user_token` WHERE username='qjx' LIMIT 1   [ RunTime:0.008380s ]
[ 2017-06-26T09:59:14+08:00 ] /Public/doLogin.html | SQL: UPDATE `user_token` SET `token`='0b4f30a602d7718a42a332b55fcd78a0',`username`='qjx',`logintime`='2017-06-26 09:59:14' WHERE username='qjx' [ RunTime:0.007338s ]
[ 2017-06-26T09:59:14+08:00 ] /Public/doLogin.html | SQL: SHOW COLUMNS FROM `common` [ RunTime:0.007348s ]
[ 2017-06-26T09:59:14+08:00 ] /Public/doLogin.html | SQL: SHOW COLUMNS FROM `user_operate` [ RunTime:0.008356s ]
[ 2017-06-26T09:59:14+08:00 ] /Public/doLogin.html | SQL: INSERT INTO `user_operate` (`status`,`userid`,`remark`,`type`,`ip`,`timeadd`) VALUES (1,'1','用户登录',1,'127.0.0.1','2017-06-26 09:59:14') [ RunTime:0.010434s ]

[ 2017-06-26T09:59:14+08:00 ] 127.0.0.1 /
[ 2017-06-26T09:59:14+08:00 ] / | SQL: SHOW COLUMNS FROM `auth` [ RunTime:0.007824s ]
[ 2017-06-26T09:59:14+08:00 ] / | SQL: SHOW COLUMNS FROM auth_rule ar [ RunTime:0.006443s ]
[ 2017-06-26T09:59:14+08:00 ] / | SQL: SELECT ar.*,u.username as addname FROM auth_rule ar LEFT JOIN user u on u.id=ar.adduser WHERE ar.status=1 and ar.pid != 0 ORDER BY ar.sort asc,ar.timeadd  [ RunTime:0.015846s ]
[ 2017-06-26T09:59:14+08:00 ] / | SQL: SHOW COLUMNS FROM `user` [ RunTime:0.007728s ]
[ 2017-06-26T09:59:14+08:00 ] / | SQL: SELECT `typeid` FROM `user` WHERE id=1 LIMIT 1   [ RunTime:0.006076s ]

[ 2017-06-26T09:59:15+08:00 ] 127.0.0.1 /Public/getJsMenu.html
[ 2017-06-26T09:59:14+08:00 ] /Public/getJsMenu.html | SQL: SHOW COLUMNS FROM `auth_group` [ RunTime:0.006620s ]
[ 2017-06-26T09:59:14+08:00 ] /Public/getJsMenu.html | SQL: SELECT * FROM `auth_group` WHERE status=1  [ RunTime:0.005281s ]
[ 2017-06-26T09:59:14+08:00 ] /Public/getJsMenu.html | SQL: SHOW COLUMNS FROM `user` [ RunTime:0.005970s ]
[ 2017-06-26T09:59:15+08:00 ] /Public/getJsMenu.html | SQL: SELECT `groupid` FROM `user` WHERE id='1' LIMIT 1   [ RunTime:0.005249s ]
[ 2017-06-26T09:59:15+08:00 ] /Public/getJsMenu.html | SQL: SELECT `groupid` FROM `user` WHERE id='1' LIMIT 1   [ RunTime:0.005724s ]
[ 2017-06-26T09:59:15+08:00 ] /Public/getJsMenu.html | SQL: SHOW COLUMNS FROM auth_rule ar [ RunTime:0.005452s ]
[ 2017-06-26T09:59:15+08:00 ] /Public/getJsMenu.html | SQL: SELECT ar.*,u.username as addname FROM auth_rule ar LEFT JOIN user u on u.id=ar.adduser WHERE ar.status=1 and ar.pid != 0 and ar.groupid='1' ORDER BY ar.sort asc,ar.timeadd  [ RunTime:0.006698s ]
[ 2017-06-26T09:59:15+08:00 ] /Public/getJsMenu.html | SQL: SELECT `typeid` FROM `user` WHERE id=1 LIMIT 1   [ RunTime:0.005117s ]
[ 2017-06-26T09:59:15+08:00 ] /Public/getJsMenu.html | SQL: SELECT * FROM `auth_rule` WHERE pid=0 and status=1 and groupid='1' ORDER BY sort desc,timeadd asc  [ RunTime:0.006559s ]

[ 2017-06-26T09:59:15+08:00 ]  127.0.0.1 /favicon.ico | ERR: (ThinkException) 无法加载模块favicon.ico
[ 2017-06-26T09:59:15+08:00 ]  127.0.0.1 /favicon.ico | ERR: (ThinkException) 无法加载模块favicon.ico
[ 2017-06-26T09:59:15+08:00 ] 127.0.0.1 /Index/system.html
[ 2017-06-26T09:59:15+08:00 ] /Index/system.html | SQL: SHOW COLUMNS FROM `auth` [ RunTime:0.006725s ]
[ 2017-06-26T09:59:15+08:00 ] /Index/system.html | SQL: SHOW COLUMNS FROM auth_rule ar [ RunTime:0.004777s ]
[ 2017-06-26T09:59:15+08:00 ] /Index/system.html | SQL: SELECT ar.*,u.username as addname FROM auth_rule ar LEFT JOIN user u on u.id=ar.adduser WHERE ar.status=1 and ar.pid != 0 ORDER BY ar.sort asc,ar.timeadd  [ RunTime:0.008191s ]
[ 2017-06-26T09:59:15+08:00 ] /Index/system.html | SQL: SHOW COLUMNS FROM `user` [ RunTime:0.006391s ]
[ 2017-06-26T09:59:15+08:00 ] /Index/system.html | SQL: SELECT `typeid` FROM `user` WHERE id=1 LIMIT 1   [ RunTime:0.004887s ]
[ 2017-06-26T09:59:15+08:00 ] /Index/system.html | SQL: SHOW COLUMNS FROM `member` [ RunTime:0.006328s ]
[ 2017-06-26T09:59:15+08:00 ] /Index/system.html | SQL: SELECT COUNT(*) AS tp_count FROM `member` WHERE (  (`timeadd` BETWEEN '2017-06-26' AND '2017-06-26 23:59:59' ) ) LIMIT 1   [ RunTime:0.004509s ]
[ 2017-06-26T09:59:15+08:00 ] /Index/system.html | SQL: SELECT COUNT(*) AS tp_count FROM `member` LIMIT 1   [ RunTime:0.004439s ]

[ 2017-06-26T09:59:18+08:00 ]  127.0.0.1 /favicon.ico | ERR: (ThinkException) 无法加载模块favicon.ico
[ 2017-06-26T09:59:18+08:00 ] 127.0.0.1 /Product/index.html
[ 2017-06-26T09:59:18+08:00 ] /Product/index.html | SQL: SHOW COLUMNS FROM `common` [ RunTime:0.008024s ]
[ 2017-06-26T09:59:18+08:00 ] /Product/index.html | SQL: SHOW COLUMNS FROM `loan_config` [ RunTime:0.008249s ]
[ 2017-06-26T09:59:18+08:00 ] /Product/index.html | SQL: SELECT * FROM `loan_config` LIMIT 1   [ RunTime:0.007190s ]
[ 2017-06-26T09:59:18+08:00 ] /Product/index.html | SQL: SHOW COLUMNS FROM `loan_periode` [ RunTime:0.007846s ]
[ 2017-06-26T09:59:18+08:00 ] /Product/index.html | SQL: SELECT * FROM `loan_periode` ORDER BY type asc,periode asc  [ RunTime:0.006478s ]
[ 2017-06-26T09:59:18+08:00 ] /Product/index.html | SQL: SHOW COLUMNS FROM `common` [ RunTime:0.007420s ]
[ 2017-06-26T09:59:18+08:00 ] /Product/index.html | SQL: SHOW COLUMNS FROM `loan_config` [ RunTime:0.007534s ]
[ 2017-06-26T09:59:18+08:00 ] /Product/index.html | SQL: SELECT * FROM `loan_config` LIMIT 1   [ RunTime:0.006596s ]
[ 2017-06-26T09:59:18+08:00 ] /Product/index.html | SQL: SHOW COLUMNS FROM `auth` [ RunTime:0.006764s ]
[ 2017-06-26T09:59:18+08:00 ] /Product/index.html | SQL: SHOW COLUMNS FROM auth_rule ar [ RunTime:0.006388s ]
[ 2017-06-26T09:59:18+08:00 ] /Product/index.html | SQL: SELECT ar.*,u.username as addname FROM auth_rule ar LEFT JOIN user u on u.id=ar.adduser WHERE ar.status=1 and ar.pid != 0 ORDER BY ar.sort asc,ar.timeadd  [ RunTime:0.008975s ]
[ 2017-06-26T09:59:18+08:00 ] /Product/index.html | SQL: SHOW COLUMNS FROM `user` [ RunTime:0.007467s ]
[ 2017-06-26T09:59:18+08:00 ] /Product/index.html | SQL: SELECT `typeid` FROM `user` WHERE id=1 LIMIT 1   [ RunTime:0.007262s ]
[ 2017-06-26T09:59:18+08:00 ] /Product/index.html | SQL: SHOW COLUMNS FROM `common` [ RunTime:0.007366s ]
[ 2017-06-26T09:59:18+08:00 ] /Product/index.html | SQL: SHOW COLUMNS FROM `loan_config` [ RunTime:0.008289s ]
[ 2017-06-26T09:59:18+08:00 ] /Product/index.html | SQL: SELECT * FROM `loan_config` LIMIT 1   [ RunTime:0.007697s ]
[ 2017-06-26T09:59:18+08:00 ] /Product/index.html | SQL: SHOW COLUMNS FROM `business_loan` [ RunTime:0.007757s ]
[ 2017-06-26T09:59:18+08:00 ] /Product/index.html | SQL: SELECT COUNT(*) AS tp_count FROM business_loan bus_l,business_channel bc,business_company bus,channel_company cha,capital_loan cap_l,capital_company cap WHERE ( bus_l.business_company_id=bus.id  and bus.id=bc.business_company_id and bc.channel_company_id=cha.id  and bus_l.capital_loan_id=cap_l.id  and cap_l.capital_company_id=cap.id  ) LIMIT 1   [ RunTime:0.007814s ]
[ 2017-06-26T09:59:18+08:00 ] /Product/index.html | SQL: SELECT bus_l.*,bus.companyname as bus_companyname,cha.companyname as cha_companyname,cap_l.name as cap_l_name,cap.companyname as cap_companyname FROM business_loan bus_l,business_channel bc,business_company bus,channel_company cha,capital_loan cap_l,capital_company cap WHERE ( bus_l.business_company_id=bus.id  and bus.id=bc.business_company_id and bc.channel_company_id=cha.id  and bus_l.capital_loan_id=cap_l.id  and cap_l.capital_company_id=cap.id  ) LIMIT 0,10   [ RunTime:0.007901s ]

[ 2017-06-26T10:46:20+08:00 ]  127.0.0.1 /favicon.ico | ERR: (ThinkException) 无法加载模块favicon.ico
[ 2017-06-26T11:40:15+08:00 ]  127.0.0.1 /favicon.ico | ERR: (ThinkException) 无法加载模块favicon.ico
[ 2017-06-26T13:54:22+08:00 ]  127.0.0.1 /favicon.ico | ERR: (ThinkException) 无法加载模块favicon.ico
[ 2017-06-26T13:54:22+08:00 ] 127.0.0.1 /Member/index.html
[ 2017-06-26T13:54:22+08:00 ] /Member/index.html | SQL: SHOW COLUMNS FROM `auth` [ RunTime:0.006832s ]
[ 2017-06-26T13:54:22+08:00 ] /Member/index.html | SQL: SHOW COLUMNS FROM auth_rule ar [ RunTime:0.007507s ]
[ 2017-06-26T13:54:22+08:00 ] /Member/index.html | SQL: SELECT ar.*,u.username as addname FROM auth_rule ar LEFT JOIN user u on u.id=ar.adduser WHERE ar.status=1 and ar.pid != 0 ORDER BY ar.sort asc,ar.timeadd  [ RunTime:0.008025s ]
[ 2017-06-26T13:54:22+08:00 ] /Member/index.html | SQL: SHOW COLUMNS FROM `user` [ RunTime:0.007614s ]
[ 2017-06-26T13:54:22+08:00 ] /Member/index.html | SQL: SELECT `typeid` FROM `user` WHERE id=1 LIMIT 1   [ RunTime:0.006381s ]
[ 2017-06-26T13:54:22+08:00 ] /Member/index.html | SQL: SHOW COLUMNS FROM `common` [ RunTime:0.007275s ]
[ 2017-06-26T13:54:22+08:00 ] /Member/index.html | SQL: SHOW COLUMNS FROM `member` [ RunTime:0.006821s ]
[ 2017-06-26T13:54:22+08:00 ] /Member/index.html | SQL: SELECT COUNT(*) AS tp_count FROM member m,member_info mi,business_company bus,business_channel bc,channel_company cha WHERE ( m.id=mi.memberid and m.business_company_id=bus.id  and  bus.id=bc.business_company_id  and bc.channel_company_id=cha.id ) LIMIT 1   [ RunTime:0.006410s ]
[ 2017-06-26T13:54:22+08:00 ] /Member/index.html | SQL: SELECT m.*,mi.names,mi.certiNumber,mi.nameStatus,cha.companyname as channel_companyname,bus.companyname as business_companyname FROM member m,member_info mi,business_company bus,business_channel bc,channel_company cha WHERE ( m.id=mi.memberid and m.business_company_id=bus.id  and  bus.id=bc.business_company_id  and bc.channel_company_id=cha.id ) LIMIT 0,10   [ RunTime:0.007361s ]
[ 2017-06-26T13:54:22+08:00 ] /Member/index.html | SQL: SHOW COLUMNS FROM `member_import` [ RunTime:0.007207s ]
[ 2017-06-26T13:54:22+08:00 ] /Member/index.html | SQL: SELECT * FROM `member_import` WHERE ( `business_company_id` = '25' ) AND ( `certiNumber` = '310113198910041423' ) LIMIT 1   [ RunTime:0.007255s ]
[ 2017-06-26T13:54:22+08:00 ] /Member/index.html | SQL: SELECT * FROM `member_import` WHERE ( `business_company_id` = '25' ) AND ( `certiNumber` = null ) LIMIT 1   [ RunTime:0.007760s ]

[ 2017-06-26T13:54:23+08:00 ]  127.0.0.1 /favicon.ico | ERR: (ThinkException) 无法加载模块favicon.ico
[ 2017-06-26T13:54:24+08:00 ] 127.0.0.1 /Product/capitalProduct.html
[ 2017-06-26T13:54:24+08:00 ] /Product/capitalProduct.html | SQL: SHOW COLUMNS FROM `common` [ RunTime:0.009768s ]
[ 2017-06-26T13:54:24+08:00 ] /Product/capitalProduct.html | SQL: SHOW COLUMNS FROM `loan_config` [ RunTime:0.011069s ]
[ 2017-06-26T13:54:24+08:00 ] /Product/capitalProduct.html | SQL: SELECT * FROM `loan_config` LIMIT 1   [ RunTime:0.005924s ]
[ 2017-06-26T13:54:24+08:00 ] /Product/capitalProduct.html | SQL: SHOW COLUMNS FROM `loan_periode` [ RunTime:0.009744s ]
[ 2017-06-26T13:54:24+08:00 ] /Product/capitalProduct.html | SQL: SELECT * FROM `loan_periode` ORDER BY type asc,periode asc  [ RunTime:0.006103s ]
[ 2017-06-26T13:54:24+08:00 ] /Product/capitalProduct.html | SQL: SHOW COLUMNS FROM `common` [ RunTime:0.008705s ]
[ 2017-06-26T13:54:24+08:00 ] /Product/capitalProduct.html | SQL: SHOW COLUMNS FROM `loan_config` [ RunTime:0.011266s ]
[ 2017-06-26T13:54:24+08:00 ] /Product/capitalProduct.html | SQL: SELECT * FROM `loan_config` LIMIT 1   [ RunTime:0.006966s ]
[ 2017-06-26T13:54:24+08:00 ] /Product/capitalProduct.html | SQL: SHOW COLUMNS FROM `auth` [ RunTime:0.007002s ]
[ 2017-06-26T13:54:24+08:00 ] /Product/capitalProduct.html | SQL: SHOW COLUMNS FROM auth_rule ar [ RunTime:0.005485s ]
[ 2017-06-26T13:54:24+08:00 ] /Product/capitalProduct.html | SQL: SELECT ar.*,u.username as addname FROM auth_rule ar LEFT JOIN user u on u.id=ar.adduser WHERE ar.status=1 and ar.pid != 0 ORDER BY ar.sort asc,ar.timeadd  [ RunTime:0.009723s ]
[ 2017-06-26T13:54:24+08:00 ] /Product/capitalProduct.html | SQL: SHOW COLUMNS FROM `user` [ RunTime:0.010304s ]
[ 2017-06-26T13:54:24+08:00 ] /Product/capitalProduct.html | SQL: SELECT `typeid` FROM `user` WHERE id=1 LIMIT 1   [ RunTime:0.005528s ]
[ 2017-06-26T13:54:24+08:00 ] /Product/capitalProduct.html | SQL: SHOW COLUMNS FROM `common` [ RunTime:0.006370s ]
[ 2017-06-26T13:54:24+08:00 ] /Product/capitalProduct.html | SQL: SHOW COLUMNS FROM `loan_config` [ RunTime:0.007844s ]
[ 2017-06-26T13:54:24+08:00 ] /Product/capitalProduct.html | SQL: SELECT * FROM `loan_config` LIMIT 1   [ RunTime:0.008056s ]
[ 2017-06-26T13:54:24+08:00 ] /Product/capitalProduct.html | SQL: SHOW COLUMNS FROM `capital_loan` [ RunTime:0.007094s ]
[ 2017-06-26T13:54:24+08:00 ] /Product/capitalProduct.html | SQL: SELECT COUNT(*) AS tp_count FROM capital_loan cap_l,capital_company cap WHERE ( cap_l.capital_company_id=cap.id ) LIMIT 1   [ RunTime:0.005843s ]
[ 2017-06-26T13:54:24+08:00 ] /Product/capitalProduct.html | SQL: SELECT cap_l.*,cap.companyname as cap_companyname,cap.legal_name as capital_legal_name,cap.legal_certinumber as capital_legal_certinumber,cap.company_address as capital_company_address FROM capital_loan cap_l,capital_company cap WHERE ( cap_l.capital_company_id=cap.id ) LIMIT 0,10   [ RunTime:0.007539s ]

[ 2017-06-26T13:54:24+08:00 ]  127.0.0.1 /favicon.ico | ERR: (ThinkException) 无法加载模块favicon.ico
[ 2017-06-26T13:54:26+08:00 ]  127.0.0.1 /favicon.ico | ERR: (ThinkException) 无法加载模块favicon.ico
[ 2017-06-26T13:54:26+08:00 ] 127.0.0.1 /Loan/index.html
[ 2017-06-26T13:54:26+08:00 ] /Loan/index.html | SQL: SHOW COLUMNS FROM `auth` [ RunTime:0.006161s ]
[ 2017-06-26T13:54:26+08:00 ] /Loan/index.html | SQL: SHOW COLUMNS FROM auth_rule ar [ RunTime:0.005746s ]
[ 2017-06-26T13:54:26+08:00 ] /Loan/index.html | SQL: SELECT ar.*,u.username as addname FROM auth_rule ar LEFT JOIN user u on u.id=ar.adduser WHERE ar.status=1 and ar.pid != 0 ORDER BY ar.sort asc,ar.timeadd  [ RunTime:0.007888s ]
[ 2017-06-26T13:54:26+08:00 ] /Loan/index.html | SQL: SHOW COLUMNS FROM `user` [ RunTime:0.007904s ]
[ 2017-06-26T13:54:26+08:00 ] /Loan/index.html | SQL: SELECT `typeid` FROM `user` WHERE id=1 LIMIT 1   [ RunTime:0.006143s ]
[ 2017-06-26T13:54:26+08:00 ] /Loan/index.html | SQL: SHOW COLUMNS FROM `common` [ RunTime:0.006046s ]
[ 2017-06-26T13:54:26+08:00 ] /Loan/index.html | SQL: SHOW COLUMNS FROM `loan_config` [ RunTime:0.008637s ]
[ 2017-06-26T13:54:26+08:00 ] /Loan/index.html | SQL: SELECT * FROM `loan_config` LIMIT 1   [ RunTime:0.006070s ]
[ 2017-06-26T13:54:26+08:00 ] /Loan/index.html | SQL: SHOW COLUMNS FROM `loan_tender` [ RunTime:0.007534s ]
[ 2017-06-26T13:54:26+08:00 ] /Loan/index.html | SQL: SHOW COLUMNS FROM `common` [ RunTime:0.006569s ]
[ 2017-06-26T13:54:26+08:00 ] /Loan/index.html | SQL: SHOW COLUMNS FROM `loan_config` [ RunTime:0.007105s ]
[ 2017-06-26T13:54:26+08:00 ] /Loan/index.html | SQL: SELECT * FROM `loan_config` LIMIT 1   [ RunTime:0.007029s ]
[ 2017-06-26T13:54:26+08:00 ] /Loan/index.html | SQL: SHOW COLUMNS FROM `loan_tender` [ RunTime:0.006637s ]
[ 2017-06-26T13:54:26+08:00 ] /Loan/index.html | SQL: SELECT COUNT(*) AS tp_count FROM loan_tender tender,loan_allot allot,member m,member_info mi,business_loan bus_l,loan_periode lp,business_channel bc,business_company bus,channel_company cha WHERE ( tender.business_loan_id=bus_l.id  and tender.id=allot.tender_id and tender.memberid=m.id and m.id=mi.memberid and bus_l.business_company_id=bus.id  and bus_l.loan_periode_id=lp.id and bus.id=bc.business_company_id and bc.channel_company_id=cha.id   ) LIMIT 1   [ RunTime:0.007542s ]
[ 2017-06-26T13:54:26+08:00 ] /Loan/index.html | SQL: SELECT tender.*,allot.late_fee,allot.start_time,allot.end_time,bus.companyname as bus_companyname,bus.id as business_company_id,bus.business_number,cha.companyname as cha_companyname,cha.id as channel_company_id,bus_l.name as bus_l_name,bus_l.capital_loan_id,bus_l.periode_rate,bus_l.late_periode_rate,mi.names,concat(lp.periode,lp.unit) as lp_name,mi.certiNumber FROM loan_tender tender,loan_allot allot,member m,member_info mi,business_loan bus_l,loan_periode lp,business_channel bc,business_company bus,channel_company cha WHERE ( tender.business_loan_id=bus_l.id  and tender.id=allot.tender_id and tender.memberid=m.id and m.id=mi.memberid and bus_l.business_company_id=bus.id  and bus_l.loan_periode_id=lp.id and bus.id=bc.business_company_id and bc.channel_company_id=cha.id   ) LIMIT 0,12   [ RunTime:0.008223s ]

[ 2017-06-26T13:54:36+08:00 ] 127.0.0.1 /Loan/info/id/1/mid/6
[ 2017-06-26T13:54:36+08:00 ] /Loan/info/id/1/mid/6 | SQL: SHOW COLUMNS FROM `auth` [ RunTime:0.006300s ]
[ 2017-06-26T13:54:36+08:00 ] /Loan/info/id/1/mid/6 | SQL: SHOW COLUMNS FROM auth_rule ar [ RunTime:0.006056s ]
[ 2017-06-26T13:54:36+08:00 ] /Loan/info/id/1/mid/6 | SQL: SELECT ar.*,u.username as addname FROM auth_rule ar LEFT JOIN user u on u.id=ar.adduser WHERE ar.status=1 and ar.pid != 0 ORDER BY ar.sort asc,ar.timeadd  [ RunTime:0.007283s ]
[ 2017-06-26T13:54:36+08:00 ] /Loan/info/id/1/mid/6 | SQL: SHOW COLUMNS FROM `user` [ RunTime:0.006770s ]
[ 2017-06-26T13:54:36+08:00 ] /Loan/info/id/1/mid/6 | SQL: SELECT `typeid` FROM `user` WHERE id=1 LIMIT 1   [ RunTime:0.005968s ]
[ 2017-06-26T13:54:36+08:00 ] /Loan/info/id/1/mid/6 | SQL: SHOW COLUMNS FROM `common` [ RunTime:0.006405s ]
[ 2017-06-26T13:54:36+08:00 ] /Loan/info/id/1/mid/6 | SQL: SHOW COLUMNS FROM `loan_config` [ RunTime:0.006974s ]
[ 2017-06-26T13:54:36+08:00 ] /Loan/info/id/1/mid/6 | SQL: SELECT * FROM `loan_config` LIMIT 1   [ RunTime:0.005752s ]
[ 2017-06-26T13:54:36+08:00 ] /Loan/info/id/1/mid/6 | SQL: SHOW COLUMNS FROM `loan_tender` [ RunTime:0.007343s ]
[ 2017-06-26T13:54:36+08:00 ] /Loan/info/id/1/mid/6 | SQL: SHOW COLUMNS FROM `common` [ RunTime:0.006398s ]
[ 2017-06-26T13:54:36+08:00 ] /Loan/info/id/1/mid/6 | SQL: SHOW COLUMNS FROM `loan_config` [ RunTime:0.006819s ]
[ 2017-06-26T13:54:36+08:00 ] /Loan/info/id/1/mid/6 | SQL: SELECT * FROM `loan_config` LIMIT 1   [ RunTime:0.006744s ]
[ 2017-06-26T13:54:36+08:00 ] /Loan/info/id/1/mid/6 | SQL: SHOW COLUMNS FROM `loan_tender` [ RunTime:0.007113s ]
[ 2017-06-26T13:54:36+08:00 ] /Loan/info/id/1/mid/6 | SQL: SELECT COUNT(*) AS tp_count FROM loan_tender tender,loan_allot allot,member m,member_info mi,business_loan bus_l,loan_periode lp,business_channel bc,business_company bus,channel_company cha WHERE ( tender.id = '1' ) AND ( tender.business_loan_id=bus_l.id  and tender.id=allot.tender_id and tender.memberid=m.id and m.id=mi.memberid and bus_l.business_company_id=bus.id  and bus_l.loan_periode_id=lp.id and bus.id=bc.business_company_id and bc.channel_company_id=cha.id   ) LIMIT 1   [ RunTime:0.006687s ]
[ 2017-06-26T13:54:36+08:00 ] /Loan/info/id/1/mid/6 | SQL: SELECT tender.*,allot.late_fee,allot.start_time,allot.end_time,bus.companyname as bus_companyname,bus.id as business_company_id,bus.business_number,cha.companyname as cha_companyname,cha.id as channel_company_id,bus_l.name as bus_l_name,bus_l.capital_loan_id,bus_l.periode_rate,bus_l.late_periode_rate,mi.names,concat(lp.periode,lp.unit) as lp_name,mi.certiNumber FROM loan_tender tender,loan_allot allot,member m,member_info mi,business_loan bus_l,loan_periode lp,business_channel bc,business_company bus,channel_company cha WHERE ( tender.id = '1' ) AND ( tender.business_loan_id=bus_l.id  and tender.id=allot.tender_id and tender.memberid=m.id and m.id=mi.memberid and bus_l.business_company_id=bus.id  and bus_l.loan_periode_id=lp.id and bus.id=bc.business_company_id and bc.channel_company_id=cha.id   )  [ RunTime:0.007723s ]

[ 2017-06-26T13:57:45+08:00 ] 127.0.0.1 /Loan/index.html
[ 2017-06-26T13:57:45+08:00 ] /Loan/index.html | SQL: SHOW COLUMNS FROM `auth` [ RunTime:0.006431s ]
[ 2017-06-26T13:57:45+08:00 ] /Loan/index.html | SQL: SHOW COLUMNS FROM auth_rule ar [ RunTime:0.005875s ]
[ 2017-06-26T13:57:45+08:00 ] /Loan/index.html | SQL: SELECT ar.*,u.username as addname FROM auth_rule ar LEFT JOIN user u on u.id=ar.adduser WHERE ar.status=1 and ar.pid != 0 ORDER BY ar.sort asc,ar.timeadd  [ RunTime:0.008744s ]
[ 2017-06-26T13:57:45+08:00 ] /Loan/index.html | SQL: SHOW COLUMNS FROM `user` [ RunTime:0.006994s ]
[ 2017-06-26T13:57:45+08:00 ] /Loan/index.html | SQL: SELECT `typeid` FROM `user` WHERE id=1 LIMIT 1   [ RunTime:0.005576s ]
[ 2017-06-26T13:57:45+08:00 ] /Loan/index.html | SQL: SHOW COLUMNS FROM `common` [ RunTime:0.006239s ]
[ 2017-06-26T13:57:45+08:00 ] /Loan/index.html | SQL: SHOW COLUMNS FROM `loan_config` [ RunTime:0.007245s ]
[ 2017-06-26T13:57:45+08:00 ] /Loan/index.html | SQL: SELECT * FROM `loan_config` LIMIT 1   [ RunTime:0.005735s ]
[ 2017-06-26T13:57:45+08:00 ] /Loan/index.html | SQL: SHOW COLUMNS FROM `loan_tender` [ RunTime:0.007453s ]
[ 2017-06-26T13:57:45+08:00 ] /Loan/index.html | SQL: SHOW COLUMNS FROM `common` [ RunTime:0.006710s ]
[ 2017-06-26T13:57:45+08:00 ] /Loan/index.html | SQL: SHOW COLUMNS FROM `loan_config` [ RunTime:0.006984s ]
[ 2017-06-26T13:57:45+08:00 ] /Loan/index.html | SQL: SELECT * FROM `loan_config` LIMIT 1   [ RunTime:0.006323s ]
[ 2017-06-26T13:57:45+08:00 ] /Loan/index.html | SQL: SHOW COLUMNS FROM `loan_tender` [ RunTime:0.007055s ]
[ 2017-06-26T13:57:45+08:00 ] /Loan/index.html | SQL: SELECT COUNT(*) AS tp_count FROM loan_tender tender,loan_allot allot,member m,member_info mi,business_loan bus_l,loan_periode lp,business_channel bc,business_company bus,channel_company cha WHERE ( tender.business_loan_id=bus_l.id  and tender.id=allot.tender_id and tender.memberid=m.id and m.id=mi.memberid and bus_l.business_company_id=bus.id  and bus_l.loan_periode_id=lp.id and bus.id=bc.business_company_id and bc.channel_company_id=cha.id   ) LIMIT 1   [ RunTime:0.007082s ]
[ 2017-06-26T13:57:45+08:00 ] /Loan/index.html | SQL: SELECT tender.*,allot.late_fee,allot.start_time,allot.end_time,bus.companyname as bus_companyname,bus.id as business_company_id,bus.business_number,cha.companyname as cha_companyname,cha.id as channel_company_id,bus_l.name as bus_l_name,bus_l.capital_loan_id,bus_l.periode_rate,bus_l.late_periode_rate,mi.names,concat(lp.periode,lp.unit) as lp_name,mi.certiNumber FROM loan_tender tender,loan_allot allot,member m,member_info mi,business_loan bus_l,loan_periode lp,business_channel bc,business_company bus,channel_company cha WHERE ( tender.business_loan_id=bus_l.id  and tender.id=allot.tender_id and tender.memberid=m.id and m.id=mi.memberid and bus_l.business_company_id=bus.id  and bus_l.loan_periode_id=lp.id and bus.id=bc.business_company_id and bc.channel_company_id=cha.id   ) LIMIT 0,12   [ RunTime:0.008175s ]

[ 2017-06-26T13:57:47+08:00 ] 127.0.0.1 /Loan/info/id/1/mid/6
[ 2017-06-26T13:57:47+08:00 ] /Loan/info/id/1/mid/6 | SQL: SHOW COLUMNS FROM `auth` [ RunTime:0.006191s ]
[ 2017-06-26T13:57:47+08:00 ] /Loan/info/id/1/mid/6 | SQL: SHOW COLUMNS FROM auth_rule ar [ RunTime:0.004530s ]
[ 2017-06-26T13:57:47+08:00 ] /Loan/info/id/1/mid/6 | SQL: SELECT ar.*,u.username as addname FROM auth_rule ar LEFT JOIN user u on u.id=ar.adduser WHERE ar.status=1 and ar.pid != 0 ORDER BY ar.sort asc,ar.timeadd  [ RunTime:0.007111s ]
[ 2017-06-26T13:57:47+08:00 ] /Loan/info/id/1/mid/6 | SQL: SHOW COLUMNS FROM `user` [ RunTime:0.006536s ]
[ 2017-06-26T13:57:47+08:00 ] /Loan/info/id/1/mid/6 | SQL: SELECT `typeid` FROM `user` WHERE id=1 LIMIT 1   [ RunTime:0.005637s ]
[ 2017-06-26T13:57:47+08:00 ] /Loan/info/id/1/mid/6 | SQL: SHOW COLUMNS FROM `common` [ RunTime:0.005854s ]
[ 2017-06-26T13:57:47+08:00 ] /Loan/info/id/1/mid/6 | SQL: SHOW COLUMNS FROM `loan_config` [ RunTime:0.007253s ]
[ 2017-06-26T13:57:47+08:00 ] /Loan/info/id/1/mid/6 | SQL: SELECT * FROM `loan_config` LIMIT 1   [ RunTime:0.006081s ]
[ 2017-06-26T13:57:47+08:00 ] /Loan/info/id/1/mid/6 | SQL: SHOW COLUMNS FROM `loan_tender` [ RunTime:0.006001s ]
[ 2017-06-26T13:57:47+08:00 ] /Loan/info/id/1/mid/6 | SQL: SHOW COLUMNS FROM `common` [ RunTime:0.005575s ]
[ 2017-06-26T13:57:47+08:00 ] /Loan/info/id/1/mid/6 | SQL: SHOW COLUMNS FROM `loan_config` [ RunTime:0.006088s ]
[ 2017-06-26T13:57:47+08:00 ] /Loan/info/id/1/mid/6 | SQL: SELECT * FROM `loan_config` LIMIT 1   [ RunTime:0.006078s ]
[ 2017-06-26T13:57:47+08:00 ] /Loan/info/id/1/mid/6 | SQL: SHOW COLUMNS FROM `loan_tender` [ RunTime:0.006812s ]
[ 2017-06-26T13:57:47+08:00 ] /Loan/info/id/1/mid/6 | SQL: SELECT COUNT(*) AS tp_count FROM loan_tender tender,loan_allot allot,member m,member_info mi,business_loan bus_l,loan_periode lp,business_channel bc,business_company bus,channel_company cha WHERE ( tender.id = '1' ) AND ( tender.business_loan_id=bus_l.id  and tender.id=allot.tender_id and tender.memberid=m.id and m.id=mi.memberid and bus_l.business_company_id=bus.id  and bus_l.loan_periode_id=lp.id and bus.id=bc.business_company_id and bc.channel_company_id=cha.id   ) LIMIT 1   [ RunTime:0.005757s ]
[ 2017-06-26T13:57:47+08:00 ] /Loan/info/id/1/mid/6 | SQL: SELECT tender.*,allot.late_fee,allot.start_time,allot.end_time,bus.companyname as bus_companyname,bus.id as business_company_id,bus.business_number,cha.companyname as cha_companyname,cha.id as channel_company_id,bus_l.name as bus_l_name,bus_l.capital_loan_id,bus_l.periode_rate,bus_l.late_periode_rate,mi.names,concat(lp.periode,lp.unit) as lp_name,mi.certiNumber FROM loan_tender tender,loan_allot allot,member m,member_info mi,business_loan bus_l,loan_periode lp,business_channel bc,business_company bus,channel_company cha WHERE ( tender.id = '1' ) AND ( tender.business_loan_id=bus_l.id  and tender.id=allot.tender_id and tender.memberid=m.id and m.id=mi.memberid and bus_l.business_company_id=bus.id  and bus_l.loan_periode_id=lp.id and bus.id=bc.business_company_id and bc.channel_company_id=cha.id   )  [ RunTime:0.006383s ]

[ 2017-06-26T13:57:59+08:00 ] 127.0.0.1 /Loan/index.html
[ 2017-06-26T13:57:58+08:00 ] /Loan/index.html | SQL: SHOW COLUMNS FROM `auth` [ RunTime:0.005667s ]
[ 2017-06-26T13:57:58+08:00 ] /Loan/index.html | SQL: SHOW COLUMNS FROM auth_rule ar [ RunTime:0.004759s ]
[ 2017-06-26T13:57:58+08:00 ] /Loan/index.html | SQL: SELECT ar.*,u.username as addname FROM auth_rule ar LEFT JOIN user u on u.id=ar.adduser WHERE ar.status=1 and ar.pid != 0 ORDER BY ar.sort asc,ar.timeadd  [ RunTime:0.007208s ]
[ 2017-06-26T13:57:58+08:00 ] /Loan/index.html | SQL: SHOW COLUMNS FROM `user` [ RunTime:0.005688s ]
[ 2017-06-26T13:57:58+08:00 ] /Loan/index.html | SQL: SELECT `typeid` FROM `user` WHERE id=1 LIMIT 1   [ RunTime:0.004529s ]
[ 2017-06-26T13:57:58+08:00 ] /Loan/index.html | SQL: SHOW COLUMNS FROM `common` [ RunTime:0.005566s ]
[ 2017-06-26T13:57:58+08:00 ] /Loan/index.html | SQL: SHOW COLUMNS FROM `loan_config` [ RunTime:0.005226s ]
[ 2017-06-26T13:57:58+08:00 ] /Loan/index.html | SQL: SELECT * FROM `loan_config` LIMIT 1   [ RunTime:0.005395s ]
[ 2017-06-26T13:57:58+08:00 ] /Loan/index.html | SQL: SHOW COLUMNS FROM `loan_tender` [ RunTime:0.006029s ]
[ 2017-06-26T13:57:58+08:00 ] /Loan/index.html | SQL: SHOW COLUMNS FROM `common` [ RunTime:0.005528s ]
[ 2017-06-26T13:57:58+08:00 ] /Loan/index.html | SQL: SHOW COLUMNS FROM `loan_config` [ RunTime:0.006176s ]
[ 2017-06-26T13:57:58+08:00 ] /Loan/index.html | SQL: SELECT * FROM `loan_config` LIMIT 1   [ RunTime:0.005371s ]
[ 2017-06-26T13:57:58+08:00 ] /Loan/index.html | SQL: SHOW COLUMNS FROM `loan_tender` [ RunTime:0.005954s ]
[ 2017-06-26T13:57:58+08:00 ] /Loan/index.html | SQL: SELECT COUNT(*) AS tp_count FROM loan_tender tender,loan_allot allot,member m,member_info mi,business_loan bus_l,loan_periode lp,business_channel bc,business_company bus,channel_company cha WHERE ( tender.business_loan_id=bus_l.id  and tender.id=allot.tender_id and tender.memberid=m.id and m.id=mi.memberid and bus_l.business_company_id=bus.id  and bus_l.loan_periode_id=lp.id and bus.id=bc.business_company_id and bc.channel_company_id=cha.id   ) LIMIT 1   [ RunTime:0.005321s ]
[ 2017-06-26T13:57:58+08:00 ] /Loan/index.html | SQL: SELECT tender.*,allot.late_fee,allot.start_time,allot.end_time,bus.companyname as bus_companyname,bus.id as business_company_id,bus.business_number,cha.companyname as cha_companyname,cha.id as channel_company_id,bus_l.name as bus_l_name,bus_l.capital_loan_id,bus_l.periode_rate,bus_l.late_periode_rate,mi.names,concat(lp.periode,lp.unit) as lp_name,mi.certiNumber FROM loan_tender tender,loan_allot allot,member m,member_info mi,business_loan bus_l,loan_periode lp,business_channel bc,business_company bus,channel_company cha WHERE ( tender.business_loan_id=bus_l.id  and tender.id=allot.tender_id and tender.memberid=m.id and m.id=mi.memberid and bus_l.business_company_id=bus.id  and bus_l.loan_periode_id=lp.id and bus.id=bc.business_company_id and bc.channel_company_id=cha.id   ) LIMIT 0,12   [ RunTime:0.006124s ]

[ 2017-06-26T13:58:00+08:00 ] 127.0.0.1 /Loan/info/id/1/mid/6
[ 2017-06-26T13:58:00+08:00 ] /Loan/info/id/1/mid/6 | SQL: SHOW COLUMNS FROM `auth` [ RunTime:0.006485s ]
[ 2017-06-26T13:58:00+08:00 ] /Loan/info/id/1/mid/6 | SQL: SHOW COLUMNS FROM auth_rule ar [ RunTime:0.005114s ]
[ 2017-06-26T13:58:00+08:00 ] /Loan/info/id/1/mid/6 | SQL: SELECT ar.*,u.username as addname FROM auth_rule ar LEFT JOIN user u on u.id=ar.adduser WHERE ar.status=1 and ar.pid != 0 ORDER BY ar.sort asc,ar.timeadd  [ RunTime:0.007877s ]
[ 2017-06-26T13:58:00+08:00 ] /Loan/info/id/1/mid/6 | SQL: SHOW COLUMNS FROM `user` [ RunTime:0.006507s ]
[ 2017-06-26T13:58:00+08:00 ] /Loan/info/id/1/mid/6 | SQL: SELECT `typeid` FROM `user` WHERE id=1 LIMIT 1   [ RunTime:0.006007s ]
[ 2017-06-26T13:58:00+08:00 ] /Loan/info/id/1/mid/6 | SQL: SHOW COLUMNS FROM `common` [ RunTime:0.006191s ]
[ 2017-06-26T13:58:00+08:00 ] /Loan/info/id/1/mid/6 | SQL: SHOW COLUMNS FROM `loan_config` [ RunTime:0.006481s ]
[ 2017-06-26T13:58:00+08:00 ] /Loan/info/id/1/mid/6 | SQL: SELECT * FROM `loan_config` LIMIT 1   [ RunTime:0.006535s ]
[ 2017-06-26T13:58:00+08:00 ] /Loan/info/id/1/mid/6 | SQL: SHOW COLUMNS FROM `loan_tender` [ RunTime:0.006128s ]
[ 2017-06-26T13:58:00+08:00 ] /Loan/info/id/1/mid/6 | SQL: SHOW COLUMNS FROM `common` [ RunTime:0.005549s ]
[ 2017-06-26T13:58:00+08:00 ] /Loan/info/id/1/mid/6 | SQL: SHOW COLUMNS FROM `loan_config` [ RunTime:0.007208s ]
[ 2017-06-26T13:58:00+08:00 ] /Loan/info/id/1/mid/6 | SQL: SELECT * FROM `loan_config` LIMIT 1   [ RunTime:0.006337s ]
[ 2017-06-26T13:58:00+08:00 ] /Loan/info/id/1/mid/6 | SQL: SHOW COLUMNS FROM `loan_tender` [ RunTime:0.006442s ]
[ 2017-06-26T13:58:00+08:00 ] /Loan/info/id/1/mid/6 | SQL: SELECT COUNT(*) AS tp_count FROM loan_tender tender,loan_allot allot,member m,member_info mi,business_loan bus_l,loan_periode lp,business_channel bc,business_company bus,channel_company cha WHERE ( tender.id = '1' ) AND ( tender.business_loan_id=bus_l.id  and tender.id=allot.tender_id and tender.memberid=m.id and m.id=mi.memberid and bus_l.business_company_id=bus.id  and bus_l.loan_periode_id=lp.id and bus.id=bc.business_company_id and bc.channel_company_id=cha.id   ) LIMIT 1   [ RunTime:0.006457s ]
[ 2017-06-26T13:58:00+08:00 ] /Loan/info/id/1/mid/6 | SQL: SELECT tender.*,allot.late_fee,allot.start_time,allot.end_time,bus.companyname as bus_companyname,bus.id as business_company_id,bus.business_number,cha.companyname as cha_companyname,cha.id as channel_company_id,bus_l.name as bus_l_name,bus_l.capital_loan_id,bus_l.periode_rate,bus_l.late_periode_rate,mi.names,concat(lp.periode,lp.unit) as lp_name,mi.certiNumber FROM loan_tender tender,loan_allot allot,member m,member_info mi,business_loan bus_l,loan_periode lp,business_channel bc,business_company bus,channel_company cha WHERE ( tender.id = '1' ) AND ( tender.business_loan_id=bus_l.id  and tender.id=allot.tender_id and tender.memberid=m.id and m.id=mi.memberid and bus_l.business_company_id=bus.id  and bus_l.loan_periode_id=lp.id and bus.id=bc.business_company_id and bc.channel_company_id=cha.id   )  [ RunTime:0.007692s ]

[ 2017-06-26T13:58:05+08:00 ] 127.0.0.1 /Loan/index.html
[ 2017-06-26T13:58:04+08:00 ] /Loan/index.html | SQL: SHOW COLUMNS FROM `auth` [ RunTime:0.006328s ]
[ 2017-06-26T13:58:04+08:00 ] /Loan/index.html | SQL: SHOW COLUMNS FROM auth_rule ar [ RunTime:0.005319s ]
[ 2017-06-26T13:58:04+08:00 ] /Loan/index.html | SQL: SELECT ar.*,u.username as addname FROM auth_rule ar LEFT JOIN user u on u.id=ar.adduser WHERE ar.status=1 and ar.pid != 0 ORDER BY ar.sort asc,ar.timeadd  [ RunTime:0.008033s ]
[ 2017-06-26T13:58:04+08:00 ] /Loan/index.html | SQL: SHOW COLUMNS FROM `user` [ RunTime:0.007032s ]
[ 2017-06-26T13:58:04+08:00 ] /Loan/index.html | SQL: SELECT `typeid` FROM `user` WHERE id=1 LIMIT 1   [ RunTime:0.006282s ]
[ 2017-06-26T13:58:04+08:00 ] /Loan/index.html | SQL: SHOW COLUMNS FROM `common` [ RunTime:0.006346s ]
[ 2017-06-26T13:58:04+08:00 ] /Loan/index.html | SQL: SHOW COLUMNS FROM `loan_config` [ RunTime:0.007656s ]
[ 2017-06-26T13:58:04+08:00 ] /Loan/index.html | SQL: SELECT * FROM `loan_config` LIMIT 1   [ RunTime:0.006046s ]
[ 2017-06-26T13:58:04+08:00 ] /Loan/index.html | SQL: SHOW COLUMNS FROM `loan_tender` [ RunTime:0.007314s ]
[ 2017-06-26T13:58:04+08:00 ] /Loan/index.html | SQL: SHOW COLUMNS FROM `common` [ RunTime:0.006009s ]
[ 2017-06-26T13:58:04+08:00 ] /Loan/index.html | SQL: SHOW COLUMNS FROM `loan_config` [ RunTime:0.006581s ]
[ 2017-06-26T13:58:04+08:00 ] /Loan/index.html | SQL: SELECT * FROM `loan_config` LIMIT 1   [ RunTime:0.006839s ]
[ 2017-06-26T13:58:04+08:00 ] /Loan/index.html | SQL: SHOW COLUMNS FROM `loan_tender` [ RunTime:0.007674s ]
[ 2017-06-26T13:58:04+08:00 ] /Loan/index.html | SQL: SELECT COUNT(*) AS tp_count FROM loan_tender tender,loan_allot allot,member m,member_info mi,business_loan bus_l,loan_periode lp,business_channel bc,business_company bus,channel_company cha WHERE ( tender.business_loan_id=bus_l.id  and tender.id=allot.tender_id and tender.memberid=m.id and m.id=mi.memberid and bus_l.business_company_id=bus.id  and bus_l.loan_periode_id=lp.id and bus.id=bc.business_company_id and bc.channel_company_id=cha.id   ) LIMIT 1   [ RunTime:0.007027s ]
[ 2017-06-26T13:58:04+08:00 ] /Loan/index.html | SQL: SELECT tender.*,allot.late_fee,allot.start_time,allot.end_time,bus.companyname as bus_companyname,bus.id as business_company_id,bus.business_number,cha.companyname as cha_companyname,cha.id as channel_company_id,bus_l.name as bus_l_name,bus_l.capital_loan_id,bus_l.periode_rate,bus_l.late_periode_rate,mi.names,concat(lp.periode,lp.unit) as lp_name,mi.certiNumber FROM loan_tender tender,loan_allot allot,member m,member_info mi,business_loan bus_l,loan_periode lp,business_channel bc,business_company bus,channel_company cha WHERE ( tender.business_loan_id=bus_l.id  and tender.id=allot.tender_id and tender.memberid=m.id and m.id=mi.memberid and bus_l.business_company_id=bus.id  and bus_l.loan_periode_id=lp.id and bus.id=bc.business_company_id and bc.channel_company_id=cha.id   ) LIMIT 0,12   [ RunTime:0.008317s ]

[ 2017-06-26T13:58:07+08:00 ] 127.0.0.1 /Loan/info/id/1/mid/6
[ 2017-06-26T13:58:07+08:00 ] /Loan/info/id/1/mid/6 | SQL: SHOW COLUMNS FROM `auth` [ RunTime:0.005804s ]
[ 2017-06-26T13:58:07+08:00 ] /Loan/info/id/1/mid/6 | SQL: SHOW COLUMNS FROM auth_rule ar [ RunTime:0.004801s ]
[ 2017-06-26T13:58:07+08:00 ] /Loan/info/id/1/mid/6 | SQL: SELECT ar.*,u.username as addname FROM auth_rule ar LEFT JOIN user u on u.id=ar.adduser WHERE ar.status=1 and ar.pid != 0 ORDER BY ar.sort asc,ar.timeadd  [ RunTime:0.006437s ]
[ 2017-06-26T13:58:07+08:00 ] /Loan/info/id/1/mid/6 | SQL: SHOW COLUMNS FROM `user` [ RunTime:0.005566s ]
[ 2017-06-26T13:58:07+08:00 ] /Loan/info/id/1/mid/6 | SQL: SELECT `typeid` FROM `user` WHERE id=1 LIMIT 1   [ RunTime:0.006380s ]
[ 2017-06-26T13:58:07+08:00 ] /Loan/info/id/1/mid/6 | SQL: SHOW COLUMNS FROM `common` [ RunTime:0.005339s ]
[ 2017-06-26T13:58:07+08:00 ] /Loan/info/id/1/mid/6 | SQL: SHOW COLUMNS FROM `loan_config` [ RunTime:0.006951s ]
[ 2017-06-26T13:58:07+08:00 ] /Loan/info/id/1/mid/6 | SQL: SELECT * FROM `loan_config` LIMIT 1   [ RunTime:0.005881s ]
[ 2017-06-26T13:58:07+08:00 ] /Loan/info/id/1/mid/6 | SQL: SHOW COLUMNS FROM `loan_tender` [ RunTime:0.007527s ]
[ 2017-06-26T13:58:07+08:00 ] /Loan/info/id/1/mid/6 | SQL: SHOW COLUMNS FROM `common` [ RunTime:0.005687s ]
[ 2017-06-26T13:58:07+08:00 ] /Loan/info/id/1/mid/6 | SQL: SHOW COLUMNS FROM `loan_config` [ RunTime:0.006075s ]
[ 2017-06-26T13:58:07+08:00 ] /Loan/info/id/1/mid/6 | SQL: SELECT * FROM `loan_config` LIMIT 1   [ RunTime:0.005526s ]
[ 2017-06-26T13:58:07+08:00 ] /Loan/info/id/1/mid/6 | SQL: SHOW COLUMNS FROM `loan_tender` [ RunTime:0.006495s ]
[ 2017-06-26T13:58:07+08:00 ] /Loan/info/id/1/mid/6 | SQL: SELECT COUNT(*) AS tp_count FROM loan_tender tender,loan_allot allot,member m,member_info mi,business_loan bus_l,loan_periode lp,business_channel bc,business_company bus,channel_company cha WHERE ( tender.id = '1' ) AND ( tender.business_loan_id=bus_l.id  and tender.id=allot.tender_id and tender.memberid=m.id and m.id=mi.memberid and bus_l.business_company_id=bus.id  and bus_l.loan_periode_id=lp.id and bus.id=bc.business_company_id and bc.channel_company_id=cha.id   ) LIMIT 1   [ RunTime:0.006160s ]
[ 2017-06-26T13:58:07+08:00 ] /Loan/info/id/1/mid/6 | SQL: SELECT tender.*,allot.late_fee,allot.start_time,allot.end_time,bus.companyname as bus_companyname,bus.id as business_company_id,bus.business_number,cha.companyname as cha_companyname,cha.id as channel_company_id,bus_l.name as bus_l_name,bus_l.capital_loan_id,bus_l.periode_rate,bus_l.late_periode_rate,mi.names,concat(lp.periode,lp.unit) as lp_name,mi.certiNumber FROM loan_tender tender,loan_allot allot,member m,member_info mi,business_loan bus_l,loan_periode lp,business_channel bc,business_company bus,channel_company cha WHERE ( tender.id = '1' ) AND ( tender.business_loan_id=bus_l.id  and tender.id=allot.tender_id and tender.memberid=m.id and m.id=mi.memberid and bus_l.business_company_id=bus.id  and bus_l.loan_periode_id=lp.id and bus.id=bc.business_company_id and bc.channel_company_id=cha.id   )  [ RunTime:0.006992s ]

[ 2017-06-26T13:58:40+08:00 ] 127.0.0.1 /Loan/index.html
[ 2017-06-26T13:58:40+08:00 ] /Loan/index.html | SQL: SHOW COLUMNS FROM `auth` [ RunTime:0.006284s ]
[ 2017-06-26T13:58:40+08:00 ] /Loan/index.html | SQL: SHOW COLUMNS FROM auth_rule ar [ RunTime:0.006435s ]
[ 2017-06-26T13:58:40+08:00 ] /Loan/index.html | SQL: SELECT ar.*,u.username as addname FROM auth_rule ar LEFT JOIN user u on u.id=ar.adduser WHERE ar.status=1 and ar.pid != 0 ORDER BY ar.sort asc,ar.timeadd  [ RunTime:0.008274s ]
[ 2017-06-26T13:58:40+08:00 ] /Loan/index.html | SQL: SHOW COLUMNS FROM `user` [ RunTime:0.007978s ]
[ 2017-06-26T13:58:40+08:00 ] /Loan/index.html | SQL: SELECT `typeid` FROM `user` WHERE id=1 LIMIT 1   [ RunTime:0.007106s ]
[ 2017-06-26T13:58:40+08:00 ] /Loan/index.html | SQL: SHOW COLUMNS FROM `common` [ RunTime:0.007118s ]
[ 2017-06-26T13:58:40+08:00 ] /Loan/index.html | SQL: SHOW COLUMNS FROM `loan_config` [ RunTime:0.006933s ]
[ 2017-06-26T13:58:40+08:00 ] /Loan/index.html | SQL: SELECT * FROM `loan_config` LIMIT 1   [ RunTime:0.006349s ]
[ 2017-06-26T13:58:40+08:00 ] /Loan/index.html | SQL: SHOW COLUMNS FROM `loan_tender` [ RunTime:0.006886s ]
[ 2017-06-26T13:58:40+08:00 ] /Loan/index.html | SQL: SHOW COLUMNS FROM `common` [ RunTime:0.006244s ]
[ 2017-06-26T13:58:40+08:00 ] /Loan/index.html | SQL: SHOW COLUMNS FROM `loan_config` [ RunTime:0.007029s ]
[ 2017-06-26T13:58:40+08:00 ] /Loan/index.html | SQL: SELECT * FROM `loan_config` LIMIT 1   [ RunTime:0.005955s ]
[ 2017-06-26T13:58:40+08:00 ] /Loan/index.html | SQL: SHOW COLUMNS FROM `loan_tender` [ RunTime:0.007545s ]
[ 2017-06-26T13:58:40+08:00 ] /Loan/index.html | SQL: SELECT COUNT(*) AS tp_count FROM loan_tender tender,loan_allot allot,member m,member_info mi,business_loan bus_l,loan_periode lp,business_channel bc,business_company bus,channel_company cha WHERE ( tender.business_loan_id=bus_l.id  and tender.id=allot.tender_id and tender.memberid=m.id and m.id=mi.memberid and bus_l.business_company_id=bus.id  and bus_l.loan_periode_id=lp.id and bus.id=bc.business_company_id and bc.channel_company_id=cha.id   ) LIMIT 1   [ RunTime:0.006509s ]
[ 2017-06-26T13:58:40+08:00 ] /Loan/index.html | SQL: SELECT tender.*,allot.late_fee,allot.start_time,allot.end_time,bus.companyname as bus_companyname,bus.id as business_company_id,bus.business_number,cha.companyname as cha_companyname,cha.id as channel_company_id,bus_l.name as bus_l_name,bus_l.capital_loan_id,bus_l.periode_rate,bus_l.late_periode_rate,mi.names,concat(lp.periode,lp.unit) as lp_name,mi.certiNumber FROM loan_tender tender,loan_allot allot,member m,member_info mi,business_loan bus_l,loan_periode lp,business_channel bc,business_company bus,channel_company cha WHERE ( tender.business_loan_id=bus_l.id  and tender.id=allot.tender_id and tender.memberid=m.id and m.id=mi.memberid and bus_l.business_company_id=bus.id  and bus_l.loan_periode_id=lp.id and bus.id=bc.business_company_id and bc.channel_company_id=cha.id   ) LIMIT 0,12   [ RunTime:0.007263s ]

[ 2017-06-26T13:58:42+08:00 ] 127.0.0.1 /Loan/info/id/1/mid/6
[ 2017-06-26T13:58:42+08:00 ] /Loan/info/id/1/mid/6 | SQL: SHOW COLUMNS FROM `auth` [ RunTime:0.005738s ]
[ 2017-06-26T13:58:42+08:00 ] /Loan/info/id/1/mid/6 | SQL: SHOW COLUMNS FROM auth_rule ar [ RunTime:0.005284s ]
[ 2017-06-26T13:58:42+08:00 ] /Loan/info/id/1/mid/6 | SQL: SELECT ar.*,u.username as addname FROM auth_rule ar LEFT JOIN user u on u.id=ar.adduser WHERE ar.status=1 and ar.pid != 0 ORDER BY ar.sort asc,ar.timeadd  [ RunTime:0.006969s ]
[ 2017-06-26T13:58:42+08:00 ] /Loan/info/id/1/mid/6 | SQL: SHOW COLUMNS FROM `user` [ RunTime:0.007870s ]
[ 2017-06-26T13:58:42+08:00 ] /Loan/info/id/1/mid/6 | SQL: SELECT `typeid` FROM `user` WHERE id=1 LIMIT 1   [ RunTime:0.005244s ]
[ 2017-06-26T13:58:42+08:00 ] /Loan/info/id/1/mid/6 | SQL: SHOW COLUMNS FROM `common` [ RunTime:0.005720s ]
[ 2017-06-26T13:58:42+08:00 ] /Loan/info/id/1/mid/6 | SQL: SHOW COLUMNS FROM `loan_config` [ RunTime:0.006801s ]
[ 2017-06-26T13:58:42+08:00 ] /Loan/info/id/1/mid/6 | SQL: SELECT * FROM `loan_config` LIMIT 1   [ RunTime:0.005471s ]
[ 2017-06-26T13:58:42+08:00 ] /Loan/info/id/1/mid/6 | SQL: SHOW COLUMNS FROM `loan_tender` [ RunTime:0.007103s ]
[ 2017-06-26T13:58:42+08:00 ] /Loan/info/id/1/mid/6 | SQL: SHOW COLUMNS FROM `common` [ RunTime:0.006223s ]
[ 2017-06-26T13:58:42+08:00 ] /Loan/info/id/1/mid/6 | SQL: SHOW COLUMNS FROM `loan_config` [ RunTime:0.006957s ]
[ 2017-06-26T13:58:42+08:00 ] /Loan/info/id/1/mid/6 | SQL: SELECT * FROM `loan_config` LIMIT 1   [ RunTime:0.005888s ]
[ 2017-06-26T13:58:42+08:00 ] /Loan/info/id/1/mid/6 | SQL: SHOW COLUMNS FROM `loan_tender` [ RunTime:0.006266s ]
[ 2017-06-26T13:58:42+08:00 ] /Loan/info/id/1/mid/6 | SQL: SELECT COUNT(*) AS tp_count FROM loan_tender tender,loan_allot allot,member m,member_info mi,business_loan bus_l,loan_periode lp,business_channel bc,business_company bus,channel_company cha WHERE ( tender.id = '1' ) AND ( tender.business_loan_id=bus_l.id  and tender.id=allot.tender_id and tender.memberid=m.id and m.id=mi.memberid and bus_l.business_company_id=bus.id  and bus_l.loan_periode_id=lp.id and bus.id=bc.business_company_id and bc.channel_company_id=cha.id   ) LIMIT 1   [ RunTime:0.006010s ]
[ 2017-06-26T13:58:42+08:00 ] /Loan/info/id/1/mid/6 | SQL: SELECT tender.*,allot.late_fee,allot.start_time,allot.end_time,bus.companyname as bus_companyname,bus.id as business_company_id,bus.business_number,cha.companyname as cha_companyname,cha.id as channel_company_id,bus_l.name as bus_l_name,bus_l.capital_loan_id,bus_l.periode_rate,bus_l.late_periode_rate,mi.names,concat(lp.periode,lp.unit) as lp_name,mi.certiNumber FROM loan_tender tender,loan_allot allot,member m,member_info mi,business_loan bus_l,loan_periode lp,business_channel bc,business_company bus,channel_company cha WHERE ( tender.id = '1' ) AND ( tender.business_loan_id=bus_l.id  and tender.id=allot.tender_id and tender.memberid=m.id and m.id=mi.memberid and bus_l.business_company_id=bus.id  and bus_l.loan_periode_id=lp.id and bus.id=bc.business_company_id and bc.channel_company_id=cha.id   )  [ RunTime:0.007267s ]

[ 2017-06-26T13:58:59+08:00 ] 127.0.0.1 /Loan/index.html
[ 2017-06-26T13:58:59+08:00 ] /Loan/index.html | SQL: SHOW COLUMNS FROM `auth` [ RunTime:0.005903s ]
[ 2017-06-26T13:58:59+08:00 ] /Loan/index.html | SQL: SHOW COLUMNS FROM auth_rule ar [ RunTime:0.005336s ]
[ 2017-06-26T13:58:59+08:00 ] /Loan/index.html | SQL: SELECT ar.*,u.username as addname FROM auth_rule ar LEFT JOIN user u on u.id=ar.adduser WHERE ar.status=1 and ar.pid != 0 ORDER BY ar.sort asc,ar.timeadd  [ RunTime:0.007253s ]
[ 2017-06-26T13:58:59+08:00 ] /Loan/index.html | SQL: SHOW COLUMNS FROM `user` [ RunTime:0.006601s ]
[ 2017-06-26T13:58:59+08:00 ] /Loan/index.html | SQL: SELECT `typeid` FROM `user` WHERE id=1 LIMIT 1   [ RunTime:0.005233s ]
[ 2017-06-26T13:58:59+08:00 ] /Loan/index.html | SQL: SHOW COLUMNS FROM `common` [ RunTime:0.005847s ]
[ 2017-06-26T13:58:59+08:00 ] /Loan/index.html | SQL: SHOW COLUMNS FROM `loan_config` [ RunTime:0.006817s ]
[ 2017-06-26T13:58:59+08:00 ] /Loan/index.html | SQL: SELECT * FROM `loan_config` LIMIT 1   [ RunTime:0.005913s ]
[ 2017-06-26T13:58:59+08:00 ] /Loan/index.html | SQL: SHOW COLUMNS FROM `loan_tender` [ RunTime:0.006309s ]
[ 2017-06-26T13:58:59+08:00 ] /Loan/index.html | SQL: SHOW COLUMNS FROM `common` [ RunTime:0.006097s ]
[ 2017-06-26T13:58:59+08:00 ] /Loan/index.html | SQL: SHOW COLUMNS FROM `loan_config` [ RunTime:0.006594s ]
[ 2017-06-26T13:58:59+08:00 ] /Loan/index.html | SQL: SELECT * FROM `loan_config` LIMIT 1   [ RunTime:0.006486s ]
[ 2017-06-26T13:58:59+08:00 ] /Loan/index.html | SQL: SHOW COLUMNS FROM `loan_tender` [ RunTime:0.007222s ]
[ 2017-06-26T13:58:59+08:00 ] /Loan/index.html | SQL: SELECT COUNT(*) AS tp_count FROM loan_tender tender,loan_allot allot,member m,member_info mi,business_loan bus_l,loan_periode lp,business_channel bc,business_company bus,channel_company cha WHERE ( tender.business_loan_id=bus_l.id  and tender.id=allot.tender_id and tender.memberid=m.id and m.id=mi.memberid and bus_l.business_company_id=bus.id  and bus_l.loan_periode_id=lp.id and bus.id=bc.business_company_id and bc.channel_company_id=cha.id   ) LIMIT 1   [ RunTime:0.005413s ]
[ 2017-06-26T13:58:59+08:00 ] /Loan/index.html | SQL: SELECT tender.*,allot.late_fee,allot.start_time,allot.end_time,bus.companyname as bus_companyname,bus.id as business_company_id,bus.business_number,cha.companyname as cha_companyname,cha.id as channel_company_id,bus_l.name as bus_l_name,bus_l.capital_loan_id,bus_l.periode_rate,bus_l.late_periode_rate,mi.names,concat(lp.periode,lp.unit) as lp_name,mi.certiNumber FROM loan_tender tender,loan_allot allot,member m,member_info mi,business_loan bus_l,loan_periode lp,business_channel bc,business_company bus,channel_company cha WHERE ( tender.business_loan_id=bus_l.id  and tender.id=allot.tender_id and tender.memberid=m.id and m.id=mi.memberid and bus_l.business_company_id=bus.id  and bus_l.loan_periode_id=lp.id and bus.id=bc.business_company_id and bc.channel_company_id=cha.id   ) LIMIT 0,12   [ RunTime:0.007584s ]

[ 2017-06-26T13:59:01+08:00 ] 127.0.0.1 /Loan/info/id/1/mid/6
[ 2017-06-26T13:59:00+08:00 ] /Loan/info/id/1/mid/6 | SQL: SHOW COLUMNS FROM `auth` [ RunTime:0.006536s ]
[ 2017-06-26T13:59:00+08:00 ] /Loan/info/id/1/mid/6 | SQL: SHOW COLUMNS FROM auth_rule ar [ RunTime:0.006261s ]
[ 2017-06-26T13:59:00+08:00 ] /Loan/info/id/1/mid/6 | SQL: SELECT ar.*,u.username as addname FROM auth_rule ar LEFT JOIN user u on u.id=ar.adduser WHERE ar.status=1 and ar.pid != 0 ORDER BY ar.sort asc,ar.timeadd  [ RunTime:0.008701s ]
[ 2017-06-26T13:59:00+08:00 ] /Loan/info/id/1/mid/6 | SQL: SHOW COLUMNS FROM `user` [ RunTime:0.007198s ]
[ 2017-06-26T13:59:00+08:00 ] /Loan/info/id/1/mid/6 | SQL: SELECT `typeid` FROM `user` WHERE id=1 LIMIT 1   [ RunTime:0.006174s ]
[ 2017-06-26T13:59:00+08:00 ] /Loan/info/id/1/mid/6 | SQL: SHOW COLUMNS FROM `common` [ RunTime:0.007290s ]
[ 2017-06-26T13:59:00+08:00 ] /Loan/info/id/1/mid/6 | SQL: SHOW COLUMNS FROM `loan_config` [ RunTime:0.007559s ]
[ 2017-06-26T13:59:00+08:00 ] /Loan/info/id/1/mid/6 | SQL: SELECT * FROM `loan_config` LIMIT 1   [ RunTime:0.006473s ]
[ 2017-06-26T13:59:00+08:00 ] /Loan/info/id/1/mid/6 | SQL: SHOW COLUMNS FROM `loan_tender` [ RunTime:0.006893s ]
[ 2017-06-26T13:59:00+08:00 ] /Loan/info/id/1/mid/6 | SQL: SHOW COLUMNS FROM `common` [ RunTime:0.006368s ]
[ 2017-06-26T13:59:00+08:00 ] /Loan/info/id/1/mid/6 | SQL: SHOW COLUMNS FROM `loan_config` [ RunTime:0.006853s ]
[ 2017-06-26T13:59:00+08:00 ] /Loan/info/id/1/mid/6 | SQL: SELECT * FROM `loan_config` LIMIT 1   [ RunTime:0.011646s ]
[ 2017-06-26T13:59:00+08:00 ] /Loan/info/id/1/mid/6 | SQL: SHOW COLUMNS FROM `loan_tender` [ RunTime:0.009983s ]
[ 2017-06-26T13:59:00+08:00 ] /Loan/info/id/1/mid/6 | SQL: SELECT COUNT(*) AS tp_count FROM loan_tender tender,loan_allot allot,member m,member_info mi,business_loan bus_l,loan_periode lp,business_channel bc,business_company bus,channel_company cha WHERE ( tender.id = '1' ) AND ( tender.business_loan_id=bus_l.id  and tender.id=allot.tender_id and tender.memberid=m.id and m.id=mi.memberid and bus_l.business_company_id=bus.id  and bus_l.loan_periode_id=lp.id and bus.id=bc.business_company_id and bc.channel_company_id=cha.id   ) LIMIT 1   [ RunTime:0.008581s ]
[ 2017-06-26T13:59:01+08:00 ] /Loan/info/id/1/mid/6 | SQL: SELECT tender.*,allot.late_fee,allot.start_time,allot.end_time,bus.companyname as bus_companyname,bus.id as business_company_id,bus.business_number,cha.companyname as cha_companyname,cha.id as channel_company_id,bus_l.name as bus_l_name,bus_l.capital_loan_id,bus_l.periode_rate,bus_l.late_periode_rate,mi.names,concat(lp.periode,lp.unit) as lp_name,mi.certiNumber FROM loan_tender tender,loan_allot allot,member m,member_info mi,business_loan bus_l,loan_periode lp,business_channel bc,business_company bus,channel_company cha WHERE ( tender.id = '1' ) AND ( tender.business_loan_id=bus_l.id  and tender.id=allot.tender_id and tender.memberid=m.id and m.id=mi.memberid and bus_l.business_company_id=bus.id  and bus_l.loan_periode_id=lp.id and bus.id=bc.business_company_id and bc.channel_company_id=cha.id   )  [ RunTime:0.008559s ]

[ 2017-06-26T13:59:40+08:00 ] 127.0.0.1 /Loan/index.html
[ 2017-06-26T13:59:40+08:00 ] /Loan/index.html | SQL: SHOW COLUMNS FROM `auth` [ RunTime:0.005862s ]
[ 2017-06-26T13:59:40+08:00 ] /Loan/index.html | SQL: SHOW COLUMNS FROM auth_rule ar [ RunTime:0.005302s ]
[ 2017-06-26T13:59:40+08:00 ] /Loan/index.html | SQL: SELECT ar.*,u.username as addname FROM auth_rule ar LEFT JOIN user u on u.id=ar.adduser WHERE ar.status=1 and ar.pid != 0 ORDER BY ar.sort asc,ar.timeadd  [ RunTime:0.007310s ]
[ 2017-06-26T13:59:40+08:00 ] /Loan/index.html | SQL: SHOW COLUMNS FROM `user` [ RunTime:0.006830s ]
[ 2017-06-26T13:59:40+08:00 ] /Loan/index.html | SQL: SELECT `typeid` FROM `user` WHERE id=1 LIMIT 1   [ RunTime:0.004701s ]
[ 2017-06-26T13:59:40+08:00 ] /Loan/index.html | SQL: SHOW COLUMNS FROM `common` [ RunTime:0.005860s ]
[ 2017-06-26T13:59:40+08:00 ] /Loan/index.html | SQL: SHOW COLUMNS FROM `loan_config` [ RunTime:0.006666s ]
[ 2017-06-26T13:59:40+08:00 ] /Loan/index.html | SQL: SELECT * FROM `loan_config` LIMIT 1   [ RunTime:0.005753s ]
[ 2017-06-26T13:59:40+08:00 ] /Loan/index.html | SQL: SHOW COLUMNS FROM `loan_tender` [ RunTime:0.007002s ]
[ 2017-06-26T13:59:40+08:00 ] /Loan/index.html | SQL: SHOW COLUMNS FROM `common` [ RunTime:0.005566s ]
[ 2017-06-26T13:59:40+08:00 ] /Loan/index.html | SQL: SHOW COLUMNS FROM `loan_config` [ RunTime:0.005800s ]
[ 2017-06-26T13:59:40+08:00 ] /Loan/index.html | SQL: SELECT * FROM `loan_config` LIMIT 1   [ RunTime:0.005469s ]
[ 2017-06-26T13:59:40+08:00 ] /Loan/index.html | SQL: SHOW COLUMNS FROM `loan_tender` [ RunTime:0.007127s ]
[ 2017-06-26T13:59:40+08:00 ] /Loan/index.html | SQL: SELECT COUNT(*) AS tp_count FROM loan_tender tender,loan_allot allot,member m,member_info mi,business_loan bus_l,loan_periode lp,business_channel bc,business_company bus,channel_company cha WHERE ( tender.business_loan_id=bus_l.id  and tender.id=allot.tender_id and tender.memberid=m.id and m.id=mi.memberid and bus_l.business_company_id=bus.id  and bus_l.loan_periode_id=lp.id and bus.id=bc.business_company_id and bc.channel_company_id=cha.id   ) LIMIT 1   [ RunTime:0.006260s ]
[ 2017-06-26T13:59:40+08:00 ] /Loan/index.html | SQL: SELECT tender.*,allot.late_fee,allot.start_time,allot.end_time,bus.companyname as bus_companyname,bus.id as business_company_id,bus.business_number,cha.companyname as cha_companyname,cha.id as channel_company_id,bus_l.name as bus_l_name,bus_l.capital_loan_id,bus_l.periode_rate,bus_l.late_periode_rate,mi.names,concat(lp.periode,lp.unit) as lp_name,mi.certiNumber FROM loan_tender tender,loan_allot allot,member m,member_info mi,business_loan bus_l,loan_periode lp,business_channel bc,business_company bus,channel_company cha WHERE ( tender.business_loan_id=bus_l.id  and tender.id=allot.tender_id and tender.memberid=m.id and m.id=mi.memberid and bus_l.business_company_id=bus.id  and bus_l.loan_periode_id=lp.id and bus.id=bc.business_company_id and bc.channel_company_id=cha.id   ) LIMIT 0,12   [ RunTime:0.006601s ]

[ 2017-06-26T13:59:42+08:00 ] 127.0.0.1 /Loan/info/id/1/mid/6
[ 2017-06-26T13:59:42+08:00 ] /Loan/info/id/1/mid/6 | SQL: SHOW COLUMNS FROM `auth` [ RunTime:0.007975s ]
[ 2017-06-26T13:59:42+08:00 ] /Loan/info/id/1/mid/6 | SQL: SHOW COLUMNS FROM auth_rule ar [ RunTime:0.008719s ]
[ 2017-06-26T13:59:42+08:00 ] /Loan/info/id/1/mid/6 | SQL: SELECT ar.*,u.username as addname FROM auth_rule ar LEFT JOIN user u on u.id=ar.adduser WHERE ar.status=1 and ar.pid != 0 ORDER BY ar.sort asc,ar.timeadd  [ RunTime:0.007878s ]
[ 2017-06-26T13:59:42+08:00 ] /Loan/info/id/1/mid/6 | SQL: SHOW COLUMNS FROM `user` [ RunTime:0.007624s ]
[ 2017-06-26T13:59:42+08:00 ] /Loan/info/id/1/mid/6 | SQL: SELECT `typeid` FROM `user` WHERE id=1 LIMIT 1   [ RunTime:0.006148s ]
[ 2017-06-26T13:59:42+08:00 ] /Loan/info/id/1/mid/6 | SQL: SHOW COLUMNS FROM `common` [ RunTime:0.006536s ]
[ 2017-06-26T13:59:42+08:00 ] /Loan/info/id/1/mid/6 | SQL: SHOW COLUMNS FROM `loan_config` [ RunTime:0.007174s ]
[ 2017-06-26T13:59:42+08:00 ] /Loan/info/id/1/mid/6 | SQL: SELECT * FROM `loan_config` LIMIT 1   [ RunTime:0.006285s ]
[ 2017-06-26T13:59:42+08:00 ] /Loan/info/id/1/mid/6 | SQL: SHOW COLUMNS FROM `loan_tender` [ RunTime:0.007378s ]
[ 2017-06-26T13:59:42+08:00 ] /Loan/info/id/1/mid/6 | SQL: SHOW COLUMNS FROM `common` [ RunTime:0.006602s ]
[ 2017-06-26T13:59:42+08:00 ] /Loan/info/id/1/mid/6 | SQL: SHOW COLUMNS FROM `loan_config` [ RunTime:0.006733s ]
[ 2017-06-26T13:59:42+08:00 ] /Loan/info/id/1/mid/6 | SQL: SELECT * FROM `loan_config` LIMIT 1   [ RunTime:0.006644s ]
[ 2017-06-26T13:59:42+08:00 ] /Loan/info/id/1/mid/6 | SQL: SHOW COLUMNS FROM `loan_tender` [ RunTime:0.007579s ]
[ 2017-06-26T13:59:42+08:00 ] /Loan/info/id/1/mid/6 | SQL: SELECT COUNT(*) AS tp_count FROM loan_tender tender,loan_allot allot,member m,member_info mi,business_loan bus_l,loan_periode lp,business_channel bc,business_company bus,channel_company cha WHERE ( tender.id = '1' ) AND ( tender.business_loan_id=bus_l.id  and tender.id=allot.tender_id and tender.memberid=m.id and m.id=mi.memberid and bus_l.business_company_id=bus.id  and bus_l.loan_periode_id=lp.id and bus.id=bc.business_company_id and bc.channel_company_id=cha.id   ) LIMIT 1   [ RunTime:0.006306s ]
[ 2017-06-26T13:59:42+08:00 ] /Loan/info/id/1/mid/6 | SQL: SELECT tender.*,allot.late_fee,allot.start_time,allot.end_time,bus.companyname as bus_companyname,bus.id as business_company_id,bus.business_number,cha.companyname as cha_companyname,cha.id as channel_company_id,bus_l.name as bus_l_name,bus_l.capital_loan_id,bus_l.periode_rate,bus_l.late_periode_rate,mi.names,concat(lp.periode,lp.unit) as lp_name,mi.certiNumber FROM loan_tender tender,loan_allot allot,member m,member_info mi,business_loan bus_l,loan_periode lp,business_channel bc,business_company bus,channel_company cha WHERE ( tender.id = '1' ) AND ( tender.business_loan_id=bus_l.id  and tender.id=allot.tender_id and tender.memberid=m.id and m.id=mi.memberid and bus_l.business_company_id=bus.id  and bus_l.loan_periode_id=lp.id and bus.id=bc.business_company_id and bc.channel_company_id=cha.id   )  [ RunTime:0.008125s ]

[ 2017-06-26T13:59:49+08:00 ] 127.0.0.1 /Loan/index.html
[ 2017-06-26T13:59:49+08:00 ] /Loan/index.html | SQL: SHOW COLUMNS FROM `auth` [ RunTime:0.006076s ]
[ 2017-06-26T13:59:49+08:00 ] /Loan/index.html | SQL: SHOW COLUMNS FROM auth_rule ar [ RunTime:0.004637s ]
[ 2017-06-26T13:59:49+08:00 ] /Loan/index.html | SQL: SELECT ar.*,u.username as addname FROM auth_rule ar LEFT JOIN user u on u.id=ar.adduser WHERE ar.status=1 and ar.pid != 0 ORDER BY ar.sort asc,ar.timeadd  [ RunTime:0.007548s ]
[ 2017-06-26T13:59:49+08:00 ] /Loan/index.html | SQL: SHOW COLUMNS FROM `user` [ RunTime:0.006547s ]
[ 2017-06-26T13:59:49+08:00 ] /Loan/index.html | SQL: SELECT `typeid` FROM `user` WHERE id=1 LIMIT 1   [ RunTime:0.005592s ]
[ 2017-06-26T13:59:49+08:00 ] /Loan/index.html | SQL: SHOW COLUMNS FROM `common` [ RunTime:0.005499s ]
[ 2017-06-26T13:59:49+08:00 ] /Loan/index.html | SQL: SHOW COLUMNS FROM `loan_config` [ RunTime:0.006620s ]
[ 2017-06-26T13:59:49+08:00 ] /Loan/index.html | SQL: SELECT * FROM `loan_config` LIMIT 1   [ RunTime:0.005448s ]
[ 2017-06-26T13:59:49+08:00 ] /Loan/index.html | SQL: SHOW COLUMNS FROM `loan_tender` [ RunTime:0.005956s ]
[ 2017-06-26T13:59:49+08:00 ] /Loan/index.html | SQL: SHOW COLUMNS FROM `common` [ RunTime:0.005591s ]
[ 2017-06-26T13:59:49+08:00 ] /Loan/index.html | SQL: SHOW COLUMNS FROM `loan_config` [ RunTime:0.006964s ]
[ 2017-06-26T13:59:49+08:00 ] /Loan/index.html | SQL: SELECT * FROM `loan_config` LIMIT 1   [ RunTime:0.006172s ]
[ 2017-06-26T13:59:49+08:00 ] /Loan/index.html | SQL: SHOW COLUMNS FROM `loan_tender` [ RunTime:0.006859s ]
[ 2017-06-26T13:59:49+08:00 ] /Loan/index.html | SQL: SELECT COUNT(*) AS tp_count FROM loan_tender tender,loan_allot allot,member m,member_info mi,business_loan bus_l,loan_periode lp,business_channel bc,business_company bus,channel_company cha WHERE ( tender.business_loan_id=bus_l.id  and tender.id=allot.tender_id and tender.memberid=m.id and m.id=mi.memberid and bus_l.business_company_id=bus.id  and bus_l.loan_periode_id=lp.id and bus.id=bc.business_company_id and bc.channel_company_id=cha.id   ) LIMIT 1   [ RunTime:0.005435s ]
[ 2017-06-26T13:59:49+08:00 ] /Loan/index.html | SQL: SELECT tender.*,allot.late_fee,allot.start_time,allot.end_time,bus.companyname as bus_companyname,bus.id as business_company_id,bus.business_number,cha.companyname as cha_companyname,cha.id as channel_company_id,bus_l.name as bus_l_name,bus_l.capital_loan_id,bus_l.periode_rate,bus_l.late_periode_rate,mi.names,concat(lp.periode,lp.unit) as lp_name,mi.certiNumber FROM loan_tender tender,loan_allot allot,member m,member_info mi,business_loan bus_l,loan_periode lp,business_channel bc,business_company bus,channel_company cha WHERE ( tender.business_loan_id=bus_l.id  and tender.id=allot.tender_id and tender.memberid=m.id and m.id=mi.memberid and bus_l.business_company_id=bus.id  and bus_l.loan_periode_id=lp.id and bus.id=bc.business_company_id and bc.channel_company_id=cha.id   ) LIMIT 0,12   [ RunTime:0.007092s ]

[ 2017-06-26T13:59:50+08:00 ] 127.0.0.1 /Loan/info/id/1/mid/6
[ 2017-06-26T13:59:50+08:00 ] /Loan/info/id/1/mid/6 | SQL: SHOW COLUMNS FROM `auth` [ RunTime:0.006295s ]
[ 2017-06-26T13:59:50+08:00 ] /Loan/info/id/1/mid/6 | SQL: SHOW COLUMNS FROM auth_rule ar [ RunTime:0.005988s ]
[ 2017-06-26T13:59:50+08:00 ] /Loan/info/id/1/mid/6 | SQL: SELECT ar.*,u.username as addname FROM auth_rule ar LEFT JOIN user u on u.id=ar.adduser WHERE ar.status=1 and ar.pid != 0 ORDER BY ar.sort asc,ar.timeadd  [ RunTime:0.008151s ]
[ 2017-06-26T13:59:50+08:00 ] /Loan/info/id/1/mid/6 | SQL: SHOW COLUMNS FROM `user` [ RunTime:0.007070s ]
[ 2017-06-26T13:59:50+08:00 ] /Loan/info/id/1/mid/6 | SQL: SELECT `typeid` FROM `user` WHERE id=1 LIMIT 1   [ RunTime:0.005757s ]
[ 2017-06-26T13:59:50+08:00 ] /Loan/info/id/1/mid/6 | SQL: SHOW COLUMNS FROM `common` [ RunTime:0.006868s ]
[ 2017-06-26T13:59:50+08:00 ] /Loan/info/id/1/mid/6 | SQL: SHOW COLUMNS FROM `loan_config` [ RunTime:0.006891s ]
[ 2017-06-26T13:59:50+08:00 ] /Loan/info/id/1/mid/6 | SQL: SELECT * FROM `loan_config` LIMIT 1   [ RunTime:0.006266s ]
[ 2017-06-26T13:59:50+08:00 ] /Loan/info/id/1/mid/6 | SQL: SHOW COLUMNS FROM `loan_tender` [ RunTime:0.007517s ]
[ 2017-06-26T13:59:50+08:00 ] /Loan/info/id/1/mid/6 | SQL: SHOW COLUMNS FROM `common` [ RunTime:0.006919s ]
[ 2017-06-26T13:59:50+08:00 ] /Loan/info/id/1/mid/6 | SQL: SHOW COLUMNS FROM `loan_config` [ RunTime:0.006884s ]
[ 2017-06-26T13:59:50+08:00 ] /Loan/info/id/1/mid/6 | SQL: SELECT * FROM `loan_config` LIMIT 1   [ RunTime:0.007285s ]
[ 2017-06-26T13:59:50+08:00 ] /Loan/info/id/1/mid/6 | SQL: SHOW COLUMNS FROM `loan_tender` [ RunTime:0.007495s ]
[ 2017-06-26T13:59:50+08:00 ] /Loan/info/id/1/mid/6 | SQL: SELECT COUNT(*) AS tp_count FROM loan_tender tender,loan_allot allot,member m,member_info mi,business_loan bus_l,loan_periode lp,business_channel bc,business_company bus,channel_company cha WHERE ( tender.id = '1' ) AND ( tender.business_loan_id=bus_l.id  and tender.id=allot.tender_id and tender.memberid=m.id and m.id=mi.memberid and bus_l.business_company_id=bus.id  and bus_l.loan_periode_id=lp.id and bus.id=bc.business_company_id and bc.channel_company_id=cha.id   ) LIMIT 1   [ RunTime:0.007365s ]
[ 2017-06-26T13:59:50+08:00 ] /Loan/info/id/1/mid/6 | SQL: SELECT tender.*,allot.late_fee,allot.start_time,allot.end_time,bus.companyname as bus_companyname,bus.id as business_company_id,bus.business_number,cha.companyname as cha_companyname,cha.id as channel_company_id,bus_l.name as bus_l_name,bus_l.capital_loan_id,bus_l.periode_rate,bus_l.late_periode_rate,mi.names,concat(lp.periode,lp.unit) as lp_name,mi.certiNumber FROM loan_tender tender,loan_allot allot,member m,member_info mi,business_loan bus_l,loan_periode lp,business_channel bc,business_company bus,channel_company cha WHERE ( tender.id = '1' ) AND ( tender.business_loan_id=bus_l.id  and tender.id=allot.tender_id and tender.memberid=m.id and m.id=mi.memberid and bus_l.business_company_id=bus.id  and bus_l.loan_periode_id=lp.id and bus.id=bc.business_company_id and bc.channel_company_id=cha.id   )  [ RunTime:0.008643s ]

