[ 2017-06-30T10:11:57+08:00 ]  127.0.0.1 /favicon.ico | ERR: (ThinkException) 无法加载模块favicon.ico
[ 2017-06-30T10:11:57+08:00 ]  127.0.0.1 /favicon.ico | ERR: (ThinkException) 无法加载模块favicon.ico
[ 2017-06-30T10:12:01+08:00 ] 127.0.0.1 /Public/doLogin.html
[ 2017-06-30T10:12:01+08:00 ] /Public/doLogin.html | SQL: SHOW COLUMNS FROM `auth_group` [ RunTime:0.005814s ]
[ 2017-06-30T10:12:01+08:00 ] /Public/doLogin.html | SQL: SELECT * FROM `auth_group` WHERE status=1  [ RunTime:0.005050s ]
[ 2017-06-30T10:12:01+08:00 ] /Public/doLogin.html | SQL: SHOW COLUMNS FROM `user` [ RunTime:0.006935s ]
[ 2017-06-30T10:12:01+08:00 ] /Public/doLogin.html | SQL: SELECT * FROM `user` WHERE username='qjx' LIMIT 1   [ RunTime:0.006959s ]
[ 2017-06-30T10:12:01+08:00 ] /Public/doLogin.html | SQL: SHOW COLUMNS FROM `common` [ RunTime:0.006779s ]
[ 2017-06-30T10:12:01+08:00 ] /Public/doLogin.html | SQL: SHOW COLUMNS FROM `common` [ RunTime:0.006356s ]
[ 2017-06-30T10:12:01+08:00 ] /Public/doLogin.html | SQL: UPDATE `user` SET `lasttime`='2017-06-30 10:12:01',`lastip`='127.0.0.1' WHERE username='qjx' [ RunTime:0.005766s ]
[ 2017-06-30T10:12:01+08:00 ] /Public/doLogin.html | SQL: UPDATE `user` SET `logincount`=logincount+1,`lasttime`='2017-06-30 10:12:01',`lastip`='127.0.0.1' WHERE username='qjx' [ RunTime:0.005338s ]
[ 2017-06-30T10:12:01+08:00 ] /Public/doLogin.html | SQL: SHOW COLUMNS FROM `user_token` [ RunTime:0.006145s ]
[ 2017-06-30T10:12:01+08:00 ] /Public/doLogin.html | SQL: SELECT * FROM `user_token` WHERE username='qjx' LIMIT 1   [ RunTime:0.005590s ]
[ 2017-06-30T10:12:01+08:00 ] /Public/doLogin.html | SQL: UPDATE `user_token` SET `token`='c0f19561a13e01770186b2056f5cf0f5',`username`='qjx',`logintime`='2017-06-30 10:12:01' WHERE username='qjx' [ RunTime:0.005459s ]
[ 2017-06-30T10:12:01+08:00 ] /Public/doLogin.html | SQL: SHOW COLUMNS FROM `common` [ RunTime:0.007228s ]
[ 2017-06-30T10:12:01+08:00 ] /Public/doLogin.html | SQL: SHOW COLUMNS FROM `user_operate` [ RunTime:0.007010s ]
[ 2017-06-30T10:12:01+08:00 ] /Public/doLogin.html | SQL: INSERT INTO `user_operate` (`status`,`userid`,`remark`,`type`,`ip`,`timeadd`) VALUES (1,'1','用户登录',1,'127.0.0.1','2017-06-30 10:12:01') [ RunTime:0.007972s ]

[ 2017-06-30T10:12:02+08:00 ] 127.0.0.1 /
[ 2017-06-30T10:12:02+08:00 ] / | SQL: SHOW COLUMNS FROM `auth` [ RunTime:0.007845s ]
[ 2017-06-30T10:12:02+08:00 ] / | SQL: SHOW COLUMNS FROM auth_rule ar [ RunTime:0.006084s ]
[ 2017-06-30T10:12:02+08:00 ] / | SQL: SELECT ar.*,u.username as addname FROM auth_rule ar LEFT JOIN user u on u.id=ar.adduser WHERE ar.status=1 and ar.pid != 0 ORDER BY ar.sort asc,ar.timeadd  [ RunTime:0.009023s ]
[ 2017-06-30T10:12:02+08:00 ] / | SQL: SHOW COLUMNS FROM `user` [ RunTime:0.007797s ]
[ 2017-06-30T10:12:02+08:00 ] / | SQL: SELECT `typeid` FROM `user` WHERE id=1 LIMIT 1   [ RunTime:0.006205s ]

[ 2017-06-30T10:12:02+08:00 ] 127.0.0.1 /Public/getJsMenu.html
[ 2017-06-30T10:12:02+08:00 ] /Public/getJsMenu.html | SQL: SHOW COLUMNS FROM `auth_group` [ RunTime:0.006712s ]
[ 2017-06-30T10:12:02+08:00 ] /Public/getJsMenu.html | SQL: SELECT * FROM `auth_group` WHERE status=1  [ RunTime:0.004683s ]
[ 2017-06-30T10:12:02+08:00 ] /Public/getJsMenu.html | SQL: SHOW COLUMNS FROM `user` [ RunTime:0.006609s ]
[ 2017-06-30T10:12:02+08:00 ] /Public/getJsMenu.html | SQL: SELECT `groupid` FROM `user` WHERE id='1' LIMIT 1   [ RunTime:0.004736s ]
[ 2017-06-30T10:12:02+08:00 ] /Public/getJsMenu.html | SQL: SELECT `groupid` FROM `user` WHERE id='1' LIMIT 1   [ RunTime:0.005151s ]
[ 2017-06-30T10:12:02+08:00 ] /Public/getJsMenu.html | SQL: SHOW COLUMNS FROM auth_rule ar [ RunTime:0.005242s ]
[ 2017-06-30T10:12:02+08:00 ] /Public/getJsMenu.html | SQL: SELECT ar.*,u.username as addname FROM auth_rule ar LEFT JOIN user u on u.id=ar.adduser WHERE ar.status=1 and ar.pid != 0 and ar.groupid='1' ORDER BY ar.sort asc,ar.timeadd  [ RunTime:0.007238s ]
[ 2017-06-30T10:12:02+08:00 ] /Public/getJsMenu.html | SQL: SELECT `typeid` FROM `user` WHERE id=1 LIMIT 1   [ RunTime:0.004696s ]
[ 2017-06-30T10:12:02+08:00 ] /Public/getJsMenu.html | SQL: SELECT * FROM `auth_rule` WHERE pid=0 and status=1 and groupid='1' ORDER BY sort desc,timeadd asc  [ RunTime:0.006191s ]

[ 2017-06-30T10:12:02+08:00 ]  127.0.0.1 /favicon.ico | ERR: (ThinkException) 无法加载模块favicon.ico
[ 2017-06-30T10:12:02+08:00 ]  127.0.0.1 /favicon.ico | ERR: (ThinkException) 无法加载模块favicon.ico
[ 2017-06-30T10:12:02+08:00 ] 127.0.0.1 /Index/system.html
[ 2017-06-30T10:12:02+08:00 ] /Index/system.html | SQL: SHOW COLUMNS FROM `auth` [ RunTime:0.005466s ]
[ 2017-06-30T10:12:02+08:00 ] /Index/system.html | SQL: SHOW COLUMNS FROM auth_rule ar [ RunTime:0.005602s ]
[ 2017-06-30T10:12:02+08:00 ] /Index/system.html | SQL: SELECT ar.*,u.username as addname FROM auth_rule ar LEFT JOIN user u on u.id=ar.adduser WHERE ar.status=1 and ar.pid != 0 ORDER BY ar.sort asc,ar.timeadd  [ RunTime:0.007647s ]
[ 2017-06-30T10:12:02+08:00 ] /Index/system.html | SQL: SHOW COLUMNS FROM `user` [ RunTime:0.007490s ]
[ 2017-06-30T10:12:02+08:00 ] /Index/system.html | SQL: SELECT `typeid` FROM `user` WHERE id=1 LIMIT 1   [ RunTime:0.005107s ]
[ 2017-06-30T10:12:02+08:00 ] /Index/system.html | SQL: SHOW COLUMNS FROM `member` [ RunTime:0.006293s ]
[ 2017-06-30T10:12:02+08:00 ] /Index/system.html | SQL: SELECT COUNT(*) AS tp_count FROM `member` WHERE (  (`timeadd` BETWEEN '2017-06-30' AND '2017-06-30 23:59:59' ) ) LIMIT 1   [ RunTime:0.005657s ]
[ 2017-06-30T10:12:02+08:00 ] /Index/system.html | SQL: SELECT COUNT(*) AS tp_count FROM `member` LIMIT 1   [ RunTime:0.005992s ]

[ 2017-06-30T10:12:03+08:00 ] 127.0.0.1 /Menu/index.html
[ 2017-06-30T10:12:03+08:00 ] /Menu/index.html | SQL: SHOW COLUMNS FROM `auth_group` [ RunTime:0.006457s ]
[ 2017-06-30T10:12:03+08:00 ] /Menu/index.html | SQL: SELECT * FROM `auth_group` WHERE status=1  [ RunTime:0.005573s ]
[ 2017-06-30T10:12:03+08:00 ] /Menu/index.html | SQL: SELECT * FROM `auth_group`  [ RunTime:0.005904s ]
[ 2017-06-30T10:12:03+08:00 ] /Menu/index.html | SQL: SHOW COLUMNS FROM `auth_rule` [ RunTime:0.006500s ]
[ 2017-06-30T10:12:03+08:00 ] /Menu/index.html | SQL: SHOW COLUMNS FROM `auth` [ RunTime:0.005423s ]
[ 2017-06-30T10:12:03+08:00 ] /Menu/index.html | SQL: SHOW COLUMNS FROM auth_rule ar [ RunTime:0.005647s ]
[ 2017-06-30T10:12:03+08:00 ] /Menu/index.html | SQL: SELECT ar.*,u.username as addname FROM auth_rule ar LEFT JOIN user u on u.id=ar.adduser WHERE ar.status=1 and ar.pid != 0 ORDER BY ar.sort asc,ar.timeadd  [ RunTime:0.007338s ]
[ 2017-06-30T10:12:03+08:00 ] /Menu/index.html | SQL: SHOW COLUMNS FROM `user` [ RunTime:0.006656s ]
[ 2017-06-30T10:12:03+08:00 ] /Menu/index.html | SQL: SELECT `typeid` FROM `user` WHERE id=1 LIMIT 1   [ RunTime:0.005892s ]
[ 2017-06-30T10:12:03+08:00 ] /Menu/index.html | SQL: SELECT ar.*,u.username as addname FROM auth_rule ar LEFT JOIN user u on u.id=ar.adduser WHERE ar.status=1 and ar.pid != 0 and ar.groupid='1' ORDER BY ar.sort asc,ar.timeadd  [ RunTime:0.007212s ]
[ 2017-06-30T10:12:03+08:00 ] /Menu/index.html | SQL: SELECT `typeid` FROM `user` WHERE id= LIMIT 1   [ RunTime:0.005526s ]
[ 2017-06-30T10:12:03+08:00 ] /Menu/index.html | SQL: SELECT * FROM `auth_rule` WHERE pid=0 and status=1 and groupid='1' ORDER BY sort desc,timeadd asc  [ RunTime:0.006690s ]

[ 2017-06-30T10:12:03+08:00 ]  127.0.0.1 /favicon.ico | ERR: (ThinkException) 无法加载模块favicon.ico
[ 2017-06-30T10:12:05+08:00 ] 127.0.0.1 /Menu/add/groupid/3
[ 2017-06-30T10:12:05+08:00 ] /Menu/add/groupid/3 | SQL: SHOW COLUMNS FROM `auth_group` [ RunTime:0.006695s ]
[ 2017-06-30T10:12:05+08:00 ] /Menu/add/groupid/3 | SQL: SELECT * FROM `auth_group` WHERE status=1  [ RunTime:0.005921s ]
[ 2017-06-30T10:12:05+08:00 ] /Menu/add/groupid/3 | SQL: SELECT * FROM `auth_group`  [ RunTime:0.005670s ]
[ 2017-06-30T10:12:05+08:00 ] /Menu/add/groupid/3 | SQL: SHOW COLUMNS FROM `auth_rule` [ RunTime:0.007523s ]
[ 2017-06-30T10:12:05+08:00 ] /Menu/add/groupid/3 | SQL: SHOW COLUMNS FROM `auth` [ RunTime:0.006504s ]
[ 2017-06-30T10:12:05+08:00 ] /Menu/add/groupid/3 | SQL: SHOW COLUMNS FROM auth_rule ar [ RunTime:0.006728s ]
[ 2017-06-30T10:12:05+08:00 ] /Menu/add/groupid/3 | SQL: SELECT ar.*,u.username as addname FROM auth_rule ar LEFT JOIN user u on u.id=ar.adduser WHERE ar.status=1 and ar.pid != 0 ORDER BY ar.sort asc,ar.timeadd  [ RunTime:0.007886s ]
[ 2017-06-30T10:12:05+08:00 ] /Menu/add/groupid/3 | SQL: SHOW COLUMNS FROM `user` [ RunTime:0.010082s ]
[ 2017-06-30T10:12:05+08:00 ] /Menu/add/groupid/3 | SQL: SELECT `typeid` FROM `user` WHERE id=1 LIMIT 1   [ RunTime:0.006003s ]
[ 2017-06-30T10:12:05+08:00 ] /Menu/add/groupid/3 | SQL: SELECT ar.*,u.username as addname FROM auth_rule ar LEFT JOIN user u on u.id=ar.adduser WHERE ar.status=1 and ar.pid != 0 and ar.groupid='3' ORDER BY ar.sort asc,ar.timeadd  [ RunTime:0.007798s ]
[ 2017-06-30T10:12:05+08:00 ] /Menu/add/groupid/3 | SQL: SELECT `typeid` FROM `user` WHERE id= LIMIT 1   [ RunTime:0.006305s ]
[ 2017-06-30T10:12:05+08:00 ] /Menu/add/groupid/3 | SQL: SELECT * FROM `auth_rule` WHERE pid=0 and status=1 and groupid='3' ORDER BY sort desc,timeadd asc  [ RunTime:0.007669s ]

[ 2017-06-30T10:12:32+08:00 ] 127.0.0.1 /Menu/edit.html
[ 2017-06-30T10:12:32+08:00 ] /Menu/edit.html | SQL: SHOW COLUMNS FROM `auth_group` [ RunTime:0.007149s ]
[ 2017-06-30T10:12:32+08:00 ] /Menu/edit.html | SQL: SELECT * FROM `auth_group` WHERE status=1  [ RunTime:0.005625s ]
[ 2017-06-30T10:12:32+08:00 ] /Menu/edit.html | SQL: SELECT * FROM `auth_group`  [ RunTime:0.005169s ]
[ 2017-06-30T10:12:32+08:00 ] /Menu/edit.html | SQL: SHOW COLUMNS FROM `auth_rule` [ RunTime:0.006607s ]
[ 2017-06-30T10:12:32+08:00 ] /Menu/edit.html | SQL: SHOW COLUMNS FROM `auth` [ RunTime:0.006076s ]
[ 2017-06-30T10:12:32+08:00 ] /Menu/edit.html | SQL: SHOW COLUMNS FROM auth_rule ar [ RunTime:0.005904s ]
[ 2017-06-30T10:12:32+08:00 ] /Menu/edit.html | SQL: SELECT ar.*,u.username as addname FROM auth_rule ar LEFT JOIN user u on u.id=ar.adduser WHERE ar.status=1 and ar.pid != 0 ORDER BY ar.sort asc,ar.timeadd  [ RunTime:0.007005s ]
[ 2017-06-30T10:12:32+08:00 ] /Menu/edit.html | SQL: SHOW COLUMNS FROM `user` [ RunTime:0.006347s ]
[ 2017-06-30T10:12:32+08:00 ] /Menu/edit.html | SQL: SELECT `typeid` FROM `user` WHERE id=1 LIMIT 1   [ RunTime:0.006001s ]
[ 2017-06-30T10:12:32+08:00 ] /Menu/edit.html | SQL: INSERT INTO `auth_rule` (`groupid`,`pid`,`name`,`title`,`operateuser`,`status`,`type`,`lasttime`,`timeadd`,`adduser`) VALUES ('3','93','Order-refuseOrder','拒单','1','1','2','2017-06-30 10:12:32','2017-06-30 10:12:32','1') [ RunTime:0.009177s ]
[ 2017-06-30T10:12:32+08:00 ] /Menu/edit.html | SQL: SHOW COLUMNS FROM `user_operate` [ RunTime:0.006732s ]
[ 2017-06-30T10:12:32+08:00 ] /Menu/edit.html | SQL: INSERT INTO `user_operate` (`status`,`userid`,`remark`,`type`,`ip`,`timeadd`) VALUES (1,'1','编辑菜单【拒单】',1,'127.0.0.1','2017-06-30 10:12:32') [ RunTime:0.008562s ]

[ 2017-06-30T10:12:32+08:00 ] 127.0.0.1 /Menu/index
[ 2017-06-30T10:12:32+08:00 ] /Menu/index | SQL: SHOW COLUMNS FROM `auth_group` [ RunTime:0.005718s ]
[ 2017-06-30T10:12:32+08:00 ] /Menu/index | SQL: SELECT * FROM `auth_group` WHERE status=1  [ RunTime:0.004847s ]
[ 2017-06-30T10:12:32+08:00 ] /Menu/index | SQL: SELECT * FROM `auth_group`  [ RunTime:0.004799s ]
[ 2017-06-30T10:12:32+08:00 ] /Menu/index | SQL: SHOW COLUMNS FROM `auth_rule` [ RunTime:0.006473s ]
[ 2017-06-30T10:12:32+08:00 ] /Menu/index | SQL: SHOW COLUMNS FROM `auth` [ RunTime:0.005039s ]
[ 2017-06-30T10:12:32+08:00 ] /Menu/index | SQL: SHOW COLUMNS FROM auth_rule ar [ RunTime:0.004434s ]
[ 2017-06-30T10:12:32+08:00 ] /Menu/index | SQL: SELECT ar.*,u.username as addname FROM auth_rule ar LEFT JOIN user u on u.id=ar.adduser WHERE ar.status=1 and ar.pid != 0 ORDER BY ar.sort asc,ar.timeadd  [ RunTime:0.007031s ]
[ 2017-06-30T10:12:32+08:00 ] /Menu/index | SQL: SHOW COLUMNS FROM `user` [ RunTime:0.006682s ]
[ 2017-06-30T10:12:32+08:00 ] /Menu/index | SQL: SELECT `typeid` FROM `user` WHERE id=1 LIMIT 1   [ RunTime:0.004601s ]
[ 2017-06-30T10:12:32+08:00 ] /Menu/index | SQL: SELECT ar.*,u.username as addname FROM auth_rule ar LEFT JOIN user u on u.id=ar.adduser WHERE ar.status=1 and ar.pid != 0 and ar.groupid='1' ORDER BY ar.sort asc,ar.timeadd  [ RunTime:0.006560s ]
[ 2017-06-30T10:12:32+08:00 ] /Menu/index | SQL: SELECT `typeid` FROM `user` WHERE id= LIMIT 1   [ RunTime:0.004696s ]
[ 2017-06-30T10:12:32+08:00 ] /Menu/index | SQL: SELECT * FROM `auth_rule` WHERE pid=0 and status=1 and groupid='1' ORDER BY sort desc,timeadd asc  [ RunTime:0.006936s ]

[ 2017-06-30T10:12:35+08:00 ]  127.0.0.1 /favicon.ico | ERR: (ThinkException) 无法加载模块favicon.ico
[ 2017-06-30T10:12:35+08:00 ] 127.0.0.1 /Role/index.html
[ 2017-06-30T10:12:35+08:00 ] /Role/index.html | SQL: SHOW COLUMNS FROM `auth_group` [ RunTime:0.005640s ]
[ 2017-06-30T10:12:35+08:00 ] /Role/index.html | SQL: SELECT * FROM `auth_group` WHERE status=1  [ RunTime:0.004612s ]
[ 2017-06-30T10:12:35+08:00 ] /Role/index.html | SQL: SELECT * FROM `auth_group`  [ RunTime:0.005596s ]
[ 2017-06-30T10:12:35+08:00 ] /Role/index.html | SQL: SHOW COLUMNS FROM `auth_rule` [ RunTime:0.006937s ]
[ 2017-06-30T10:12:35+08:00 ] /Role/index.html | SQL: SHOW COLUMNS FROM `auth` [ RunTime:0.005914s ]
[ 2017-06-30T10:12:35+08:00 ] /Role/index.html | SQL: SHOW COLUMNS FROM auth_rule ar [ RunTime:0.005157s ]
[ 2017-06-30T10:12:35+08:00 ] /Role/index.html | SQL: SELECT ar.*,u.username as addname FROM auth_rule ar LEFT JOIN user u on u.id=ar.adduser WHERE ar.status=1 and ar.pid != 0 ORDER BY ar.sort asc,ar.timeadd  [ RunTime:0.007171s ]
[ 2017-06-30T10:12:35+08:00 ] /Role/index.html | SQL: SHOW COLUMNS FROM `user` [ RunTime:0.005697s ]
[ 2017-06-30T10:12:35+08:00 ] /Role/index.html | SQL: SELECT `typeid` FROM `user` WHERE id=1 LIMIT 1   [ RunTime:0.005596s ]
[ 2017-06-30T10:12:35+08:00 ] /Role/index.html | SQL: SELECT * FROM `auth_group`  [ RunTime:0.005251s ]
[ 2017-06-30T10:12:35+08:00 ] /Role/index.html | SQL: SHOW COLUMNS FROM `auth_group` [ RunTime:0.005433s ]
[ 2017-06-30T10:12:35+08:00 ] /Role/index.html | SQL: SHOW COLUMNS FROM `auth` [ RunTime:0.006069s ]
[ 2017-06-30T10:12:35+08:00 ] /Role/index.html | SQL: SELECT ar.*,u.username as addname FROM auth_rule ar LEFT JOIN user u on u.id=ar.adduser WHERE ar.status=1 and ar.pid != 0 ORDER BY ar.sort asc,ar.timeadd  [ RunTime:0.006673s ]
[ 2017-06-30T10:12:35+08:00 ] /Role/index.html | SQL: SELECT `typeid` FROM `user` WHERE id=1 LIMIT 1   [ RunTime:0.005303s ]
[ 2017-06-30T10:12:35+08:00 ] /Role/index.html | SQL: SELECT * FROM `user` WHERE id=1 LIMIT 1   [ RunTime:0.005586s ]
[ 2017-06-30T10:12:35+08:00 ] /Role/index.html | SQL: SHOW COLUMNS FROM auth_type at [ RunTime:0.004466s ]
[ 2017-06-30T10:12:35+08:00 ] /Role/index.html | SQL: SELECT at.*,u.username,ag.title as group_name FROM auth_type at LEFT JOIN user u on u.id=at.adduser LEFT JOIN auth_group ag on ag.id=at.groupid ORDER BY at.timeadd desc  [ RunTime:0.005641s ]

[ 2017-06-30T10:12:45+08:00 ] 127.0.0.1 /Role/edit/id/14.html
[ 2017-06-30T10:12:44+08:00 ] /Role/edit/id/14.html | SQL: SHOW COLUMNS FROM `auth_group` [ RunTime:0.006620s ]
[ 2017-06-30T10:12:44+08:00 ] /Role/edit/id/14.html | SQL: SELECT * FROM `auth_group` WHERE status=1  [ RunTime:0.005119s ]
[ 2017-06-30T10:12:44+08:00 ] /Role/edit/id/14.html | SQL: SELECT * FROM `auth_group`  [ RunTime:0.004839s ]
[ 2017-06-30T10:12:44+08:00 ] /Role/edit/id/14.html | SQL: SHOW COLUMNS FROM `auth_rule` [ RunTime:0.006790s ]
[ 2017-06-30T10:12:44+08:00 ] /Role/edit/id/14.html | SQL: SHOW COLUMNS FROM `auth` [ RunTime:0.006173s ]
[ 2017-06-30T10:12:44+08:00 ] /Role/edit/id/14.html | SQL: SHOW COLUMNS FROM auth_rule ar [ RunTime:0.005299s ]
[ 2017-06-30T10:12:44+08:00 ] /Role/edit/id/14.html | SQL: SELECT ar.*,u.username as addname FROM auth_rule ar LEFT JOIN user u on u.id=ar.adduser WHERE ar.status=1 and ar.pid != 0 ORDER BY ar.sort asc,ar.timeadd  [ RunTime:0.007163s ]
[ 2017-06-30T10:12:44+08:00 ] /Role/edit/id/14.html | SQL: SHOW COLUMNS FROM `user` [ RunTime:0.006255s ]
[ 2017-06-30T10:12:44+08:00 ] /Role/edit/id/14.html | SQL: SELECT `typeid` FROM `user` WHERE id=1 LIMIT 1   [ RunTime:0.004820s ]
[ 2017-06-30T10:12:44+08:00 ] /Role/edit/id/14.html | SQL: SELECT * FROM `auth_group`  [ RunTime:0.005021s ]
[ 2017-06-30T10:12:44+08:00 ] /Role/edit/id/14.html | SQL: SHOW COLUMNS FROM `auth_group` [ RunTime:0.006309s ]
[ 2017-06-30T10:12:44+08:00 ] /Role/edit/id/14.html | SQL: SHOW COLUMNS FROM `auth` [ RunTime:0.005570s ]
[ 2017-06-30T10:12:44+08:00 ] /Role/edit/id/14.html | SQL: SELECT ar.*,u.username as addname FROM auth_rule ar LEFT JOIN user u on u.id=ar.adduser WHERE ar.status=1 and ar.pid != 0 ORDER BY ar.sort asc,ar.timeadd  [ RunTime:0.007635s ]
[ 2017-06-30T10:12:44+08:00 ] /Role/edit/id/14.html | SQL: SELECT `typeid` FROM `user` WHERE id=1 LIMIT 1   [ RunTime:0.005145s ]
[ 2017-06-30T10:12:44+08:00 ] /Role/edit/id/14.html | SQL: SELECT * FROM `user` WHERE id=1 LIMIT 1   [ RunTime:0.005947s ]
[ 2017-06-30T10:12:44+08:00 ] /Role/edit/id/14.html | SQL: SHOW COLUMNS FROM `auth_type` [ RunTime:0.006635s ]
[ 2017-06-30T10:12:45+08:00 ] /Role/edit/id/14.html | SQL: SELECT * FROM `auth_type` WHERE id=14 LIMIT 1   [ RunTime:0.005564s ]
[ 2017-06-30T10:12:45+08:00 ] /Role/edit/id/14.html | SQL: SHOW COLUMNS FROM `business_company` [ RunTime:0.006987s ]
[ 2017-06-30T10:12:45+08:00 ] /Role/edit/id/14.html | SQL: SELECT * FROM `business_company` WHERE id=25 LIMIT 1   [ RunTime:0.006255s ]
[ 2017-06-30T10:12:45+08:00 ] /Role/edit/id/14.html | SQL: SELECT `groupid` FROM `user` WHERE id='1' and status=1 LIMIT 1   [ RunTime:0.005583s ]
[ 2017-06-30T10:12:45+08:00 ] /Role/edit/id/14.html | SQL: SELECT `id` FROM `auth_group`  [ RunTime:0.005615s ]
[ 2017-06-30T10:12:45+08:00 ] /Role/edit/id/14.html | SQL: SELECT * FROM `auth_group`  [ RunTime:0.005539s ]
[ 2017-06-30T10:12:45+08:00 ] /Role/edit/id/14.html | SQL: SELECT * FROM `auth_group` WHERE status=1  [ RunTime:0.005007s ]
[ 2017-06-30T10:12:45+08:00 ] /Role/edit/id/14.html | SQL: SELECT ar.*,u.username as addname FROM auth_rule ar LEFT JOIN user u on u.id=ar.adduser WHERE ar.status=1 and ar.pid != 0 and ar.groupid='3' ORDER BY ar.sort asc,ar.timeadd  [ RunTime:0.007017s ]
[ 2017-06-30T10:12:45+08:00 ] /Role/edit/id/14.html | SQL: SELECT `typeid` FROM `user` WHERE id= LIMIT 1   [ RunTime:0.004791s ]
[ 2017-06-30T10:12:45+08:00 ] /Role/edit/id/14.html | SQL: SELECT * FROM `auth_rule` WHERE pid=0 and status=1 and groupid='3' ORDER BY sort desc,timeadd asc  [ RunTime:0.005925s ]

[ 2017-06-30T10:12:49+08:00 ] 127.0.0.1 /Role/edit.html
[ 2017-06-30T10:12:49+08:00 ] /Role/edit.html | SQL: SHOW COLUMNS FROM `auth_group` [ RunTime:0.006276s ]
[ 2017-06-30T10:12:49+08:00 ] /Role/edit.html | SQL: SELECT * FROM `auth_group` WHERE status=1  [ RunTime:0.006161s ]
[ 2017-06-30T10:12:49+08:00 ] /Role/edit.html | SQL: SELECT * FROM `auth_group`  [ RunTime:0.006507s ]
[ 2017-06-30T10:12:49+08:00 ] /Role/edit.html | SQL: SHOW COLUMNS FROM `auth_rule` [ RunTime:0.006563s ]
[ 2017-06-30T10:12:49+08:00 ] /Role/edit.html | SQL: SHOW COLUMNS FROM `auth` [ RunTime:0.007144s ]
[ 2017-06-30T10:12:49+08:00 ] /Role/edit.html | SQL: SHOW COLUMNS FROM auth_rule ar [ RunTime:0.005448s ]
[ 2017-06-30T10:12:49+08:00 ] /Role/edit.html | SQL: SELECT ar.*,u.username as addname FROM auth_rule ar LEFT JOIN user u on u.id=ar.adduser WHERE ar.status=1 and ar.pid != 0 ORDER BY ar.sort asc,ar.timeadd  [ RunTime:0.008478s ]
[ 2017-06-30T10:12:49+08:00 ] /Role/edit.html | SQL: SHOW COLUMNS FROM `user` [ RunTime:0.006728s ]
[ 2017-06-30T10:12:49+08:00 ] /Role/edit.html | SQL: SELECT `typeid` FROM `user` WHERE id=1 LIMIT 1   [ RunTime:0.005760s ]
[ 2017-06-30T10:12:49+08:00 ] /Role/edit.html | SQL: SELECT * FROM `auth_group`  [ RunTime:0.005618s ]
[ 2017-06-30T10:12:49+08:00 ] /Role/edit.html | SQL: SHOW COLUMNS FROM `auth_group` [ RunTime:0.006330s ]
[ 2017-06-30T10:12:49+08:00 ] /Role/edit.html | SQL: SHOW COLUMNS FROM `auth` [ RunTime:0.006279s ]
[ 2017-06-30T10:12:49+08:00 ] /Role/edit.html | SQL: SELECT ar.*,u.username as addname FROM auth_rule ar LEFT JOIN user u on u.id=ar.adduser WHERE ar.status=1 and ar.pid != 0 ORDER BY ar.sort asc,ar.timeadd  [ RunTime:0.007628s ]
[ 2017-06-30T10:12:49+08:00 ] /Role/edit.html | SQL: SELECT `typeid` FROM `user` WHERE id=1 LIMIT 1   [ RunTime:0.006107s ]
[ 2017-06-30T10:12:49+08:00 ] /Role/edit.html | SQL: SELECT * FROM `user` WHERE id=1 LIMIT 1   [ RunTime:0.006138s ]
[ 2017-06-30T10:12:49+08:00 ] /Role/edit.html | SQL: SHOW COLUMNS FROM `auth_type` [ RunTime:0.007601s ]
[ 2017-06-30T10:12:49+08:00 ] /Role/edit.html | SQL: UPDATE `auth_type` SET `title`='百度管理员',`groupid`='3',`status`='1',`rule`='81,82,84,85,86,104,105,106,107,88,89,103,91,92,94,95,96,97,98,99,108,101,102',`businessid`='25',`lasttime`='2017-06-30 10:12:49' WHERE id='14' [ RunTime:0.026464s ]
[ 2017-06-30T10:12:49+08:00 ] /Role/edit.html | SQL: SHOW COLUMNS FROM `user_operate` [ RunTime:0.007337s ]
[ 2017-06-30T10:12:49+08:00 ] /Role/edit.html | SQL: INSERT INTO `user_operate` (`status`,`userid`,`remark`,`type`,`ip`,`timeadd`) VALUES (1,'1','编辑角色【百度管理员】',1,'127.0.0.1','2017-06-30 10:12:49') [ RunTime:0.009086s ]

[ 2017-06-30T10:12:49+08:00 ] 127.0.0.1 /Role/index.html
[ 2017-06-30T10:12:49+08:00 ] /Role/index.html | SQL: SHOW COLUMNS FROM `auth_group` [ RunTime:0.006043s ]
[ 2017-06-30T10:12:49+08:00 ] /Role/index.html | SQL: SELECT * FROM `auth_group` WHERE status=1  [ RunTime:0.004261s ]
[ 2017-06-30T10:12:49+08:00 ] /Role/index.html | SQL: SELECT * FROM `auth_group`  [ RunTime:0.003875s ]
[ 2017-06-30T10:12:49+08:00 ] /Role/index.html | SQL: SHOW COLUMNS FROM `auth_rule` [ RunTime:0.005726s ]
[ 2017-06-30T10:12:49+08:00 ] /Role/index.html | SQL: SHOW COLUMNS FROM `auth` [ RunTime:0.004915s ]
[ 2017-06-30T10:12:49+08:00 ] /Role/index.html | SQL: SHOW COLUMNS FROM auth_rule ar [ RunTime:0.003766s ]
[ 2017-06-30T10:12:49+08:00 ] /Role/index.html | SQL: SELECT ar.*,u.username as addname FROM auth_rule ar LEFT JOIN user u on u.id=ar.adduser WHERE ar.status=1 and ar.pid != 0 ORDER BY ar.sort asc,ar.timeadd  [ RunTime:0.006307s ]
[ 2017-06-30T10:12:49+08:00 ] /Role/index.html | SQL: SHOW COLUMNS FROM `user` [ RunTime:0.005540s ]
[ 2017-06-30T10:12:49+08:00 ] /Role/index.html | SQL: SELECT `typeid` FROM `user` WHERE id=1 LIMIT 1   [ RunTime:0.003946s ]
[ 2017-06-30T10:12:49+08:00 ] /Role/index.html | SQL: SELECT * FROM `auth_group`  [ RunTime:0.004918s ]
[ 2017-06-30T10:12:49+08:00 ] /Role/index.html | SQL: SHOW COLUMNS FROM `auth_group` [ RunTime:0.005132s ]
[ 2017-06-30T10:12:49+08:00 ] /Role/index.html | SQL: SHOW COLUMNS FROM `auth` [ RunTime:0.004370s ]
[ 2017-06-30T10:12:49+08:00 ] /Role/index.html | SQL: SELECT ar.*,u.username as addname FROM auth_rule ar LEFT JOIN user u on u.id=ar.adduser WHERE ar.status=1 and ar.pid != 0 ORDER BY ar.sort asc,ar.timeadd  [ RunTime:0.006150s ]
[ 2017-06-30T10:12:49+08:00 ] /Role/index.html | SQL: SELECT `typeid` FROM `user` WHERE id=1 LIMIT 1   [ RunTime:0.004287s ]
[ 2017-06-30T10:12:49+08:00 ] /Role/index.html | SQL: SELECT * FROM `user` WHERE id=1 LIMIT 1   [ RunTime:0.008688s ]
[ 2017-06-30T10:12:49+08:00 ] /Role/index.html | SQL: SHOW COLUMNS FROM auth_type at [ RunTime:0.005225s ]
[ 2017-06-30T10:12:49+08:00 ] /Role/index.html | SQL: SELECT at.*,u.username,ag.title as group_name FROM auth_type at LEFT JOIN user u on u.id=at.adduser LEFT JOIN auth_group ag on ag.id=at.groupid ORDER BY at.timeadd desc  [ RunTime:0.005996s ]

[ 2017-06-30T11:07:35+08:00 ]  127.0.0.1 /favicon.ico | ERR: (ThinkException) 无法加载模块favicon.ico
[ 2017-06-30T11:07:35+08:00 ] 127.0.0.1 /Menu/index.html
[ 2017-06-30T11:07:35+08:00 ] /Menu/index.html | SQL: SHOW COLUMNS FROM `auth_group` [ RunTime:0.005896s ]
[ 2017-06-30T11:07:35+08:00 ] /Menu/index.html | SQL: SELECT * FROM `auth_group` WHERE status=1  [ RunTime:0.005242s ]
[ 2017-06-30T11:07:35+08:00 ] /Menu/index.html | SQL: SELECT * FROM `auth_group`  [ RunTime:0.005575s ]
[ 2017-06-30T11:07:35+08:00 ] /Menu/index.html | SQL: SHOW COLUMNS FROM `auth_rule` [ RunTime:0.006648s ]
[ 2017-06-30T11:07:35+08:00 ] /Menu/index.html | SQL: SHOW COLUMNS FROM `auth` [ RunTime:0.005355s ]
[ 2017-06-30T11:07:35+08:00 ] /Menu/index.html | SQL: SHOW COLUMNS FROM auth_rule ar [ RunTime:0.005735s ]
[ 2017-06-30T11:07:35+08:00 ] /Menu/index.html | SQL: SELECT ar.*,u.username as addname FROM auth_rule ar LEFT JOIN user u on u.id=ar.adduser WHERE ar.status=1 and ar.pid != 0 ORDER BY ar.sort asc,ar.timeadd  [ RunTime:0.007856s ]
[ 2017-06-30T11:07:35+08:00 ] /Menu/index.html | SQL: SHOW COLUMNS FROM `user` [ RunTime:0.008125s ]
[ 2017-06-30T11:07:35+08:00 ] /Menu/index.html | SQL: SELECT `typeid` FROM `user` WHERE id=1 LIMIT 1   [ RunTime:0.006603s ]
[ 2017-06-30T11:07:35+08:00 ] /Menu/index.html | SQL: SELECT ar.*,u.username as addname FROM auth_rule ar LEFT JOIN user u on u.id=ar.adduser WHERE ar.status=1 and ar.pid != 0 and ar.groupid='1' ORDER BY ar.sort asc,ar.timeadd  [ RunTime:0.006574s ]
[ 2017-06-30T11:07:35+08:00 ] /Menu/index.html | SQL: SELECT `typeid` FROM `user` WHERE id= LIMIT 1   [ RunTime:0.005233s ]
[ 2017-06-30T11:07:35+08:00 ] /Menu/index.html | SQL: SELECT * FROM `auth_rule` WHERE pid=0 and status=1 and groupid='1' ORDER BY sort desc,timeadd asc  [ RunTime:0.005954s ]

[ 2017-06-30T11:07:36+08:00 ] 127.0.0.1 /Menu/add/groupid/3
[ 2017-06-30T11:07:36+08:00 ] /Menu/add/groupid/3 | SQL: SHOW COLUMNS FROM `auth_group` [ RunTime:0.005668s ]
[ 2017-06-30T11:07:36+08:00 ] /Menu/add/groupid/3 | SQL: SELECT * FROM `auth_group` WHERE status=1  [ RunTime:0.004919s ]
[ 2017-06-30T11:07:36+08:00 ] /Menu/add/groupid/3 | SQL: SELECT * FROM `auth_group`  [ RunTime:0.005050s ]
[ 2017-06-30T11:07:36+08:00 ] /Menu/add/groupid/3 | SQL: SHOW COLUMNS FROM `auth_rule` [ RunTime:0.006043s ]
[ 2017-06-30T11:07:36+08:00 ] /Menu/add/groupid/3 | SQL: SHOW COLUMNS FROM `auth` [ RunTime:0.005626s ]
[ 2017-06-30T11:07:36+08:00 ] /Menu/add/groupid/3 | SQL: SHOW COLUMNS FROM auth_rule ar [ RunTime:0.005537s ]
[ 2017-06-30T11:07:36+08:00 ] /Menu/add/groupid/3 | SQL: SELECT ar.*,u.username as addname FROM auth_rule ar LEFT JOIN user u on u.id=ar.adduser WHERE ar.status=1 and ar.pid != 0 ORDER BY ar.sort asc,ar.timeadd  [ RunTime:0.006767s ]
[ 2017-06-30T11:07:36+08:00 ] /Menu/add/groupid/3 | SQL: SHOW COLUMNS FROM `user` [ RunTime:0.006776s ]
[ 2017-06-30T11:07:36+08:00 ] /Menu/add/groupid/3 | SQL: SELECT `typeid` FROM `user` WHERE id=1 LIMIT 1   [ RunTime:0.005907s ]
[ 2017-06-30T11:07:36+08:00 ] /Menu/add/groupid/3 | SQL: SELECT ar.*,u.username as addname FROM auth_rule ar LEFT JOIN user u on u.id=ar.adduser WHERE ar.status=1 and ar.pid != 0 and ar.groupid='3' ORDER BY ar.sort asc,ar.timeadd  [ RunTime:0.006075s ]
[ 2017-06-30T11:07:36+08:00 ] /Menu/add/groupid/3 | SQL: SELECT `typeid` FROM `user` WHERE id= LIMIT 1   [ RunTime:0.005350s ]
[ 2017-06-30T11:07:36+08:00 ] /Menu/add/groupid/3 | SQL: SELECT * FROM `auth_rule` WHERE pid=0 and status=1 and groupid='3' ORDER BY sort desc,timeadd asc  [ RunTime:0.005673s ]

[ 2017-06-30T11:07:39+08:00 ] 127.0.0.1 /Menu/index.html
[ 2017-06-30T11:07:39+08:00 ] /Menu/index.html | SQL: SHOW COLUMNS FROM `auth_group` [ RunTime:0.005625s ]
[ 2017-06-30T11:07:39+08:00 ] /Menu/index.html | SQL: SELECT * FROM `auth_group` WHERE status=1  [ RunTime:0.005159s ]
[ 2017-06-30T11:07:39+08:00 ] /Menu/index.html | SQL: SELECT * FROM `auth_group`  [ RunTime:0.005257s ]
[ 2017-06-30T11:07:39+08:00 ] /Menu/index.html | SQL: SHOW COLUMNS FROM `auth_rule` [ RunTime:0.006100s ]
[ 2017-06-30T11:07:39+08:00 ] /Menu/index.html | SQL: SHOW COLUMNS FROM `auth` [ RunTime:0.004900s ]
[ 2017-06-30T11:07:39+08:00 ] /Menu/index.html | SQL: SHOW COLUMNS FROM auth_rule ar [ RunTime:0.004356s ]
[ 2017-06-30T11:07:39+08:00 ] /Menu/index.html | SQL: SELECT ar.*,u.username as addname FROM auth_rule ar LEFT JOIN user u on u.id=ar.adduser WHERE ar.status=1 and ar.pid != 0 ORDER BY ar.sort asc,ar.timeadd  [ RunTime:0.006441s ]
[ 2017-06-30T11:07:39+08:00 ] /Menu/index.html | SQL: SHOW COLUMNS FROM `user` [ RunTime:0.006375s ]
[ 2017-06-30T11:07:39+08:00 ] /Menu/index.html | SQL: SELECT `typeid` FROM `user` WHERE id=1 LIMIT 1   [ RunTime:0.005611s ]
[ 2017-06-30T11:07:39+08:00 ] /Menu/index.html | SQL: SELECT ar.*,u.username as addname FROM auth_rule ar LEFT JOIN user u on u.id=ar.adduser WHERE ar.status=1 and ar.pid != 0 and ar.groupid='1' ORDER BY ar.sort asc,ar.timeadd  [ RunTime:0.006920s ]
[ 2017-06-30T11:07:39+08:00 ] /Menu/index.html | SQL: SELECT `typeid` FROM `user` WHERE id= LIMIT 1   [ RunTime:0.004669s ]
[ 2017-06-30T11:07:39+08:00 ] /Menu/index.html | SQL: SELECT * FROM `auth_rule` WHERE pid=0 and status=1 and groupid='1' ORDER BY sort desc,timeadd asc  [ RunTime:0.005642s ]

[ 2017-06-30T11:07:40+08:00 ] 127.0.0.1 /Menu/index/groupid/3
[ 2017-06-30T11:07:40+08:00 ] /Menu/index/groupid/3 | SQL: SHOW COLUMNS FROM `auth_group` [ RunTime:0.006399s ]
[ 2017-06-30T11:07:40+08:00 ] /Menu/index/groupid/3 | SQL: SELECT * FROM `auth_group` WHERE status=1  [ RunTime:0.004753s ]
[ 2017-06-30T11:07:40+08:00 ] /Menu/index/groupid/3 | SQL: SELECT * FROM `auth_group`  [ RunTime:0.005565s ]
[ 2017-06-30T11:07:40+08:00 ] /Menu/index/groupid/3 | SQL: SHOW COLUMNS FROM `auth_rule` [ RunTime:0.006265s ]
[ 2017-06-30T11:07:40+08:00 ] /Menu/index/groupid/3 | SQL: SHOW COLUMNS FROM `auth` [ RunTime:0.006004s ]
[ 2017-06-30T11:07:40+08:00 ] /Menu/index/groupid/3 | SQL: SHOW COLUMNS FROM auth_rule ar [ RunTime:0.005295s ]
[ 2017-06-30T11:07:40+08:00 ] /Menu/index/groupid/3 | SQL: SELECT ar.*,u.username as addname FROM auth_rule ar LEFT JOIN user u on u.id=ar.adduser WHERE ar.status=1 and ar.pid != 0 ORDER BY ar.sort asc,ar.timeadd  [ RunTime:0.007515s ]
[ 2017-06-30T11:07:40+08:00 ] /Menu/index/groupid/3 | SQL: SHOW COLUMNS FROM `user` [ RunTime:0.005930s ]
[ 2017-06-30T11:07:40+08:00 ] /Menu/index/groupid/3 | SQL: SELECT `typeid` FROM `user` WHERE id=1 LIMIT 1   [ RunTime:0.004841s ]
[ 2017-06-30T11:07:40+08:00 ] /Menu/index/groupid/3 | SQL: SELECT ar.*,u.username as addname FROM auth_rule ar LEFT JOIN user u on u.id=ar.adduser WHERE ar.status=1 and ar.pid != 0 and ar.groupid='3' ORDER BY ar.sort asc,ar.timeadd  [ RunTime:0.006303s ]
[ 2017-06-30T11:07:40+08:00 ] /Menu/index/groupid/3 | SQL: SELECT `typeid` FROM `user` WHERE id= LIMIT 1   [ RunTime:0.004919s ]
[ 2017-06-30T11:07:40+08:00 ] /Menu/index/groupid/3 | SQL: SELECT * FROM `auth_rule` WHERE pid=0 and status=1 and groupid='3' ORDER BY sort desc,timeadd asc  [ RunTime:0.006258s ]

[ 2017-06-30T11:07:48+08:00 ] 127.0.0.1 /Menu/add/groupid/3
[ 2017-06-30T11:07:48+08:00 ] /Menu/add/groupid/3 | SQL: SHOW COLUMNS FROM `auth_group` [ RunTime:0.006308s ]
[ 2017-06-30T11:07:48+08:00 ] /Menu/add/groupid/3 | SQL: SELECT * FROM `auth_group` WHERE status=1  [ RunTime:0.005331s ]
[ 2017-06-30T11:07:48+08:00 ] /Menu/add/groupid/3 | SQL: SELECT * FROM `auth_group`  [ RunTime:0.006524s ]
[ 2017-06-30T11:07:48+08:00 ] /Menu/add/groupid/3 | SQL: SHOW COLUMNS FROM `auth_rule` [ RunTime:0.007367s ]
[ 2017-06-30T11:07:48+08:00 ] /Menu/add/groupid/3 | SQL: SHOW COLUMNS FROM `auth` [ RunTime:0.005774s ]
[ 2017-06-30T11:07:48+08:00 ] /Menu/add/groupid/3 | SQL: SHOW COLUMNS FROM auth_rule ar [ RunTime:0.005009s ]
[ 2017-06-30T11:07:48+08:00 ] /Menu/add/groupid/3 | SQL: SELECT ar.*,u.username as addname FROM auth_rule ar LEFT JOIN user u on u.id=ar.adduser WHERE ar.status=1 and ar.pid != 0 ORDER BY ar.sort asc,ar.timeadd  [ RunTime:0.007217s ]
[ 2017-06-30T11:07:48+08:00 ] /Menu/add/groupid/3 | SQL: SHOW COLUMNS FROM `user` [ RunTime:0.006644s ]
[ 2017-06-30T11:07:48+08:00 ] /Menu/add/groupid/3 | SQL: SELECT `typeid` FROM `user` WHERE id=1 LIMIT 1   [ RunTime:0.005810s ]
[ 2017-06-30T11:07:48+08:00 ] /Menu/add/groupid/3 | SQL: SELECT ar.*,u.username as addname FROM auth_rule ar LEFT JOIN user u on u.id=ar.adduser WHERE ar.status=1 and ar.pid != 0 and ar.groupid='3' ORDER BY ar.sort asc,ar.timeadd  [ RunTime:0.006511s ]
[ 2017-06-30T11:07:48+08:00 ] /Menu/add/groupid/3 | SQL: SELECT `typeid` FROM `user` WHERE id= LIMIT 1   [ RunTime:0.005487s ]
[ 2017-06-30T11:07:48+08:00 ] /Menu/add/groupid/3 | SQL: SELECT * FROM `auth_rule` WHERE pid=0 and status=1 and groupid='3' ORDER BY sort desc,timeadd asc  [ RunTime:0.006180s ]

[ 2017-06-30T11:08:03+08:00 ] 127.0.0.1 /Menu/edit.html
[ 2017-06-30T11:08:03+08:00 ] /Menu/edit.html | SQL: SHOW COLUMNS FROM `auth_group` [ RunTime:0.007292s ]
[ 2017-06-30T11:08:03+08:00 ] /Menu/edit.html | SQL: SELECT * FROM `auth_group` WHERE status=1  [ RunTime:0.008595s ]
[ 2017-06-30T11:08:03+08:00 ] /Menu/edit.html | SQL: SELECT * FROM `auth_group`  [ RunTime:0.005694s ]
[ 2017-06-30T11:08:03+08:00 ] /Menu/edit.html | SQL: SHOW COLUMNS FROM `auth_rule` [ RunTime:0.008042s ]
[ 2017-06-30T11:08:03+08:00 ] /Menu/edit.html | SQL: SHOW COLUMNS FROM `auth` [ RunTime:0.006769s ]
[ 2017-06-30T11:08:03+08:00 ] /Menu/edit.html | SQL: SHOW COLUMNS FROM auth_rule ar [ RunTime:0.005753s ]
[ 2017-06-30T11:08:03+08:00 ] /Menu/edit.html | SQL: SELECT ar.*,u.username as addname FROM auth_rule ar LEFT JOIN user u on u.id=ar.adduser WHERE ar.status=1 and ar.pid != 0 ORDER BY ar.sort asc,ar.timeadd  [ RunTime:0.007714s ]
[ 2017-06-30T11:08:03+08:00 ] /Menu/edit.html | SQL: SHOW COLUMNS FROM `user` [ RunTime:0.008847s ]
[ 2017-06-30T11:08:03+08:00 ] /Menu/edit.html | SQL: SELECT `typeid` FROM `user` WHERE id=1 LIMIT 1   [ RunTime:0.006293s ]
[ 2017-06-30T11:08:03+08:00 ] /Menu/edit.html | SQL: INSERT INTO `auth_rule` (`groupid`,`pid`,`name`,`title`,`operateuser`,`status`,`type`,`lasttime`,`timeadd`,`adduser`) VALUES ('3','93','Order-payMoney','打款','1','1','2','2017-06-30 11:08:03','2017-06-30 11:08:03','1') [ RunTime:0.011822s ]
[ 2017-06-30T11:08:03+08:00 ] /Menu/edit.html | SQL: SHOW COLUMNS FROM `user_operate` [ RunTime:0.006538s ]
[ 2017-06-30T11:08:03+08:00 ] /Menu/edit.html | SQL: INSERT INTO `user_operate` (`status`,`userid`,`remark`,`type`,`ip`,`timeadd`) VALUES (1,'1','编辑菜单【打款】',1,'127.0.0.1','2017-06-30 11:08:03') [ RunTime:0.008602s ]

[ 2017-06-30T11:08:04+08:00 ] 127.0.0.1 /Menu/index
[ 2017-06-30T11:08:04+08:00 ] /Menu/index | SQL: SHOW COLUMNS FROM `auth_group` [ RunTime:0.006408s ]
[ 2017-06-30T11:08:04+08:00 ] /Menu/index | SQL: SELECT * FROM `auth_group` WHERE status=1  [ RunTime:0.005021s ]
[ 2017-06-30T11:08:04+08:00 ] /Menu/index | SQL: SELECT * FROM `auth_group`  [ RunTime:0.005378s ]
[ 2017-06-30T11:08:04+08:00 ] /Menu/index | SQL: SHOW COLUMNS FROM `auth_rule` [ RunTime:0.006215s ]
[ 2017-06-30T11:08:04+08:00 ] /Menu/index | SQL: SHOW COLUMNS FROM `auth` [ RunTime:0.005062s ]
[ 2017-06-30T11:08:04+08:00 ] /Menu/index | SQL: SHOW COLUMNS FROM auth_rule ar [ RunTime:0.005273s ]
[ 2017-06-30T11:08:04+08:00 ] /Menu/index | SQL: SELECT ar.*,u.username as addname FROM auth_rule ar LEFT JOIN user u on u.id=ar.adduser WHERE ar.status=1 and ar.pid != 0 ORDER BY ar.sort asc,ar.timeadd  [ RunTime:0.007491s ]
[ 2017-06-30T11:08:04+08:00 ] /Menu/index | SQL: SHOW COLUMNS FROM `user` [ RunTime:0.006138s ]
[ 2017-06-30T11:08:04+08:00 ] /Menu/index | SQL: SELECT `typeid` FROM `user` WHERE id=1 LIMIT 1   [ RunTime:0.004718s ]
[ 2017-06-30T11:08:04+08:00 ] /Menu/index | SQL: SELECT ar.*,u.username as addname FROM auth_rule ar LEFT JOIN user u on u.id=ar.adduser WHERE ar.status=1 and ar.pid != 0 and ar.groupid='1' ORDER BY ar.sort asc,ar.timeadd  [ RunTime:0.007091s ]
[ 2017-06-30T11:08:04+08:00 ] /Menu/index | SQL: SELECT `typeid` FROM `user` WHERE id= LIMIT 1   [ RunTime:0.005548s ]
[ 2017-06-30T11:08:04+08:00 ] /Menu/index | SQL: SELECT * FROM `auth_rule` WHERE pid=0 and status=1 and groupid='1' ORDER BY sort desc,timeadd asc  [ RunTime:0.005976s ]

[ 2017-06-30T11:08:05+08:00 ]  127.0.0.1 /favicon.ico | ERR: (ThinkException) 无法加载模块favicon.ico
[ 2017-06-30T11:08:06+08:00 ] 127.0.0.1 /Role/index.html
[ 2017-06-30T11:08:06+08:00 ] /Role/index.html | SQL: SHOW COLUMNS FROM `auth_group` [ RunTime:0.006745s ]
[ 2017-06-30T11:08:06+08:00 ] /Role/index.html | SQL: SELECT * FROM `auth_group` WHERE status=1  [ RunTime:0.005785s ]
[ 2017-06-30T11:08:06+08:00 ] /Role/index.html | SQL: SELECT * FROM `auth_group`  [ RunTime:0.005004s ]
[ 2017-06-30T11:08:06+08:00 ] /Role/index.html | SQL: SHOW COLUMNS FROM `auth_rule` [ RunTime:0.006941s ]
[ 2017-06-30T11:08:06+08:00 ] /Role/index.html | SQL: SHOW COLUMNS FROM `auth` [ RunTime:0.006247s ]
[ 2017-06-30T11:08:06+08:00 ] /Role/index.html | SQL: SHOW COLUMNS FROM auth_rule ar [ RunTime:0.005232s ]
[ 2017-06-30T11:08:06+08:00 ] /Role/index.html | SQL: SELECT ar.*,u.username as addname FROM auth_rule ar LEFT JOIN user u on u.id=ar.adduser WHERE ar.status=1 and ar.pid != 0 ORDER BY ar.sort asc,ar.timeadd  [ RunTime:0.007669s ]
[ 2017-06-30T11:08:06+08:00 ] /Role/index.html | SQL: SHOW COLUMNS FROM `user` [ RunTime:0.006582s ]
[ 2017-06-30T11:08:06+08:00 ] /Role/index.html | SQL: SELECT `typeid` FROM `user` WHERE id=1 LIMIT 1   [ RunTime:0.005833s ]
[ 2017-06-30T11:08:06+08:00 ] /Role/index.html | SQL: SELECT * FROM `auth_group`  [ RunTime:0.006924s ]
[ 2017-06-30T11:08:06+08:00 ] /Role/index.html | SQL: SHOW COLUMNS FROM `auth_group` [ RunTime:0.006052s ]
[ 2017-06-30T11:08:06+08:00 ] /Role/index.html | SQL: SHOW COLUMNS FROM `auth` [ RunTime:0.006079s ]
[ 2017-06-30T11:08:06+08:00 ] /Role/index.html | SQL: SELECT ar.*,u.username as addname FROM auth_rule ar LEFT JOIN user u on u.id=ar.adduser WHERE ar.status=1 and ar.pid != 0 ORDER BY ar.sort asc,ar.timeadd  [ RunTime:0.006887s ]
[ 2017-06-30T11:08:06+08:00 ] /Role/index.html | SQL: SELECT `typeid` FROM `user` WHERE id=1 LIMIT 1   [ RunTime:0.005041s ]
[ 2017-06-30T11:08:06+08:00 ] /Role/index.html | SQL: SELECT * FROM `user` WHERE id=1 LIMIT 1   [ RunTime:0.005976s ]
[ 2017-06-30T11:08:06+08:00 ] /Role/index.html | SQL: SHOW COLUMNS FROM auth_type at [ RunTime:0.004967s ]
[ 2017-06-30T11:08:06+08:00 ] /Role/index.html | SQL: SELECT at.*,u.username,ag.title as group_name FROM auth_type at LEFT JOIN user u on u.id=at.adduser LEFT JOIN auth_group ag on ag.id=at.groupid ORDER BY at.timeadd desc  [ RunTime:0.006968s ]

[ 2017-06-30T11:08:08+08:00 ] 127.0.0.1 /Role/edit/id/14.html
[ 2017-06-30T11:08:08+08:00 ] /Role/edit/id/14.html | SQL: SHOW COLUMNS FROM `auth_group` [ RunTime:0.005742s ]
[ 2017-06-30T11:08:08+08:00 ] /Role/edit/id/14.html | SQL: SELECT * FROM `auth_group` WHERE status=1  [ RunTime:0.005142s ]
[ 2017-06-30T11:08:08+08:00 ] /Role/edit/id/14.html | SQL: SELECT * FROM `auth_group`  [ RunTime:0.004845s ]
[ 2017-06-30T11:08:08+08:00 ] /Role/edit/id/14.html | SQL: SHOW COLUMNS FROM `auth_rule` [ RunTime:0.006724s ]
[ 2017-06-30T11:08:08+08:00 ] /Role/edit/id/14.html | SQL: SHOW COLUMNS FROM `auth` [ RunTime:0.006274s ]
[ 2017-06-30T11:08:08+08:00 ] /Role/edit/id/14.html | SQL: SHOW COLUMNS FROM auth_rule ar [ RunTime:0.005378s ]
[ 2017-06-30T11:08:08+08:00 ] /Role/edit/id/14.html | SQL: SELECT ar.*,u.username as addname FROM auth_rule ar LEFT JOIN user u on u.id=ar.adduser WHERE ar.status=1 and ar.pid != 0 ORDER BY ar.sort asc,ar.timeadd  [ RunTime:0.006720s ]
[ 2017-06-30T11:08:08+08:00 ] /Role/edit/id/14.html | SQL: SHOW COLUMNS FROM `user` [ RunTime:0.006397s ]
[ 2017-06-30T11:08:08+08:00 ] /Role/edit/id/14.html | SQL: SELECT `typeid` FROM `user` WHERE id=1 LIMIT 1   [ RunTime:0.004846s ]
[ 2017-06-30T11:08:08+08:00 ] /Role/edit/id/14.html | SQL: SELECT * FROM `auth_group`  [ RunTime:0.005100s ]
[ 2017-06-30T11:08:08+08:00 ] /Role/edit/id/14.html | SQL: SHOW COLUMNS FROM `auth_group` [ RunTime:0.006425s ]
[ 2017-06-30T11:08:08+08:00 ] /Role/edit/id/14.html | SQL: SHOW COLUMNS FROM `auth` [ RunTime:0.005815s ]
[ 2017-06-30T11:08:08+08:00 ] /Role/edit/id/14.html | SQL: SELECT ar.*,u.username as addname FROM auth_rule ar LEFT JOIN user u on u.id=ar.adduser WHERE ar.status=1 and ar.pid != 0 ORDER BY ar.sort asc,ar.timeadd  [ RunTime:0.006588s ]
[ 2017-06-30T11:08:08+08:00 ] /Role/edit/id/14.html | SQL: SELECT `typeid` FROM `user` WHERE id=1 LIMIT 1   [ RunTime:0.004547s ]
[ 2017-06-30T11:08:08+08:00 ] /Role/edit/id/14.html | SQL: SELECT * FROM `user` WHERE id=1 LIMIT 1   [ RunTime:0.005100s ]
[ 2017-06-30T11:08:08+08:00 ] /Role/edit/id/14.html | SQL: SHOW COLUMNS FROM `auth_type` [ RunTime:0.006725s ]
[ 2017-06-30T11:08:08+08:00 ] /Role/edit/id/14.html | SQL: SELECT * FROM `auth_type` WHERE id=14 LIMIT 1   [ RunTime:0.006493s ]
[ 2017-06-30T11:08:08+08:00 ] /Role/edit/id/14.html | SQL: SHOW COLUMNS FROM `business_company` [ RunTime:0.006387s ]
[ 2017-06-30T11:08:08+08:00 ] /Role/edit/id/14.html | SQL: SELECT * FROM `business_company` WHERE id=25 LIMIT 1   [ RunTime:0.006514s ]
[ 2017-06-30T11:08:08+08:00 ] /Role/edit/id/14.html | SQL: SELECT `groupid` FROM `user` WHERE id='1' and status=1 LIMIT 1   [ RunTime:0.004735s ]
[ 2017-06-30T11:08:08+08:00 ] /Role/edit/id/14.html | SQL: SELECT `id` FROM `auth_group`  [ RunTime:0.005163s ]
[ 2017-06-30T11:08:08+08:00 ] /Role/edit/id/14.html | SQL: SELECT * FROM `auth_group`  [ RunTime:0.004848s ]
[ 2017-06-30T11:08:08+08:00 ] /Role/edit/id/14.html | SQL: SELECT * FROM `auth_group` WHERE status=1  [ RunTime:0.005137s ]
[ 2017-06-30T11:08:08+08:00 ] /Role/edit/id/14.html | SQL: SELECT ar.*,u.username as addname FROM auth_rule ar LEFT JOIN user u on u.id=ar.adduser WHERE ar.status=1 and ar.pid != 0 and ar.groupid='3' ORDER BY ar.sort asc,ar.timeadd  [ RunTime:0.006269s ]
[ 2017-06-30T11:08:08+08:00 ] /Role/edit/id/14.html | SQL: SELECT `typeid` FROM `user` WHERE id= LIMIT 1   [ RunTime:0.004681s ]
[ 2017-06-30T11:08:08+08:00 ] /Role/edit/id/14.html | SQL: SELECT * FROM `auth_rule` WHERE pid=0 and status=1 and groupid='3' ORDER BY sort desc,timeadd asc  [ RunTime:0.006171s ]

[ 2017-06-30T11:08:12+08:00 ] 127.0.0.1 /Role/edit.html
[ 2017-06-30T11:08:12+08:00 ] /Role/edit.html | SQL: SHOW COLUMNS FROM `auth_group` [ RunTime:0.005013s ]
[ 2017-06-30T11:08:12+08:00 ] /Role/edit.html | SQL: SELECT * FROM `auth_group` WHERE status=1  [ RunTime:0.005099s ]
[ 2017-06-30T11:08:12+08:00 ] /Role/edit.html | SQL: SELECT * FROM `auth_group`  [ RunTime:0.005176s ]
[ 2017-06-30T11:08:12+08:00 ] /Role/edit.html | SQL: SHOW COLUMNS FROM `auth_rule` [ RunTime:0.005809s ]
[ 2017-06-30T11:08:12+08:00 ] /Role/edit.html | SQL: SHOW COLUMNS FROM `auth` [ RunTime:0.004749s ]
[ 2017-06-30T11:08:12+08:00 ] /Role/edit.html | SQL: SHOW COLUMNS FROM auth_rule ar [ RunTime:0.004253s ]
[ 2017-06-30T11:08:12+08:00 ] /Role/edit.html | SQL: SELECT ar.*,u.username as addname FROM auth_rule ar LEFT JOIN user u on u.id=ar.adduser WHERE ar.status=1 and ar.pid != 0 ORDER BY ar.sort asc,ar.timeadd  [ RunTime:0.006345s ]
[ 2017-06-30T11:08:12+08:00 ] /Role/edit.html | SQL: SHOW COLUMNS FROM `user` [ RunTime:0.006277s ]
[ 2017-06-30T11:08:12+08:00 ] /Role/edit.html | SQL: SELECT `typeid` FROM `user` WHERE id=1 LIMIT 1   [ RunTime:0.004559s ]
[ 2017-06-30T11:08:12+08:00 ] /Role/edit.html | SQL: SELECT * FROM `auth_group`  [ RunTime:0.005510s ]
[ 2017-06-30T11:08:12+08:00 ] /Role/edit.html | SQL: SHOW COLUMNS FROM `auth_group` [ RunTime:0.005213s ]
[ 2017-06-30T11:08:12+08:00 ] /Role/edit.html | SQL: SHOW COLUMNS FROM `auth` [ RunTime:0.005384s ]
[ 2017-06-30T11:08:12+08:00 ] /Role/edit.html | SQL: SELECT ar.*,u.username as addname FROM auth_rule ar LEFT JOIN user u on u.id=ar.adduser WHERE ar.status=1 and ar.pid != 0 ORDER BY ar.sort asc,ar.timeadd  [ RunTime:0.006083s ]
[ 2017-06-30T11:08:12+08:00 ] /Role/edit.html | SQL: SELECT `typeid` FROM `user` WHERE id=1 LIMIT 1   [ RunTime:0.004358s ]
[ 2017-06-30T11:08:12+08:00 ] /Role/edit.html | SQL: SELECT * FROM `user` WHERE id=1 LIMIT 1   [ RunTime:0.005848s ]
[ 2017-06-30T11:08:12+08:00 ] /Role/edit.html | SQL: SHOW COLUMNS FROM `auth_type` [ RunTime:0.006232s ]
[ 2017-06-30T11:08:12+08:00 ] /Role/edit.html | SQL: UPDATE `auth_type` SET `title`='百度管理员',`groupid`='3',`status`='1',`rule`='81,82,84,85,86,104,105,106,107,88,89,103,91,92,94,95,96,97,98,99,108,109,101,102',`businessid`='25',`lasttime`='2017-06-30 11:08:12' WHERE id='14' [ RunTime:0.008145s ]
[ 2017-06-30T11:08:12+08:00 ] /Role/edit.html | SQL: SHOW COLUMNS FROM `user_operate` [ RunTime:0.005186s ]
[ 2017-06-30T11:08:12+08:00 ] /Role/edit.html | SQL: INSERT INTO `user_operate` (`status`,`userid`,`remark`,`type`,`ip`,`timeadd`) VALUES (1,'1','编辑角色【百度管理员】',1,'127.0.0.1','2017-06-30 11:08:12') [ RunTime:0.007874s ]

[ 2017-06-30T11:08:12+08:00 ] 127.0.0.1 /Role/index.html
[ 2017-06-30T11:08:12+08:00 ] /Role/index.html | SQL: SHOW COLUMNS FROM `auth_group` [ RunTime:0.005974s ]
[ 2017-06-30T11:08:12+08:00 ] /Role/index.html | SQL: SELECT * FROM `auth_group` WHERE status=1  [ RunTime:0.004624s ]
[ 2017-06-30T11:08:12+08:00 ] /Role/index.html | SQL: SELECT * FROM `auth_group`  [ RunTime:0.004991s ]
[ 2017-06-30T11:08:12+08:00 ] /Role/index.html | SQL: SHOW COLUMNS FROM `auth_rule` [ RunTime:0.006813s ]
[ 2017-06-30T11:08:12+08:00 ] /Role/index.html | SQL: SHOW COLUMNS FROM `auth` [ RunTime:0.005348s ]
[ 2017-06-30T11:08:12+08:00 ] /Role/index.html | SQL: SHOW COLUMNS FROM auth_rule ar [ RunTime:0.004540s ]
[ 2017-06-30T11:08:12+08:00 ] /Role/index.html | SQL: SELECT ar.*,u.username as addname FROM auth_rule ar LEFT JOIN user u on u.id=ar.adduser WHERE ar.status=1 and ar.pid != 0 ORDER BY ar.sort asc,ar.timeadd  [ RunTime:0.006092s ]
[ 2017-06-30T11:08:12+08:00 ] /Role/index.html | SQL: SHOW COLUMNS FROM `user` [ RunTime:0.006195s ]
[ 2017-06-30T11:08:12+08:00 ] /Role/index.html | SQL: SELECT `typeid` FROM `user` WHERE id=1 LIMIT 1   [ RunTime:0.005138s ]
[ 2017-06-30T11:08:12+08:00 ] /Role/index.html | SQL: SELECT * FROM `auth_group`  [ RunTime:0.003974s ]
[ 2017-06-30T11:08:12+08:00 ] /Role/index.html | SQL: SHOW COLUMNS FROM `auth_group` [ RunTime:0.005978s ]
[ 2017-06-30T11:08:12+08:00 ] /Role/index.html | SQL: SHOW COLUMNS FROM `auth` [ RunTime:0.006143s ]
[ 2017-06-30T11:08:12+08:00 ] /Role/index.html | SQL: SELECT ar.*,u.username as addname FROM auth_rule ar LEFT JOIN user u on u.id=ar.adduser WHERE ar.status=1 and ar.pid != 0 ORDER BY ar.sort asc,ar.timeadd  [ RunTime:0.007003s ]
[ 2017-06-30T11:08:12+08:00 ] /Role/index.html | SQL: SELECT `typeid` FROM `user` WHERE id=1 LIMIT 1   [ RunTime:0.005255s ]
[ 2017-06-30T11:08:12+08:00 ] /Role/index.html | SQL: SELECT * FROM `user` WHERE id=1 LIMIT 1   [ RunTime:0.004640s ]
[ 2017-06-30T11:08:12+08:00 ] /Role/index.html | SQL: SHOW COLUMNS FROM auth_type at [ RunTime:0.004870s ]
[ 2017-06-30T11:08:12+08:00 ] /Role/index.html | SQL: SELECT at.*,u.username,ag.title as group_name FROM auth_type at LEFT JOIN user u on u.id=at.adduser LEFT JOIN auth_group ag on ag.id=at.groupid ORDER BY at.timeadd desc  [ RunTime:0.005951s ]

[ 2017-06-30T14:24:58+08:00 ] 127.0.0.1 /Menu/index.html
[ 2017-06-30T14:24:58+08:00 ] /Menu/index.html | SQL: SHOW COLUMNS FROM `auth_group` [ RunTime:0.008498s ]
[ 2017-06-30T14:24:58+08:00 ] /Menu/index.html | SQL: SELECT * FROM `auth_group` WHERE status=1  [ RunTime:0.006830s ]
[ 2017-06-30T14:24:58+08:00 ] /Menu/index.html | SQL: SELECT * FROM `auth_group`  [ RunTime:0.007071s ]
[ 2017-06-30T14:24:58+08:00 ] /Menu/index.html | SQL: SHOW COLUMNS FROM `auth_rule` [ RunTime:0.007089s ]
[ 2017-06-30T14:24:58+08:00 ] /Menu/index.html | SQL: SHOW COLUMNS FROM `auth` [ RunTime:0.004987s ]
[ 2017-06-30T14:24:58+08:00 ] /Menu/index.html | SQL: SHOW COLUMNS FROM auth_rule ar [ RunTime:0.005709s ]
[ 2017-06-30T14:24:58+08:00 ] /Menu/index.html | SQL: SELECT ar.*,u.username as addname FROM auth_rule ar LEFT JOIN user u on u.id=ar.adduser WHERE ar.status=1 and ar.pid != 0 ORDER BY ar.sort asc,ar.timeadd  [ RunTime:0.006616s ]
[ 2017-06-30T14:24:58+08:00 ] /Menu/index.html | SQL: SHOW COLUMNS FROM `user` [ RunTime:0.006782s ]
[ 2017-06-30T14:24:58+08:00 ] /Menu/index.html | SQL: SELECT `typeid` FROM `user` WHERE id=1 LIMIT 1   [ RunTime:0.006554s ]
[ 2017-06-30T14:24:58+08:00 ] /Menu/index.html | SQL: SELECT ar.*,u.username as addname FROM auth_rule ar LEFT JOIN user u on u.id=ar.adduser WHERE ar.status=1 and ar.pid != 0 and ar.groupid='1' ORDER BY ar.sort asc,ar.timeadd  [ RunTime:0.007689s ]
[ 2017-06-30T14:24:58+08:00 ] /Menu/index.html | SQL: SELECT `typeid` FROM `user` WHERE id= LIMIT 1   [ RunTime:0.007329s ]
[ 2017-06-30T14:24:58+08:00 ] /Menu/index.html | SQL: SELECT * FROM `auth_rule` WHERE pid=0 and status=1 and groupid='1' ORDER BY sort desc,timeadd asc  [ RunTime:0.006176s ]

[ 2017-06-30T14:24:58+08:00 ]  127.0.0.1 /favicon.ico | ERR: (ThinkException) 无法加载模块favicon.ico
[ 2017-06-30T14:24:59+08:00 ]  127.0.0.1 /favicon.ico | ERR: (ThinkException) 无法加载模块favicon.ico
[ 2017-06-30T14:25:00+08:00 ] 127.0.0.1 /Role/index.html
[ 2017-06-30T14:24:59+08:00 ] /Role/index.html | SQL: SHOW COLUMNS FROM `auth_group` [ RunTime:0.005948s ]
[ 2017-06-30T14:24:59+08:00 ] /Role/index.html | SQL: SELECT * FROM `auth_group` WHERE status=1  [ RunTime:0.005320s ]
[ 2017-06-30T14:24:59+08:00 ] /Role/index.html | SQL: SELECT * FROM `auth_group`  [ RunTime:0.005553s ]
[ 2017-06-30T14:24:59+08:00 ] /Role/index.html | SQL: SHOW COLUMNS FROM `auth_rule` [ RunTime:0.006926s ]
[ 2017-06-30T14:24:59+08:00 ] /Role/index.html | SQL: SHOW COLUMNS FROM `auth` [ RunTime:0.005216s ]
[ 2017-06-30T14:24:59+08:00 ] /Role/index.html | SQL: SHOW COLUMNS FROM auth_rule ar [ RunTime:0.005672s ]
[ 2017-06-30T14:24:59+08:00 ] /Role/index.html | SQL: SELECT ar.*,u.username as addname FROM auth_rule ar LEFT JOIN user u on u.id=ar.adduser WHERE ar.status=1 and ar.pid != 0 ORDER BY ar.sort asc,ar.timeadd  [ RunTime:0.007087s ]
[ 2017-06-30T14:24:59+08:00 ] /Role/index.html | SQL: SHOW COLUMNS FROM `user` [ RunTime:0.006103s ]
[ 2017-06-30T14:24:59+08:00 ] /Role/index.html | SQL: SELECT `typeid` FROM `user` WHERE id=1 LIMIT 1   [ RunTime:0.005733s ]
[ 2017-06-30T14:24:59+08:00 ] /Role/index.html | SQL: SELECT * FROM `auth_group`  [ RunTime:0.005303s ]
[ 2017-06-30T14:24:59+08:00 ] /Role/index.html | SQL: SHOW COLUMNS FROM `auth_group` [ RunTime:0.006160s ]
[ 2017-06-30T14:25:00+08:00 ] /Role/index.html | SQL: SHOW COLUMNS FROM `auth` [ RunTime:0.006840s ]
[ 2017-06-30T14:25:00+08:00 ] /Role/index.html | SQL: SELECT ar.*,u.username as addname FROM auth_rule ar LEFT JOIN user u on u.id=ar.adduser WHERE ar.status=1 and ar.pid != 0 ORDER BY ar.sort asc,ar.timeadd  [ RunTime:0.008351s ]
[ 2017-06-30T14:25:00+08:00 ] /Role/index.html | SQL: SELECT `typeid` FROM `user` WHERE id=1 LIMIT 1   [ RunTime:0.004876s ]
[ 2017-06-30T14:25:00+08:00 ] /Role/index.html | SQL: SELECT * FROM `user` WHERE id=1 LIMIT 1   [ RunTime:0.005533s ]
[ 2017-06-30T14:25:00+08:00 ] /Role/index.html | SQL: SHOW COLUMNS FROM auth_type at [ RunTime:0.005747s ]
[ 2017-06-30T14:25:00+08:00 ] /Role/index.html | SQL: SELECT at.*,u.username,ag.title as group_name FROM auth_type at LEFT JOIN user u on u.id=at.adduser LEFT JOIN auth_group ag on ag.id=at.groupid ORDER BY at.timeadd desc  [ RunTime:0.006959s ]

[ 2017-06-30T14:25:07+08:00 ] 127.0.0.1 /User/index.html
[ 2017-06-30T14:25:07+08:00 ] /User/index.html | SQL: SHOW COLUMNS FROM `auth_group` [ RunTime:0.006576s ]
[ 2017-06-30T14:25:07+08:00 ] /User/index.html | SQL: SELECT * FROM `auth_group` WHERE status=1  [ RunTime:0.005636s ]
[ 2017-06-30T14:25:07+08:00 ] /User/index.html | SQL: SELECT * FROM `auth_group`  [ RunTime:0.005343s ]
[ 2017-06-30T14:25:07+08:00 ] /User/index.html | SQL: SHOW COLUMNS FROM `auth_rule` [ RunTime:0.006848s ]
[ 2017-06-30T14:25:07+08:00 ] /User/index.html | SQL: SHOW COLUMNS FROM `auth` [ RunTime:0.006510s ]
[ 2017-06-30T14:25:07+08:00 ] /User/index.html | SQL: SHOW COLUMNS FROM auth_rule ar [ RunTime:0.005114s ]
[ 2017-06-30T14:25:07+08:00 ] /User/index.html | SQL: SELECT ar.*,u.username as addname FROM auth_rule ar LEFT JOIN user u on u.id=ar.adduser WHERE ar.status=1 and ar.pid != 0 ORDER BY ar.sort asc,ar.timeadd  [ RunTime:0.006995s ]
[ 2017-06-30T14:25:07+08:00 ] /User/index.html | SQL: SHOW COLUMNS FROM `user` [ RunTime:0.007741s ]
[ 2017-06-30T14:25:07+08:00 ] /User/index.html | SQL: SELECT `typeid` FROM `user` WHERE id=1 LIMIT 1   [ RunTime:0.005263s ]
[ 2017-06-30T14:25:07+08:00 ] /User/index.html | SQL: SELECT * FROM `auth_group`  [ RunTime:0.005472s ]
[ 2017-06-30T14:25:07+08:00 ] /User/index.html | SQL: SHOW COLUMNS FROM `auth` [ RunTime:0.005554s ]
[ 2017-06-30T14:25:07+08:00 ] /User/index.html | SQL: SELECT ar.*,u.username as addname FROM auth_rule ar LEFT JOIN user u on u.id=ar.adduser WHERE ar.status=1 and ar.pid != 0 ORDER BY ar.sort asc,ar.timeadd  [ RunTime:0.007733s ]
[ 2017-06-30T14:25:07+08:00 ] /User/index.html | SQL: SELECT `typeid` FROM `user` WHERE id=1 LIMIT 1   [ RunTime:0.004976s ]
[ 2017-06-30T14:25:07+08:00 ] /User/index.html | SQL: SELECT * FROM `user` WHERE id=1 LIMIT 1   [ RunTime:0.006240s ]
[ 2017-06-30T14:25:07+08:00 ] /User/index.html | SQL: SHOW COLUMNS FROM user u [ RunTime:0.004898s ]
[ 2017-06-30T14:25:07+08:00 ] /User/index.html | SQL: SELECT COUNT(*) AS tp_count FROM user u LEFT JOIN auth_type at on at.id=u.typeid LEFT JOIN auth_group ag on ag.id=u.groupid LEFT JOIN (select username,id as addid from user) as au on au.addid=u.adduser WHERE ( u.groupid = 1 ) LIMIT 1   [ RunTime:0.006547s ]
[ 2017-06-30T14:25:07+08:00 ] /User/index.html | SQL: SELECT u.id,u.username,u.names,u.mobile,u.status,u.timeadd,u.lasttime,at.title,au.username as addusername,case when u.status=0 then '已禁用' when u.status=1 then '使用中' end as statusname FROM user u LEFT JOIN auth_type at on at.id=u.typeid LEFT JOIN auth_group ag on ag.id=u.groupid LEFT JOIN (select username,id as addid from user) as au on au.addid=u.adduser WHERE ( u.groupid = 1 ) ORDER BY u.groupid,u.timeadd LIMIT 0,15   [ RunTime:0.006431s ]

[ 2017-06-30T14:25:07+08:00 ]  127.0.0.1 /favicon.ico | ERR: (ThinkException) 无法加载模块favicon.ico
[ 2017-06-30T14:25:09+08:00 ] 127.0.0.1 /User/add/groupid/3
[ 2017-06-30T14:25:09+08:00 ] /User/add/groupid/3 | SQL: SHOW COLUMNS FROM `auth_group` [ RunTime:0.006951s ]
[ 2017-06-30T14:25:09+08:00 ] /User/add/groupid/3 | SQL: SELECT * FROM `auth_group` WHERE status=1  [ RunTime:0.005978s ]
[ 2017-06-30T14:25:09+08:00 ] /User/add/groupid/3 | SQL: SELECT * FROM `auth_group`  [ RunTime:0.005713s ]
[ 2017-06-30T14:25:09+08:00 ] /User/add/groupid/3 | SQL: SHOW COLUMNS FROM `auth_rule` [ RunTime:0.006674s ]
[ 2017-06-30T14:25:09+08:00 ] /User/add/groupid/3 | SQL: SHOW COLUMNS FROM `auth` [ RunTime:0.006227s ]
[ 2017-06-30T14:25:09+08:00 ] /User/add/groupid/3 | SQL: SHOW COLUMNS FROM auth_rule ar [ RunTime:0.005589s ]
[ 2017-06-30T14:25:09+08:00 ] /User/add/groupid/3 | SQL: SELECT ar.*,u.username as addname FROM auth_rule ar LEFT JOIN user u on u.id=ar.adduser WHERE ar.status=1 and ar.pid != 0 ORDER BY ar.sort asc,ar.timeadd  [ RunTime:0.007393s ]
[ 2017-06-30T14:25:09+08:00 ] /User/add/groupid/3 | SQL: SHOW COLUMNS FROM `user` [ RunTime:0.006859s ]
[ 2017-06-30T14:25:09+08:00 ] /User/add/groupid/3 | SQL: SELECT `typeid` FROM `user` WHERE id=1 LIMIT 1   [ RunTime:0.005339s ]
[ 2017-06-30T14:25:09+08:00 ] /User/add/groupid/3 | SQL: SELECT * FROM `auth_group`  [ RunTime:0.006364s ]
[ 2017-06-30T14:25:09+08:00 ] /User/add/groupid/3 | SQL: SHOW COLUMNS FROM `auth` [ RunTime:0.006376s ]
[ 2017-06-30T14:25:09+08:00 ] /User/add/groupid/3 | SQL: SELECT ar.*,u.username as addname FROM auth_rule ar LEFT JOIN user u on u.id=ar.adduser WHERE ar.status=1 and ar.pid != 0 ORDER BY ar.sort asc,ar.timeadd  [ RunTime:0.007859s ]
[ 2017-06-30T14:25:09+08:00 ] /User/add/groupid/3 | SQL: SELECT `typeid` FROM `user` WHERE id=1 LIMIT 1   [ RunTime:0.005484s ]
[ 2017-06-30T14:25:09+08:00 ] /User/add/groupid/3 | SQL: SHOW COLUMNS FROM `business_company` [ RunTime:0.006849s ]
[ 2017-06-30T14:25:09+08:00 ] /User/add/groupid/3 | SQL: SELECT `id`,`companyname` FROM `business_company`  [ RunTime:0.006538s ]

[ 2017-06-30T14:25:11+08:00 ] 127.0.0.1 /User/edit
[ 2017-06-30T14:25:11+08:00 ] /User/edit | SQL: SHOW COLUMNS FROM `auth_group` [ RunTime:0.006879s ]
[ 2017-06-30T14:25:11+08:00 ] /User/edit | SQL: SELECT * FROM `auth_group` WHERE status=1  [ RunTime:0.006226s ]
[ 2017-06-30T14:25:11+08:00 ] /User/edit | SQL: SELECT * FROM `auth_group`  [ RunTime:0.005884s ]
[ 2017-06-30T14:25:11+08:00 ] /User/edit | SQL: SHOW COLUMNS FROM `auth_rule` [ RunTime:0.007472s ]
[ 2017-06-30T14:25:11+08:00 ] /User/edit | SQL: SHOW COLUMNS FROM `auth` [ RunTime:0.007017s ]
[ 2017-06-30T14:25:11+08:00 ] /User/edit | SQL: SHOW COLUMNS FROM auth_rule ar [ RunTime:0.005793s ]
[ 2017-06-30T14:25:11+08:00 ] /User/edit | SQL: SELECT ar.*,u.username as addname FROM auth_rule ar LEFT JOIN user u on u.id=ar.adduser WHERE ar.status=1 and ar.pid != 0 ORDER BY ar.sort asc,ar.timeadd  [ RunTime:0.008034s ]
[ 2017-06-30T14:25:11+08:00 ] /User/edit | SQL: SHOW COLUMNS FROM `user` [ RunTime:0.007890s ]
[ 2017-06-30T14:25:11+08:00 ] /User/edit | SQL: SELECT `typeid` FROM `user` WHERE id=1 LIMIT 1   [ RunTime:0.006367s ]
[ 2017-06-30T14:25:11+08:00 ] /User/edit | SQL: SELECT * FROM `auth_group`  [ RunTime:0.006301s ]
[ 2017-06-30T14:25:11+08:00 ] /User/edit | SQL: SHOW COLUMNS FROM `auth` [ RunTime:0.007328s ]
[ 2017-06-30T14:25:11+08:00 ] /User/edit | SQL: SELECT ar.*,u.username as addname FROM auth_rule ar LEFT JOIN user u on u.id=ar.adduser WHERE ar.status=1 and ar.pid != 0 ORDER BY ar.sort asc,ar.timeadd  [ RunTime:0.008170s ]
[ 2017-06-30T14:25:11+08:00 ] /User/edit | SQL: SELECT `typeid` FROM `user` WHERE id=1 LIMIT 1   [ RunTime:0.005878s ]
[ 2017-06-30T14:25:11+08:00 ] /User/edit | SQL: SHOW COLUMNS FROM `auth_type` [ RunTime:0.007609s ]
[ 2017-06-30T14:25:11+08:00 ] /User/edit | SQL: SELECT `id`,`title` FROM `auth_type` WHERE ( `groupid` = '3' ) AND ( `businessid` = '25' ) AND ( `status` = 1 ) ORDER BY timeadd  [ RunTime:0.006562s ]

[ 2017-06-30T14:25:44+08:00 ] 127.0.0.1 /User/edit.html
[ 2017-06-30T14:25:44+08:00 ] /User/edit.html | SQL: SHOW COLUMNS FROM `auth_group` [ RunTime:0.007378s ]
[ 2017-06-30T14:25:44+08:00 ] /User/edit.html | SQL: SELECT * FROM `auth_group` WHERE status=1  [ RunTime:0.005750s ]
[ 2017-06-30T14:25:44+08:00 ] /User/edit.html | SQL: SELECT * FROM `auth_group`  [ RunTime:0.006277s ]
[ 2017-06-30T14:25:44+08:00 ] /User/edit.html | SQL: SHOW COLUMNS FROM `auth_rule` [ RunTime:0.007504s ]
[ 2017-06-30T14:25:44+08:00 ] /User/edit.html | SQL: SHOW COLUMNS FROM `auth` [ RunTime:0.006330s ]
[ 2017-06-30T14:25:44+08:00 ] /User/edit.html | SQL: SHOW COLUMNS FROM auth_rule ar [ RunTime:0.005444s ]
[ 2017-06-30T14:25:44+08:00 ] /User/edit.html | SQL: SELECT ar.*,u.username as addname FROM auth_rule ar LEFT JOIN user u on u.id=ar.adduser WHERE ar.status=1 and ar.pid != 0 ORDER BY ar.sort asc,ar.timeadd  [ RunTime:0.008204s ]
[ 2017-06-30T14:25:44+08:00 ] /User/edit.html | SQL: SHOW COLUMNS FROM `user` [ RunTime:0.007755s ]
[ 2017-06-30T14:25:44+08:00 ] /User/edit.html | SQL: SELECT `typeid` FROM `user` WHERE id=1 LIMIT 1   [ RunTime:0.005908s ]
[ 2017-06-30T14:25:44+08:00 ] /User/edit.html | SQL: SELECT * FROM `auth_group`  [ RunTime:0.006191s ]
[ 2017-06-30T14:25:44+08:00 ] /User/edit.html | SQL: SHOW COLUMNS FROM `auth` [ RunTime:0.006873s ]
[ 2017-06-30T14:25:44+08:00 ] /User/edit.html | SQL: SELECT ar.*,u.username as addname FROM auth_rule ar LEFT JOIN user u on u.id=ar.adduser WHERE ar.status=1 and ar.pid != 0 ORDER BY ar.sort asc,ar.timeadd  [ RunTime:0.008090s ]
[ 2017-06-30T14:25:44+08:00 ] /User/edit.html | SQL: SELECT `typeid` FROM `user` WHERE id=1 LIMIT 1   [ RunTime:0.006982s ]
[ 2017-06-30T14:25:44+08:00 ] /User/edit.html | SQL: SELECT * FROM `user` WHERE username='cjp' OR mobile='13956131951' LIMIT 1   [ RunTime:0.007707s ]

[ 2017-06-30T14:25:56+08:00 ] 127.0.0.1 /User/edit.html
[ 2017-06-30T14:25:56+08:00 ] /User/edit.html | SQL: SHOW COLUMNS FROM `auth_group` [ RunTime:0.008344s ]
[ 2017-06-30T14:25:56+08:00 ] /User/edit.html | SQL: SELECT * FROM `auth_group` WHERE status=1  [ RunTime:0.006333s ]
[ 2017-06-30T14:25:56+08:00 ] /User/edit.html | SQL: SELECT * FROM `auth_group`  [ RunTime:0.006878s ]
[ 2017-06-30T14:25:56+08:00 ] /User/edit.html | SQL: SHOW COLUMNS FROM `auth_rule` [ RunTime:0.008664s ]
[ 2017-06-30T14:25:56+08:00 ] /User/edit.html | SQL: SHOW COLUMNS FROM `auth` [ RunTime:0.007613s ]
[ 2017-06-30T14:25:56+08:00 ] /User/edit.html | SQL: SHOW COLUMNS FROM auth_rule ar [ RunTime:0.006958s ]
[ 2017-06-30T14:25:56+08:00 ] /User/edit.html | SQL: SELECT ar.*,u.username as addname FROM auth_rule ar LEFT JOIN user u on u.id=ar.adduser WHERE ar.status=1 and ar.pid != 0 ORDER BY ar.sort asc,ar.timeadd  [ RunTime:0.008773s ]
[ 2017-06-30T14:25:56+08:00 ] /User/edit.html | SQL: SHOW COLUMNS FROM `user` [ RunTime:0.008915s ]
[ 2017-06-30T14:25:56+08:00 ] /User/edit.html | SQL: SELECT `typeid` FROM `user` WHERE id=1 LIMIT 1   [ RunTime:0.007787s ]
[ 2017-06-30T14:25:56+08:00 ] /User/edit.html | SQL: SELECT * FROM `auth_group`  [ RunTime:0.007205s ]
[ 2017-06-30T14:25:56+08:00 ] /User/edit.html | SQL: SHOW COLUMNS FROM `auth` [ RunTime:0.008253s ]
[ 2017-06-30T14:25:56+08:00 ] /User/edit.html | SQL: SELECT ar.*,u.username as addname FROM auth_rule ar LEFT JOIN user u on u.id=ar.adduser WHERE ar.status=1 and ar.pid != 0 ORDER BY ar.sort asc,ar.timeadd  [ RunTime:0.010603s ]
[ 2017-06-30T14:25:56+08:00 ] /User/edit.html | SQL: SELECT `typeid` FROM `user` WHERE id=1 LIMIT 1   [ RunTime:0.008326s ]
[ 2017-06-30T14:25:56+08:00 ] /User/edit.html | SQL: SELECT * FROM `user` WHERE username='cjp' OR mobile='13816120213' LIMIT 1   [ RunTime:0.007361s ]

[ 2017-06-30T14:26:04+08:00 ] 127.0.0.1 /User/edit.html
[ 2017-06-30T14:26:04+08:00 ] /User/edit.html | SQL: SHOW COLUMNS FROM `auth_group` [ RunTime:0.006648s ]
[ 2017-06-30T14:26:04+08:00 ] /User/edit.html | SQL: SELECT * FROM `auth_group` WHERE status=1  [ RunTime:0.005731s ]
[ 2017-06-30T14:26:04+08:00 ] /User/edit.html | SQL: SELECT * FROM `auth_group`  [ RunTime:0.005592s ]
[ 2017-06-30T14:26:04+08:00 ] /User/edit.html | SQL: SHOW COLUMNS FROM `auth_rule` [ RunTime:0.006360s ]
[ 2017-06-30T14:26:04+08:00 ] /User/edit.html | SQL: SHOW COLUMNS FROM `auth` [ RunTime:0.006421s ]
[ 2017-06-30T14:26:04+08:00 ] /User/edit.html | SQL: SHOW COLUMNS FROM auth_rule ar [ RunTime:0.005242s ]
[ 2017-06-30T14:26:04+08:00 ] /User/edit.html | SQL: SELECT ar.*,u.username as addname FROM auth_rule ar LEFT JOIN user u on u.id=ar.adduser WHERE ar.status=1 and ar.pid != 0 ORDER BY ar.sort asc,ar.timeadd  [ RunTime:0.007588s ]
[ 2017-06-30T14:26:04+08:00 ] /User/edit.html | SQL: SHOW COLUMNS FROM `user` [ RunTime:0.006986s ]
[ 2017-06-30T14:26:04+08:00 ] /User/edit.html | SQL: SELECT `typeid` FROM `user` WHERE id=1 LIMIT 1   [ RunTime:0.005658s ]
[ 2017-06-30T14:26:04+08:00 ] /User/edit.html | SQL: SELECT * FROM `auth_group`  [ RunTime:0.005460s ]
[ 2017-06-30T14:26:04+08:00 ] /User/edit.html | SQL: SHOW COLUMNS FROM `auth` [ RunTime:0.006024s ]
[ 2017-06-30T14:26:04+08:00 ] /User/edit.html | SQL: SELECT ar.*,u.username as addname FROM auth_rule ar LEFT JOIN user u on u.id=ar.adduser WHERE ar.status=1 and ar.pid != 0 ORDER BY ar.sort asc,ar.timeadd  [ RunTime:0.007696s ]
[ 2017-06-30T14:26:04+08:00 ] /User/edit.html | SQL: SELECT `typeid` FROM `user` WHERE id=1 LIMIT 1   [ RunTime:0.005925s ]
[ 2017-06-30T14:26:04+08:00 ] /User/edit.html | SQL: SELECT * FROM `user` WHERE username='cjp1' OR mobile='13816120213' LIMIT 1   [ RunTime:0.006439s ]
[ 2017-06-30T14:26:04+08:00 ] /User/edit.html | SQL: INSERT INTO `user` (`username`,`names`,`mobile`,`status`,`typeid`,`businessid`,`groupid`,`password`,`adduser`,`regip`,`timeadd`,`user_number`,`lasttime`,`lastip`) VALUES ('cjp1','陈嘉沛','13816120213','1','14','25','3','7b2869de17692ceee74d4a1d9af7ad56','1','127.0.0.1','2017-06-30 14:26:04','7449-1498803964','2017-06-30 14:26:04','127.0.0.1') [ RunTime:0.012552s ]
[ 2017-06-30T14:26:04+08:00 ] /User/edit.html | SQL: SHOW COLUMNS FROM `user_operate` [ RunTime:0.006012s ]
[ 2017-06-30T14:26:04+08:00 ] /User/edit.html | SQL: INSERT INTO `user_operate` (`status`,`userid`,`remark`,`type`,`ip`,`timeadd`) VALUES (1,'1','添加用户【cjp1】（20）',1,'127.0.0.1','2017-06-30 14:26:04') [ RunTime:0.028148s ]

[ 2017-06-30T14:26:04+08:00 ] 127.0.0.1 /User/index.html
[ 2017-06-30T14:26:04+08:00 ] /User/index.html | SQL: SHOW COLUMNS FROM `auth_group` [ RunTime:0.006342s ]
[ 2017-06-30T14:26:04+08:00 ] /User/index.html | SQL: SELECT * FROM `auth_group` WHERE status=1  [ RunTime:0.006396s ]
[ 2017-06-30T14:26:04+08:00 ] /User/index.html | SQL: SELECT * FROM `auth_group`  [ RunTime:0.006155s ]
[ 2017-06-30T14:26:04+08:00 ] /User/index.html | SQL: SHOW COLUMNS FROM `auth_rule` [ RunTime:0.007919s ]
[ 2017-06-30T14:26:04+08:00 ] /User/index.html | SQL: SHOW COLUMNS FROM `auth` [ RunTime:0.006732s ]
[ 2017-06-30T14:26:04+08:00 ] /User/index.html | SQL: SHOW COLUMNS FROM auth_rule ar [ RunTime:0.006407s ]
[ 2017-06-30T14:26:04+08:00 ] /User/index.html | SQL: SELECT ar.*,u.username as addname FROM auth_rule ar LEFT JOIN user u on u.id=ar.adduser WHERE ar.status=1 and ar.pid != 0 ORDER BY ar.sort asc,ar.timeadd  [ RunTime:0.007523s ]
[ 2017-06-30T14:26:04+08:00 ] /User/index.html | SQL: SHOW COLUMNS FROM `user` [ RunTime:0.006746s ]
[ 2017-06-30T14:26:04+08:00 ] /User/index.html | SQL: SELECT `typeid` FROM `user` WHERE id=1 LIMIT 1   [ RunTime:0.005882s ]
[ 2017-06-30T14:26:04+08:00 ] /User/index.html | SQL: SELECT * FROM `auth_group`  [ RunTime:0.005577s ]
[ 2017-06-30T14:26:04+08:00 ] /User/index.html | SQL: SHOW COLUMNS FROM `auth` [ RunTime:0.006699s ]
[ 2017-06-30T14:26:04+08:00 ] /User/index.html | SQL: SELECT ar.*,u.username as addname FROM auth_rule ar LEFT JOIN user u on u.id=ar.adduser WHERE ar.status=1 and ar.pid != 0 ORDER BY ar.sort asc,ar.timeadd  [ RunTime:0.008573s ]
[ 2017-06-30T14:26:04+08:00 ] /User/index.html | SQL: SELECT `typeid` FROM `user` WHERE id=1 LIMIT 1   [ RunTime:0.007047s ]
[ 2017-06-30T14:26:04+08:00 ] /User/index.html | SQL: SELECT * FROM `user` WHERE id=1 LIMIT 1   [ RunTime:0.006130s ]
[ 2017-06-30T14:26:04+08:00 ] /User/index.html | SQL: SHOW COLUMNS FROM user u [ RunTime:0.005487s ]
[ 2017-06-30T14:26:04+08:00 ] /User/index.html | SQL: SELECT COUNT(*) AS tp_count FROM user u LEFT JOIN auth_type at on at.id=u.typeid LEFT JOIN auth_group ag on ag.id=u.groupid LEFT JOIN (select username,id as addid from user) as au on au.addid=u.adduser WHERE ( u.groupid = 1 ) LIMIT 1   [ RunTime:0.006917s ]
[ 2017-06-30T14:26:04+08:00 ] /User/index.html | SQL: SELECT u.id,u.username,u.names,u.mobile,u.status,u.timeadd,u.lasttime,at.title,au.username as addusername,case when u.status=0 then '已禁用' when u.status=1 then '使用中' end as statusname FROM user u LEFT JOIN auth_type at on at.id=u.typeid LEFT JOIN auth_group ag on ag.id=u.groupid LEFT JOIN (select username,id as addid from user) as au on au.addid=u.adduser WHERE ( u.groupid = 1 ) ORDER BY u.groupid,u.timeadd LIMIT 0,15   [ RunTime:0.007022s ]

[ 2017-06-30T16:53:17+08:00 ] 127.0.0.1 /Menu/index.html
[ 2017-06-30T16:53:17+08:00 ] /Menu/index.html | SQL: SHOW COLUMNS FROM `auth_group` [ RunTime:0.006823s ]
[ 2017-06-30T16:53:17+08:00 ] /Menu/index.html | SQL: SELECT * FROM `auth_group` WHERE status=1  [ RunTime:0.006056s ]
[ 2017-06-30T16:53:17+08:00 ] /Menu/index.html | SQL: SELECT * FROM `auth_group`  [ RunTime:0.004799s ]
[ 2017-06-30T16:53:17+08:00 ] /Menu/index.html | SQL: SHOW COLUMNS FROM `auth_rule` [ RunTime:0.006202s ]
[ 2017-06-30T16:53:17+08:00 ] /Menu/index.html | SQL: SHOW COLUMNS FROM `auth` [ RunTime:0.005756s ]
[ 2017-06-30T16:53:17+08:00 ] /Menu/index.html | SQL: SHOW COLUMNS FROM auth_rule ar [ RunTime:0.004632s ]
[ 2017-06-30T16:53:17+08:00 ] /Menu/index.html | SQL: SELECT ar.*,u.username as addname FROM auth_rule ar LEFT JOIN user u on u.id=ar.adduser WHERE ar.status=1 and ar.pid != 0 ORDER BY ar.sort asc,ar.timeadd  [ RunTime:0.007422s ]
[ 2017-06-30T16:53:17+08:00 ] /Menu/index.html | SQL: SHOW COLUMNS FROM `user` [ RunTime:0.006466s ]
[ 2017-06-30T16:53:17+08:00 ] /Menu/index.html | SQL: SELECT `typeid` FROM `user` WHERE id=1 LIMIT 1   [ RunTime:0.004903s ]
[ 2017-06-30T16:53:17+08:00 ] /Menu/index.html | SQL: SELECT ar.*,u.username as addname FROM auth_rule ar LEFT JOIN user u on u.id=ar.adduser WHERE ar.status=1 and ar.pid != 0 and ar.groupid='1' ORDER BY ar.sort asc,ar.timeadd  [ RunTime:0.007627s ]
[ 2017-06-30T16:53:17+08:00 ] /Menu/index.html | SQL: SELECT `typeid` FROM `user` WHERE id= LIMIT 1   [ RunTime:0.004510s ]
[ 2017-06-30T16:53:17+08:00 ] /Menu/index.html | SQL: SELECT * FROM `auth_rule` WHERE pid=0 and status=1 and groupid='1' ORDER BY sort desc,timeadd asc  [ RunTime:0.006474s ]

[ 2017-06-30T16:53:17+08:00 ]  127.0.0.1 /favicon.ico | ERR: (ThinkException) 无法加载模块favicon.ico
[ 2017-06-30T16:53:19+08:00 ] 127.0.0.1 /Menu/add/groupid/3
[ 2017-06-30T16:53:19+08:00 ] /Menu/add/groupid/3 | SQL: SHOW COLUMNS FROM `auth_group` [ RunTime:0.008613s ]
[ 2017-06-30T16:53:19+08:00 ] /Menu/add/groupid/3 | SQL: SELECT * FROM `auth_group` WHERE status=1  [ RunTime:0.009441s ]
[ 2017-06-30T16:53:19+08:00 ] /Menu/add/groupid/3 | SQL: SELECT * FROM `auth_group`  [ RunTime:0.012889s ]
[ 2017-06-30T16:53:19+08:00 ] /Menu/add/groupid/3 | SQL: SHOW COLUMNS FROM `auth_rule` [ RunTime:0.011761s ]
[ 2017-06-30T16:53:19+08:00 ] /Menu/add/groupid/3 | SQL: SHOW COLUMNS FROM `auth` [ RunTime:0.008719s ]
[ 2017-06-30T16:53:19+08:00 ] /Menu/add/groupid/3 | SQL: SHOW COLUMNS FROM auth_rule ar [ RunTime:0.006217s ]
[ 2017-06-30T16:53:19+08:00 ] /Menu/add/groupid/3 | SQL: SELECT ar.*,u.username as addname FROM auth_rule ar LEFT JOIN user u on u.id=ar.adduser WHERE ar.status=1 and ar.pid != 0 ORDER BY ar.sort asc,ar.timeadd  [ RunTime:0.010018s ]
[ 2017-06-30T16:53:19+08:00 ] /Menu/add/groupid/3 | SQL: SHOW COLUMNS FROM `user` [ RunTime:0.009688s ]
[ 2017-06-30T16:53:19+08:00 ] /Menu/add/groupid/3 | SQL: SELECT `typeid` FROM `user` WHERE id=1 LIMIT 1   [ RunTime:0.009095s ]
[ 2017-06-30T16:53:19+08:00 ] /Menu/add/groupid/3 | SQL: SELECT ar.*,u.username as addname FROM auth_rule ar LEFT JOIN user u on u.id=ar.adduser WHERE ar.status=1 and ar.pid != 0 and ar.groupid='3' ORDER BY ar.sort asc,ar.timeadd  [ RunTime:0.014461s ]
[ 2017-06-30T16:53:19+08:00 ] /Menu/add/groupid/3 | SQL: SELECT `typeid` FROM `user` WHERE id= LIMIT 1   [ RunTime:0.013034s ]
[ 2017-06-30T16:53:19+08:00 ] /Menu/add/groupid/3 | SQL: SELECT * FROM `auth_rule` WHERE pid=0 and status=1 and groupid='3' ORDER BY sort desc,timeadd asc  [ RunTime:0.011147s ]

[ 2017-06-30T16:54:09+08:00 ] 127.0.0.1 /Menu/edit.html
[ 2017-06-30T16:54:09+08:00 ] /Menu/edit.html | SQL: SHOW COLUMNS FROM `auth_group` [ RunTime:0.005655s ]
[ 2017-06-30T16:54:09+08:00 ] /Menu/edit.html | SQL: SELECT * FROM `auth_group` WHERE status=1  [ RunTime:0.005027s ]
[ 2017-06-30T16:54:09+08:00 ] /Menu/edit.html | SQL: SELECT * FROM `auth_group`  [ RunTime:0.005575s ]
[ 2017-06-30T16:54:09+08:00 ] /Menu/edit.html | SQL: SHOW COLUMNS FROM `auth_rule` [ RunTime:0.005415s ]
[ 2017-06-30T16:54:09+08:00 ] /Menu/edit.html | SQL: SHOW COLUMNS FROM `auth` [ RunTime:0.005489s ]
[ 2017-06-30T16:54:09+08:00 ] /Menu/edit.html | SQL: SHOW COLUMNS FROM auth_rule ar [ RunTime:0.004590s ]
[ 2017-06-30T16:54:09+08:00 ] /Menu/edit.html | SQL: SELECT ar.*,u.username as addname FROM auth_rule ar LEFT JOIN user u on u.id=ar.adduser WHERE ar.status=1 and ar.pid != 0 ORDER BY ar.sort asc,ar.timeadd  [ RunTime:0.006037s ]
[ 2017-06-30T16:54:09+08:00 ] /Menu/edit.html | SQL: SHOW COLUMNS FROM `user` [ RunTime:0.006081s ]
[ 2017-06-30T16:54:09+08:00 ] /Menu/edit.html | SQL: SELECT `typeid` FROM `user` WHERE id=1 LIMIT 1   [ RunTime:0.005072s ]
[ 2017-06-30T16:54:09+08:00 ] /Menu/edit.html | SQL: INSERT INTO `auth_rule` (`groupid`,`pid`,`name`,`title`,`operateuser`,`status`,`type`,`lasttime`,`timeadd`,`adduser`) VALUES ('3','0','MemberMsg','客户消息','1','1','1','2017-06-30 16:54:09','2017-06-30 16:54:09','1') [ RunTime:0.009346s ]
[ 2017-06-30T16:54:09+08:00 ] /Menu/edit.html | SQL: SHOW COLUMNS FROM `user_operate` [ RunTime:0.006242s ]
[ 2017-06-30T16:54:09+08:00 ] /Menu/edit.html | SQL: INSERT INTO `user_operate` (`status`,`userid`,`remark`,`type`,`ip`,`timeadd`) VALUES (1,'1','编辑菜单【客户消息】',1,'127.0.0.1','2017-06-30 16:54:09') [ RunTime:0.009417s ]

[ 2017-06-30T16:54:09+08:00 ] 127.0.0.1 /Menu/index
[ 2017-06-30T16:54:09+08:00 ] /Menu/index | SQL: SHOW COLUMNS FROM `auth_group` [ RunTime:0.006998s ]
[ 2017-06-30T16:54:09+08:00 ] /Menu/index | SQL: SELECT * FROM `auth_group` WHERE status=1  [ RunTime:0.005895s ]
[ 2017-06-30T16:54:09+08:00 ] /Menu/index | SQL: SELECT * FROM `auth_group`  [ RunTime:0.005580s ]
[ 2017-06-30T16:54:09+08:00 ] /Menu/index | SQL: SHOW COLUMNS FROM `auth_rule` [ RunTime:0.006762s ]
[ 2017-06-30T16:54:09+08:00 ] /Menu/index | SQL: SHOW COLUMNS FROM `auth` [ RunTime:0.006371s ]
[ 2017-06-30T16:54:09+08:00 ] /Menu/index | SQL: SHOW COLUMNS FROM auth_rule ar [ RunTime:0.006111s ]
[ 2017-06-30T16:54:09+08:00 ] /Menu/index | SQL: SELECT ar.*,u.username as addname FROM auth_rule ar LEFT JOIN user u on u.id=ar.adduser WHERE ar.status=1 and ar.pid != 0 ORDER BY ar.sort asc,ar.timeadd  [ RunTime:0.007699s ]
[ 2017-06-30T16:54:09+08:00 ] /Menu/index | SQL: SHOW COLUMNS FROM `user` [ RunTime:0.007519s ]
[ 2017-06-30T16:54:09+08:00 ] /Menu/index | SQL: SELECT `typeid` FROM `user` WHERE id=1 LIMIT 1   [ RunTime:0.006157s ]
[ 2017-06-30T16:54:09+08:00 ] /Menu/index | SQL: SELECT ar.*,u.username as addname FROM auth_rule ar LEFT JOIN user u on u.id=ar.adduser WHERE ar.status=1 and ar.pid != 0 and ar.groupid='1' ORDER BY ar.sort asc,ar.timeadd  [ RunTime:0.008012s ]
[ 2017-06-30T16:54:09+08:00 ] /Menu/index | SQL: SELECT `typeid` FROM `user` WHERE id= LIMIT 1   [ RunTime:0.005858s ]
[ 2017-06-30T16:54:09+08:00 ] /Menu/index | SQL: SELECT * FROM `auth_rule` WHERE pid=0 and status=1 and groupid='1' ORDER BY sort desc,timeadd asc  [ RunTime:0.006694s ]

[ 2017-06-30T16:54:29+08:00 ] 127.0.0.1 /Menu/add/groupid/3
[ 2017-06-30T16:54:29+08:00 ] /Menu/add/groupid/3 | SQL: SHOW COLUMNS FROM `auth_group` [ RunTime:0.006451s ]
[ 2017-06-30T16:54:29+08:00 ] /Menu/add/groupid/3 | SQL: SELECT * FROM `auth_group` WHERE status=1  [ RunTime:0.006125s ]
[ 2017-06-30T16:54:29+08:00 ] /Menu/add/groupid/3 | SQL: SELECT * FROM `auth_group`  [ RunTime:0.005871s ]
[ 2017-06-30T16:54:29+08:00 ] /Menu/add/groupid/3 | SQL: SHOW COLUMNS FROM `auth_rule` [ RunTime:0.006803s ]
[ 2017-06-30T16:54:29+08:00 ] /Menu/add/groupid/3 | SQL: SHOW COLUMNS FROM `auth` [ RunTime:0.006091s ]
[ 2017-06-30T16:54:29+08:00 ] /Menu/add/groupid/3 | SQL: SHOW COLUMNS FROM auth_rule ar [ RunTime:0.005704s ]
[ 2017-06-30T16:54:29+08:00 ] /Menu/add/groupid/3 | SQL: SELECT ar.*,u.username as addname FROM auth_rule ar LEFT JOIN user u on u.id=ar.adduser WHERE ar.status=1 and ar.pid != 0 ORDER BY ar.sort asc,ar.timeadd  [ RunTime:0.007388s ]
[ 2017-06-30T16:54:29+08:00 ] /Menu/add/groupid/3 | SQL: SHOW COLUMNS FROM `user` [ RunTime:0.007409s ]
[ 2017-06-30T16:54:29+08:00 ] /Menu/add/groupid/3 | SQL: SELECT `typeid` FROM `user` WHERE id=1 LIMIT 1   [ RunTime:0.005481s ]
[ 2017-06-30T16:54:29+08:00 ] /Menu/add/groupid/3 | SQL: SELECT ar.*,u.username as addname FROM auth_rule ar LEFT JOIN user u on u.id=ar.adduser WHERE ar.status=1 and ar.pid != 0 and ar.groupid='3' ORDER BY ar.sort asc,ar.timeadd  [ RunTime:0.006822s ]
[ 2017-06-30T16:54:29+08:00 ] /Menu/add/groupid/3 | SQL: SELECT `typeid` FROM `user` WHERE id= LIMIT 1   [ RunTime:0.005971s ]
[ 2017-06-30T16:54:29+08:00 ] /Menu/add/groupid/3 | SQL: SELECT * FROM `auth_rule` WHERE pid=0 and status=1 and groupid='3' ORDER BY sort desc,timeadd asc  [ RunTime:0.006300s ]

[ 2017-06-30T16:55:17+08:00 ] 127.0.0.1 /Menu/edit.html
[ 2017-06-30T16:55:17+08:00 ] /Menu/edit.html | SQL: SHOW COLUMNS FROM `auth_group` [ RunTime:0.006544s ]
[ 2017-06-30T16:55:17+08:00 ] /Menu/edit.html | SQL: SELECT * FROM `auth_group` WHERE status=1  [ RunTime:0.005609s ]
[ 2017-06-30T16:55:17+08:00 ] /Menu/edit.html | SQL: SELECT * FROM `auth_group`  [ RunTime:0.005525s ]
[ 2017-06-30T16:55:17+08:00 ] /Menu/edit.html | SQL: SHOW COLUMNS FROM `auth_rule` [ RunTime:0.006753s ]
[ 2017-06-30T16:55:17+08:00 ] /Menu/edit.html | SQL: SHOW COLUMNS FROM `auth` [ RunTime:0.006112s ]
[ 2017-06-30T16:55:17+08:00 ] /Menu/edit.html | SQL: SHOW COLUMNS FROM auth_rule ar [ RunTime:0.008736s ]
[ 2017-06-30T16:55:17+08:00 ] /Menu/edit.html | SQL: SELECT ar.*,u.username as addname FROM auth_rule ar LEFT JOIN user u on u.id=ar.adduser WHERE ar.status=1 and ar.pid != 0 ORDER BY ar.sort asc,ar.timeadd  [ RunTime:0.010112s ]
[ 2017-06-30T16:55:17+08:00 ] /Menu/edit.html | SQL: SHOW COLUMNS FROM `user` [ RunTime:0.010156s ]
[ 2017-06-30T16:55:17+08:00 ] /Menu/edit.html | SQL: SELECT `typeid` FROM `user` WHERE id=1 LIMIT 1   [ RunTime:0.008144s ]
[ 2017-06-30T16:55:17+08:00 ] /Menu/edit.html | SQL: INSERT INTO `auth_rule` (`groupid`,`pid`,`name`,`title`,`operateuser`,`status`,`type`,`lasttime`,`timeadd`,`adduser`) VALUES ('3','110','MemberMsg-index','消息列表','1','1','1','2017-06-30 16:55:17','2017-06-30 16:55:17','1') [ RunTime:0.011091s ]
[ 2017-06-30T16:55:17+08:00 ] /Menu/edit.html | SQL: SHOW COLUMNS FROM `user_operate` [ RunTime:0.006193s ]
[ 2017-06-30T16:55:17+08:00 ] /Menu/edit.html | SQL: INSERT INTO `user_operate` (`status`,`userid`,`remark`,`type`,`ip`,`timeadd`) VALUES (1,'1','编辑菜单【消息列表】',1,'127.0.0.1','2017-06-30 16:55:17') [ RunTime:0.009403s ]

[ 2017-06-30T16:55:17+08:00 ] 127.0.0.1 /Menu/index
[ 2017-06-30T16:55:17+08:00 ] /Menu/index | SQL: SHOW COLUMNS FROM `auth_group` [ RunTime:0.006768s ]
[ 2017-06-30T16:55:17+08:00 ] /Menu/index | SQL: SELECT * FROM `auth_group` WHERE status=1  [ RunTime:0.004776s ]
[ 2017-06-30T16:55:17+08:00 ] /Menu/index | SQL: SELECT * FROM `auth_group`  [ RunTime:0.006046s ]
[ 2017-06-30T16:55:17+08:00 ] /Menu/index | SQL: SHOW COLUMNS FROM `auth_rule` [ RunTime:0.005734s ]
[ 2017-06-30T16:55:17+08:00 ] /Menu/index | SQL: SHOW COLUMNS FROM `auth` [ RunTime:0.005600s ]
[ 2017-06-30T16:55:17+08:00 ] /Menu/index | SQL: SHOW COLUMNS FROM auth_rule ar [ RunTime:0.004899s ]
[ 2017-06-30T16:55:17+08:00 ] /Menu/index | SQL: SELECT ar.*,u.username as addname FROM auth_rule ar LEFT JOIN user u on u.id=ar.adduser WHERE ar.status=1 and ar.pid != 0 ORDER BY ar.sort asc,ar.timeadd  [ RunTime:0.007060s ]
[ 2017-06-30T16:55:17+08:00 ] /Menu/index | SQL: SHOW COLUMNS FROM `user` [ RunTime:0.005394s ]
[ 2017-06-30T16:55:17+08:00 ] /Menu/index | SQL: SELECT `typeid` FROM `user` WHERE id=1 LIMIT 1   [ RunTime:0.004868s ]
[ 2017-06-30T16:55:17+08:00 ] /Menu/index | SQL: SELECT ar.*,u.username as addname FROM auth_rule ar LEFT JOIN user u on u.id=ar.adduser WHERE ar.status=1 and ar.pid != 0 and ar.groupid='1' ORDER BY ar.sort asc,ar.timeadd  [ RunTime:0.006098s ]
[ 2017-06-30T16:55:17+08:00 ] /Menu/index | SQL: SELECT `typeid` FROM `user` WHERE id= LIMIT 1   [ RunTime:0.004734s ]
[ 2017-06-30T16:55:17+08:00 ] /Menu/index | SQL: SELECT * FROM `auth_rule` WHERE pid=0 and status=1 and groupid='1' ORDER BY sort desc,timeadd asc  [ RunTime:0.006581s ]

[ 2017-06-30T16:55:23+08:00 ] 127.0.0.1 /Role/index.html
[ 2017-06-30T16:55:23+08:00 ] /Role/index.html | SQL: SHOW COLUMNS FROM `auth_group` [ RunTime:0.006293s ]
[ 2017-06-30T16:55:23+08:00 ] /Role/index.html | SQL: SELECT * FROM `auth_group` WHERE status=1  [ RunTime:0.006383s ]
[ 2017-06-30T16:55:23+08:00 ] /Role/index.html | SQL: SELECT * FROM `auth_group`  [ RunTime:0.007905s ]
[ 2017-06-30T16:55:23+08:00 ] /Role/index.html | SQL: SHOW COLUMNS FROM `auth_rule` [ RunTime:0.010520s ]
[ 2017-06-30T16:55:23+08:00 ] /Role/index.html | SQL: SHOW COLUMNS FROM `auth` [ RunTime:0.011778s ]
[ 2017-06-30T16:55:23+08:00 ] /Role/index.html | SQL: SHOW COLUMNS FROM auth_rule ar [ RunTime:0.012116s ]
[ 2017-06-30T16:55:23+08:00 ] /Role/index.html | SQL: SELECT ar.*,u.username as addname FROM auth_rule ar LEFT JOIN user u on u.id=ar.adduser WHERE ar.status=1 and ar.pid != 0 ORDER BY ar.sort asc,ar.timeadd  [ RunTime:0.009600s ]
[ 2017-06-30T16:55:23+08:00 ] /Role/index.html | SQL: SHOW COLUMNS FROM `user` [ RunTime:0.006867s ]
[ 2017-06-30T16:55:23+08:00 ] /Role/index.html | SQL: SELECT `typeid` FROM `user` WHERE id=1 LIMIT 1   [ RunTime:0.004941s ]
[ 2017-06-30T16:55:23+08:00 ] /Role/index.html | SQL: SELECT * FROM `auth_group`  [ RunTime:0.005360s ]
[ 2017-06-30T16:55:23+08:00 ] /Role/index.html | SQL: SHOW COLUMNS FROM `auth_group` [ RunTime:0.008246s ]
[ 2017-06-30T16:55:23+08:00 ] /Role/index.html | SQL: SHOW COLUMNS FROM `auth` [ RunTime:0.011827s ]
[ 2017-06-30T16:55:23+08:00 ] /Role/index.html | SQL: SELECT ar.*,u.username as addname FROM auth_rule ar LEFT JOIN user u on u.id=ar.adduser WHERE ar.status=1 and ar.pid != 0 ORDER BY ar.sort asc,ar.timeadd  [ RunTime:0.011498s ]
[ 2017-06-30T16:55:23+08:00 ] /Role/index.html | SQL: SELECT `typeid` FROM `user` WHERE id=1 LIMIT 1   [ RunTime:0.007829s ]
[ 2017-06-30T16:55:23+08:00 ] /Role/index.html | SQL: SELECT * FROM `user` WHERE id=1 LIMIT 1   [ RunTime:0.013736s ]
[ 2017-06-30T16:55:23+08:00 ] /Role/index.html | SQL: SHOW COLUMNS FROM auth_type at [ RunTime:0.011732s ]
[ 2017-06-30T16:55:23+08:00 ] /Role/index.html | SQL: SELECT at.*,u.username,ag.title as group_name FROM auth_type at LEFT JOIN user u on u.id=at.adduser LEFT JOIN auth_group ag on ag.id=at.groupid ORDER BY at.timeadd desc  [ RunTime:0.007810s ]

[ 2017-06-30T16:55:23+08:00 ]  127.0.0.1 /favicon.ico | ERR: (ThinkException) 无法加载模块favicon.ico
[ 2017-06-30T16:55:26+08:00 ] 127.0.0.1 /Role/edit/id/14.html
[ 2017-06-30T16:55:26+08:00 ] /Role/edit/id/14.html | SQL: SHOW COLUMNS FROM `auth_group` [ RunTime:0.005858s ]
[ 2017-06-30T16:55:26+08:00 ] /Role/edit/id/14.html | SQL: SELECT * FROM `auth_group` WHERE status=1  [ RunTime:0.004960s ]
[ 2017-06-30T16:55:26+08:00 ] /Role/edit/id/14.html | SQL: SELECT * FROM `auth_group`  [ RunTime:0.005560s ]
[ 2017-06-30T16:55:26+08:00 ] /Role/edit/id/14.html | SQL: SHOW COLUMNS FROM `auth_rule` [ RunTime:0.005923s ]
[ 2017-06-30T16:55:26+08:00 ] /Role/edit/id/14.html | SQL: SHOW COLUMNS FROM `auth` [ RunTime:0.005391s ]
[ 2017-06-30T16:55:26+08:00 ] /Role/edit/id/14.html | SQL: SHOW COLUMNS FROM auth_rule ar [ RunTime:0.005018s ]
[ 2017-06-30T16:55:26+08:00 ] /Role/edit/id/14.html | SQL: SELECT ar.*,u.username as addname FROM auth_rule ar LEFT JOIN user u on u.id=ar.adduser WHERE ar.status=1 and ar.pid != 0 ORDER BY ar.sort asc,ar.timeadd  [ RunTime:0.006943s ]
[ 2017-06-30T16:55:26+08:00 ] /Role/edit/id/14.html | SQL: SHOW COLUMNS FROM `user` [ RunTime:0.005431s ]
[ 2017-06-30T16:55:26+08:00 ] /Role/edit/id/14.html | SQL: SELECT `typeid` FROM `user` WHERE id=1 LIMIT 1   [ RunTime:0.005114s ]
[ 2017-06-30T16:55:26+08:00 ] /Role/edit/id/14.html | SQL: SELECT * FROM `auth_group`  [ RunTime:0.005236s ]
[ 2017-06-30T16:55:26+08:00 ] /Role/edit/id/14.html | SQL: SHOW COLUMNS FROM `auth_group` [ RunTime:0.006162s ]
[ 2017-06-30T16:55:26+08:00 ] /Role/edit/id/14.html | SQL: SHOW COLUMNS FROM `auth` [ RunTime:0.004879s ]
[ 2017-06-30T16:55:26+08:00 ] /Role/edit/id/14.html | SQL: SELECT ar.*,u.username as addname FROM auth_rule ar LEFT JOIN user u on u.id=ar.adduser WHERE ar.status=1 and ar.pid != 0 ORDER BY ar.sort asc,ar.timeadd  [ RunTime:0.007017s ]
[ 2017-06-30T16:55:26+08:00 ] /Role/edit/id/14.html | SQL: SELECT `typeid` FROM `user` WHERE id=1 LIMIT 1   [ RunTime:0.004771s ]
[ 2017-06-30T16:55:26+08:00 ] /Role/edit/id/14.html | SQL: SELECT * FROM `user` WHERE id=1 LIMIT 1   [ RunTime:0.006603s ]
[ 2017-06-30T16:55:26+08:00 ] /Role/edit/id/14.html | SQL: SHOW COLUMNS FROM `auth_type` [ RunTime:0.006066s ]
[ 2017-06-30T16:55:26+08:00 ] /Role/edit/id/14.html | SQL: SELECT * FROM `auth_type` WHERE id=14 LIMIT 1   [ RunTime:0.005001s ]
[ 2017-06-30T16:55:26+08:00 ] /Role/edit/id/14.html | SQL: SHOW COLUMNS FROM `business_company` [ RunTime:0.005767s ]
[ 2017-06-30T16:55:26+08:00 ] /Role/edit/id/14.html | SQL: SELECT * FROM `business_company` WHERE id=25 LIMIT 1   [ RunTime:0.005837s ]
[ 2017-06-30T16:55:26+08:00 ] /Role/edit/id/14.html | SQL: SELECT `groupid` FROM `user` WHERE id='1' and status=1 LIMIT 1   [ RunTime:0.005211s ]
[ 2017-06-30T16:55:26+08:00 ] /Role/edit/id/14.html | SQL: SELECT `id` FROM `auth_group`  [ RunTime:0.004990s ]
[ 2017-06-30T16:55:26+08:00 ] /Role/edit/id/14.html | SQL: SELECT * FROM `auth_group`  [ RunTime:0.005106s ]
[ 2017-06-30T16:55:26+08:00 ] /Role/edit/id/14.html | SQL: SELECT * FROM `auth_group` WHERE status=1  [ RunTime:0.005214s ]
[ 2017-06-30T16:55:26+08:00 ] /Role/edit/id/14.html | SQL: SELECT ar.*,u.username as addname FROM auth_rule ar LEFT JOIN user u on u.id=ar.adduser WHERE ar.status=1 and ar.pid != 0 and ar.groupid='3' ORDER BY ar.sort asc,ar.timeadd  [ RunTime:0.006695s ]
[ 2017-06-30T16:55:26+08:00 ] /Role/edit/id/14.html | SQL: SELECT `typeid` FROM `user` WHERE id= LIMIT 1   [ RunTime:0.004612s ]
[ 2017-06-30T16:55:26+08:00 ] /Role/edit/id/14.html | SQL: SELECT * FROM `auth_rule` WHERE pid=0 and status=1 and groupid='3' ORDER BY sort desc,timeadd asc  [ RunTime:0.005802s ]

[ 2017-06-30T16:55:29+08:00 ] 127.0.0.1 /Role/edit.html
[ 2017-06-30T16:55:29+08:00 ] /Role/edit.html | SQL: SHOW COLUMNS FROM `auth_group` [ RunTime:0.005743s ]
[ 2017-06-30T16:55:29+08:00 ] /Role/edit.html | SQL: SELECT * FROM `auth_group` WHERE status=1  [ RunTime:0.006059s ]
[ 2017-06-30T16:55:29+08:00 ] /Role/edit.html | SQL: SELECT * FROM `auth_group`  [ RunTime:0.005339s ]
[ 2017-06-30T16:55:29+08:00 ] /Role/edit.html | SQL: SHOW COLUMNS FROM `auth_rule` [ RunTime:0.005763s ]
[ 2017-06-30T16:55:29+08:00 ] /Role/edit.html | SQL: SHOW COLUMNS FROM `auth` [ RunTime:0.005579s ]
[ 2017-06-30T16:55:29+08:00 ] /Role/edit.html | SQL: SHOW COLUMNS FROM auth_rule ar [ RunTime:0.005784s ]
[ 2017-06-30T16:55:29+08:00 ] /Role/edit.html | SQL: SELECT ar.*,u.username as addname FROM auth_rule ar LEFT JOIN user u on u.id=ar.adduser WHERE ar.status=1 and ar.pid != 0 ORDER BY ar.sort asc,ar.timeadd  [ RunTime:0.006851s ]
[ 2017-06-30T16:55:29+08:00 ] /Role/edit.html | SQL: SHOW COLUMNS FROM `user` [ RunTime:0.005875s ]
[ 2017-06-30T16:55:29+08:00 ] /Role/edit.html | SQL: SELECT `typeid` FROM `user` WHERE id=1 LIMIT 1   [ RunTime:0.005312s ]
[ 2017-06-30T16:55:29+08:00 ] /Role/edit.html | SQL: SELECT * FROM `auth_group`  [ RunTime:0.005287s ]
[ 2017-06-30T16:55:29+08:00 ] /Role/edit.html | SQL: SHOW COLUMNS FROM `auth_group` [ RunTime:0.005767s ]
[ 2017-06-30T16:55:29+08:00 ] /Role/edit.html | SQL: SHOW COLUMNS FROM `auth` [ RunTime:0.005363s ]
[ 2017-06-30T16:55:29+08:00 ] /Role/edit.html | SQL: SELECT ar.*,u.username as addname FROM auth_rule ar LEFT JOIN user u on u.id=ar.adduser WHERE ar.status=1 and ar.pid != 0 ORDER BY ar.sort asc,ar.timeadd  [ RunTime:0.006872s ]
[ 2017-06-30T16:55:29+08:00 ] /Role/edit.html | SQL: SELECT `typeid` FROM `user` WHERE id=1 LIMIT 1   [ RunTime:0.004842s ]
[ 2017-06-30T16:55:29+08:00 ] /Role/edit.html | SQL: SELECT * FROM `user` WHERE id=1 LIMIT 1   [ RunTime:0.005167s ]
[ 2017-06-30T16:55:29+08:00 ] /Role/edit.html | SQL: SHOW COLUMNS FROM `auth_type` [ RunTime:0.005980s ]
[ 2017-06-30T16:55:29+08:00 ] /Role/edit.html | SQL: UPDATE `auth_type` SET `title`='百度管理员',`groupid`='3',`status`='1',`rule`='81,82,84,85,86,104,105,106,107,88,89,103,91,92,94,95,96,97,98,99,108,109,101,102,111',`businessid`='25',`lasttime`='2017-06-30 16:55:29' WHERE id='14' [ RunTime:0.008988s ]
[ 2017-06-30T16:55:29+08:00 ] /Role/edit.html | SQL: SHOW COLUMNS FROM `user_operate` [ RunTime:0.006772s ]
[ 2017-06-30T16:55:29+08:00 ] /Role/edit.html | SQL: INSERT INTO `user_operate` (`status`,`userid`,`remark`,`type`,`ip`,`timeadd`) VALUES (1,'1','编辑角色【百度管理员】',1,'127.0.0.1','2017-06-30 16:55:29') [ RunTime:0.008075s ]

[ 2017-06-30T16:55:30+08:00 ] 127.0.0.1 /Role/index.html
[ 2017-06-30T16:55:30+08:00 ] /Role/index.html | SQL: SHOW COLUMNS FROM `auth_group` [ RunTime:0.005918s ]
[ 2017-06-30T16:55:30+08:00 ] /Role/index.html | SQL: SELECT * FROM `auth_group` WHERE status=1  [ RunTime:0.004526s ]
[ 2017-06-30T16:55:30+08:00 ] /Role/index.html | SQL: SELECT * FROM `auth_group`  [ RunTime:0.005021s ]
[ 2017-06-30T16:55:30+08:00 ] /Role/index.html | SQL: SHOW COLUMNS FROM `auth_rule` [ RunTime:0.005960s ]
[ 2017-06-30T16:55:30+08:00 ] /Role/index.html | SQL: SHOW COLUMNS FROM `auth` [ RunTime:0.005282s ]
[ 2017-06-30T16:55:30+08:00 ] /Role/index.html | SQL: SHOW COLUMNS FROM auth_rule ar [ RunTime:0.004345s ]
[ 2017-06-30T16:55:30+08:00 ] /Role/index.html | SQL: SELECT ar.*,u.username as addname FROM auth_rule ar LEFT JOIN user u on u.id=ar.adduser WHERE ar.status=1 and ar.pid != 0 ORDER BY ar.sort asc,ar.timeadd  [ RunTime:0.006796s ]
[ 2017-06-30T16:55:30+08:00 ] /Role/index.html | SQL: SHOW COLUMNS FROM `user` [ RunTime:0.006243s ]
[ 2017-06-30T16:55:30+08:00 ] /Role/index.html | SQL: SELECT `typeid` FROM `user` WHERE id=1 LIMIT 1   [ RunTime:0.005164s ]
[ 2017-06-30T16:55:30+08:00 ] /Role/index.html | SQL: SELECT * FROM `auth_group`  [ RunTime:0.004751s ]
[ 2017-06-30T16:55:30+08:00 ] /Role/index.html | SQL: SHOW COLUMNS FROM `auth_group` [ RunTime:0.005408s ]
[ 2017-06-30T16:55:30+08:00 ] /Role/index.html | SQL: SHOW COLUMNS FROM `auth` [ RunTime:0.005485s ]
[ 2017-06-30T16:55:30+08:00 ] /Role/index.html | SQL: SELECT ar.*,u.username as addname FROM auth_rule ar LEFT JOIN user u on u.id=ar.adduser WHERE ar.status=1 and ar.pid != 0 ORDER BY ar.sort asc,ar.timeadd  [ RunTime:0.006824s ]
[ 2017-06-30T16:55:30+08:00 ] /Role/index.html | SQL: SELECT `typeid` FROM `user` WHERE id=1 LIMIT 1   [ RunTime:0.004699s ]
[ 2017-06-30T16:55:30+08:00 ] /Role/index.html | SQL: SELECT * FROM `user` WHERE id=1 LIMIT 1   [ RunTime:0.005846s ]
[ 2017-06-30T16:55:30+08:00 ] /Role/index.html | SQL: SHOW COLUMNS FROM auth_type at [ RunTime:0.004603s ]
[ 2017-06-30T16:55:30+08:00 ] /Role/index.html | SQL: SELECT at.*,u.username,ag.title as group_name FROM auth_type at LEFT JOIN user u on u.id=at.adduser LEFT JOIN auth_group ag on ag.id=at.groupid ORDER BY at.timeadd desc  [ RunTime:0.007341s ]

