[ 2017-09-20T16:05:35+08:00 ]  127.0.0.1 /favicon.ico | ERR: (ThinkException) 无法加载模块favicon.ico
[ 2017-09-20T16:05:35+08:00 ]  127.0.0.1 /favicon.ico | ERR: (ThinkException) 无法加载模块favicon.ico
[ 2017-09-20T16:05:39+08:00 ] 127.0.0.1 /Public/doLogin.html
[ 2017-09-20T16:05:39+08:00 ] /Public/doLogin.html | SQL: SHOW COLUMNS FROM `auth_group` [ RunTime:0.009559s ]
[ 2017-09-20T16:05:39+08:00 ] /Public/doLogin.html | SQL: SELECT * FROM `auth_group` WHERE status=1  [ RunTime:0.008686s ]
[ 2017-09-20T16:05:39+08:00 ] /Public/doLogin.html | SQL: SHOW COLUMNS FROM `user` [ RunTime:0.007801s ]
[ 2017-09-20T16:05:39+08:00 ] /Public/doLogin.html | SQL: SELECT * FROM `user` WHERE username='qjx' LIMIT 1   [ RunTime:0.009633s ]
[ 2017-09-20T16:05:39+08:00 ] /Public/doLogin.html | SQL: SHOW COLUMNS FROM `common` [ RunTime:0.006137s ]
[ 2017-09-20T16:05:39+08:00 ] /Public/doLogin.html | SQL: SHOW COLUMNS FROM `common` [ RunTime:0.008244s ]
[ 2017-09-20T16:05:39+08:00 ] /Public/doLogin.html | SQL: UPDATE `user` SET `lasttime`='2017-09-20 16:05:39',`lastip`='127.0.0.1' WHERE username='qjx' [ RunTime:0.012576s ]
[ 2017-09-20T16:05:39+08:00 ] /Public/doLogin.html | SQL: UPDATE `user` SET `logincount`=logincount+1,`lasttime`='2017-09-20 16:05:39',`lastip`='127.0.0.1' WHERE username='qjx' [ RunTime:0.012374s ]
[ 2017-09-20T16:05:39+08:00 ] /Public/doLogin.html | SQL: SHOW COLUMNS FROM `user_token` [ RunTime:0.011704s ]
[ 2017-09-20T16:05:39+08:00 ] /Public/doLogin.html | SQL: SELECT * FROM `user_token` WHERE username='qjx' LIMIT 1   [ RunTime:0.006435s ]
[ 2017-09-20T16:05:39+08:00 ] /Public/doLogin.html | SQL: UPDATE `user_token` SET `token`='06b9c7230591265270b1b6e5c5b14965',`username`='qjx',`logintime`='2017-09-20 16:05:39' WHERE username='qjx' [ RunTime:0.007528s ]
[ 2017-09-20T16:05:39+08:00 ] /Public/doLogin.html | SQL: SHOW COLUMNS FROM `common` [ RunTime:0.011689s ]
[ 2017-09-20T16:05:39+08:00 ] /Public/doLogin.html | SQL: SHOW COLUMNS FROM `user_operate` [ RunTime:0.020983s ]
[ 2017-09-20T16:05:39+08:00 ] /Public/doLogin.html | SQL: INSERT INTO `user_operate` (`status`,`userid`,`remark`,`type`,`ip`,`timeadd`) VALUES (1,'1','用户登录',1,'127.0.0.1','2017-09-20 16:05:39') [ RunTime:0.026632s ]

[ 2017-09-20T16:05:39+08:00 ] 127.0.0.1 /
[ 2017-09-20T16:05:39+08:00 ] / | SQL: SHOW COLUMNS FROM `auth` [ RunTime:0.007612s ]
[ 2017-09-20T16:05:39+08:00 ] / | SQL: SHOW COLUMNS FROM auth_rule ar [ RunTime:0.005670s ]
[ 2017-09-20T16:05:39+08:00 ] / | SQL: SELECT ar.*,u.username as addname FROM auth_rule ar LEFT JOIN user u on u.id=ar.adduser WHERE ar.status=1 and ar.pid != 0 ORDER BY ar.sort asc,ar.timeadd  [ RunTime:0.010922s ]
[ 2017-09-20T16:05:39+08:00 ] / | SQL: SHOW COLUMNS FROM `user` [ RunTime:0.009630s ]
[ 2017-09-20T16:05:39+08:00 ] / | SQL: SELECT `typeid` FROM `user` WHERE id=1 LIMIT 1   [ RunTime:0.005887s ]

[ 2017-09-20T16:05:40+08:00 ] 127.0.0.1 /Public/getJsMenu.html
[ 2017-09-20T16:05:40+08:00 ] /Public/getJsMenu.html | SQL: SHOW COLUMNS FROM `auth_group` [ RunTime:0.006507s ]
[ 2017-09-20T16:05:40+08:00 ] /Public/getJsMenu.html | SQL: SELECT * FROM `auth_group` WHERE status=1  [ RunTime:0.006318s ]
[ 2017-09-20T16:05:40+08:00 ] /Public/getJsMenu.html | SQL: SHOW COLUMNS FROM `user` [ RunTime:0.006948s ]
[ 2017-09-20T16:05:40+08:00 ] /Public/getJsMenu.html | SQL: SELECT `groupid` FROM `user` WHERE id='1' LIMIT 1   [ RunTime:0.006101s ]
[ 2017-09-20T16:05:40+08:00 ] /Public/getJsMenu.html | SQL: SELECT `groupid` FROM `user` WHERE id='1' LIMIT 1   [ RunTime:0.005745s ]
[ 2017-09-20T16:05:40+08:00 ] /Public/getJsMenu.html | SQL: SHOW COLUMNS FROM auth_rule ar [ RunTime:0.006175s ]
[ 2017-09-20T16:05:40+08:00 ] /Public/getJsMenu.html | SQL: SELECT ar.*,u.username as addname FROM auth_rule ar LEFT JOIN user u on u.id=ar.adduser WHERE ar.status=1 and ar.pid != 0 and ar.groupid='1' ORDER BY ar.sort asc,ar.timeadd  [ RunTime:0.008158s ]
[ 2017-09-20T16:05:40+08:00 ] /Public/getJsMenu.html | SQL: SELECT `typeid` FROM `user` WHERE id=1 LIMIT 1   [ RunTime:0.006241s ]
[ 2017-09-20T16:05:40+08:00 ] /Public/getJsMenu.html | SQL: SELECT * FROM `auth_rule` WHERE pid=0 and status=1 and groupid='1' ORDER BY sort desc,timeadd asc  [ RunTime:0.007303s ]

[ 2017-09-20T16:05:40+08:00 ]  127.0.0.1 /favicon.ico | ERR: (ThinkException) 无法加载模块favicon.ico
[ 2017-09-20T16:05:40+08:00 ]  127.0.0.1 /favicon.ico | ERR: (ThinkException) 无法加载模块favicon.ico
[ 2017-09-20T16:05:42+08:00 ] 127.0.0.1 /Index/system.html
[ 2017-09-20T16:05:41+08:00 ] /Index/system.html | SQL: SHOW COLUMNS FROM `auth` [ RunTime:0.006582s ]
[ 2017-09-20T16:05:41+08:00 ] /Index/system.html | SQL: SHOW COLUMNS FROM auth_rule ar [ RunTime:0.010216s ]
[ 2017-09-20T16:05:41+08:00 ] /Index/system.html | SQL: SELECT ar.*,u.username as addname FROM auth_rule ar LEFT JOIN user u on u.id=ar.adduser WHERE ar.status=1 and ar.pid != 0 ORDER BY ar.sort asc,ar.timeadd  [ RunTime:0.008507s ]
[ 2017-09-20T16:05:41+08:00 ] /Index/system.html | SQL: SHOW COLUMNS FROM `user` [ RunTime:0.007514s ]
[ 2017-09-20T16:05:41+08:00 ] /Index/system.html | SQL: SELECT `typeid` FROM `user` WHERE id=1 LIMIT 1   [ RunTime:0.007956s ]
[ 2017-09-20T16:05:41+08:00 ] /Index/system.html | SQL: SHOW COLUMNS FROM `common` [ RunTime:0.005999s ]
[ 2017-09-20T16:05:41+08:00 ] /Index/system.html | SQL: SHOW COLUMNS FROM `member` [ RunTime:0.008804s ]
[ 2017-09-20T16:05:41+08:00 ] /Index/system.html | SQL: SELECT COUNT(*) AS tp_count FROM member m,member_info mi,business_company bus,business_channel bc,channel_company cha WHERE ( m.id=mi.memberid and m.business_company_id=bus.id  and  bus.id=bc.business_company_id  and bc.channel_company_id=cha.id ) LIMIT 1   [ RunTime:0.009656s ]
[ 2017-09-20T16:05:41+08:00 ] /Index/system.html | SQL: SELECT m.*,mi.names,mi.certiNumber,mi.nameStatus,cha.companyname as channel_companyname,bus.companyname as business_companyname FROM member m,member_info mi,business_company bus,business_channel bc,channel_company cha WHERE ( m.id=mi.memberid and m.business_company_id=bus.id  and  bus.id=bc.business_company_id  and bc.channel_company_id=cha.id )  [ RunTime:0.008493s ]
[ 2017-09-20T16:05:41+08:00 ] /Index/system.html | SQL: SHOW COLUMNS FROM `member_import` [ RunTime:0.010885s ]
[ 2017-09-20T16:05:41+08:00 ] /Index/system.html | SQL: SELECT * FROM `member_import` WHERE ( `business_company_id` = '35' ) AND ( `certiNumber` = '371324199102144316' ) LIMIT 1   [ RunTime:0.013145s ]
[ 2017-09-20T16:05:41+08:00 ] /Index/system.html | SQL: SHOW COLUMNS FROM `baofu_bindcard` [ RunTime:0.008311s ]
[ 2017-09-20T16:05:41+08:00 ] /Index/system.html | SQL: SELECT `acc_no` FROM `baofu_bindcard` WHERE ( `memberid` = '6' ) LIMIT 1   [ RunTime:0.010048s ]
[ 2017-09-20T16:05:41+08:00 ] /Index/system.html | SQL: SELECT * FROM `member_import` WHERE ( `business_company_id` = '35' ) AND ( `certiNumber` = '430581198911176536' ) LIMIT 1   [ RunTime:0.011858s ]
[ 2017-09-20T16:05:41+08:00 ] /Index/system.html | SQL: SELECT `acc_no` FROM `baofu_bindcard` WHERE ( `memberid` = '7' ) LIMIT 1   [ RunTime:0.008171s ]
[ 2017-09-20T16:05:41+08:00 ] /Index/system.html | SQL: SELECT * FROM `member_import` WHERE ( `business_company_id` = '35' ) AND ( `certiNumber` = '342401199307236712' ) LIMIT 1   [ RunTime:0.009342s ]
[ 2017-09-20T16:05:41+08:00 ] /Index/system.html | SQL: SELECT `acc_no` FROM `baofu_bindcard` WHERE ( `memberid` = '8' ) LIMIT 1   [ RunTime:0.011030s ]
[ 2017-09-20T16:05:41+08:00 ] /Index/system.html | SQL: SELECT * FROM `member_import` WHERE ( `business_company_id` = '35' ) AND ( `certiNumber` = null ) LIMIT 1   [ RunTime:0.008784s ]
[ 2017-09-20T16:05:41+08:00 ] /Index/system.html | SQL: SELECT `acc_no` FROM `baofu_bindcard` WHERE ( `memberid` = '9' ) LIMIT 1   [ RunTime:0.010273s ]
[ 2017-09-20T16:05:41+08:00 ] /Index/system.html | SQL: SELECT * FROM `member_import` WHERE ( `business_company_id` = '35' ) AND ( `certiNumber` = null ) LIMIT 1   [ RunTime:0.009996s ]
[ 2017-09-20T16:05:41+08:00 ] /Index/system.html | SQL: SELECT `acc_no` FROM `baofu_bindcard` WHERE ( `memberid` = '10' ) LIMIT 1   [ RunTime:0.010586s ]
[ 2017-09-20T16:05:41+08:00 ] /Index/system.html | SQL: SELECT * FROM `member_import` WHERE ( `business_company_id` = '35' ) AND ( `certiNumber` = '342423197507130962' ) LIMIT 1   [ RunTime:0.007430s ]
[ 2017-09-20T16:05:41+08:00 ] /Index/system.html | SQL: SELECT `acc_no` FROM `baofu_bindcard` WHERE ( `memberid` = '11' ) LIMIT 1   [ RunTime:0.010799s ]
[ 2017-09-20T16:05:41+08:00 ] /Index/system.html | SQL: SELECT * FROM `member_import` WHERE ( `business_company_id` = '35' ) AND ( `certiNumber` = null ) LIMIT 1   [ RunTime:0.011570s ]
[ 2017-09-20T16:05:41+08:00 ] /Index/system.html | SQL: SELECT `acc_no` FROM `baofu_bindcard` WHERE ( `memberid` = '12' ) LIMIT 1   [ RunTime:0.008779s ]
[ 2017-09-20T16:05:41+08:00 ] /Index/system.html | SQL: SELECT * FROM `member_import` WHERE ( `business_company_id` = '35' ) AND ( `certiNumber` = null ) LIMIT 1   [ RunTime:0.010693s ]
[ 2017-09-20T16:05:41+08:00 ] /Index/system.html | SQL: SELECT `acc_no` FROM `baofu_bindcard` WHERE ( `memberid` = '13' ) LIMIT 1   [ RunTime:0.010389s ]
[ 2017-09-20T16:05:41+08:00 ] /Index/system.html | SQL: SELECT * FROM `member_import` WHERE ( `business_company_id` = '35' ) AND ( `certiNumber` = null ) LIMIT 1   [ RunTime:0.007892s ]
[ 2017-09-20T16:05:41+08:00 ] /Index/system.html | SQL: SELECT `acc_no` FROM `baofu_bindcard` WHERE ( `memberid` = '14' ) LIMIT 1   [ RunTime:0.009715s ]
[ 2017-09-20T16:05:42+08:00 ] /Index/system.html | SQL: SELECT * FROM `member_import` WHERE ( `business_company_id` = '35' ) AND ( `certiNumber` = null ) LIMIT 1   [ RunTime:0.010696s ]
[ 2017-09-20T16:05:42+08:00 ] /Index/system.html | SQL: SELECT `acc_no` FROM `baofu_bindcard` WHERE ( `memberid` = '15' ) LIMIT 1   [ RunTime:0.009456s ]
[ 2017-09-20T16:05:42+08:00 ] /Index/system.html | SQL: SELECT * FROM `member_import` WHERE ( `business_company_id` = '35' ) AND ( `certiNumber` = null ) LIMIT 1   [ RunTime:0.007394s ]
[ 2017-09-20T16:05:42+08:00 ] /Index/system.html | SQL: SELECT `acc_no` FROM `baofu_bindcard` WHERE ( `memberid` = '16' ) LIMIT 1   [ RunTime:0.010369s ]
[ 2017-09-20T16:05:42+08:00 ] /Index/system.html | SQL: SELECT * FROM `member_import` WHERE ( `business_company_id` = '35' ) AND ( `certiNumber` = null ) LIMIT 1   [ RunTime:0.012263s ]
[ 2017-09-20T16:05:42+08:00 ] /Index/system.html | SQL: SELECT `acc_no` FROM `baofu_bindcard` WHERE ( `memberid` = '17' ) LIMIT 1   [ RunTime:0.008355s ]
[ 2017-09-20T16:05:42+08:00 ] /Index/system.html | SQL: SELECT * FROM `member_import` WHERE ( `business_company_id` = '35' ) AND ( `certiNumber` = null ) LIMIT 1   [ RunTime:0.011712s ]
[ 2017-09-20T16:05:42+08:00 ] /Index/system.html | SQL: SELECT `acc_no` FROM `baofu_bindcard` WHERE ( `memberid` = '18' ) LIMIT 1   [ RunTime:0.009669s ]
[ 2017-09-20T16:05:42+08:00 ] /Index/system.html | SQL: SELECT * FROM `member_import` WHERE ( `business_company_id` = '35' ) AND ( `certiNumber` = null ) LIMIT 1   [ RunTime:0.007632s ]
[ 2017-09-20T16:05:42+08:00 ] /Index/system.html | SQL: SELECT `acc_no` FROM `baofu_bindcard` WHERE ( `memberid` = '19' ) LIMIT 1   [ RunTime:0.011139s ]
[ 2017-09-20T16:05:42+08:00 ] /Index/system.html | SQL: SELECT * FROM `member_import` WHERE ( `business_company_id` = '35' ) AND ( `certiNumber` = null ) LIMIT 1   [ RunTime:0.009023s ]
[ 2017-09-20T16:05:42+08:00 ] /Index/system.html | SQL: SELECT `acc_no` FROM `baofu_bindcard` WHERE ( `memberid` = '20' ) LIMIT 1   [ RunTime:0.010123s ]
[ 2017-09-20T16:05:42+08:00 ] /Index/system.html | SQL: SELECT * FROM `member_import` WHERE ( `business_company_id` = '35' ) AND ( `certiNumber` = null ) LIMIT 1   [ RunTime:0.007470s ]
[ 2017-09-20T16:05:42+08:00 ] /Index/system.html | SQL: SELECT `acc_no` FROM `baofu_bindcard` WHERE ( `memberid` = '21' ) LIMIT 1   [ RunTime:0.010304s ]
[ 2017-09-20T16:05:42+08:00 ] /Index/system.html | SQL: SELECT * FROM `member_import` WHERE ( `business_company_id` = '35' ) AND ( `certiNumber` = null ) LIMIT 1   [ RunTime:0.006495s ]
[ 2017-09-20T16:05:42+08:00 ] /Index/system.html | SQL: SELECT `acc_no` FROM `baofu_bindcard` WHERE ( `memberid` = '22' ) LIMIT 1   [ RunTime:0.007261s ]
[ 2017-09-20T16:05:42+08:00 ] /Index/system.html | SQL: SELECT * FROM `member_import` WHERE ( `business_company_id` = '35' ) AND ( `certiNumber` = null ) LIMIT 1   [ RunTime:0.007371s ]
[ 2017-09-20T16:05:42+08:00 ] /Index/system.html | SQL: SELECT `acc_no` FROM `baofu_bindcard` WHERE ( `memberid` = '23' ) LIMIT 1   [ RunTime:0.010103s ]
[ 2017-09-20T16:05:42+08:00 ] /Index/system.html | SQL: SELECT * FROM `member_import` WHERE ( `business_company_id` = '35' ) AND ( `certiNumber` = null ) LIMIT 1   [ RunTime:0.011081s ]
[ 2017-09-20T16:05:42+08:00 ] /Index/system.html | SQL: SELECT `acc_no` FROM `baofu_bindcard` WHERE ( `memberid` = '24' ) LIMIT 1   [ RunTime:0.007187s ]
[ 2017-09-20T16:05:42+08:00 ] /Index/system.html | SQL: SELECT * FROM `member_import` WHERE ( `business_company_id` = '35' ) AND ( `certiNumber` = null ) LIMIT 1   [ RunTime:0.010353s ]
[ 2017-09-20T16:05:42+08:00 ] /Index/system.html | SQL: SELECT `acc_no` FROM `baofu_bindcard` WHERE ( `memberid` = '25' ) LIMIT 1   [ RunTime:0.009399s ]
[ 2017-09-20T16:05:42+08:00 ] /Index/system.html | SQL: SELECT * FROM `member_import` WHERE ( `business_company_id` = '35' ) AND ( `certiNumber` = null ) LIMIT 1   [ RunTime:0.011004s ]
[ 2017-09-20T16:05:42+08:00 ] /Index/system.html | SQL: SELECT `acc_no` FROM `baofu_bindcard` WHERE ( `memberid` = '26' ) LIMIT 1   [ RunTime:0.006919s ]
[ 2017-09-20T16:05:42+08:00 ] /Index/system.html | SQL: SELECT * FROM `member_import` WHERE ( `business_company_id` = '35' ) AND ( `certiNumber` = '340702199002027777' ) LIMIT 1   [ RunTime:0.011646s ]
[ 2017-09-20T16:05:42+08:00 ] /Index/system.html | SQL: SELECT `acc_no` FROM `baofu_bindcard` WHERE ( `memberid` = '27' ) LIMIT 1   [ RunTime:0.011294s ]
[ 2017-09-20T16:05:42+08:00 ] /Index/system.html | SQL: SELECT * FROM `member_import` WHERE ( `business_company_id` = '35' ) AND ( `certiNumber` = null ) LIMIT 1   [ RunTime:0.008815s ]
[ 2017-09-20T16:05:42+08:00 ] /Index/system.html | SQL: SELECT `acc_no` FROM `baofu_bindcard` WHERE ( `memberid` = '28' ) LIMIT 1   [ RunTime:0.008221s ]
[ 2017-09-20T16:05:42+08:00 ] /Index/system.html | SQL: SELECT * FROM `member_import` WHERE ( `business_company_id` = '35' ) AND ( `certiNumber` = null ) LIMIT 1   [ RunTime:0.010929s ]
[ 2017-09-20T16:05:42+08:00 ] /Index/system.html | SQL: SELECT `acc_no` FROM `baofu_bindcard` WHERE ( `memberid` = '29' ) LIMIT 1   [ RunTime:0.009508s ]
[ 2017-09-20T16:05:42+08:00 ] /Index/system.html | SQL: SELECT * FROM `member_import` WHERE ( `business_company_id` = '35' ) AND ( `certiNumber` = '320581198808023122' ) LIMIT 1   [ RunTime:0.010065s ]
[ 2017-09-20T16:05:42+08:00 ] /Index/system.html | SQL: SELECT `acc_no` FROM `baofu_bindcard` WHERE ( `memberid` = '30' ) LIMIT 1   [ RunTime:0.009561s ]
[ 2017-09-20T16:05:42+08:00 ] /Index/system.html | SQL: SELECT * FROM `member_import` WHERE ( `business_company_id` = '35' ) AND ( `certiNumber` = '320301198502169142' ) LIMIT 1   [ RunTime:0.011609s ]
[ 2017-09-20T16:05:42+08:00 ] /Index/system.html | SQL: SELECT `acc_no` FROM `baofu_bindcard` WHERE ( `memberid` = '31' ) LIMIT 1   [ RunTime:0.006207s ]
[ 2017-09-20T16:05:42+08:00 ] /Index/system.html | SQL: SELECT * FROM `member_import` WHERE ( `business_company_id` = '35' ) AND ( `certiNumber` = null ) LIMIT 1   [ RunTime:0.010639s ]
[ 2017-09-20T16:05:42+08:00 ] /Index/system.html | SQL: SELECT `acc_no` FROM `baofu_bindcard` WHERE ( `memberid` = '32' ) LIMIT 1   [ RunTime:0.012203s ]
[ 2017-09-20T16:05:42+08:00 ] /Index/system.html | SQL: SHOW COLUMNS FROM `member` [ RunTime:0.010039s ]
[ 2017-09-20T16:05:42+08:00 ] /Index/system.html | SQL: SELECT COUNT(*) AS tp_count FROM member m,member_info mi,business_company bus,business_channel bc,channel_company cha WHERE ( m.timeadd >= '2017-09-20' ) AND ( m.id=mi.memberid and m.business_company_id=bus.id  and  bus.id=bc.business_company_id  and bc.channel_company_id=cha.id ) LIMIT 1   [ RunTime:0.009609s ]
[ 2017-09-20T16:05:42+08:00 ] /Index/system.html | SQL: SELECT m.*,mi.names,mi.certiNumber,mi.nameStatus,cha.companyname as channel_companyname,bus.companyname as business_companyname FROM member m,member_info mi,business_company bus,business_channel bc,channel_company cha WHERE ( m.timeadd >= '2017-09-20' ) AND ( m.id=mi.memberid and m.business_company_id=bus.id  and  bus.id=bc.business_company_id  and bc.channel_company_id=cha.id )  [ RunTime:0.009565s ]
[ 2017-09-20T16:05:42+08:00 ] /Index/system.html | SQL: SHOW COLUMNS FROM `member_import` [ RunTime:0.024197s ]
[ 2017-09-20T16:05:42+08:00 ] /Index/system.html | SQL: SHOW COLUMNS FROM `loan_config` [ RunTime:0.013356s ]
[ 2017-09-20T16:05:42+08:00 ] /Index/system.html | SQL: SELECT * FROM `loan_config` LIMIT 1   [ RunTime:0.011332s ]
[ 2017-09-20T16:05:42+08:00 ] /Index/system.html | SQL: SHOW COLUMNS FROM `loan_tender` [ RunTime:0.035739s ]
[ 2017-09-20T16:05:42+08:00 ] /Index/system.html | SQL: SELECT COUNT(*) AS tp_count FROM loan_tender tender,loan_allot allot,member m,member_info mi,business_loan bus_l,loan_periode lp,business_channel bc,business_company bus,channel_company cha WHERE (  tender.business_loan_id=bus_l.id  and tender.id=allot.tender_id and tender.memberid=m.id and m.id=mi.memberid and bus_l.business_company_id=bus.id  and bus_l.loan_periode_id=lp.id and bus.id=bc.business_company_id and bc.channel_company_id=cha.id   ) LIMIT 1   [ RunTime:0.029245s ]
[ 2017-09-20T16:05:42+08:00 ] /Index/system.html | SQL: SELECT tender.*,allot.id as loan_allot_id,allot.late_fee,allot.start_time,allot.end_time,allot.back_real_time,allot.late_days,allot.back_real_money,allot.repayment_money,allot.status as allot_status,bus.companyname as bus_companyname,bus.id as business_company_id,bus.business_number,cha.companyname as cha_companyname,cha.id as channel_company_id,bus_l.name as bus_l_name,bus_l.capital_loan_id,bus_l.periode_rate,bus_l.late_periode_rate,if(bus_l.loan_repayment_id=2,'本息到付','') as repayment_name,m.mobile,mi.names,concat(lp.periode,lp.unit) as lp_name,mi.certiNumber,case when tender.status=1 and tender.is_sign=0 and tender.is_approve=0 and allot.status=0 then '待审核'  when tender.status=1 and tender.is_sign=0 and tender.is_approve=1 and allot.status=0 then '待签约'  when tender.status=1 and tender.is_sign=1 and tender.is_approve=1 and allot.status=0 then '待打款'  when tender.status=2 and tender.is_sign=1 and tender.is_approve=1 and allot.status=0 then '待还款'  when tender.status=2 and tender.is_sign=1 and tender.is_approve=1 and allot.status=1 then '已结清'  when tender.status=3 then  '已拒单' end as order_status_name FROM loan_tender tender,loan_allot allot,member m,member_info mi,business_loan bus_l,loan_periode lp,business_channel bc,business_company bus,channel_company cha WHERE (  tender.business_loan_id=bus_l.id  and tender.id=allot.tender_id and tender.memberid=m.id and m.id=mi.memberid and bus_l.business_company_id=bus.id  and bus_l.loan_periode_id=lp.id and bus.id=bc.business_company_id and bc.channel_company_id=cha.id   )  [ RunTime:0.071861s ]
[ 2017-09-20T16:05:42+08:00 ] /Index/system.html | SQL: SHOW COLUMNS FROM `loan_tender` [ RunTime:0.037802s ]
[ 2017-09-20T16:05:42+08:00 ] /Index/system.html | SQL: SELECT COUNT(*) AS tp_count FROM loan_tender tender,loan_allot allot,member m,member_info mi,business_loan bus_l,loan_periode lp,business_channel bc,business_company bus,channel_company cha WHERE ( tender.timeadd >= '2017-09-20' ) AND (  tender.business_loan_id=bus_l.id  and tender.id=allot.tender_id and tender.memberid=m.id and m.id=mi.memberid and bus_l.business_company_id=bus.id  and bus_l.loan_periode_id=lp.id and bus.id=bc.business_company_id and bc.channel_company_id=cha.id   ) LIMIT 1   [ RunTime:0.034328s ]
[ 2017-09-20T16:05:42+08:00 ] /Index/system.html | SQL: SELECT tender.*,allot.id as loan_allot_id,allot.late_fee,allot.start_time,allot.end_time,allot.back_real_time,allot.late_days,allot.back_real_money,allot.repayment_money,allot.status as allot_status,bus.companyname as bus_companyname,bus.id as business_company_id,bus.business_number,cha.companyname as cha_companyname,cha.id as channel_company_id,bus_l.name as bus_l_name,bus_l.capital_loan_id,bus_l.periode_rate,bus_l.late_periode_rate,if(bus_l.loan_repayment_id=2,'本息到付','') as repayment_name,m.mobile,mi.names,concat(lp.periode,lp.unit) as lp_name,mi.certiNumber,case when tender.status=1 and tender.is_sign=0 and tender.is_approve=0 and allot.status=0 then '待审核'  when tender.status=1 and tender.is_sign=0 and tender.is_approve=1 and allot.status=0 then '待签约'  when tender.status=1 and tender.is_sign=1 and tender.is_approve=1 and allot.status=0 then '待打款'  when tender.status=2 and tender.is_sign=1 and tender.is_approve=1 and allot.status=0 then '待还款'  when tender.status=2 and tender.is_sign=1 and tender.is_approve=1 and allot.status=1 then '已结清'  when tender.status=3 then  '已拒单' end as order_status_name FROM loan_tender tender,loan_allot allot,member m,member_info mi,business_loan bus_l,loan_periode lp,business_channel bc,business_company bus,channel_company cha WHERE ( tender.timeadd >= '2017-09-20' ) AND (  tender.business_loan_id=bus_l.id  and tender.id=allot.tender_id and tender.memberid=m.id and m.id=mi.memberid and bus_l.business_company_id=bus.id  and bus_l.loan_periode_id=lp.id and bus.id=bc.business_company_id and bc.channel_company_id=cha.id   )  [ RunTime:0.014137s ]

[ 2017-09-20T16:05:43+08:00 ] 127.0.0.1 /Channel/index.html
[ 2017-09-20T16:05:42+08:00 ] /Channel/index.html | SQL: SHOW COLUMNS FROM `common` [ RunTime:0.008779s ]
[ 2017-09-20T16:05:42+08:00 ] /Channel/index.html | SQL: SHOW COLUMNS FROM `channel_company` [ RunTime:0.012823s ]
[ 2017-09-20T16:05:42+08:00 ] /Channel/index.html | SQL: SHOW COLUMNS FROM `common` [ RunTime:0.007116s ]
[ 2017-09-20T16:05:42+08:00 ] /Channel/index.html | SQL: SHOW COLUMNS FROM `city` [ RunTime:0.007492s ]
[ 2017-09-20T16:05:42+08:00 ] /Channel/index.html | SQL: SELECT `province_code`,SUBSTR(province_name,3) as provinceName FROM `city` WHERE city_code=0 ORDER BY province_code asc  [ RunTime:0.007581s ]
[ 2017-09-20T16:05:42+08:00 ] /Channel/index.html | SQL: SHOW COLUMNS FROM `auth` [ RunTime:0.008165s ]
[ 2017-09-20T16:05:42+08:00 ] /Channel/index.html | SQL: SHOW COLUMNS FROM auth_rule ar [ RunTime:0.011200s ]
[ 2017-09-20T16:05:42+08:00 ] /Channel/index.html | SQL: SELECT ar.*,u.username as addname FROM auth_rule ar LEFT JOIN user u on u.id=ar.adduser WHERE ar.status=1 and ar.pid != 0 ORDER BY ar.sort asc,ar.timeadd  [ RunTime:0.012244s ]
[ 2017-09-20T16:05:42+08:00 ] /Channel/index.html | SQL: SHOW COLUMNS FROM `user` [ RunTime:0.008294s ]
[ 2017-09-20T16:05:42+08:00 ] /Channel/index.html | SQL: SELECT `typeid` FROM `user` WHERE id=1 LIMIT 1   [ RunTime:0.010624s ]
[ 2017-09-20T16:05:42+08:00 ] /Channel/index.html | SQL: SHOW COLUMNS FROM `common` [ RunTime:0.015537s ]
[ 2017-09-20T16:05:42+08:00 ] /Channel/index.html | SQL: SHOW COLUMNS FROM `channel_company` [ RunTime:0.013883s ]
[ 2017-09-20T16:05:42+08:00 ] /Channel/index.html | SQL: SELECT COUNT(*) AS tp_count FROM channel_company c LEFT JOIN channel_company p on p.id=c.parent_id LIMIT 1   [ RunTime:0.018188s ]
[ 2017-09-20T16:05:42+08:00 ] /Channel/index.html | SQL: SELECT c.*,p.companyname as p_companyname FROM channel_company c LEFT JOIN channel_company p on p.id=c.parent_id LIMIT 0,10   [ RunTime:0.013207s ]

[ 2017-09-20T16:05:43+08:00 ]  127.0.0.1 /favicon.ico | ERR: (ThinkException) 无法加载模块favicon.ico
[ 2017-09-20T16:05:45+08:00 ] 127.0.0.1 /Channel/relevance/id/21
[ 2017-09-20T16:05:44+08:00 ] /Channel/relevance/id/21 | SQL: SHOW COLUMNS FROM `common` [ RunTime:0.007769s ]
[ 2017-09-20T16:05:44+08:00 ] /Channel/relevance/id/21 | SQL: SHOW COLUMNS FROM `channel_company` [ RunTime:0.008995s ]
[ 2017-09-20T16:05:44+08:00 ] /Channel/relevance/id/21 | SQL: SHOW COLUMNS FROM `common` [ RunTime:0.007969s ]
[ 2017-09-20T16:05:44+08:00 ] /Channel/relevance/id/21 | SQL: SHOW COLUMNS FROM `city` [ RunTime:0.011198s ]
[ 2017-09-20T16:05:44+08:00 ] /Channel/relevance/id/21 | SQL: SELECT `province_code`,SUBSTR(province_name,3) as provinceName FROM `city` WHERE city_code=0 ORDER BY province_code asc  [ RunTime:0.011081s ]
[ 2017-09-20T16:05:44+08:00 ] /Channel/relevance/id/21 | SQL: SHOW COLUMNS FROM `auth` [ RunTime:0.009988s ]
[ 2017-09-20T16:05:44+08:00 ] /Channel/relevance/id/21 | SQL: SHOW COLUMNS FROM auth_rule ar [ RunTime:0.008386s ]
[ 2017-09-20T16:05:44+08:00 ] /Channel/relevance/id/21 | SQL: SELECT ar.*,u.username as addname FROM auth_rule ar LEFT JOIN user u on u.id=ar.adduser WHERE ar.status=1 and ar.pid != 0 ORDER BY ar.sort asc,ar.timeadd  [ RunTime:0.014734s ]
[ 2017-09-20T16:05:44+08:00 ] /Channel/relevance/id/21 | SQL: SHOW COLUMNS FROM `user` [ RunTime:0.011221s ]
[ 2017-09-20T16:05:44+08:00 ] /Channel/relevance/id/21 | SQL: SELECT `typeid` FROM `user` WHERE id=1 LIMIT 1   [ RunTime:0.009299s ]
[ 2017-09-20T16:05:44+08:00 ] /Channel/relevance/id/21 | SQL: SHOW COLUMNS FROM `common` [ RunTime:0.009521s ]
[ 2017-09-20T16:05:44+08:00 ] /Channel/relevance/id/21 | SQL: SHOW COLUMNS FROM `business_company` [ RunTime:0.008901s ]
[ 2017-09-20T16:05:44+08:00 ] /Channel/relevance/id/21 | SQL: SHOW COLUMNS FROM `channel_company` [ RunTime:0.008557s ]
[ 2017-09-20T16:05:44+08:00 ] /Channel/relevance/id/21 | SQL: SELECT COUNT(*) AS tp_count FROM business_company as b,channel_company as c,business_channel as bc WHERE ( c.id = '21' ) AND ( b.id = bc.business_company_id and bc.channel_company_id = c.id  ) LIMIT 1   [ RunTime:0.012637s ]
[ 2017-09-20T16:05:44+08:00 ] /Channel/relevance/id/21 | SQL: SELECT b.*,c.companyname as channel_companyname,c.id as channel_company_id,c.channel_level,concat('http://static.newjieba.com/Upload/businessCompany/company/',b.id,'/',b.legal_certinumber_pic) as legal_certinumber_path,concat('http://static.newjieba.com/Upload/businessCompany/company/',b.id,'/',b.license_number_pic) as license_number_path,concat('http://static.newjieba.com/Upload/businessCompany/company/',b.id,'/',b.agreement1_pic) as agreement1_path,concat('http://static.newjieba.com/Upload/businessCompany/company/',b.id,'/',b.agreement2_pic) as agreement2_path FROM business_company as b,channel_company as c,business_channel as bc WHERE ( c.id = '21' ) AND ( b.id = bc.business_company_id and bc.channel_company_id = c.id  ) LIMIT 0,12   [ RunTime:0.018688s ]
[ 2017-09-20T16:05:44+08:00 ] /Channel/relevance/id/21 | SQL: SHOW COLUMNS FROM `common` [ RunTime:0.015311s ]
[ 2017-09-20T16:05:44+08:00 ] /Channel/relevance/id/21 | SQL: SHOW COLUMNS FROM `channel_company` [ RunTime:0.012683s ]
[ 2017-09-20T16:05:45+08:00 ] /Channel/relevance/id/21 | SQL: SELECT c.*,p.companyname as p_companyname FROM channel_company c LEFT JOIN channel_company p on p.id=c.parent_id WHERE ( c.parent_id = '21' )  [ RunTime:0.018459s ]

[ 2017-09-20T16:05:47+08:00 ] 127.0.0.1 /
[ 2017-09-20T16:05:47+08:00 ] / | SQL: SHOW COLUMNS FROM `auth` [ RunTime:0.005240s ]
[ 2017-09-20T16:05:47+08:00 ] / | SQL: SHOW COLUMNS FROM auth_rule ar [ RunTime:0.004170s ]
[ 2017-09-20T16:05:47+08:00 ] / | SQL: SELECT ar.*,u.username as addname FROM auth_rule ar LEFT JOIN user u on u.id=ar.adduser WHERE ar.status=1 and ar.pid != 0 ORDER BY ar.sort asc,ar.timeadd  [ RunTime:0.007603s ]
[ 2017-09-20T16:05:47+08:00 ] / | SQL: SHOW COLUMNS FROM `user` [ RunTime:0.005716s ]
[ 2017-09-20T16:05:47+08:00 ] / | SQL: SELECT `typeid` FROM `user` WHERE id=1 LIMIT 1   [ RunTime:0.006579s ]

[ 2017-09-20T16:05:47+08:00 ] 127.0.0.1 /Public/getJsMenu.html
[ 2017-09-20T16:05:47+08:00 ] /Public/getJsMenu.html | SQL: SHOW COLUMNS FROM `auth_group` [ RunTime:0.006937s ]
[ 2017-09-20T16:05:47+08:00 ] /Public/getJsMenu.html | SQL: SELECT * FROM `auth_group` WHERE status=1  [ RunTime:0.006783s ]
[ 2017-09-20T16:05:47+08:00 ] /Public/getJsMenu.html | SQL: SHOW COLUMNS FROM `user` [ RunTime:0.007125s ]
[ 2017-09-20T16:05:47+08:00 ] /Public/getJsMenu.html | SQL: SELECT `groupid` FROM `user` WHERE id='1' LIMIT 1   [ RunTime:0.007314s ]
[ 2017-09-20T16:05:47+08:00 ] /Public/getJsMenu.html | SQL: SELECT `groupid` FROM `user` WHERE id='1' LIMIT 1   [ RunTime:0.007120s ]
[ 2017-09-20T16:05:47+08:00 ] /Public/getJsMenu.html | SQL: SHOW COLUMNS FROM auth_rule ar [ RunTime:0.006442s ]
[ 2017-09-20T16:05:47+08:00 ] /Public/getJsMenu.html | SQL: SELECT ar.*,u.username as addname FROM auth_rule ar LEFT JOIN user u on u.id=ar.adduser WHERE ar.status=1 and ar.pid != 0 and ar.groupid='1' ORDER BY ar.sort asc,ar.timeadd  [ RunTime:0.009935s ]
[ 2017-09-20T16:05:47+08:00 ] /Public/getJsMenu.html | SQL: SELECT `typeid` FROM `user` WHERE id=1 LIMIT 1   [ RunTime:0.005471s ]
[ 2017-09-20T16:05:47+08:00 ] /Public/getJsMenu.html | SQL: SELECT * FROM `auth_rule` WHERE pid=0 and status=1 and groupid='1' ORDER BY sort desc,timeadd asc  [ RunTime:0.008564s ]

[ 2017-09-20T16:05:47+08:00 ]  127.0.0.1 /favicon.ico | ERR: (ThinkException) 无法加载模块favicon.ico
[ 2017-09-20T16:05:47+08:00 ]  127.0.0.1 /favicon.ico | ERR: (ThinkException) 无法加载模块favicon.ico
[ 2017-09-20T16:05:47+08:00 ] 127.0.0.1 /BusinessCompany/profitRuleList.html?id=35&auto_load=1
[ 2017-09-20T16:05:47+08:00 ] /BusinessCompany/profitRuleList.html?id=35&auto_load=1 | SQL: SHOW COLUMNS FROM `auth` [ RunTime:0.007387s ]
[ 2017-09-20T16:05:47+08:00 ] /BusinessCompany/profitRuleList.html?id=35&auto_load=1 | SQL: SHOW COLUMNS FROM auth_rule ar [ RunTime:0.007027s ]
[ 2017-09-20T16:05:47+08:00 ] /BusinessCompany/profitRuleList.html?id=35&auto_load=1 | SQL: SELECT ar.*,u.username as addname FROM auth_rule ar LEFT JOIN user u on u.id=ar.adduser WHERE ar.status=1 and ar.pid != 0 ORDER BY ar.sort asc,ar.timeadd  [ RunTime:0.009360s ]
[ 2017-09-20T16:05:47+08:00 ] /BusinessCompany/profitRuleList.html?id=35&auto_load=1 | SQL: SHOW COLUMNS FROM `user` [ RunTime:0.010351s ]
[ 2017-09-20T16:05:47+08:00 ] /BusinessCompany/profitRuleList.html?id=35&auto_load=1 | SQL: SELECT `typeid` FROM `user` WHERE id=1 LIMIT 1   [ RunTime:0.007551s ]
[ 2017-09-20T16:05:47+08:00 ] /BusinessCompany/profitRuleList.html?id=35&auto_load=1 | SQL: SHOW COLUMNS FROM `common` [ RunTime:0.006756s ]
[ 2017-09-20T16:05:47+08:00 ] /BusinessCompany/profitRuleList.html?id=35&auto_load=1 | SQL: SHOW COLUMNS FROM `common` [ RunTime:0.008111s ]
[ 2017-09-20T16:05:47+08:00 ] /BusinessCompany/profitRuleList.html?id=35&auto_load=1 | SQL: SHOW COLUMNS FROM `business_rule` [ RunTime:0.008993s ]
[ 2017-09-20T16:05:47+08:00 ] /BusinessCompany/profitRuleList.html?id=35&auto_load=1 | SQL: SHOW COLUMNS FROM `business_company` [ RunTime:0.013058s ]
[ 2017-09-20T16:05:47+08:00 ] /BusinessCompany/profitRuleList.html?id=35&auto_load=1 | SQL: SHOW COLUMNS FROM `channel_company` [ RunTime:0.008850s ]
[ 2017-09-20T16:05:47+08:00 ] /BusinessCompany/profitRuleList.html?id=35&auto_load=1 | SQL: SELECT b.*,c.companyname as channel_companyname,c.id as channel_company_id,c.channel_level,concat('http://static.newjieba.com/Upload/businessCompany/company/',b.id,'/',b.legal_certinumber_pic) as legal_certinumber_path,concat('http://static.newjieba.com/Upload/businessCompany/company/',b.id,'/',b.license_number_pic) as license_number_path,concat('http://static.newjieba.com/Upload/businessCompany/company/',b.id,'/',b.agreement1_pic) as agreement1_path,concat('http://static.newjieba.com/Upload/businessCompany/company/',b.id,'/',b.agreement2_pic) as agreement2_path FROM business_company as b,channel_company as c,business_channel as bc WHERE ( b.id = bc.business_company_id and bc.channel_company_id = c.id  )  [ RunTime:0.008351s ]
[ 2017-09-20T16:05:47+08:00 ] /BusinessCompany/profitRuleList.html?id=35&auto_load=1 | SQL: SHOW COLUMNS FROM `business_rule` [ RunTime:0.008900s ]
[ 2017-09-20T16:05:47+08:00 ] /BusinessCompany/profitRuleList.html?id=35&auto_load=1 | SQL: SELECT * FROM `business_rule` WHERE ( `business_company_id` = '35' ) ORDER BY grade desc LIMIT 1   [ RunTime:0.026161s ]
[ 2017-09-20T16:05:47+08:00 ] /BusinessCompany/profitRuleList.html?id=35&auto_load=1 | SQL: SELECT * FROM `business_rule` WHERE ( `business_company_id` = '36' ) ORDER BY grade desc LIMIT 1   [ RunTime:0.007887s ]
[ 2017-09-20T16:05:47+08:00 ] /BusinessCompany/profitRuleList.html?id=35&auto_load=1 | SQL: SELECT * FROM `business_rule` WHERE ( `business_company_id` = '37' ) ORDER BY grade desc LIMIT 1   [ RunTime:0.008695s ]

[ 2017-09-20T16:05:48+08:00 ]  127.0.0.1 /favicon.ico | ERR: (ThinkException) 无法加载模块favicon.ico
[ 2017-09-20T16:05:48+08:00 ] 127.0.0.1 /BusinessCompany/allCompanyList.html
[ 2017-09-20T16:05:48+08:00 ] /BusinessCompany/allCompanyList.html | SQL: SHOW COLUMNS FROM `auth` [ RunTime:0.008816s ]
[ 2017-09-20T16:05:48+08:00 ] /BusinessCompany/allCompanyList.html | SQL: SHOW COLUMNS FROM auth_rule ar [ RunTime:0.006877s ]
[ 2017-09-20T16:05:48+08:00 ] /BusinessCompany/allCompanyList.html | SQL: SELECT ar.*,u.username as addname FROM auth_rule ar LEFT JOIN user u on u.id=ar.adduser WHERE ar.status=1 and ar.pid != 0 ORDER BY ar.sort asc,ar.timeadd  [ RunTime:0.011501s ]
[ 2017-09-20T16:05:48+08:00 ] /BusinessCompany/allCompanyList.html | SQL: SHOW COLUMNS FROM `user` [ RunTime:0.007879s ]
[ 2017-09-20T16:05:48+08:00 ] /BusinessCompany/allCompanyList.html | SQL: SELECT `typeid` FROM `user` WHERE id=1 LIMIT 1   [ RunTime:0.007376s ]
[ 2017-09-20T16:05:48+08:00 ] /BusinessCompany/allCompanyList.html | SQL: SHOW COLUMNS FROM `common` [ RunTime:0.006088s ]
[ 2017-09-20T16:05:48+08:00 ] /BusinessCompany/allCompanyList.html | SQL: SHOW COLUMNS FROM `business_company` [ RunTime:0.009743s ]
[ 2017-09-20T16:05:48+08:00 ] /BusinessCompany/allCompanyList.html | SQL: SHOW COLUMNS FROM `business_company` [ RunTime:0.007736s ]
[ 2017-09-20T16:05:48+08:00 ] /BusinessCompany/allCompanyList.html | SQL: SHOW COLUMNS FROM `channel_company` [ RunTime:0.006896s ]
[ 2017-09-20T16:05:48+08:00 ] /BusinessCompany/allCompanyList.html | SQL: SELECT COUNT(*) AS tp_count FROM business_company as b,channel_company as c,business_channel as bc WHERE ( b.id = bc.business_company_id and bc.channel_company_id = c.id  ) LIMIT 1   [ RunTime:0.007007s ]
[ 2017-09-20T16:05:48+08:00 ] /BusinessCompany/allCompanyList.html | SQL: SELECT b.*,c.companyname as channel_companyname,c.id as channel_company_id,c.channel_level,concat('http://static.newjieba.com/Upload/businessCompany/company/',b.id,'/',b.legal_certinumber_pic) as legal_certinumber_path,concat('http://static.newjieba.com/Upload/businessCompany/company/',b.id,'/',b.license_number_pic) as license_number_path,concat('http://static.newjieba.com/Upload/businessCompany/company/',b.id,'/',b.agreement1_pic) as agreement1_path,concat('http://static.newjieba.com/Upload/businessCompany/company/',b.id,'/',b.agreement2_pic) as agreement2_path FROM business_company as b,channel_company as c,business_channel as bc WHERE ( b.id = bc.business_company_id and bc.channel_company_id = c.id  ) LIMIT 0,12   [ RunTime:0.009485s ]

[ 2017-09-20T16:05:48+08:00 ] 127.0.0.1 /BusinessCompany/editRule/id/35
[ 2017-09-20T16:05:48+08:00 ] /BusinessCompany/editRule/id/35 | SQL: SHOW COLUMNS FROM `auth` [ RunTime:0.005709s ]
[ 2017-09-20T16:05:48+08:00 ] /BusinessCompany/editRule/id/35 | SQL: SHOW COLUMNS FROM auth_rule ar [ RunTime:0.004875s ]
[ 2017-09-20T16:05:48+08:00 ] /BusinessCompany/editRule/id/35 | SQL: SELECT ar.*,u.username as addname FROM auth_rule ar LEFT JOIN user u on u.id=ar.adduser WHERE ar.status=1 and ar.pid != 0 ORDER BY ar.sort asc,ar.timeadd  [ RunTime:0.011838s ]
[ 2017-09-20T16:05:48+08:00 ] /BusinessCompany/editRule/id/35 | SQL: SHOW COLUMNS FROM `user` [ RunTime:0.006070s ]
[ 2017-09-20T16:05:48+08:00 ] /BusinessCompany/editRule/id/35 | SQL: SELECT `typeid` FROM `user` WHERE id=1 LIMIT 1   [ RunTime:0.005972s ]
[ 2017-09-20T16:05:48+08:00 ] /BusinessCompany/editRule/id/35 | SQL: SHOW COLUMNS FROM `common` [ RunTime:0.005228s ]
[ 2017-09-20T16:05:48+08:00 ] /BusinessCompany/editRule/id/35 | SQL: SHOW COLUMNS FROM `common` [ RunTime:0.006078s ]
[ 2017-09-20T16:05:48+08:00 ] /BusinessCompany/editRule/id/35 | SQL: SHOW COLUMNS FROM `business_rule` [ RunTime:0.006576s ]
[ 2017-09-20T16:05:48+08:00 ] /BusinessCompany/editRule/id/35 | SQL: SHOW COLUMNS FROM `business_company` [ RunTime:0.005759s ]
[ 2017-09-20T16:05:48+08:00 ] /BusinessCompany/editRule/id/35 | SQL: SHOW COLUMNS FROM `channel_company` [ RunTime:0.006103s ]
[ 2017-09-20T16:05:48+08:00 ] /BusinessCompany/editRule/id/35 | SQL: SELECT b.*,c.companyname as channel_companyname,c.id as channel_company_id,c.channel_level,concat('http://static.newjieba.com/Upload/businessCompany/company/',b.id,'/',b.legal_certinumber_pic) as legal_certinumber_path,concat('http://static.newjieba.com/Upload/businessCompany/company/',b.id,'/',b.license_number_pic) as license_number_path,concat('http://static.newjieba.com/Upload/businessCompany/company/',b.id,'/',b.agreement1_pic) as agreement1_path,concat('http://static.newjieba.com/Upload/businessCompany/company/',b.id,'/',b.agreement2_pic) as agreement2_path FROM business_company as b,channel_company as c,business_channel as bc WHERE ( b.id = '35' ) AND ( b.id = bc.business_company_id and bc.channel_company_id = c.id  )  [ RunTime:0.007923s ]
[ 2017-09-20T16:05:48+08:00 ] /BusinessCompany/editRule/id/35 | SQL: SHOW COLUMNS FROM `channel_company` [ RunTime:0.006206s ]
[ 2017-09-20T16:05:48+08:00 ] /BusinessCompany/editRule/id/35 | SQL: SELECT * FROM `channel_company` WHERE ( `id` = '21' ) LIMIT 1   [ RunTime:0.006727s ]
[ 2017-09-20T16:05:48+08:00 ] /BusinessCompany/editRule/id/35 | SQL: SHOW COLUMNS FROM `channel_company` [ RunTime:0.010002s ]
[ 2017-09-20T16:05:48+08:00 ] /BusinessCompany/editRule/id/35 | SQL: SELECT * FROM `channel_company` WHERE ( `id` = '0' ) LIMIT 1   [ RunTime:0.006395s ]
[ 2017-09-20T16:05:48+08:00 ] /BusinessCompany/editRule/id/35 | SQL: SHOW COLUMNS FROM `channel_rule` [ RunTime:0.007497s ]
[ 2017-09-20T16:05:48+08:00 ] /BusinessCompany/editRule/id/35 | SQL: SELECT * FROM `channel_rule` WHERE ( `business_company_id` = '35' ) AND ( `channel_company_id` = '21' ) ORDER BY grade asc  [ RunTime:0.026696s ]

